     0: >>> E[0:00:00]-R[?]: Return=    0.9892, Steps=11.8, Features = 16
    70: E[0:00:01]-R[0:00:15]: Return=     0.977, Steps=  24, Features = 16
   194: E[0:00:02]-R[0:00:15]: Return=     0.991, Steps=  10, Features = 16
   324: E[0:00:03]-R[0:00:13]: Return=     0.993, Steps=   8, Features = 16
   452: E[0:00:04]-R[0:00:12]: Return=     0.993, Steps=   8, Features = 16
   584: E[0:00:05]-R[0:00:12]: Return=     0.983, Steps=  18, Features = 16
   710: E[0:00:06]-R[0:00:10]: Return=     0.999, Steps=   2, Features = 16
   858: E[0:00:07]-R[0:00:09]: Return=     0.979, Steps=  22, Features = 16
   982: E[0:00:08]-R[0:00:08]: Return=     0.995, Steps=   6, Features = 16
  1102: E[0:00:09]-R[0:00:07]: Return=    -1.011, Steps=  12, Features = 16
  1216: E[0:00:10]-R[0:00:06]: Return=     0.997, Steps=   4, Features = 16
  1348: E[0:00:11]-R[0:00:05]: Return=     0.981, Steps=  20, Features = 16
  1464: E[0:00:12]-R[0:00:04]: Return=     0.999, Steps=   2, Features = 16
  1594: E[0:00:13]-R[0:00:03]: Return=     0.999, Steps=   2, Features = 16
  1730: E[0:00:14]-R[0:00:02]: Return=     0.979, Steps=  22, Features = 16
  1846: E[0:00:15]-R[0:00:01]: Return=     0.993, Steps=   8, Features = 16
  1974: E[0:00:16]-R[0:00:00]: Return=     0.997, Steps=   4, Features = 16
  2000: >>> E[0:00:16]-R[0:00:00]: Return=    0.9968, Steps= 4.2, Features = 16
Total Experiment Duration 0:00:16
Output:			./Results/Experiment10/
     0: >>> E[0:00:00]-R[?]: Return=    0.9892, Steps=11.8, Features = 16
    78: E[0:00:01]-R[0:00:15]: Return=     0.999, Steps=   2, Features = 16
   208: E[0:00:02]-R[0:00:14]: Return=     0.993, Steps=   8, Features = 16
   340: E[0:00:03]-R[0:00:13]: Return=     0.985, Steps=  16, Features = 16
   474: E[0:00:04]-R[0:00:12]: Return=     0.995, Steps=   6, Features = 16
   602: E[0:00:05]-R[0:00:11]: Return=     0.999, Steps=   2, Features = 16
   732: E[0:00:06]-R[0:00:10]: Return=     0.997, Steps=   4, Features = 16
   870: E[0:00:07]-R[0:00:09]: Return=     0.991, Steps=  10, Features = 16
   998: E[0:00:08]-R[0:00:08]: Return=     0.991, Steps=  10, Features = 16
  1118: E[0:00:09]-R[0:00:07]: Return=     0.999, Steps=   2, Features = 16
  1246: E[0:00:10]-R[0:00:06]: Return=     0.999, Steps=   2, Features = 16
  1398: E[0:00:11]-R[0:00:05]: Return=     0.981, Steps=  20, Features = 16
  1540: E[0:00:12]-R[0:00:04]: Return=     0.977, Steps=  24, Features = 16
  1702: E[0:00:13]-R[0:00:02]: Return=     0.971, Steps=  30, Features = 16
  1828: E[0:00:14]-R[0:00:01]: Return=     0.997, Steps=   4, Features = 16
  1970: E[0:00:15]-R[0:00:00]: Return=     0.993, Steps=   8, Features = 16
  2000: >>> E[0:00:15]-R[0:00:00]: Return=    0.9968, Steps= 4.2, Features = 16
Total Experiment Duration 0:00:15
Output:			./Results/Experiment10/
     0: >>> E[0:00:00]-R[?]: Return=    0.9892, Steps=11.8, Features = 16
    70: E[0:00:01]-R[0:00:15]: Return=     0.977, Steps=  24, Features = 16
   200: E[0:00:02]-R[0:00:14]: Return=     0.999, Steps=   2, Features = 16
   340: E[0:00:03]-R[0:00:13]: Return=     0.985, Steps=  16, Features = 16
   468: E[0:00:04]-R[0:00:12]: Return=     0.993, Steps=   8, Features = 16
   590: E[0:00:05]-R[0:00:11]: Return=     0.999, Steps=   2, Features = 16
   718: E[0:00:06]-R[0:00:10]: Return=     0.993, Steps=   8, Features = 16
   836: E[0:00:07]-R[0:00:09]: Return=     0.993, Steps=   8, Features = 16
   962: E[0:00:08]-R[0:00:08]: Return=     0.977, Steps=  24, Features = 16
  1080: E[0:00:09]-R[0:00:07]: Return=     0.999, Steps=   2, Features = 16
  1210: E[0:00:10]-R[0:00:06]: Return=     0.997, Steps=   4, Features = 16
  1350: E[0:00:11]-R[0:00:05]: Return=    -1.001, Steps=   2, Features = 16
  1476: E[0:00:12]-R[0:00:04]: Return=     0.991, Steps=  10, Features = 16
  1616: E[0:00:13]-R[0:00:03]: Return=     0.997, Steps=   4, Features = 16
  1742: E[0:00:14]-R[0:00:02]: Return=     0.993, Steps=   8, Features = 16
  1884: E[0:00:15]-R[0:00:01]: Return=     0.975, Steps=  26, Features = 16
  2000: >>> E[0:00:16]-R[0:00:00]: Return=    0.9968, Steps= 4.2, Features = 16
Total Experiment Duration 0:00:16
Output:			./Results/Experiment10/
     0: >>> E[0:00:00]-R[?]: Return=    0.9892, Steps=11.8, Features = 16
    70: E[0:00:01]-R[0:00:15]: Return=     0.977, Steps=  24, Features = 16
   196: E[0:00:02]-R[0:00:14]: Return=     0.999, Steps=   2, Features = 16
   340: E[0:00:03]-R[0:00:13]: Return=     0.985, Steps=  16, Features = 16
   468: E[0:00:04]-R[0:00:12]: Return=     0.993, Steps=   8, Features = 16
   596: E[0:00:05]-R[0:00:11]: Return=     0.997, Steps=   4, Features = 16
   726: E[0:00:06]-R[0:00:10]: Return=     0.999, Steps=   2, Features = 16
   858: E[0:00:07]-R[0:00:09]: Return=     0.979, Steps=  22, Features = 16
   984: E[0:00:08]-R[0:00:08]: Return=     0.999, Steps=   2, Features = 16
  1116: E[0:00:09]-R[0:00:07]: Return=     0.999, Steps=   2, Features = 16
  1256: E[0:00:10]-R[0:00:06]: Return=     0.991, Steps=  10, Features = 16
  1398: E[0:00:11]-R[0:00:05]: Return=     0.981, Steps=  20, Features = 16
  1540: E[0:00:12]-R[0:00:04]: Return=     0.977, Steps=  24, Features = 16
  1702: E[0:00:13]-R[0:00:02]: Return=     0.971, Steps=  30, Features = 16
  1838: E[0:00:14]-R[0:00:01]: Return=     0.991, Steps=  10, Features = 16
  1976: E[0:00:15]-R[0:00:00]: Return=     0.999, Steps=   2, Features = 16
  2000: >>> E[0:00:15]-R[0:00:00]: Return=    0.9968, Steps= 4.2, Features = 16
Total Experiment Duration 0:00:15
Output:			./Results/Experiment10/
     0: >>> E[0:00:00]-R[?]: Return=    0.9892, Steps=11.8, Features = 16
   100: E[0:00:01]-R[0:00:15]: Return=     0.995, Steps=   6, Features = 16
   234: E[0:00:02]-R[0:00:14]: Return=     0.995, Steps=   6, Features = 16
   372: E[0:00:03]-R[0:00:13]: Return=     0.991, Steps=  10, Features = 16
   506: E[0:00:04]-R[0:00:12]: Return=     0.991, Steps=  10, Features = 16
   638: E[0:00:05]-R[0:00:11]: Return=     0.999, Steps=   2, Features = 16
   772: E[0:00:06]-R[0:00:09]: Return=     0.991, Steps=  10, Features = 16
   908: E[0:00:07]-R[0:00:08]: Return=     0.999, Steps=   2, Features = 16
  1044: E[0:00:08]-R[0:00:07]: Return=     0.997, Steps=   4, Features = 16
  1176: E[0:00:09]-R[0:00:06]: Return=     0.987, Steps=  14, Features = 16
  1322: E[0:00:10]-R[0:00:05]: Return=     0.989, Steps=  12, Features = 16
  1454: E[0:00:11]-R[0:00:04]: Return=     0.977, Steps=  24, Features = 16
  1594: E[0:00:12]-R[0:00:03]: Return=     0.999, Steps=   2, Features = 16
  1734: E[0:00:13]-R[0:00:02]: Return=     0.997, Steps=   4, Features = 16
  1884: E[0:00:14]-R[0:00:01]: Return=     0.975, Steps=  26, Features = 16
  2000: >>> E[0:00:15]-R[0:00:00]: Return=    0.9968, Steps= 4.2, Features = 16
Total Experiment Duration 0:00:15
Output:			./Results/Experiment10/
     0: >>> E[0:00:00]-R[?]: Return=   -0.2162, Steps=17.2, Features = 16
    89: E[0:00:01]-R[0:00:13]: Return=     0.986, Steps=  15, Features = 16
   223: E[0:00:02]-R[0:00:13]: Return=    -1.007, Steps=   8, Features = 16
   362: E[0:00:03]-R[0:00:12]: Return=     0.992, Steps=   9, Features = 16
   495: E[0:00:04]-R[0:00:11]: Return=     0.996, Steps=   5, Features = 16
   630: E[0:00:05]-R[0:00:10]: Return=     0.996, Steps=   5, Features = 16
   764: E[0:00:06]-R[0:00:09]: Return=     0.986, Steps=  15, Features = 16
   902: E[0:00:07]-R[0:00:08]: Return=     0.992, Steps=   9, Features = 16
  1035: E[0:00:08]-R[0:00:07]: Return=      0.98, Steps=  21, Features = 16
  1173: E[0:00:09]-R[0:00:06]: Return=     0.984, Steps=  17, Features = 16
  1302: E[0:00:10]-R[0:00:05]: Return=     0.996, Steps=   5, Features = 16
  1438: E[0:00:11]-R[0:00:04]: Return=     0.984, Steps=  17, Features = 16
  1577: E[0:00:12]-R[0:00:03]: Return=     0.986, Steps=  15, Features = 16
  1712: E[0:00:13]-R[0:00:02]: Return=     0.998, Steps=   3, Features = 16
  1856: E[0:00:14]-R[0:00:01]: Return=     0.984, Steps=  17, Features = 16
  1983: E[0:00:15]-R[0:00:00]: Return=     0.994, Steps=   7, Features = 16
  2000: >>> E[0:00:15]-R[0:00:00]: Return=    0.9942, Steps= 6.8, Features = 16
Total Experiment Duration 0:00:15
Output:			./Results/Experiment10/
     0: >>> E[0:00:00]-R[?]: Return=   -0.2162, Steps=17.2, Features = 16
    89: E[0:00:01]-R[0:00:13]: Return=     0.986, Steps=  15, Features = 16
   215: E[0:00:02]-R[0:00:14]: Return=     0.988, Steps=  13, Features = 16
   346: E[0:00:03]-R[0:00:13]: Return=     0.998, Steps=   3, Features = 16
   490: E[0:00:04]-R[0:00:12]: Return=     0.988, Steps=  13, Features = 16
   625: E[0:00:05]-R[0:00:11]: Return=     0.994, Steps=   7, Features = 16
   764: E[0:00:06]-R[0:00:09]: Return=     0.986, Steps=  15, Features = 16
   902: E[0:00:07]-R[0:00:08]: Return=     0.992, Steps=   9, Features = 16
  1040: E[0:00:08]-R[0:00:07]: Return=     0.996, Steps=   5, Features = 16
  1178: E[0:00:09]-R[0:00:06]: Return=     0.996, Steps=   5, Features = 16
  1307: E[0:00:10]-R[0:00:05]: Return=     0.996, Steps=   5, Features = 16
  1441: E[0:00:11]-R[0:00:04]: Return=     0.998, Steps=   3, Features = 16
  1577: E[0:00:12]-R[0:00:03]: Return=     0.986, Steps=  15, Features = 16
  1709: E[0:00:13]-R[0:00:02]: Return=      0.99, Steps=  11, Features = 16
  1836: E[0:00:14]-R[0:00:01]: Return=     0.992, Steps=   9, Features = 16
  1976: E[0:00:15]-R[0:00:00]: Return=     0.992, Steps=   9, Features = 16
  2000: >>> E[0:00:15]-R[0:00:00]: Return=    0.9942, Steps= 6.8, Features = 16
Total Experiment Duration 0:00:15
Output:			./Results/Experiment10/
     0: >>> E[0:00:00]-R[?]: Return=   -0.2162, Steps=17.2, Features = 16
    89: E[0:00:01]-R[0:00:15]: Return=     0.986, Steps=  15, Features = 16
   167: E[0:00:02]-R[0:00:19]: Return=    -1.009, Steps=  10, Features = 16
   310: E[0:00:03]-R[0:00:15]: Return=      0.98, Steps=  21, Features = 16
   442: E[0:00:04]-R[0:00:13]: Return=     0.998, Steps=   3, Features = 16
   574: E[0:00:05]-R[0:00:12]: Return=     0.992, Steps=   9, Features = 16
   709: E[0:00:06]-R[0:00:11]: Return=     0.994, Steps=   7, Features = 16
   793: E[0:00:07]-R[0:00:10]: Return=     0.988, Steps=  13, Features = 16
   912: E[0:00:08]-R[0:00:09]: Return=     0.996, Steps=   5, Features = 16
  1043: E[0:00:09]-R[0:00:08]: Return=     0.998, Steps=   3, Features = 16
  1178: E[0:00:10]-R[0:00:07]: Return=     0.996, Steps=   5, Features = 16
  1307: E[0:00:11]-R[0:00:06]: Return=     0.996, Steps=   5, Features = 16
  1446: E[0:00:12]-R[0:00:05]: Return=     0.996, Steps=   5, Features = 16
  1533: E[0:00:13]-R[0:00:04]: Return=     0.992, Steps=   9, Features = 16
  1654: E[0:00:14]-R[0:00:03]: Return=     0.984, Steps=  17, Features = 16
  1784: E[0:00:15]-R[0:00:02]: Return=     0.994, Steps=   7, Features = 16
  1916: E[0:00:16]-R[0:00:01]: Return=     0.986, Steps=  15, Features = 16
  2000: >>> E[0:00:17]-R[0:00:00]: Return=    0.9942, Steps= 6.8, Features = 16
Total Experiment Duration 0:00:17
Output:			./Results/Experiment10/
     0: >>> E[0:00:00]-R[?]: Return=   -0.2162, Steps=17.2, Features = 16
    62: E[0:00:00]-R[0:00:15]: Return=     0.992, Steps=   9, Features = 16
   192: E[0:00:02]-R[0:00:14]: Return=     0.992, Steps=   9, Features = 16
   324: E[0:00:03]-R[0:00:13]: Return=      0.99, Steps=  11, Features = 16
   455: E[0:00:04]-R[0:00:12]: Return=     0.988, Steps=  13, Features = 16
   588: E[0:00:05]-R[0:00:11]: Return=     0.994, Steps=   7, Features = 16
   724: E[0:00:06]-R[0:00:10]: Return=     0.994, Steps=   7, Features = 16
   809: E[0:00:07]-R[0:00:10]: Return=     0.998, Steps=   3, Features = 16
   942: E[0:00:08]-R[0:00:09]: Return=     0.992, Steps=   9, Features = 16
  1071: E[0:00:09]-R[0:00:08]: Return=     0.992, Steps=   9, Features = 16
  1195: E[0:00:10]-R[0:00:07]: Return=     0.998, Steps=   3, Features = 16
  1313: E[0:00:11]-R[0:00:06]: Return=     0.998, Steps=   3, Features = 16
  1446: E[0:00:12]-R[0:00:05]: Return=     0.996, Steps=   5, Features = 16
  1559: E[0:00:13]-R[0:00:04]: Return=     0.994, Steps=   7, Features = 16
  1668: E[0:00:14]-R[0:00:03]: Return=     0.996, Steps=   5, Features = 16
  1805: E[0:00:15]-R[0:00:02]: Return=    -1.007, Steps=   8, Features = 16
  1945: E[0:00:16]-R[0:00:00]: Return=     0.996, Steps=   5, Features = 16
  2000: >>> E[0:00:16]-R[0:00:00]: Return=    0.9942, Steps= 6.8, Features = 16
Total Experiment Duration 0:00:16
Output:			./Results/Experiment10/
     0: >>> E[0:00:00]-R[?]: Return=   -0.2162, Steps=17.2, Features = 16
    53: E[0:00:01]-R[0:00:29]: Return=     0.978, Steps=  23, Features = 16
   157: E[0:00:02]-R[0:00:21]: Return=     0.992, Steps=   9, Features = 16
   310: E[0:00:03]-R[0:00:16]: Return=      0.98, Steps=  21, Features = 16
   429: E[0:00:04]-R[0:00:14]: Return=     0.998, Steps=   3, Features = 16
   524: E[0:00:05]-R[0:00:15]: Return=     0.978, Steps=  23, Features = 16
   652: E[0:00:06]-R[0:00:13]: Return=     0.994, Steps=   7, Features = 16
   780: E[0:00:07]-R[0:00:11]: Return=     0.994, Steps=   7, Features = 16
   902: E[0:00:08]-R[0:00:10]: Return=     0.992, Steps=   9, Features = 16
  1035: E[0:00:09]-R[0:00:09]: Return=      0.98, Steps=  21, Features = 16
  1109: E[0:00:10]-R[0:00:08]: Return=      0.99, Steps=  11, Features = 16
  1245: E[0:00:11]-R[0:00:07]: Return=     0.992, Steps=   9, Features = 16
  1368: E[0:00:12]-R[0:00:06]: Return=     0.996, Steps=   5, Features = 16
  1490: E[0:00:13]-R[0:00:05]: Return=     0.998, Steps=   3, Features = 16
  1616: E[0:00:14]-R[0:00:03]: Return=     0.996, Steps=   5, Features = 16
  1741: E[0:00:15]-R[0:00:02]: Return=     0.998, Steps=   3, Features = 16
  1856: E[0:00:16]-R[0:00:01]: Return=     0.984, Steps=  17, Features = 16
  1991: E[0:00:17]-R[0:00:00]: Return=     0.998, Steps=   3, Features = 16
  2000: >>> E[0:00:18]-R[0:00:00]: Return=    0.9942, Steps= 6.8, Features = 16
Total Experiment Duration 0:00:18
Output:			./Results/Experiment10/
     0: >>> E[0:00:00]-R[?]: Return=   -0.2162, Steps=17.2, Features = 16
   100: E[0:00:01]-R[0:00:14]: Return=      0.99, Steps=  11, Features = 16
   183: E[0:00:02]-R[0:00:18]: Return=     0.992, Steps=   9, Features = 16
   310: E[0:00:03]-R[0:00:16]: Return=      0.98, Steps=  21, Features = 16
   439: E[0:00:04]-R[0:00:14]: Return=     0.998, Steps=   3, Features = 16
   574: E[0:00:05]-R[0:00:12]: Return=     0.992, Steps=   9, Features = 16
   645: E[0:00:06]-R[0:00:13]: Return=     0.994, Steps=   7, Features = 16
   727: E[0:00:07]-R[0:00:12]: Return=     0.998, Steps=   3, Features = 16
   859: E[0:00:08]-R[0:00:11]: Return=     0.986, Steps=  15, Features = 16
   990: E[0:00:09]-R[0:00:09]: Return=      0.99, Steps=  11, Features = 16
  1109: E[0:00:10]-R[0:00:08]: Return=      0.99, Steps=  11, Features = 16
  1200: E[0:00:11]-R[0:00:07]: Return=     0.996, Steps=   5, Features = 16
  1328: E[0:00:12]-R[0:00:06]: Return=     0.994, Steps=   7, Features = 16
  1438: E[0:00:13]-R[0:00:05]: Return=     0.984, Steps=  17, Features = 16
  1542: E[0:00:14]-R[0:00:04]: Return=     0.992, Steps=   9, Features = 16
  1668: E[0:00:15]-R[0:00:03]: Return=     0.996, Steps=   5, Features = 16
  1797: E[0:00:16]-R[0:00:02]: Return=     0.994, Steps=   7, Features = 16
  1872: E[0:00:17]-R[0:00:01]: Return=     0.992, Steps=   9, Features = 16
  2000: >>> E[0:00:18]-R[0:00:00]: Return=    0.9942, Steps= 6.8, Features = 16
Total Experiment Duration 0:00:18
Output:			./Results/Experiment10/
     0: >>> E[0:00:00]-R[?]: Return=   -0.2162, Steps=17.2, Features = 16
    53: E[0:00:01]-R[0:00:28]: Return=     0.978, Steps=  23, Features = 16
   167: E[0:00:02]-R[0:00:20]: Return=    -1.009, Steps=  10, Features = 16
   310: E[0:00:03]-R[0:00:16]: Return=      0.98, Steps=  21, Features = 16
   436: E[0:00:04]-R[0:00:14]: Return=     0.998, Steps=   3, Features = 16
   574: E[0:00:05]-R[0:00:12]: Return=     0.992, Steps=   9, Features = 16
   645: E[0:00:06]-R[0:00:12]: Return=     0.994, Steps=   7, Features = 16
   773: E[0:00:07]-R[0:00:11]: Return=     0.992, Steps=   9, Features = 16
   902: E[0:00:08]-R[0:00:10]: Return=     0.992, Steps=   9, Features = 16
  1035: E[0:00:09]-R[0:00:08]: Return=      0.98, Steps=  21, Features = 16
  1139: E[0:00:10]-R[0:00:08]: Return=      0.99, Steps=  11, Features = 16
  1225: E[0:00:11]-R[0:00:07]: Return=     0.998, Steps=   3, Features = 16
  1352: E[0:00:12]-R[0:00:06]: Return=      0.99, Steps=  11, Features = 16
  1482: E[0:00:13]-R[0:00:05]: Return=     0.992, Steps=   9, Features = 16
  1611: E[0:00:14]-R[0:00:03]: Return=     0.996, Steps=   5, Features = 16
  1741: E[0:00:15]-R[0:00:02]: Return=     0.998, Steps=   3, Features = 16
  1821: E[0:00:16]-R[0:00:02]: Return=      0.99, Steps=  11, Features = 16
  1953: E[0:00:17]-R[0:00:00]: Return=     0.998, Steps=   3, Features = 16
  2000: >>> E[0:00:18]-R[0:00:00]: Return=    0.9942, Steps= 6.8, Features = 16
Total Experiment Duration 0:00:18
Output:			./Results/Experiment10/
     0: >>> E[0:00:00]-R[?]: Return=   -0.2162, Steps=17.2, Features = 16
   100: E[0:00:01]-R[0:00:14]: Return=      0.99, Steps=  11, Features = 16
   192: E[0:00:02]-R[0:00:17]: Return=     0.992, Steps=   9, Features = 16
   310: E[0:00:03]-R[0:00:16]: Return=      0.98, Steps=  21, Features = 16
   439: E[0:00:04]-R[0:00:14]: Return=     0.998, Steps=   3, Features = 16
   565: E[0:00:05]-R[0:00:12]: Return=     0.992, Steps=   9, Features = 16
   697: E[0:00:06]-R[0:00:11]: Return=      0.97, Steps=  31, Features = 16
   806: E[0:00:07]-R[0:00:10]: Return=    -1.007, Steps=   8, Features = 16
   882: E[0:00:08]-R[0:00:10]: Return=     0.998, Steps=   3, Features = 16
  1014: E[0:00:09]-R[0:00:09]: Return=     0.998, Steps=   3, Features = 16
  1150: E[0:00:10]-R[0:00:07]: Return=      0.99, Steps=  11, Features = 16
  1275: E[0:00:11]-R[0:00:06]: Return=     0.998, Steps=   3, Features = 16
  1396: E[0:00:12]-R[0:00:05]: Return=     0.982, Steps=  19, Features = 16
  1482: E[0:00:13]-R[0:00:05]: Return=     0.992, Steps=   9, Features = 16
  1603: E[0:00:14]-R[0:00:03]: Return=     0.986, Steps=  15, Features = 16
  1733: E[0:00:15]-R[0:00:02]: Return=     0.988, Steps=  13, Features = 16
  1872: E[0:00:16]-R[0:00:01]: Return=     0.992, Steps=   9, Features = 16
  1953: E[0:00:17]-R[0:00:00]: Return=     0.998, Steps=   3, Features = 16
  2000: >>> E[0:00:18]-R[0:00:00]: Return=    0.9942, Steps= 6.8, Features = 16
Total Experiment Duration 0:00:18
Output:			./Results/Experiment10/
     0: >>> E[0:00:00]-R[?]: Return=   -0.2162, Steps=17.2, Features = 16
    69: E[0:00:01]-R[0:00:17]: Return=     0.994, Steps=   7, Features = 16
   142: E[0:00:02]-R[0:00:21]: Return=     0.992, Steps=   9, Features = 16
   275: E[0:00:03]-R[0:00:16]: Return=     0.996, Steps=   5, Features = 16
   414: E[0:00:04]-R[0:00:14]: Return=     0.992, Steps=   9, Features = 16
   556: E[0:00:05]-R[0:00:12]: Return=     0.988, Steps=  13, Features = 16
   697: E[0:00:06]-R[0:00:12]: Return=      0.97, Steps=  31, Features = 16
   780: E[0:00:07]-R[0:00:11]: Return=     0.994, Steps=   7, Features = 16
   915: E[0:00:08]-R[0:00:10]: Return=     0.998, Steps=   3, Features = 16
  1043: E[0:00:09]-R[0:00:08]: Return=     0.998, Steps=   3, Features = 16
  1173: E[0:00:10]-R[0:00:07]: Return=     0.984, Steps=  17, Features = 16
  1302: E[0:00:11]-R[0:00:06]: Return=     0.996, Steps=   5, Features = 16
  1438: E[0:00:12]-R[0:00:05]: Return=     0.984, Steps=  17, Features = 16
  1577: E[0:00:13]-R[0:00:04]: Return=     0.986, Steps=  15, Features = 16
  1663: E[0:00:15]-R[0:00:03]: Return=     0.992, Steps=   9, Features = 16
  1760: E[0:00:16]-R[0:00:02]: Return=     0.992, Steps=   9, Features = 16
  1895: E[0:00:17]-R[0:00:01]: Return=     0.998, Steps=   3, Features = 16
  2000: >>> E[0:00:17]-R[0:00:00]: Return=    0.9942, Steps= 6.8, Features = 16
Total Experiment Duration 0:00:17
Output:			./Results/Experiment10/
     0: >>> E[0:00:00]-R[?]: Return=   -0.2162, Steps=17.2, Features = 16
   100: E[0:00:01]-R[0:00:14]: Return=      0.99, Steps=  11, Features = 16
   228: E[0:00:02]-R[0:00:14]: Return=     0.996, Steps=   5, Features = 16
   353: E[0:00:03]-R[0:00:13]: Return=    -1.003, Steps=   4, Features = 16
   490: E[0:00:04]-R[0:00:12]: Return=     0.988, Steps=  13, Features = 16
   588: E[0:00:05]-R[0:00:12]: Return=     0.994, Steps=   7, Features = 16
   697: E[0:00:06]-R[0:00:11]: Return=      0.97, Steps=  31, Features = 16
   827: E[0:00:07]-R[0:00:10]: Return=     0.994, Steps=   7, Features = 16
   963: E[0:00:08]-R[0:00:09]: Return=    -1.015, Steps=  16, Features = 16
  1090: E[0:00:09]-R[0:00:08]: Return=    -1.013, Steps=  14, Features = 16
  1222: E[0:00:10]-R[0:00:06]: Return=     0.998, Steps=   3, Features = 16
  1310: E[0:00:11]-R[0:00:06]: Return=     0.998, Steps=   3, Features = 16
  1421: E[0:00:12]-R[0:00:05]: Return=     0.998, Steps=   3, Features = 16
  1547: E[0:00:13]-R[0:00:04]: Return=     0.996, Steps=   5, Features = 16
  1682: E[0:00:14]-R[0:00:03]: Return=      0.99, Steps=  11, Features = 16
  1805: E[0:00:15]-R[0:00:02]: Return=    -1.007, Steps=   8, Features = 16
  1889: E[0:00:16]-R[0:00:01]: Return=     0.998, Steps=   3, Features = 16
  2000: >>> E[0:00:17]-R[0:00:00]: Return=    0.9942, Steps= 6.8, Features = 16
Total Experiment Duration 0:00:17
Output:			./Results/Experiment10/
     0: >>> E[0:00:00]-R[?]: Return=   -0.2162, Steps=17.2, Features = 16
   100: E[0:00:01]-R[0:00:14]: Return=      0.99, Steps=  11, Features = 16
   228: E[0:00:02]-R[0:00:13]: Return=     0.996, Steps=   5, Features = 16
   310: E[0:00:03]-R[0:00:15]: Return=      0.98, Steps=  21, Features = 16
   442: E[0:00:04]-R[0:00:13]: Return=     0.998, Steps=   3, Features = 16
   574: E[0:00:05]-R[0:00:12]: Return=     0.992, Steps=   9, Features = 16
   709: E[0:00:06]-R[0:00:11]: Return=     0.994, Steps=   7, Features = 16
   844: E[0:00:07]-R[0:00:09]: Return=     0.994, Steps=   7, Features = 16
   963: E[0:00:08]-R[0:00:09]: Return=    -1.015, Steps=  16, Features = 16
  1071: E[0:00:09]-R[0:00:08]: Return=     0.992, Steps=   9, Features = 16
  1209: E[0:00:10]-R[0:00:07]: Return=     0.992, Steps=   9, Features = 16
  1341: E[0:00:11]-R[0:00:05]: Return=     0.988, Steps=  13, Features = 16
  1473: E[0:00:12]-R[0:00:04]: Return=     0.992, Steps=   9, Features = 16
  1577: E[0:00:13]-R[0:00:04]: Return=     0.986, Steps=  15, Features = 16
  1682: E[0:00:14]-R[0:00:03]: Return=      0.99, Steps=  11, Features = 16
  1810: E[0:00:15]-R[0:00:02]: Return=     0.996, Steps=   5, Features = 16
  1940: E[0:00:16]-R[0:00:00]: Return=      0.99, Steps=  11, Features = 16
  2000: >>> E[0:00:17]-R[0:00:00]: Return=    0.9942, Steps= 6.8, Features = 16
Total Experiment Duration 0:00:17
Output:			./Results/Experiment10/
     0: >>> E[0:00:00]-R[?]: Return=   -0.2162, Steps=17.2, Features = 16
    89: E[0:00:01]-R[0:00:14]: Return=     0.986, Steps=  15, Features = 16
   215: E[0:00:02]-R[0:00:14]: Return=     0.988, Steps=  13, Features = 16
   349: E[0:00:03]-R[0:00:13]: Return=     0.998, Steps=   3, Features = 16
   490: E[0:00:04]-R[0:00:11]: Return=     0.988, Steps=  13, Features = 16
   625: E[0:00:05]-R[0:00:10]: Return=     0.994, Steps=   7, Features = 16
   764: E[0:00:06]-R[0:00:09]: Return=     0.986, Steps=  15, Features = 16
   902: E[0:00:07]-R[0:00:08]: Return=     0.992, Steps=   9, Features = 16
  1040: E[0:00:08]-R[0:00:07]: Return=     0.996, Steps=   5, Features = 16
  1178: E[0:00:09]-R[0:00:06]: Return=     0.996, Steps=   5, Features = 16
  1310: E[0:00:10]-R[0:00:05]: Return=     0.998, Steps=   3, Features = 16
  1446: E[0:00:11]-R[0:00:04]: Return=     0.996, Steps=   5, Features = 16
  1582: E[0:00:12]-R[0:00:03]: Return=     0.996, Steps=   5, Features = 16
  1717: E[0:00:13]-R[0:00:02]: Return=     0.996, Steps=   5, Features = 16
  1856: E[0:00:14]-R[0:00:01]: Return=     0.984, Steps=  17, Features = 16
  1991: E[0:00:15]-R[0:00:00]: Return=     0.998, Steps=   3, Features = 16
  2000: >>> E[0:00:15]-R[0:00:00]: Return=    0.9942, Steps= 6.8, Features = 16
Total Experiment Duration 0:00:15
Output:			./Results/Experiment10/
     0: >>> E[0:00:00]-R[?]: Return=   -0.2162, Steps=17.2, Features = 16
   100: E[0:00:01]-R[0:00:14]: Return=      0.99, Steps=  11, Features = 16
   223: E[0:00:02]-R[0:00:14]: Return=    -1.007, Steps=   8, Features = 16
   349: E[0:00:03]-R[0:00:13]: Return=     0.998, Steps=   3, Features = 16
   477: E[0:00:04]-R[0:00:12]: Return=     0.996, Steps=   5, Features = 16
   606: E[0:00:05]-R[0:00:11]: Return=     0.996, Steps=   5, Features = 16
   732: E[0:00:06]-R[0:00:10]: Return=     0.996, Steps=   5, Features = 16
   866: E[0:00:07]-R[0:00:09]: Return=     0.994, Steps=   7, Features = 16
  1000: E[0:00:08]-R[0:00:08]: Return=     0.996, Steps=   5, Features = 16
  1139: E[0:00:09]-R[0:00:07]: Return=      0.99, Steps=  11, Features = 16
  1275: E[0:00:10]-R[0:00:06]: Return=     0.998, Steps=   3, Features = 16
  1409: E[0:00:11]-R[0:00:05]: Return=     0.998, Steps=   3, Features = 16
  1547: E[0:00:12]-R[0:00:04]: Return=     0.996, Steps=   5, Features = 16
  1687: E[0:00:13]-R[0:00:02]: Return=     0.996, Steps=   5, Features = 16
  1821: E[0:00:14]-R[0:00:01]: Return=      0.99, Steps=  11, Features = 16
  1950: E[0:00:15]-R[0:00:00]: Return=     0.996, Steps=   5, Features = 16
  2000: >>> E[0:00:15]-R[0:00:00]: Return=    0.9942, Steps= 6.8, Features = 16
Total Experiment Duration 0:00:15
Output:			./Results/Experiment10/
     0: >>> E[0:00:00]-R[?]: Return=   -0.2162, Steps=17.2, Features = 16
    89: E[0:00:01]-R[0:00:13]: Return=     0.986, Steps=  15, Features = 16
   223: E[0:00:02]-R[0:00:13]: Return=    -1.007, Steps=   8, Features = 16
   362: E[0:00:03]-R[0:00:12]: Return=     0.992, Steps=   9, Features = 16
   498: E[0:00:04]-R[0:00:11]: Return=     0.998, Steps=   3, Features = 16
   633: E[0:00:05]-R[0:00:10]: Return=     0.998, Steps=   3, Features = 16
   773: E[0:00:06]-R[0:00:09]: Return=     0.992, Steps=   9, Features = 16
   912: E[0:00:07]-R[0:00:08]: Return=     0.996, Steps=   5, Features = 16
  1050: E[0:00:08]-R[0:00:07]: Return=     0.994, Steps=   7, Features = 16
  1192: E[0:00:09]-R[0:00:06]: Return=     0.992, Steps=   9, Features = 16
  1328: E[0:00:10]-R[0:00:05]: Return=     0.994, Steps=   7, Features = 16
  1473: E[0:00:11]-R[0:00:04]: Return=     0.992, Steps=   9, Features = 16
  1611: E[0:00:12]-R[0:00:03]: Return=     0.996, Steps=   5, Features = 16
  1746: E[0:00:13]-R[0:00:02]: Return=     0.996, Steps=   5, Features = 16
  1886: E[0:00:14]-R[0:00:01]: Return=     0.998, Steps=   3, Features = 16
  2000: >>> E[0:00:15]-R[0:00:00]: Return=    0.9942, Steps= 6.8, Features = 16
Total Experiment Duration 0:00:15
Output:			./Results/Experiment10/
     0: >>> E[0:00:00]-R[?]: Return=   -0.2162, Steps=17.2, Features = 16
   109: E[0:00:01]-R[0:00:13]: Return=     0.992, Steps=   9, Features = 16
   244: E[0:00:02]-R[0:00:13]: Return=     0.994, Steps=   7, Features = 16
   382: E[0:00:03]-R[0:00:12]: Return=     0.994, Steps=   7, Features = 16
   524: E[0:00:04]-R[0:00:11]: Return=     0.978, Steps=  23, Features = 16
   655: E[0:00:05]-R[0:00:10]: Return=     0.998, Steps=   3, Features = 16
   798: E[0:00:06]-R[0:00:09]: Return=     0.996, Steps=   5, Features = 16
   933: E[0:00:07]-R[0:00:08]: Return=     0.996, Steps=   5, Features = 16
  1071: E[0:00:08]-R[0:00:07]: Return=     0.992, Steps=   9, Features = 16
  1209: E[0:00:09]-R[0:00:06]: Return=     0.992, Steps=   9, Features = 16
  1341: E[0:00:10]-R[0:00:05]: Return=     0.988, Steps=  13, Features = 16
  1482: E[0:00:11]-R[0:00:04]: Return=     0.992, Steps=   9, Features = 16
  1620: E[0:00:12]-R[0:00:03]: Return=    -1.003, Steps=   4, Features = 16
  1751: E[0:00:13]-R[0:00:02]: Return=     0.996, Steps=   5, Features = 16
  1892: E[0:00:14]-R[0:00:01]: Return=     0.998, Steps=   3, Features = 16
  2000: >>> E[0:00:15]-R[0:00:00]: Return=    0.9942, Steps= 6.8, Features = 16
Total Experiment Duration 0:00:15
Output:			./Results/Experiment10/
     0: >>> E[0:00:00]-R[?]: Return=   -0.2162, Steps=17.2, Features = 16
    89: E[0:00:01]-R[0:00:14]: Return=     0.986, Steps=  15, Features = 16
   223: E[0:00:02]-R[0:00:13]: Return=    -1.007, Steps=   8, Features = 16
   362: E[0:00:03]-R[0:00:12]: Return=     0.992, Steps=   9, Features = 16
   495: E[0:00:04]-R[0:00:11]: Return=     0.996, Steps=   5, Features = 16
   630: E[0:00:05]-R[0:00:10]: Return=     0.996, Steps=   5, Features = 16
   773: E[0:00:06]-R[0:00:09]: Return=     0.992, Steps=   9, Features = 16
   902: E[0:00:07]-R[0:00:08]: Return=     0.992, Steps=   9, Features = 16
  1040: E[0:00:08]-R[0:00:07]: Return=     0.996, Steps=   5, Features = 16
  1178: E[0:00:09]-R[0:00:06]: Return=     0.996, Steps=   5, Features = 16
  1310: E[0:00:10]-R[0:00:05]: Return=     0.998, Steps=   3, Features = 16
  1446: E[0:00:11]-R[0:00:04]: Return=     0.996, Steps=   5, Features = 16
  1582: E[0:00:12]-R[0:00:03]: Return=     0.996, Steps=   5, Features = 16
  1717: E[0:00:13]-R[0:00:02]: Return=     0.996, Steps=   5, Features = 16
  1856: E[0:00:14]-R[0:00:01]: Return=     0.984, Steps=  17, Features = 16
  1988: E[0:00:15]-R[0:00:00]: Return=     0.996, Steps=   5, Features = 16
  2000: >>> E[0:00:15]-R[0:00:00]: Return=    0.9942, Steps= 6.8, Features = 16
Total Experiment Duration 0:00:15
Output:			./Results/Experiment10/
     0: >>> E[0:00:00]-R[?]: Return=   -0.2162, Steps=17.2, Features = 16
   100: E[0:00:01]-R[0:00:13]: Return=      0.99, Steps=  11, Features = 16
   237: E[0:00:02]-R[0:00:13]: Return=     0.992, Steps=   9, Features = 16
   375: E[0:00:03]-R[0:00:12]: Return=     0.988, Steps=  13, Features = 16
   524: E[0:00:04]-R[0:00:11]: Return=     0.978, Steps=  23, Features = 16
   655: E[0:00:05]-R[0:00:10]: Return=     0.998, Steps=   3, Features = 16
   798: E[0:00:06]-R[0:00:09]: Return=     0.996, Steps=   5, Features = 16
   942: E[0:00:07]-R[0:00:08]: Return=     0.992, Steps=   9, Features = 16
  1090: E[0:00:08]-R[0:00:07]: Return=    -1.013, Steps=  14, Features = 16
  1232: E[0:00:09]-R[0:00:06]: Return=     0.994, Steps=   7, Features = 16
  1368: E[0:00:10]-R[0:00:05]: Return=     0.996, Steps=   5, Features = 16
  1505: E[0:00:11]-R[0:00:04]: Return=     0.998, Steps=   3, Features = 16
  1654: E[0:00:12]-R[0:00:03]: Return=     0.984, Steps=  17, Features = 16
  1790: E[0:00:13]-R[0:00:02]: Return=     0.998, Steps=   3, Features = 16
  1929: E[0:00:14]-R[0:00:01]: Return=     0.998, Steps=   3, Features = 16
  2000: >>> E[0:00:15]-R[0:00:00]: Return=    0.9942, Steps= 6.8, Features = 16
Total Experiment Duration 0:00:15
Output:			./Results/Experiment10/
     0: >>> E[0:00:00]-R[?]: Return=   -0.2162, Steps=17.2, Features = 16
   100: E[0:00:01]-R[0:00:13]: Return=      0.99, Steps=  11, Features = 16
   237: E[0:00:02]-R[0:00:13]: Return=     0.992, Steps=   9, Features = 16
   382: E[0:00:03]-R[0:00:12]: Return=     0.994, Steps=   7, Features = 16
   524: E[0:00:04]-R[0:00:11]: Return=     0.978, Steps=  23, Features = 16
   655: E[0:00:05]-R[0:00:10]: Return=     0.998, Steps=   3, Features = 16
   798: E[0:00:06]-R[0:00:09]: Return=     0.996, Steps=   5, Features = 16
   933: E[0:00:07]-R[0:00:08]: Return=     0.996, Steps=   5, Features = 16
  1076: E[0:00:08]-R[0:00:07]: Return=     0.996, Steps=   5, Features = 16
  1219: E[0:00:09]-R[0:00:06]: Return=     0.996, Steps=   5, Features = 16
  1358: E[0:00:10]-R[0:00:05]: Return=    -1.005, Steps=   6, Features = 16
  1464: E[0:00:11]-R[0:00:04]: Return=     0.992, Steps=   9, Features = 16
  1603: E[0:00:12]-R[0:00:03]: Return=     0.986, Steps=  15, Features = 16
  1741: E[0:00:13]-R[0:00:02]: Return=     0.998, Steps=   3, Features = 16
  1883: E[0:00:14]-R[0:00:01]: Return=      0.99, Steps=  11, Features = 16
  2000: >>> E[0:00:15]-R[0:00:00]: Return=    0.9942, Steps= 6.8, Features = 16
Total Experiment Duration 0:00:15
Output:			./Results/Experiment10/
     0: >>> E[0:00:00]-R[?]: Return=   -0.2162, Steps=17.2, Features = 16
   109: E[0:00:01]-R[0:00:13]: Return=     0.992, Steps=   9, Features = 16
   244: E[0:00:02]-R[0:00:13]: Return=     0.994, Steps=   7, Features = 16
   324: E[0:00:03]-R[0:00:15]: Return=      0.99, Steps=  11, Features = 16
   464: E[0:00:04]-R[0:00:13]: Return=     0.992, Steps=   9, Features = 16
   574: E[0:00:05]-R[0:00:12]: Return=     0.992, Steps=   9, Features = 16
   697: E[0:00:06]-R[0:00:11]: Return=      0.97, Steps=  31, Features = 16
   793: E[0:00:07]-R[0:00:11]: Return=     0.988, Steps=  13, Features = 16
   912: E[0:00:08]-R[0:00:10]: Return=     0.996, Steps=   5, Features = 16
  1008: E[0:00:09]-R[0:00:09]: Return=     0.996, Steps=   5, Features = 16
  1139: E[0:00:10]-R[0:00:08]: Return=      0.99, Steps=  11, Features = 16
  1262: E[0:00:11]-R[0:00:07]: Return=     0.994, Steps=   7, Features = 16
  1358: E[0:00:12]-R[0:00:06]: Return=    -1.005, Steps=   6, Features = 16
  1499: E[0:00:13]-R[0:00:04]: Return=     0.992, Steps=   9, Features = 16
  1611: E[0:00:14]-R[0:00:03]: Return=     0.996, Steps=   5, Features = 16
  1709: E[0:00:15]-R[0:00:03]: Return=      0.99, Steps=  11, Features = 16
  1839: E[0:00:16]-R[0:00:01]: Return=     0.998, Steps=   3, Features = 16
  1916: E[0:00:18]-R[0:00:01]: Return=     0.986, Steps=  15, Features = 16
  2000: >>> E[0:00:18]-R[0:00:00]: Return=    0.9942, Steps= 6.8, Features = 16
Total Experiment Duration 0:00:18
Output:			./Results/Experiment10/
     0: >>> E[0:00:00]-R[?]: Return=   -0.2162, Steps=17.2, Features = 16
    69: E[0:00:01]-R[0:00:14]: Return=     0.994, Steps=   7, Features = 16
   192: E[0:00:02]-R[0:00:14]: Return=     0.992, Steps=   9, Features = 16
   284: E[0:00:03]-R[0:00:15]: Return=     0.992, Steps=   9, Features = 16
   423: E[0:00:04]-R[0:00:13]: Return=     0.992, Steps=   9, Features = 16
   524: E[0:00:05]-R[0:00:13]: Return=     0.978, Steps=  23, Features = 16
   655: E[0:00:06]-R[0:00:12]: Return=     0.998, Steps=   3, Features = 16
   798: E[0:00:07]-R[0:00:10]: Return=     0.996, Steps=   5, Features = 16
   933: E[0:00:08]-R[0:00:09]: Return=     0.996, Steps=   5, Features = 16
  1071: E[0:00:09]-R[0:00:08]: Return=     0.992, Steps=   9, Features = 16
  1209: E[0:00:10]-R[0:00:06]: Return=     0.992, Steps=   9, Features = 16
  1341: E[0:00:11]-R[0:00:05]: Return=     0.988, Steps=  13, Features = 16
  1482: E[0:00:12]-R[0:00:04]: Return=     0.992, Steps=   9, Features = 16
  1620: E[0:00:13]-R[0:00:03]: Return=    -1.003, Steps=   4, Features = 16
  1760: E[0:00:14]-R[0:00:02]: Return=     0.992, Steps=   9, Features = 16
  1898: E[0:00:15]-R[0:00:01]: Return=     0.998, Steps=   3, Features = 16
  2000: >>> E[0:00:16]-R[0:00:00]: Return=    0.9942, Steps= 6.8, Features = 16
Total Experiment Duration 0:00:16
Output:			./Results/Experiment10/
     0: >>> E[0:00:00]-R[?]: Return=   -0.2162, Steps=17.2, Features = 16
   100: E[0:00:01]-R[0:00:13]: Return=      0.99, Steps=  11, Features = 16
   237: E[0:00:02]-R[0:00:13]: Return=     0.992, Steps=   9, Features = 16
   362: E[0:00:03]-R[0:00:12]: Return=     0.992, Steps=   9, Features = 16
   464: E[0:00:04]-R[0:00:13]: Return=     0.992, Steps=   9, Features = 16
   581: E[0:00:05]-R[0:00:12]: Return=     0.994, Steps=   7, Features = 16
   697: E[0:00:06]-R[0:00:11]: Return=      0.97, Steps=  31, Features = 16
   837: E[0:00:07]-R[0:00:10]: Return=     0.998, Steps=   3, Features = 16
   976: E[0:00:08]-R[0:00:08]: Return=     0.988, Steps=  13, Features = 16
  1114: E[0:00:09]-R[0:00:07]: Return=     0.996, Steps=   5, Features = 16
  1255: E[0:00:10]-R[0:00:06]: Return=     0.996, Steps=   5, Features = 16
  1396: E[0:00:11]-R[0:00:05]: Return=     0.982, Steps=  19, Features = 16
  1533: E[0:00:12]-R[0:00:04]: Return=     0.992, Steps=   9, Features = 16
  1668: E[0:00:13]-R[0:00:03]: Return=     0.996, Steps=   5, Features = 16
  1784: E[0:00:14]-R[0:00:02]: Return=     0.994, Steps=   7, Features = 16
  1926: E[0:00:15]-R[0:00:01]: Return=    -1.009, Steps=  10, Features = 16
  2000: >>> E[0:00:16]-R[0:00:00]: Return=    0.9942, Steps= 6.8, Features = 16
Total Experiment Duration 0:00:16
     0: >>> E[0:00:00]-R[?]: Return=    0.5808, Steps=20.2, Features = 16
    95: E[0:00:01]-R[0:00:13]: Return=    -1.026, Steps=  27, Features = 16
   231: E[0:00:02]-R[0:00:13]: Return=     0.997, Steps=   4, Features = 16
   366: E[0:00:03]-R[0:00:12]: Return=     0.985, Steps=  16, Features = 16
   506: E[0:00:04]-R[0:00:11]: Return=     0.989, Steps=  12, Features = 16
   643: E[0:00:05]-R[0:00:10]: Return=     0.997, Steps=   4, Features = 16
   773: E[0:00:06]-R[0:00:09]: Return=     0.995, Steps=   6, Features = 16
   919: E[0:00:07]-R[0:00:08]: Return=     0.989, Steps=  12, Features = 16
  1057: E[0:00:08]-R[0:00:07]: Return=     0.993, Steps=   8, Features = 16
  1198: E[0:00:09]-R[0:00:06]: Return=     0.997, Steps=   4, Features = 16
  1338: E[0:00:10]-R[0:00:05]: Return=     0.997, Steps=   4, Features = 16
  1484: E[0:00:11]-R[0:00:04]: Return=     0.991, Steps=  10, Features = 16
  1626: E[0:00:12]-R[0:00:03]: Return=     0.993, Steps=   8, Features = 16
  1760: E[0:00:13]-R[0:00:02]: Return=     0.993, Steps=   8, Features = 16
  1908: E[0:00:14]-R[0:00:01]: Return=     0.989, Steps=  12, Features = 16
  2000: >>> E[0:00:15]-R[0:00:00]: Return=    0.9958, Steps= 5.2, Features = 16
Total Experiment Duration 0:00:15
Output:			./Results/Experiment10/
     0: >>> E[0:00:00]-R[?]: Return=    0.5808, Steps=20.2, Features = 16
   153: E[0:00:01]-R[0:00:13]: Return=     0.943, Steps=  58, Features = 16
   285: E[0:00:02]-R[0:00:13]: Return=     0.995, Steps=   6, Features = 16
   430: E[0:00:03]-R[0:00:12]: Return=     0.985, Steps=  16, Features = 16
   572: E[0:00:04]-R[0:00:11]: Return=     0.991, Steps=  10, Features = 16
   707: E[0:00:05]-R[0:00:10]: Return=     0.995, Steps=   6, Features = 16
   845: E[0:00:06]-R[0:00:09]: Return=     0.993, Steps=   8, Features = 16
   979: E[0:00:07]-R[0:00:08]: Return=     0.995, Steps=   6, Features = 16
  1113: E[0:00:08]-R[0:00:07]: Return=     0.991, Steps=  10, Features = 16
  1242: E[0:00:09]-R[0:00:06]: Return=     0.987, Steps=  14, Features = 16
  1376: E[0:00:10]-R[0:00:05]: Return=     0.991, Steps=  10, Features = 16
  1512: E[0:00:11]-R[0:00:04]: Return=     0.997, Steps=   4, Features = 16
  1656: E[0:00:12]-R[0:00:03]: Return=     0.987, Steps=  14, Features = 16
  1790: E[0:00:13]-R[0:00:02]: Return=     0.993, Steps=   8, Features = 16
  1944: E[0:00:15]-R[0:00:00]: Return=     0.985, Steps=  16, Features = 16
  2000: >>> E[0:00:15]-R[0:00:00]: Return=    0.9958, Steps= 5.2, Features = 16
Total Experiment Duration 0:00:15
Output:			./Results/Experiment10/
     0: >>> E[0:00:00]-R[?]: Return=    0.5808, Steps=20.2, Features = 16
    95: E[0:00:01]-R[0:00:13]: Return=    -1.026, Steps=  27, Features = 16
   227: E[0:00:02]-R[0:00:13]: Return=     0.991, Steps=  10, Features = 16
   366: E[0:00:03]-R[0:00:12]: Return=     0.985, Steps=  16, Features = 16
   506: E[0:00:04]-R[0:00:11]: Return=     0.989, Steps=  12, Features = 16
   643: E[0:00:05]-R[0:00:10]: Return=     0.997, Steps=   4, Features = 16
   773: E[0:00:06]-R[0:00:09]: Return=     0.995, Steps=   6, Features = 16
   895: E[0:00:07]-R[0:00:08]: Return=     0.997, Steps=   4, Features = 16
  1031: E[0:00:08]-R[0:00:07]: Return=     0.995, Steps=   6, Features = 16
  1172: E[0:00:09]-R[0:00:06]: Return=     0.995, Steps=   6, Features = 16
  1312: E[0:00:10]-R[0:00:05]: Return=     0.993, Steps=   8, Features = 16
  1446: E[0:00:11]-R[0:00:04]: Return=     0.995, Steps=   6, Features = 16
  1578: E[0:00:12]-R[0:00:03]: Return=     0.997, Steps=   4, Features = 16
  1710: E[0:00:13]-R[0:00:02]: Return=     0.995, Steps=   6, Features = 16
  1846: E[0:00:14]-R[0:00:01]: Return=     0.997, Steps=   4, Features = 16
  1992: E[0:00:15]-R[0:00:00]: Return=     0.991, Steps=  10, Features = 16
  2000: >>> E[0:00:15]-R[0:00:00]: Return=    0.9958, Steps= 5.2, Features = 16
Total Experiment Duration 0:00:15
Output:			./Results/Experiment10/
     0: >>> E[0:00:00]-R[?]: Return=    0.5808, Steps=20.2, Features = 16
   153: E[0:00:01]-R[0:00:12]: Return=     0.943, Steps=  58, Features = 16
   285: E[0:00:02]-R[0:00:12]: Return=     0.995, Steps=   6, Features = 16
   430: E[0:00:03]-R[0:00:11]: Return=     0.985, Steps=  16, Features = 16
   572: E[0:00:04]-R[0:00:10]: Return=     0.991, Steps=  10, Features = 16
   713: E[0:00:05]-R[0:00:09]: Return=     0.995, Steps=   6, Features = 16
   855: E[0:00:06]-R[0:00:08]: Return=     0.995, Steps=   6, Features = 16
   991: E[0:00:07]-R[0:00:07]: Return=     0.995, Steps=   6, Features = 16
  1131: E[0:00:08]-R[0:00:06]: Return=     0.991, Steps=  10, Features = 16
  1274: E[0:00:09]-R[0:00:05]: Return=     0.991, Steps=  10, Features = 16
  1418: E[0:00:10]-R[0:00:04]: Return=     0.991, Steps=  10, Features = 16
  1562: E[0:00:11]-R[0:00:03]: Return=     0.997, Steps=   4, Features = 16
  1704: E[0:00:12]-R[0:00:02]: Return=     0.995, Steps=   6, Features = 16
  1842: E[0:00:13]-R[0:00:01]: Return=     0.997, Steps=   4, Features = 16
  1992: E[0:00:14]-R[0:00:00]: Return=     0.991, Steps=  10, Features = 16
  2000: >>> E[0:00:15]-R[0:00:00]: Return=    0.9958, Steps= 5.2, Features = 16
Total Experiment Duration 0:00:15
Output:			./Results/Experiment10/
     0: >>> E[0:00:00]-R[?]: Return=    0.5808, Steps=20.2, Features = 16
   153: E[0:00:01]-R[0:00:13]: Return=     0.943, Steps=  58, Features = 16
   285: E[0:00:02]-R[0:00:12]: Return=     0.995, Steps=   6, Features = 16
   430: E[0:00:03]-R[0:00:11]: Return=     0.985, Steps=  16, Features = 16
   572: E[0:00:04]-R[0:00:10]: Return=     0.991, Steps=  10, Features = 16
   707: E[0:00:05]-R[0:00:10]: Return=     0.995, Steps=   6, Features = 16
   845: E[0:00:06]-R[0:00:09]: Return=     0.993, Steps=   8, Features = 16
   985: E[0:00:07]-R[0:00:08]: Return=     0.995, Steps=   6, Features = 16
  1121: E[0:00:08]-R[0:00:07]: Return=     0.997, Steps=   4, Features = 16
  1264: E[0:00:09]-R[0:00:05]: Return=     0.993, Steps=   8, Features = 16
  1402: E[0:00:10]-R[0:00:04]: Return=     0.995, Steps=   6, Features = 16
  1546: E[0:00:11]-R[0:00:03]: Return=     0.997, Steps=   4, Features = 16
  1684: E[0:00:12]-R[0:00:02]: Return=     0.991, Steps=  10, Features = 16
  1822: E[0:00:13]-R[0:00:01]: Return=     0.989, Steps=  12, Features = 16
  1968: E[0:00:14]-R[0:00:00]: Return=     0.991, Steps=  10, Features = 16
  2000: >>> E[0:00:15]-R[0:00:00]: Return=    0.9958, Steps= 5.2, Features = 16
Total Experiment Duration 0:00:15
Output:			./Results/Experiment10/
     0: >>> E[0:00:00]-R[?]: Return=    0.5808, Steps=20.2, Features = 16
    95: E[0:00:01]-R[0:00:13]: Return=    -1.026, Steps=  27, Features = 16
   227: E[0:00:02]-R[0:00:13]: Return=     0.991, Steps=  10, Features = 16
   366: E[0:00:03]-R[0:00:12]: Return=     0.985, Steps=  16, Features = 16
   506: E[0:00:04]-R[0:00:11]: Return=     0.989, Steps=  12, Features = 16
   639: E[0:00:05]-R[0:00:10]: Return=     0.995, Steps=   6, Features = 16
   779: E[0:00:06]-R[0:00:09]: Return=     0.995, Steps=   6, Features = 16
   919: E[0:00:07]-R[0:00:08]: Return=     0.989, Steps=  12, Features = 16
  1057: E[0:00:08]-R[0:00:07]: Return=     0.993, Steps=   8, Features = 16
  1194: E[0:00:09]-R[0:00:06]: Return=     0.991, Steps=  10, Features = 16
  1334: E[0:00:10]-R[0:00:05]: Return=     0.993, Steps=   8, Features = 16
  1474: E[0:00:11]-R[0:00:04]: Return=     0.997, Steps=   4, Features = 16
  1614: E[0:00:12]-R[0:00:03]: Return=     0.989, Steps=  12, Features = 16
  1752: E[0:00:13]-R[0:00:02]: Return=     0.991, Steps=  10, Features = 16
  1896: E[0:00:14]-R[0:00:01]: Return=     0.991, Steps=  10, Features = 16
  2000: >>> E[0:00:15]-R[0:00:00]: Return=    0.9958, Steps= 5.2, Features = 16
Total Experiment Duration 0:00:15
Output:			./Results/Experiment10/
     0: >>> E[0:00:00]-R[?]: Return=    0.5808, Steps=20.2, Features = 16
    95: E[0:00:01]-R[0:00:14]: Return=    -1.026, Steps=  27, Features = 16
   227: E[0:00:02]-R[0:00:13]: Return=     0.991, Steps=  10, Features = 16
   366: E[0:00:03]-R[0:00:12]: Return=     0.985, Steps=  16, Features = 16
   506: E[0:00:04]-R[0:00:11]: Return=     0.989, Steps=  12, Features = 16
   643: E[0:00:05]-R[0:00:10]: Return=     0.997, Steps=   4, Features = 16
   779: E[0:00:06]-R[0:00:09]: Return=     0.995, Steps=   6, Features = 16
   907: E[0:00:07]-R[0:00:08]: Return=     0.989, Steps=  12, Features = 16
  1031: E[0:00:08]-R[0:00:07]: Return=     0.995, Steps=   6, Features = 16
  1160: E[0:00:09]-R[0:00:06]: Return=     0.991, Steps=  10, Features = 16
  1298: E[0:00:10]-R[0:00:05]: Return=     0.993, Steps=   8, Features = 16
  1440: E[0:00:11]-R[0:00:04]: Return=     0.979, Steps=  22, Features = 16
  1536: E[0:00:12]-R[0:00:04]: Return=     0.995, Steps=   6, Features = 16
  1660: E[0:00:13]-R[0:00:03]: Return=     0.997, Steps=   4, Features = 16
  1782: E[0:00:14]-R[0:00:02]: Return=     0.995, Steps=   6, Features = 16
  1918: E[0:00:15]-R[0:00:01]: Return=     0.997, Steps=   4, Features = 16
  2000: >>> E[0:00:16]-R[0:00:00]: Return=    0.9958, Steps= 5.2, Features = 16
Total Experiment Duration 0:00:16
Output:			./Results/Experiment10/
     0: >>> E[0:00:00]-R[?]: Return=    0.5808, Steps=20.2, Features = 16
   153: E[0:00:01]-R[0:00:13]: Return=     0.943, Steps=  58, Features = 16
   285: E[0:00:02]-R[0:00:12]: Return=     0.995, Steps=   6, Features = 16
   430: E[0:00:03]-R[0:00:11]: Return=     0.985, Steps=  16, Features = 16
   572: E[0:00:04]-R[0:00:10]: Return=     0.991, Steps=  10, Features = 16
   713: E[0:00:05]-R[0:00:09]: Return=     0.995, Steps=   6, Features = 16
   855: E[0:00:06]-R[0:00:08]: Return=     0.995, Steps=   6, Features = 16
   991: E[0:00:07]-R[0:00:07]: Return=     0.995, Steps=   6, Features = 16
  1117: E[0:00:08]-R[0:00:06]: Return=     0.997, Steps=   4, Features = 16
  1256: E[0:00:09]-R[0:00:05]: Return=     0.991, Steps=  10, Features = 16
  1396: E[0:00:10]-R[0:00:04]: Return=     0.997, Steps=   4, Features = 16
  1536: E[0:00:11]-R[0:00:03]: Return=     0.995, Steps=   6, Features = 16
  1670: E[0:00:12]-R[0:00:02]: Return=     0.991, Steps=  10, Features = 16
  1798: E[0:00:13]-R[0:00:01]: Return=     0.993, Steps=   8, Features = 16
  1928: E[0:00:14]-R[0:00:01]: Return=     0.995, Steps=   6, Features = 16
  2000: >>> E[0:00:15]-R[0:00:00]: Return=    0.9958, Steps= 5.2, Features = 16
Total Experiment Duration 0:00:15
Output:			./Results/Experiment10/
     0: >>> E[0:00:00]-R[?]: Return=    0.5808, Steps=20.2, Features = 16
    95: E[0:00:01]-R[0:00:13]: Return=    -1.026, Steps=  27, Features = 16
   227: E[0:00:02]-R[0:00:13]: Return=     0.991, Steps=  10, Features = 16
   366: E[0:00:03]-R[0:00:12]: Return=     0.985, Steps=  16, Features = 16
   506: E[0:00:04]-R[0:00:11]: Return=     0.989, Steps=  12, Features = 16
   649: E[0:00:05]-R[0:00:10]: Return=     0.995, Steps=   6, Features = 16
   795: E[0:00:06]-R[0:00:09]: Return=     0.989, Steps=  12, Features = 16
   935: E[0:00:07]-R[0:00:08]: Return=     0.991, Steps=  10, Features = 16
  1075: E[0:00:08]-R[0:00:07]: Return=     0.989, Steps=  12, Features = 16
  1208: E[0:00:09]-R[0:00:06]: Return=     0.997, Steps=   4, Features = 16
  1346: E[0:00:10]-R[0:00:05]: Return=     0.993, Steps=   8, Features = 16
  1488: E[0:00:11]-R[0:00:04]: Return=     0.997, Steps=   4, Features = 16
  1626: E[0:00:12]-R[0:00:03]: Return=     0.993, Steps=   8, Features = 16
  1760: E[0:00:13]-R[0:00:02]: Return=     0.993, Steps=   8, Features = 16
  1896: E[0:00:14]-R[0:00:01]: Return=     0.991, Steps=  10, Features = 16
  2000: >>> E[0:00:15]-R[0:00:00]: Return=    0.9958, Steps= 5.2, Features = 16
Total Experiment Duration 0:00:15
Output:			./Results/Experiment10/
     0: >>> E[0:00:00]-R[?]: Return=    0.5808, Steps=20.2, Features = 16
   153: E[0:00:01]-R[0:00:12]: Return=     0.943, Steps=  58, Features = 16
   285: E[0:00:02]-R[0:00:12]: Return=     0.995, Steps=   6, Features = 16
   430: E[0:00:03]-R[0:00:11]: Return=     0.985, Steps=  16, Features = 16
   572: E[0:00:04]-R[0:00:10]: Return=     0.991, Steps=  10, Features = 16
   707: E[0:00:05]-R[0:00:09]: Return=     0.995, Steps=   6, Features = 16
   845: E[0:00:06]-R[0:00:08]: Return=     0.993, Steps=   8, Features = 16
   985: E[0:00:07]-R[0:00:07]: Return=     0.995, Steps=   6, Features = 16
  1131: E[0:00:08]-R[0:00:06]: Return=     0.991, Steps=  10, Features = 16
  1274: E[0:00:09]-R[0:00:05]: Return=     0.991, Steps=  10, Features = 16
  1402: E[0:00:10]-R[0:00:04]: Return=     0.995, Steps=   6, Features = 16
  1542: E[0:00:11]-R[0:00:03]: Return=     0.995, Steps=   6, Features = 16
  1674: E[0:00:12]-R[0:00:02]: Return=     0.997, Steps=   4, Features = 16
  1806: E[0:00:13]-R[0:00:01]: Return=     0.993, Steps=   8, Features = 16
  1944: E[0:00:14]-R[0:00:00]: Return=     0.985, Steps=  16, Features = 16
  2000: >>> E[0:00:15]-R[0:00:00]: Return=    0.9958, Steps= 5.2, Features = 16
Total Experiment Duration 0:00:15
Output:			./Results/Experiment10/
     0: >>> E[0:00:00]-R[?]: Return=    0.5808, Steps=20.2, Features = 16
    95: E[0:00:01]-R[0:00:13]: Return=    -1.026, Steps=  27, Features = 16
   227: E[0:00:02]-R[0:00:13]: Return=     0.991, Steps=  10, Features = 16
   366: E[0:00:03]-R[0:00:12]: Return=     0.985, Steps=  16, Features = 16
   506: E[0:00:04]-R[0:00:11]: Return=     0.989, Steps=  12, Features = 16
   643: E[0:00:05]-R[0:00:10]: Return=     0.997, Steps=   4, Features = 16
   783: E[0:00:06]-R[0:00:09]: Return=     0.997, Steps=   4, Features = 16
   919: E[0:00:07]-R[0:00:08]: Return=     0.989, Steps=  12, Features = 16
  1057: E[0:00:08]-R[0:00:07]: Return=     0.993, Steps=   8, Features = 16
  1198: E[0:00:09]-R[0:00:06]: Return=     0.997, Steps=   4, Features = 16
  1338: E[0:00:10]-R[0:00:05]: Return=     0.997, Steps=   4, Features = 16
  1484: E[0:00:11]-R[0:00:04]: Return=     0.991, Steps=  10, Features = 16
  1618: E[0:00:12]-R[0:00:03]: Return=     0.997, Steps=   4, Features = 16
  1752: E[0:00:13]-R[0:00:02]: Return=     0.991, Steps=  10, Features = 16
  1896: E[0:00:14]-R[0:00:01]: Return=     0.991, Steps=  10, Features = 16
  2000: >>> E[0:00:15]-R[0:00:00]: Return=    0.9958, Steps= 5.2, Features = 16
Total Experiment Duration 0:00:15
Output:			./Results/Experiment10/
     0: >>> E[0:00:00]-R[?]: Return=    0.5808, Steps=20.2, Features = 16
    95: E[0:00:01]-R[0:00:13]: Return=    -1.026, Steps=  27, Features = 16
   231: E[0:00:02]-R[0:00:13]: Return=     0.997, Steps=   4, Features = 16
   372: E[0:00:03]-R[0:00:12]: Return=     0.995, Steps=   6, Features = 16
   506: E[0:00:04]-R[0:00:11]: Return=     0.989, Steps=  12, Features = 16
   643: E[0:00:05]-R[0:00:10]: Return=     0.997, Steps=   4, Features = 16
   779: E[0:00:06]-R[0:00:09]: Return=     0.995, Steps=   6, Features = 16
   919: E[0:00:07]-R[0:00:08]: Return=     0.989, Steps=  12, Features = 16
  1057: E[0:00:08]-R[0:00:07]: Return=     0.993, Steps=   8, Features = 16
  1198: E[0:00:09]-R[0:00:06]: Return=     0.997, Steps=   4, Features = 16
  1338: E[0:00:10]-R[0:00:05]: Return=     0.997, Steps=   4, Features = 16
  1474: E[0:00:11]-R[0:00:04]: Return=     0.997, Steps=   4, Features = 16
  1614: E[0:00:12]-R[0:00:03]: Return=     0.989, Steps=  12, Features = 16
  1752: E[0:00:13]-R[0:00:02]: Return=     0.991, Steps=  10, Features = 16
  1896: E[0:00:14]-R[0:00:01]: Return=     0.991, Steps=  10, Features = 16
  2000: >>> E[0:00:15]-R[0:00:00]: Return=    0.9958, Steps= 5.2, Features = 16
Total Experiment Duration 0:00:15
Output:			./Results/Experiment10/
     0: >>> E[0:00:00]-R[?]: Return=    0.5808, Steps=20.2, Features = 16
    95: E[0:00:01]-R[0:00:13]: Return=    -1.026, Steps=  27, Features = 16
   227: E[0:00:02]-R[0:00:13]: Return=     0.991, Steps=  10, Features = 16
   366: E[0:00:03]-R[0:00:12]: Return=     0.985, Steps=  16, Features = 16
   506: E[0:00:04]-R[0:00:11]: Return=     0.989, Steps=  12, Features = 16
   649: E[0:00:05]-R[0:00:10]: Return=     0.995, Steps=   6, Features = 16
   795: E[0:00:06]-R[0:00:09]: Return=     0.989, Steps=  12, Features = 16
   935: E[0:00:07]-R[0:00:08]: Return=     0.991, Steps=  10, Features = 16
  1075: E[0:00:08]-R[0:00:07]: Return=     0.989, Steps=  12, Features = 16
  1218: E[0:00:09]-R[0:00:06]: Return=     0.991, Steps=  10, Features = 16
  1354: E[0:00:10]-R[0:00:05]: Return=     0.993, Steps=   8, Features = 16
  1494: E[0:00:11]-R[0:00:04]: Return=     0.995, Steps=   6, Features = 16
  1634: E[0:00:12]-R[0:00:03]: Return=     0.997, Steps=   4, Features = 16
  1770: E[0:00:13]-R[0:00:02]: Return=     0.995, Steps=   6, Features = 16
  1914: E[0:00:14]-R[0:00:01]: Return=     0.995, Steps=   6, Features = 16
  2000: >>> E[0:00:15]-R[0:00:00]: Return=    0.9958, Steps= 5.2, Features = 16
Total Experiment Duration 0:00:15
Output:			./Results/Experiment10/
     0: >>> E[0:00:00]-R[?]: Return=    0.5808, Steps=20.2, Features = 16
   153: E[0:00:01]-R[0:00:12]: Return=     0.943, Steps=  58, Features = 16
   285: E[0:00:02]-R[0:00:12]: Return=     0.995, Steps=   6, Features = 16
   430: E[0:00:03]-R[0:00:11]: Return=     0.985, Steps=  16, Features = 16
   572: E[0:00:04]-R[0:00:10]: Return=     0.991, Steps=  10, Features = 16
   707: E[0:00:05]-R[0:00:09]: Return=     0.995, Steps=   6, Features = 16
   849: E[0:00:06]-R[0:00:08]: Return=     0.997, Steps=   4, Features = 16
   991: E[0:00:07]-R[0:00:07]: Return=     0.995, Steps=   6, Features = 16
  1131: E[0:00:08]-R[0:00:06]: Return=     0.991, Steps=  10, Features = 16
  1274: E[0:00:09]-R[0:00:05]: Return=     0.991, Steps=  10, Features = 16
  1408: E[0:00:10]-R[0:00:04]: Return=     0.995, Steps=   6, Features = 16
  1552: E[0:00:11]-R[0:00:03]: Return=     0.995, Steps=   6, Features = 16
  1690: E[0:00:12]-R[0:00:02]: Return=     0.995, Steps=   6, Features = 16
  1828: E[0:00:13]-R[0:00:01]: Return=     0.995, Steps=   6, Features = 16
  1974: E[0:00:14]-R[0:00:00]: Return=     0.995, Steps=   6, Features = 16
  2000: >>> E[0:00:15]-R[0:00:00]: Return=    0.9958, Steps= 5.2, Features = 16
Total Experiment Duration 0:00:15
Output:			./Results/Experiment10/
     0: >>> E[0:00:00]-R[?]: Return=    0.5808, Steps=20.2, Features = 16
    95: E[0:00:01]-R[0:00:15]: Return=    -1.026, Steps=  27, Features = 16
   227: E[0:00:02]-R[0:00:14]: Return=     0.991, Steps=  10, Features = 16
   366: E[0:00:03]-R[0:00:13]: Return=     0.985, Steps=  16, Features = 16
   506: E[0:00:04]-R[0:00:11]: Return=     0.989, Steps=  12, Features = 16
   643: E[0:00:05]-R[0:00:10]: Return=     0.997, Steps=   4, Features = 16
   783: E[0:00:06]-R[0:00:09]: Return=     0.997, Steps=   4, Features = 16
   919: E[0:00:07]-R[0:00:08]: Return=     0.989, Steps=  12, Features = 16
  1057: E[0:00:08]-R[0:00:07]: Return=     0.993, Steps=   8, Features = 16
  1194: E[0:00:09]-R[0:00:06]: Return=     0.991, Steps=  10, Features = 16
  1334: E[0:00:10]-R[0:00:05]: Return=     0.993, Steps=   8, Features = 16
  1474: E[0:00:11]-R[0:00:04]: Return=     0.997, Steps=   4, Features = 16
  1614: E[0:00:12]-R[0:00:03]: Return=     0.989, Steps=  12, Features = 16
  1752: E[0:00:13]-R[0:00:02]: Return=     0.991, Steps=  10, Features = 16
  1896: E[0:00:14]-R[0:00:01]: Return=     0.991, Steps=  10, Features = 16
  2000: >>> E[0:00:15]-R[0:00:00]: Return=    0.9958, Steps= 5.2, Features = 16
Total Experiment Duration 0:00:15
Output:			./Results/Experiment10/
     0: >>> E[0:00:00]-R[?]: Return=    0.5808, Steps=20.2, Features = 16
   153: E[0:00:01]-R[0:00:12]: Return=     0.943, Steps=  58, Features = 16
   285: E[0:00:02]-R[0:00:12]: Return=     0.995, Steps=   6, Features = 16
   430: E[0:00:03]-R[0:00:11]: Return=     0.985, Steps=  16, Features = 16
   572: E[0:00:04]-R[0:00:10]: Return=     0.991, Steps=  10, Features = 16
   707: E[0:00:05]-R[0:00:09]: Return=     0.995, Steps=   6, Features = 16
   845: E[0:00:06]-R[0:00:08]: Return=     0.993, Steps=   8, Features = 16
   985: E[0:00:07]-R[0:00:07]: Return=     0.995, Steps=   6, Features = 16
  1117: E[0:00:08]-R[0:00:07]: Return=     0.997, Steps=   4, Features = 16
  1246: E[0:00:09]-R[0:00:06]: Return=     0.997, Steps=   4, Features = 16
  1376: E[0:00:10]-R[0:00:05]: Return=     0.991, Steps=  10, Features = 16
  1508: E[0:00:11]-R[0:00:04]: Return=     0.995, Steps=   6, Features = 16
  1656: E[0:00:12]-R[0:00:03]: Return=     0.987, Steps=  14, Features = 16
  1798: E[0:00:13]-R[0:00:02]: Return=     0.993, Steps=   8, Features = 16
  1944: E[0:00:15]-R[0:00:00]: Return=     0.985, Steps=  16, Features = 16
  2000: >>> E[0:00:15]-R[0:00:00]: Return=    0.9958, Steps= 5.2, Features = 16
Total Experiment Duration 0:00:15
Output:			./Results/Experiment10/
     0: >>> E[0:00:00]-R[?]: Return=    0.5808, Steps=20.2, Features = 16
    95: E[0:00:01]-R[0:00:13]: Return=    -1.026, Steps=  27, Features = 16
   227: E[0:00:02]-R[0:00:13]: Return=     0.991, Steps=  10, Features = 16
   366: E[0:00:03]-R[0:00:12]: Return=     0.985, Steps=  16, Features = 16
   506: E[0:00:04]-R[0:00:11]: Return=     0.989, Steps=  12, Features = 16
   649: E[0:00:05]-R[0:00:10]: Return=     0.995, Steps=   6, Features = 16
   795: E[0:00:06]-R[0:00:09]: Return=     0.989, Steps=  12, Features = 16
   935: E[0:00:07]-R[0:00:08]: Return=     0.991, Steps=  10, Features = 16
  1075: E[0:00:08]-R[0:00:07]: Return=     0.989, Steps=  12, Features = 16
  1218: E[0:00:09]-R[0:00:06]: Return=     0.991, Steps=  10, Features = 16
  1354: E[0:00:10]-R[0:00:05]: Return=     0.993, Steps=   8, Features = 16
  1494: E[0:00:11]-R[0:00:04]: Return=     0.995, Steps=   6, Features = 16
  1634: E[0:00:12]-R[0:00:03]: Return=     0.997, Steps=   4, Features = 16
  1770: E[0:00:13]-R[0:00:02]: Return=     0.995, Steps=   6, Features = 16
  1914: E[0:00:14]-R[0:00:01]: Return=     0.995, Steps=   6, Features = 16
  2000: >>> E[0:00:15]-R[0:00:00]: Return=    0.9958, Steps= 5.2, Features = 16
Total Experiment Duration 0:00:15
Output:			./Results/Experiment10/
     0: >>> E[0:00:00]-R[?]: Return=    0.5808, Steps=20.2, Features = 16
    95: E[0:00:01]-R[0:00:13]: Return=    -1.026, Steps=  27, Features = 16
   231: E[0:00:02]-R[0:00:13]: Return=     0.997, Steps=   4, Features = 16
   372: E[0:00:03]-R[0:00:12]: Return=     0.995, Steps=   6, Features = 16
   514: E[0:00:04]-R[0:00:11]: Return=     0.993, Steps=   8, Features = 16
   661: E[0:00:05]-R[0:00:10]: Return=     0.989, Steps=  12, Features = 16
   805: E[0:00:06]-R[0:00:09]: Return=     0.991, Steps=  10, Features = 16
   947: E[0:00:07]-R[0:00:08]: Return=     0.993, Steps=   8, Features = 16
  1095: E[0:00:08]-R[0:00:07]: Return=     0.987, Steps=  14, Features = 16
  1242: E[0:00:09]-R[0:00:05]: Return=     0.987, Steps=  14, Features = 16
  1380: E[0:00:10]-R[0:00:04]: Return=     0.997, Steps=   4, Features = 16
  1526: E[0:00:11]-R[0:00:03]: Return=     0.987, Steps=  14, Features = 16
  1670: E[0:00:12]-R[0:00:02]: Return=     0.991, Steps=  10, Features = 16
  1806: E[0:00:13]-R[0:00:01]: Return=     0.993, Steps=   8, Features = 16
  1944: E[0:00:14]-R[0:00:00]: Return=     0.985, Steps=  16, Features = 16
  2000: >>> E[0:00:15]-R[0:00:00]: Return=    0.9958, Steps= 5.2, Features = 16
Total Experiment Duration 0:00:15
Output:			./Results/Experiment10/
     0: >>> E[0:00:00]-R[?]: Return=    0.5808, Steps=20.2, Features = 16
    95: E[0:00:01]-R[0:00:13]: Return=    -1.026, Steps=  27, Features = 16
   211: E[0:00:02]-R[0:00:14]: Return=     0.997, Steps=   4, Features = 16
   344: E[0:00:03]-R[0:00:13]: Return=     0.993, Steps=   8, Features = 16
   482: E[0:00:04]-R[0:00:12]: Return=     0.993, Steps=   8, Features = 16
   621: E[0:00:05]-R[0:00:11]: Return=     0.997, Steps=   4, Features = 16
   751: E[0:00:06]-R[0:00:10]: Return=     0.997, Steps=   4, Features = 16
   891: E[0:00:07]-R[0:00:09]: Return=     0.993, Steps=   8, Features = 16
  1031: E[0:00:08]-R[0:00:07]: Return=     0.995, Steps=   6, Features = 16
  1166: E[0:00:09]-R[0:00:06]: Return=     0.995, Steps=   6, Features = 16
  1304: E[0:00:10]-R[0:00:05]: Return=     0.995, Steps=   6, Features = 16
  1446: E[0:00:11]-R[0:00:04]: Return=     0.995, Steps=   6, Features = 16
  1588: E[0:00:12]-R[0:00:03]: Return=     0.995, Steps=   6, Features = 16
  1722: E[0:00:13]-R[0:00:02]: Return=     0.997, Steps=   4, Features = 16
  1880: E[0:00:14]-R[0:00:01]: Return=     0.967, Steps=  34, Features = 16
  2000: >>> E[0:00:15]-R[0:00:00]: Return=    0.9958, Steps= 5.2, Features = 16
Total Experiment Duration 0:00:15
Output:			./Results/Experiment10/
     0: >>> E[0:00:00]-R[?]: Return=    0.5808, Steps=20.2, Features = 16
    95: E[0:00:01]-R[0:00:13]: Return=    -1.026, Steps=  27, Features = 16
   243: E[0:00:02]-R[0:00:13]: Return=     0.989, Steps=  12, Features = 16
   382: E[0:00:03]-R[0:00:12]: Return=     0.995, Steps=   6, Features = 16
   528: E[0:00:04]-R[0:00:11]: Return=     0.987, Steps=  14, Features = 16
   665: E[0:00:05]-R[0:00:10]: Return=     0.997, Steps=   4, Features = 16
   805: E[0:00:06]-R[0:00:09]: Return=     0.991, Steps=  10, Features = 16
   947: E[0:00:07]-R[0:00:08]: Return=     0.993, Steps=   8, Features = 16
  1095: E[0:00:08]-R[0:00:07]: Return=     0.987, Steps=  14, Features = 16
  1242: E[0:00:09]-R[0:00:06]: Return=     0.987, Steps=  14, Features = 16
  1380: E[0:00:10]-R[0:00:05]: Return=     0.997, Steps=   4, Features = 16
  1526: E[0:00:11]-R[0:00:03]: Return=     0.987, Steps=  14, Features = 16
  1660: E[0:00:12]-R[0:00:02]: Return=     0.997, Steps=   4, Features = 16
  1798: E[0:00:13]-R[0:00:01]: Return=     0.993, Steps=   8, Features = 16
  1944: E[0:00:14]-R[0:00:00]: Return=     0.985, Steps=  16, Features = 16
  2000: >>> E[0:00:15]-R[0:00:00]: Return=    0.9958, Steps= 5.2, Features = 16
Total Experiment Duration 0:00:15
Output:			./Results/Experiment10/
     0: >>> E[0:00:00]-R[?]: Return=    0.5808, Steps=20.2, Features = 16
    95: E[0:00:01]-R[0:00:13]: Return=    -1.026, Steps=  27, Features = 16
   227: E[0:00:02]-R[0:00:13]: Return=     0.991, Steps=  10, Features = 16
   366: E[0:00:03]-R[0:00:12]: Return=     0.985, Steps=  16, Features = 16
   506: E[0:00:04]-R[0:00:11]: Return=     0.989, Steps=  12, Features = 16
   643: E[0:00:05]-R[0:00:10]: Return=     0.997, Steps=   4, Features = 16
   779: E[0:00:06]-R[0:00:09]: Return=     0.995, Steps=   6, Features = 16
   919: E[0:00:07]-R[0:00:08]: Return=     0.989, Steps=  12, Features = 16
  1057: E[0:00:08]-R[0:00:07]: Return=     0.993, Steps=   8, Features = 16
  1194: E[0:00:09]-R[0:00:06]: Return=     0.991, Steps=  10, Features = 16
  1326: E[0:00:10]-R[0:00:05]: Return=     0.991, Steps=  10, Features = 16
  1470: E[0:00:11]-R[0:00:04]: Return=     0.977, Steps=  24, Features = 16
  1614: E[0:00:12]-R[0:00:03]: Return=     0.989, Steps=  12, Features = 16
  1752: E[0:00:13]-R[0:00:02]: Return=     0.991, Steps=  10, Features = 16
  1896: E[0:00:14]-R[0:00:01]: Return=     0.991, Steps=  10, Features = 16
  2000: >>> E[0:00:15]-R[0:00:00]: Return=    0.9958, Steps= 5.2, Features = 16
Total Experiment Duration 0:00:15
Output:			./Results/Experiment10/
     0: >>> E[0:00:00]-R[?]: Return=    0.5808, Steps=20.2, Features = 16
   153: E[0:00:01]-R[0:00:13]: Return=     0.943, Steps=  58, Features = 16
   285: E[0:00:02]-R[0:00:12]: Return=     0.995, Steps=   6, Features = 16
   430: E[0:00:03]-R[0:00:11]: Return=     0.985, Steps=  16, Features = 16
   572: E[0:00:04]-R[0:00:10]: Return=     0.991, Steps=  10, Features = 16
   707: E[0:00:05]-R[0:00:09]: Return=     0.995, Steps=   6, Features = 16
   845: E[0:00:06]-R[0:00:08]: Return=     0.993, Steps=   8, Features = 16
   985: E[0:00:07]-R[0:00:07]: Return=     0.995, Steps=   6, Features = 16
  1121: E[0:00:08]-R[0:00:06]: Return=     0.997, Steps=   4, Features = 16
  1264: E[0:00:09]-R[0:00:05]: Return=     0.993, Steps=   8, Features = 16
  1392: E[0:00:10]-R[0:00:04]: Return=     0.995, Steps=   6, Features = 16
  1530: E[0:00:11]-R[0:00:03]: Return=     0.997, Steps=   4, Features = 16
  1670: E[0:00:12]-R[0:00:02]: Return=     0.991, Steps=  10, Features = 16
  1806: E[0:00:13]-R[0:00:01]: Return=     0.993, Steps=   8, Features = 16
  1950: E[0:00:14]-R[0:00:00]: Return=     0.995, Steps=   6, Features = 16
  2000: >>> E[0:00:15]-R[0:00:00]: Return=    0.9958, Steps= 5.2, Features = 16
Total Experiment Duration 0:00:15
Output:			./Results/Experiment10/
     0: >>> E[0:00:00]-R[?]: Return=    0.5808, Steps=20.2, Features = 16
    95: E[0:00:01]-R[0:00:13]: Return=    -1.026, Steps=  27, Features = 16
   227: E[0:00:02]-R[0:00:13]: Return=     0.991, Steps=  10, Features = 16
   366: E[0:00:03]-R[0:00:12]: Return=     0.985, Steps=  16, Features = 16
   506: E[0:00:04]-R[0:00:11]: Return=     0.989, Steps=  12, Features = 16
   643: E[0:00:05]-R[0:00:10]: Return=     0.997, Steps=   4, Features = 16
   773: E[0:00:06]-R[0:00:09]: Return=     0.995, Steps=   6, Features = 16
   907: E[0:00:07]-R[0:00:08]: Return=     0.989, Steps=  12, Features = 16
  1043: E[0:00:08]-R[0:00:07]: Return=     0.993, Steps=   8, Features = 16
  1184: E[0:00:09]-R[0:00:06]: Return=     0.993, Steps=   8, Features = 16
  1326: E[0:00:10]-R[0:00:05]: Return=     0.991, Steps=  10, Features = 16
  1470: E[0:00:11]-R[0:00:04]: Return=     0.977, Steps=  24, Features = 16
  1614: E[0:00:12]-R[0:00:03]: Return=     0.989, Steps=  12, Features = 16
  1752: E[0:00:13]-R[0:00:02]: Return=     0.991, Steps=  10, Features = 16
  1896: E[0:00:14]-R[0:00:01]: Return=     0.991, Steps=  10, Features = 16
  2000: >>> E[0:00:15]-R[0:00:00]: Return=    0.9958, Steps= 5.2, Features = 16
Total Experiment Duration 0:00:15
Output:			./Results/Experiment10/
     0: >>> E[0:00:00]-R[?]: Return=    0.5808, Steps=20.2, Features = 16
    95: E[0:00:01]-R[0:00:13]: Return=    -1.026, Steps=  27, Features = 16
   231: E[0:00:02]-R[0:00:13]: Return=     0.997, Steps=   4, Features = 16
   372: E[0:00:03]-R[0:00:12]: Return=     0.995, Steps=   6, Features = 16
   514: E[0:00:04]-R[0:00:11]: Return=     0.993, Steps=   8, Features = 16
   649: E[0:00:05]-R[0:00:10]: Return=     0.995, Steps=   6, Features = 16
   795: E[0:00:06]-R[0:00:09]: Return=     0.989, Steps=  12, Features = 16
   935: E[0:00:07]-R[0:00:08]: Return=     0.991, Steps=  10, Features = 16
  1075: E[0:00:08]-R[0:00:07]: Return=     0.989, Steps=  12, Features = 16
  1218: E[0:00:09]-R[0:00:06]: Return=     0.991, Steps=  10, Features = 16
  1354: E[0:00:10]-R[0:00:05]: Return=     0.993, Steps=   8, Features = 16
  1488: E[0:00:11]-R[0:00:04]: Return=     0.997, Steps=   4, Features = 16
  1626: E[0:00:12]-R[0:00:03]: Return=     0.993, Steps=   8, Features = 16
  1764: E[0:00:13]-R[0:00:02]: Return=     0.997, Steps=   4, Features = 16
  1908: E[0:00:14]-R[0:00:01]: Return=     0.989, Steps=  12, Features = 16
  2000: >>> E[0:00:15]-R[0:00:00]: Return=    0.9958, Steps= 5.2, Features = 16
Total Experiment Duration 0:00:15
Output:			./Results/Experiment10/
     0: >>> E[0:00:00]-R[?]: Return=    0.5808, Steps=20.2, Features = 16
   153: E[0:00:01]-R[0:00:12]: Return=     0.943, Steps=  58, Features = 16
   285: E[0:00:02]-R[0:00:12]: Return=     0.995, Steps=   6, Features = 16
   430: E[0:00:03]-R[0:00:11]: Return=     0.985, Steps=  16, Features = 16
   572: E[0:00:04]-R[0:00:10]: Return=     0.991, Steps=  10, Features = 16
   713: E[0:00:05]-R[0:00:09]: Return=     0.995, Steps=   6, Features = 16
   855: E[0:00:06]-R[0:00:08]: Return=     0.995, Steps=   6, Features = 16
   997: E[0:00:07]-R[0:00:07]: Return=     0.995, Steps=   6, Features = 16
  1137: E[0:00:08]-R[0:00:06]: Return=     0.995, Steps=   6, Features = 16
  1274: E[0:00:09]-R[0:00:05]: Return=     0.991, Steps=  10, Features = 16
  1408: E[0:00:10]-R[0:00:04]: Return=     0.995, Steps=   6, Features = 16
  1546: E[0:00:11]-R[0:00:03]: Return=     0.997, Steps=   4, Features = 16
  1684: E[0:00:12]-R[0:00:02]: Return=     0.991, Steps=  10, Features = 16
  1822: E[0:00:13]-R[0:00:01]: Return=     0.989, Steps=  12, Features = 16
  1968: E[0:00:14]-R[0:00:00]: Return=     0.991, Steps=  10, Features = 16
  2000: >>> E[0:00:15]-R[0:00:00]: Return=    0.9958, Steps= 5.2, Features = 16
Total Experiment Duration 0:00:15
Output:			./Results/Experiment10/
     0: >>> E[0:00:00]-R[?]: Return=    0.5808, Steps=20.2, Features = 16
   153: E[0:00:01]-R[0:00:13]: Return=     0.943, Steps=  58, Features = 16
   271: E[0:00:02]-R[0:00:13]: Return=     0.993, Steps=   8, Features = 16
   398: E[0:00:03]-R[0:00:12]: Return=     0.993, Steps=   8, Features = 16
   542: E[0:00:04]-R[0:00:11]: Return=     0.987, Steps=  14, Features = 16
   675: E[0:00:05]-R[0:00:10]: Return=     0.997, Steps=   4, Features = 16
   813: E[0:00:06]-R[0:00:09]: Return=     0.993, Steps=   8, Features = 16
   947: E[0:00:07]-R[0:00:08]: Return=     0.993, Steps=   8, Features = 16
  1095: E[0:00:08]-R[0:00:07]: Return=     0.987, Steps=  14, Features = 16
  1242: E[0:00:09]-R[0:00:06]: Return=     0.987, Steps=  14, Features = 16
  1380: E[0:00:10]-R[0:00:05]: Return=     0.997, Steps=   4, Features = 16
  1526: E[0:00:11]-R[0:00:04]: Return=     0.987, Steps=  14, Features = 16
  1670: E[0:00:12]-R[0:00:02]: Return=     0.991, Steps=  10, Features = 16
  1810: E[0:00:13]-R[0:00:01]: Return=     0.997, Steps=   4, Features = 16
  1954: E[0:00:14]-R[0:00:00]: Return=     0.997, Steps=   4, Features = 16
  2000: >>> E[0:00:15]-R[0:00:00]: Return=    0.9958, Steps= 5.2, Features = 16
Total Experiment Duration 0:00:15
Output:			./Results/Experiment10/
     0: >>> E[0:00:00]-R[?]: Return=    0.5808, Steps=20.2, Features = 16
    95: E[0:00:01]-R[0:00:13]: Return=    -1.026, Steps=  27, Features = 16
   227: E[0:00:02]-R[0:00:13]: Return=     0.991, Steps=  10, Features = 16
   366: E[0:00:03]-R[0:00:12]: Return=     0.985, Steps=  16, Features = 16
   506: E[0:00:04]-R[0:00:11]: Return=     0.989, Steps=  12, Features = 16
   649: E[0:00:05]-R[0:00:10]: Return=     0.995, Steps=   6, Features = 16
   795: E[0:00:06]-R[0:00:09]: Return=     0.989, Steps=  12, Features = 16
   935: E[0:00:07]-R[0:00:08]: Return=     0.991, Steps=  10, Features = 16
  1075: E[0:00:08]-R[0:00:07]: Return=     0.989, Steps=  12, Features = 16
  1218: E[0:00:09]-R[0:00:06]: Return=     0.991, Steps=  10, Features = 16
  1354: E[0:00:10]-R[0:00:05]: Return=     0.993, Steps=   8, Features = 16
  1494: E[0:00:11]-R[0:00:04]: Return=     0.995, Steps=   6, Features = 16
  1626: E[0:00:12]-R[0:00:03]: Return=     0.993, Steps=   8, Features = 16
  1760: E[0:00:13]-R[0:00:02]: Return=     0.993, Steps=   8, Features = 16
  1896: E[0:00:14]-R[0:00:01]: Return=     0.991, Steps=  10, Features = 16
  2000: >>> E[0:00:15]-R[0:00:00]: Return=    0.9958, Steps= 5.2, Features = 16
Total Experiment Duration 0:00:15
Output:			./Results/Experiment10/
     0: >>> E[0:00:00]-R[?]: Return=    0.5808, Steps=20.2, Features = 16
   153: E[0:00:01]-R[0:00:13]: Return=     0.943, Steps=  58, Features = 16
   279: E[0:00:02]-R[0:00:13]: Return=     0.993, Steps=   8, Features = 16
   414: E[0:00:03]-R[0:00:12]: Return=     0.989, Steps=  12, Features = 16
   556: E[0:00:04]-R[0:00:11]: Return=     0.987, Steps=  14, Features = 16
   691: E[0:00:05]-R[0:00:10]: Return=     0.989, Steps=  12, Features = 16
   837: E[0:00:06]-R[0:00:09]: Return=     0.991, Steps=  10, Features = 16
   979: E[0:00:07]-R[0:00:08]: Return=     0.995, Steps=   6, Features = 16
  1117: E[0:00:08]-R[0:00:07]: Return=     0.997, Steps=   4, Features = 16
  1256: E[0:00:09]-R[0:00:06]: Return=     0.991, Steps=  10, Features = 16
  1396: E[0:00:10]-R[0:00:04]: Return=     0.997, Steps=   4, Features = 16
  1530: E[0:00:11]-R[0:00:04]: Return=     0.997, Steps=   4, Features = 16
  1670: E[0:00:12]-R[0:00:02]: Return=     0.991, Steps=  10, Features = 16
  1806: E[0:00:13]-R[0:00:01]: Return=     0.993, Steps=   8, Features = 16
  1950: E[0:00:15]-R[0:00:00]: Return=     0.995, Steps=   6, Features = 16
  2000: >>> E[0:00:15]-R[0:00:00]: Return=    0.9958, Steps= 5.2, Features = 16
Total Experiment Duration 0:00:15
Output:			./Results/Experiment10/
     0: >>> E[0:00:00]-R[?]: Return=    0.5808, Steps=20.2, Features = 16
    95: E[0:00:01]-R[0:00:13]: Return=    -1.026, Steps=  27, Features = 16
   231: E[0:00:02]-R[0:00:13]: Return=     0.997, Steps=   4, Features = 16
   372: E[0:00:03]-R[0:00:12]: Return=     0.995, Steps=   6, Features = 16
   506: E[0:00:04]-R[0:00:11]: Return=     0.989, Steps=  12, Features = 16
   639: E[0:00:05]-R[0:00:10]: Return=     0.995, Steps=   6, Features = 16
   773: E[0:00:06]-R[0:00:09]: Return=     0.995, Steps=   6, Features = 16
   907: E[0:00:07]-R[0:00:08]: Return=     0.989, Steps=  12, Features = 16
  1043: E[0:00:08]-R[0:00:07]: Return=     0.993, Steps=   8, Features = 16
  1184: E[0:00:09]-R[0:00:06]: Return=     0.993, Steps=   8, Features = 16
  1326: E[0:00:10]-R[0:00:05]: Return=     0.991, Steps=  10, Features = 16
  1470: E[0:00:11]-R[0:00:04]: Return=     0.977, Steps=  24, Features = 16
  1602: E[0:00:12]-R[0:00:03]: Return=     0.995, Steps=   6, Features = 16
  1738: E[0:00:13]-R[0:00:02]: Return=     0.995, Steps=   6, Features = 16
  1880: E[0:00:14]-R[0:00:01]: Return=     0.967, Steps=  34, Features = 16
  2000: >>> E[0:00:15]-R[0:00:00]: Return=    0.9958, Steps= 5.2, Features = 16
Total Experiment Duration 0:00:15
Output:			./Results/Experiment10/
     0: >>> E[0:00:00]-R[?]: Return=    0.5808, Steps=20.2, Features = 16
   153: E[0:00:01]-R[0:00:12]: Return=     0.943, Steps=  58, Features = 16
   291: E[0:00:02]-R[0:00:12]: Return=     0.995, Steps=   6, Features = 16
   436: E[0:00:03]-R[0:00:11]: Return=     0.995, Steps=   6, Features = 16
   590: E[0:00:04]-R[0:00:10]: Return=     0.989, Steps=  12, Features = 16
   741: E[0:00:05]-R[0:00:09]: Return=     0.987, Steps=  14, Features = 16
   879: E[0:00:06]-R[0:00:08]: Return=     0.995, Steps=   6, Features = 16
  1019: E[0:00:07]-R[0:00:07]: Return=     0.997, Steps=   4, Features = 16
  1160: E[0:00:08]-R[0:00:06]: Return=     0.991, Steps=  10, Features = 16
  1298: E[0:00:09]-R[0:00:05]: Return=     0.993, Steps=   8, Features = 16
  1440: E[0:00:10]-R[0:00:04]: Return=     0.979, Steps=  22, Features = 16
  1578: E[0:00:11]-R[0:00:03]: Return=     0.997, Steps=   4, Features = 16
  1718: E[0:00:12]-R[0:00:02]: Return=     0.997, Steps=   4, Features = 16
  1880: E[0:00:14]-R[0:00:01]: Return=     0.967, Steps=  34, Features = 16
  2000: >>> E[0:00:14]-R[0:00:00]: Return=    0.9958, Steps= 5.2, Features = 16
Total Experiment Duration 0:00:14
Output:			./Results/Experiment10/
     0: >>> E[0:00:00]-R[?]: Return=    0.5808, Steps=20.2, Features = 16
    95: E[0:00:01]-R[0:00:14]: Return=    -1.026, Steps=  27, Features = 16
   227: E[0:00:02]-R[0:00:13]: Return=     0.991, Steps=  10, Features = 16
   366: E[0:00:03]-R[0:00:12]: Return=     0.985, Steps=  16, Features = 16
   506: E[0:00:04]-R[0:00:11]: Return=     0.989, Steps=  12, Features = 16
   643: E[0:00:05]-R[0:00:10]: Return=     0.997, Steps=   4, Features = 16
   779: E[0:00:06]-R[0:00:09]: Return=     0.995, Steps=   6, Features = 16
   919: E[0:00:07]-R[0:00:08]: Return=     0.989, Steps=  12, Features = 16
  1057: E[0:00:08]-R[0:00:07]: Return=     0.993, Steps=   8, Features = 16
  1194: E[0:00:09]-R[0:00:06]: Return=     0.991, Steps=  10, Features = 16
  1334: E[0:00:10]-R[0:00:05]: Return=     0.993, Steps=   8, Features = 16
  1470: E[0:00:11]-R[0:00:04]: Return=     0.977, Steps=  24, Features = 16
  1602: E[0:00:12]-R[0:00:03]: Return=     0.995, Steps=   6, Features = 16
  1738: E[0:00:13]-R[0:00:02]: Return=     0.995, Steps=   6, Features = 16
  1880: E[0:00:14]-R[0:00:01]: Return=     0.967, Steps=  34, Features = 16
  2000: >>> E[0:00:15]-R[0:00:00]: Return=    0.9958, Steps= 5.2, Features = 16
Total Experiment Duration 0:00:15
Output:			./Results/Experiment10/
     0: >>> E[0:00:00]-R[?]: Return=    0.5808, Steps=20.2, Features = 16
    95: E[0:00:01]-R[0:00:13]: Return=    -1.026, Steps=  27, Features = 16
   231: E[0:00:02]-R[0:00:13]: Return=     0.997, Steps=   4, Features = 16
   372: E[0:00:03]-R[0:00:12]: Return=     0.995, Steps=   6, Features = 16
   514: E[0:00:04]-R[0:00:11]: Return=     0.993, Steps=   8, Features = 16
   661: E[0:00:05]-R[0:00:10]: Return=     0.989, Steps=  12, Features = 16
   805: E[0:00:06]-R[0:00:09]: Return=     0.991, Steps=  10, Features = 16
   947: E[0:00:07]-R[0:00:08]: Return=     0.993, Steps=   8, Features = 16
  1095: E[0:00:08]-R[0:00:07]: Return=     0.987, Steps=  14, Features = 16
  1228: E[0:00:09]-R[0:00:06]: Return=     0.995, Steps=   6, Features = 16
  1366: E[0:00:10]-R[0:00:05]: Return=     0.997, Steps=   4, Features = 16
  1508: E[0:00:11]-R[0:00:04]: Return=     0.995, Steps=   6, Features = 16
  1642: E[0:00:12]-R[0:00:03]: Return=     0.997, Steps=   4, Features = 16
  1776: E[0:00:13]-R[0:00:02]: Return=     0.995, Steps=   6, Features = 16
  1914: E[0:00:14]-R[0:00:01]: Return=     0.995, Steps=   6, Features = 16
  2000: >>> E[0:00:15]-R[0:00:00]: Return=    0.9958, Steps= 5.2, Features = 16
Total Experiment Duration 0:00:15
Output:			./Results/Experiment10/
     0: >>> E[0:00:00]-R[?]: Return=    0.5808, Steps=20.2, Features = 16
    95: E[0:00:01]-R[0:00:13]: Return=    -1.026, Steps=  27, Features = 16
   217: E[0:00:02]-R[0:00:14]: Return=     0.995, Steps=   6, Features = 16
   336: E[0:00:03]-R[0:00:14]: Return=    -1.004, Steps=   5, Features = 16
   474: E[0:00:04]-R[0:00:12]: Return=     0.997, Steps=   4, Features = 16
   617: E[0:00:05]-R[0:00:11]: Return=     0.997, Steps=   4, Features = 16
   747: E[0:00:06]-R[0:00:10]: Return=     0.995, Steps=   6, Features = 16
   879: E[0:00:07]-R[0:00:09]: Return=     0.995, Steps=   6, Features = 16
  1015: E[0:00:08]-R[0:00:08]: Return=     0.987, Steps=  14, Features = 16
  1150: E[0:00:09]-R[0:00:07]: Return=    -1.006, Steps=   7, Features = 16
  1274: E[0:00:10]-R[0:00:06]: Return=     0.991, Steps=  10, Features = 16
  1408: E[0:00:11]-R[0:00:05]: Return=     0.995, Steps=   6, Features = 16
  1546: E[0:00:12]-R[0:00:04]: Return=     0.997, Steps=   4, Features = 16
  1684: E[0:00:13]-R[0:00:02]: Return=     0.991, Steps=  10, Features = 16
  1822: E[0:00:14]-R[0:00:01]: Return=     0.989, Steps=  12, Features = 16
  1968: E[0:00:15]-R[0:00:00]: Return=     0.991, Steps=  10, Features = 16
  2000: >>> E[0:00:15]-R[0:00:00]: Return=    0.9958, Steps= 5.2, Features = 16
Total Experiment Duration 0:00:15
Output:			./Results/Experiment10/
     0: >>> E[0:00:00]-R[?]: Return=    0.5808, Steps=20.2, Features = 16
    95: E[0:00:01]-R[0:00:13]: Return=    -1.026, Steps=  27, Features = 16
   227: E[0:00:02]-R[0:00:13]: Return=     0.991, Steps=  10, Features = 16
   366: E[0:00:03]-R[0:00:12]: Return=     0.985, Steps=  16, Features = 16
   506: E[0:00:04]-R[0:00:11]: Return=     0.989, Steps=  12, Features = 16
   627: E[0:00:05]-R[0:00:11]: Return=     0.995, Steps=   6, Features = 16
   767: E[0:00:06]-R[0:00:10]: Return=     0.985, Steps=  16, Features = 16
   907: E[0:00:07]-R[0:00:08]: Return=     0.989, Steps=  12, Features = 16
  1043: E[0:00:08]-R[0:00:07]: Return=     0.993, Steps=   8, Features = 16
  1176: E[0:00:09]-R[0:00:06]: Return=     0.997, Steps=   4, Features = 16
  1312: E[0:00:10]-R[0:00:05]: Return=     0.993, Steps=   8, Features = 16
  1446: E[0:00:11]-R[0:00:04]: Return=     0.995, Steps=   6, Features = 16
  1578: E[0:00:12]-R[0:00:03]: Return=     0.997, Steps=   4, Features = 16
  1714: E[0:00:13]-R[0:00:02]: Return=     0.997, Steps=   4, Features = 16
  1842: E[0:00:14]-R[0:00:01]: Return=     0.997, Steps=   4, Features = 16
  1974: E[0:00:15]-R[0:00:00]: Return=     0.995, Steps=   6, Features = 16
  2000: >>> E[0:00:15]-R[0:00:00]: Return=    0.9958, Steps= 5.2, Features = 16
Total Experiment Duration 0:00:15
Output:			./Results/Experiment10/
     0: >>> E[0:00:00]-R[?]: Return=    0.5808, Steps=20.2, Features = 16
    95: E[0:00:01]-R[0:00:15]: Return=    -1.026, Steps=  27, Features = 16
   227: E[0:00:02]-R[0:00:14]: Return=     0.991, Steps=  10, Features = 16
   366: E[0:00:03]-R[0:00:13]: Return=     0.985, Steps=  16, Features = 16
   494: E[0:00:04]-R[0:00:12]: Return=     0.997, Steps=   4, Features = 16
   639: E[0:00:05]-R[0:00:10]: Return=     0.995, Steps=   6, Features = 16
   779: E[0:00:06]-R[0:00:09]: Return=     0.995, Steps=   6, Features = 16
   919: E[0:00:07]-R[0:00:08]: Return=     0.989, Steps=  12, Features = 16
  1063: E[0:00:08]-R[0:00:07]: Return=     0.995, Steps=   6, Features = 16
  1194: E[0:00:09]-R[0:00:06]: Return=     0.991, Steps=  10, Features = 16
  1334: E[0:00:10]-R[0:00:05]: Return=     0.993, Steps=   8, Features = 16
  1484: E[0:00:11]-R[0:00:04]: Return=     0.991, Steps=  10, Features = 16
  1626: E[0:00:12]-R[0:00:03]: Return=     0.993, Steps=   8, Features = 16
  1760: E[0:00:13]-R[0:00:02]: Return=     0.993, Steps=   8, Features = 16
  1896: E[0:00:14]-R[0:00:01]: Return=     0.991, Steps=  10, Features = 16
  2000: >>> E[0:00:15]-R[0:00:00]: Return=    0.9958, Steps= 5.2, Features = 16
Total Experiment Duration 0:00:15
Output:			./Results/Experiment10/
     0: >>> E[0:00:00]-R[?]: Return=    0.5808, Steps=20.2, Features = 16
   153: E[0:00:01]-R[0:00:13]: Return=     0.943, Steps=  58, Features = 16
   271: E[0:00:02]-R[0:00:13]: Return=     0.993, Steps=   8, Features = 16
   402: E[0:00:03]-R[0:00:12]: Return=     0.997, Steps=   4, Features = 16
   542: E[0:00:04]-R[0:00:11]: Return=     0.987, Steps=  14, Features = 16
   679: E[0:00:05]-R[0:00:10]: Return=     0.997, Steps=   4, Features = 16
   823: E[0:00:06]-R[0:00:09]: Return=     0.991, Steps=  10, Features = 16
   973: E[0:00:07]-R[0:00:08]: Return=     0.987, Steps=  14, Features = 16
  1113: E[0:00:08]-R[0:00:07]: Return=     0.991, Steps=  10, Features = 16
  1256: E[0:00:09]-R[0:00:06]: Return=     0.991, Steps=  10, Features = 16
  1402: E[0:00:10]-R[0:00:04]: Return=     0.995, Steps=   6, Features = 16
  1546: E[0:00:11]-R[0:00:03]: Return=     0.997, Steps=   4, Features = 16
  1690: E[0:00:12]-R[0:00:02]: Return=     0.995, Steps=   6, Features = 16
  1828: E[0:00:13]-R[0:00:01]: Return=     0.995, Steps=   6, Features = 16
  1974: E[0:00:14]-R[0:00:00]: Return=     0.995, Steps=   6, Features = 16
  2000: >>> E[0:00:15]-R[0:00:00]: Return=    0.9958, Steps= 5.2, Features = 16
Total Experiment Duration 0:00:15
Output:			./Results/Experiment10/
     0: >>> E[0:00:00]-R[?]: Return=    0.5808, Steps=20.2, Features = 16
    95: E[0:00:01]-R[0:00:14]: Return=    -1.026, Steps=  27, Features = 16
   227: E[0:00:02]-R[0:00:14]: Return=     0.991, Steps=  10, Features = 16
   366: E[0:00:03]-R[0:00:12]: Return=     0.985, Steps=  16, Features = 16
   506: E[0:00:04]-R[0:00:11]: Return=     0.989, Steps=  12, Features = 16
   649: E[0:00:05]-R[0:00:10]: Return=     0.995, Steps=   6, Features = 16
   779: E[0:00:06]-R[0:00:09]: Return=     0.995, Steps=   6, Features = 16
   919: E[0:00:07]-R[0:00:08]: Return=     0.989, Steps=  12, Features = 16
  1057: E[0:00:08]-R[0:00:07]: Return=     0.993, Steps=   8, Features = 16
  1194: E[0:00:09]-R[0:00:06]: Return=     0.991, Steps=  10, Features = 16
  1334: E[0:00:10]-R[0:00:05]: Return=     0.993, Steps=   8, Features = 16
  1470: E[0:00:11]-R[0:00:04]: Return=     0.977, Steps=  24, Features = 16
  1614: E[0:00:12]-R[0:00:03]: Return=     0.989, Steps=  12, Features = 16
  1742: E[0:00:13]-R[0:00:02]: Return=     0.997, Steps=   4, Features = 16
  1886: E[0:00:14]-R[0:00:01]: Return=     0.995, Steps=   6, Features = 16
  2000: >>> E[0:00:15]-R[0:00:00]: Return=    0.9958, Steps= 5.2, Features = 16
Total Experiment Duration 0:00:15
Output:			./Results/Experiment10/
     0: >>> E[0:00:00]-R[?]: Return=    0.5808, Steps=20.2, Features = 16
   153: E[0:00:01]-R[0:00:13]: Return=     0.943, Steps=  58, Features = 16
   285: E[0:00:02]-R[0:00:12]: Return=     0.995, Steps=   6, Features = 16
   430: E[0:00:03]-R[0:00:11]: Return=     0.985, Steps=  16, Features = 16
   572: E[0:00:04]-R[0:00:10]: Return=     0.991, Steps=  10, Features = 16
   691: E[0:00:05]-R[0:00:10]: Return=     0.989, Steps=  12, Features = 16
   837: E[0:00:06]-R[0:00:09]: Return=     0.991, Steps=  10, Features = 16
   973: E[0:00:07]-R[0:00:08]: Return=     0.987, Steps=  14, Features = 16
  1117: E[0:00:08]-R[0:00:06]: Return=     0.997, Steps=   4, Features = 16
  1256: E[0:00:09]-R[0:00:05]: Return=     0.991, Steps=  10, Features = 16
  1392: E[0:00:10]-R[0:00:04]: Return=     0.995, Steps=   6, Features = 16
  1526: E[0:00:11]-R[0:00:03]: Return=     0.987, Steps=  14, Features = 16
  1656: E[0:00:12]-R[0:00:03]: Return=     0.987, Steps=  14, Features = 16
  1790: E[0:00:13]-R[0:00:02]: Return=     0.993, Steps=   8, Features = 16
  1928: E[0:00:14]-R[0:00:01]: Return=     0.995, Steps=   6, Features = 16
  2000: >>> E[0:00:15]-R[0:00:00]: Return=    0.9958, Steps= 5.2, Features = 16
Total Experiment Duration 0:00:15
Output:			./Results/Experiment10/
     0: >>> E[0:00:00]-R[?]: Return=    0.5808, Steps=20.2, Features = 16
    95: E[0:00:01]-R[0:00:13]: Return=    -1.026, Steps=  27, Features = 16
   227: E[0:00:02]-R[0:00:13]: Return=     0.991, Steps=  10, Features = 16
   366: E[0:00:03]-R[0:00:12]: Return=     0.985, Steps=  16, Features = 16
   506: E[0:00:04]-R[0:00:11]: Return=     0.989, Steps=  12, Features = 16
   649: E[0:00:05]-R[0:00:10]: Return=     0.995, Steps=   6, Features = 16
   783: E[0:00:06]-R[0:00:09]: Return=     0.997, Steps=   4, Features = 16
   925: E[0:00:07]-R[0:00:08]: Return=     0.995, Steps=   6, Features = 16
  1057: E[0:00:08]-R[0:00:07]: Return=     0.993, Steps=   8, Features = 16
  1184: E[0:00:09]-R[0:00:06]: Return=     0.993, Steps=   8, Features = 16
  1316: E[0:00:10]-R[0:00:05]: Return=     0.997, Steps=   4, Features = 16
