     0: >>> E[0:00:00]-R[?]: Return=     -0.61, Steps=11.0, Features = 16
    92: E[0:00:01]-R[0:00:14]: Return=     0.995, Steps=   6, Features = 16
   222: E[0:00:02]-R[0:00:14]: Return=    -1.019, Steps=  20, Features = 16
   366: E[0:00:03]-R[0:00:12]: Return=     0.987, Steps=  14, Features = 16
   504: E[0:00:04]-R[0:00:11]: Return=     0.993, Steps=   8, Features = 16
   644: E[0:00:05]-R[0:00:10]: Return=     0.993, Steps=   8, Features = 16
   818: E[0:00:06]-R[0:00:09]: Return=     0.961, Steps=  40, Features = 16
   956: E[0:00:07]-R[0:00:08]: Return=     0.991, Steps=  10, Features = 16
  1092: E[0:00:08]-R[0:00:07]: Return=     0.997, Steps=   4, Features = 16
  1224: E[0:00:09]-R[0:00:06]: Return=     0.997, Steps=   4, Features = 16
  1358: E[0:00:10]-R[0:00:05]: Return=     0.993, Steps=   8, Features = 16
  1496: E[0:00:11]-R[0:00:04]: Return=     0.995, Steps=   6, Features = 16
  1630: E[0:00:12]-R[0:00:03]: Return=     0.997, Steps=   4, Features = 16
  1768: E[0:00:13]-R[0:00:02]: Return=     0.991, Steps=  10, Features = 16
  1912: E[0:00:14]-R[0:00:01]: Return=     0.961, Steps=  40, Features = 16
  2000: >>> E[0:00:15]-R[0:00:00]: Return=    0.9948, Steps= 6.2, Features = 16
Total Experiment Duration 0:00:15
     1: >>> E[0:00:15]-R[8:27:35]: Return=    0.9932, Steps= 7.8, Features = 16
     1: >>> E[0:00:32]-R[17:56:50]: Return=     0.795, Steps= 6.0, Features = 16
     0: >>> E[0:00:00]-R[?]: Return=     -0.61, Steps=11.0, Features = 16
   102: E[0:00:01]-R[0:00:14]: Return=    -1.009, Steps=  10, Features = 16
   222: E[0:00:02]-R[0:00:14]: Return=    -1.019, Steps=  20, Features = 16
   346: E[0:00:03]-R[0:00:13]: Return=     0.985, Steps=  16, Features = 16
   472: E[0:00:04]-R[0:00:13]: Return=    -1.035, Steps=  36, Features = 16
   588: E[0:00:05]-R[0:00:12]: Return=     0.997, Steps=   4, Features = 16
   698: E[0:00:06]-R[0:00:11]: Return=     0.993, Steps=   8, Features = 16
   826: E[0:00:07]-R[0:00:10]: Return=     0.993, Steps=   8, Features = 16
   946: E[0:00:08]-R[0:00:09]: Return=     0.997, Steps=   4, Features = 16
  1074: E[0:00:09]-R[0:00:08]: Return=     0.993, Steps=   8, Features = 16
  1194: E[0:00:10]-R[0:00:07]: Return=     0.989, Steps=  12, Features = 16
  1306: E[0:00:11]-R[0:00:06]: Return=     0.997, Steps=   4, Features = 16
  1424: E[0:00:12]-R[0:00:05]: Return=     0.995, Steps=   6, Features = 16
  1544: E[0:00:13]-R[0:00:04]: Return=     0.991, Steps=  10, Features = 16
  1670: E[0:00:14]-R[0:00:03]: Return=     0.993, Steps=   8, Features = 16
  1804: E[0:00:15]-R[0:00:02]: Return=     0.993, Steps=   8, Features = 16
  1944: E[0:00:16]-R[0:00:00]: Return=     0.997, Steps=   4, Features = 16
  2000: >>> E[0:00:17]-R[0:00:00]: Return=    0.9948, Steps= 6.2, Features = 16
Total Experiment Duration 0:00:17
     1: >>> E[0:00:17]-R[9:24:14]: Return=    0.9932, Steps= 7.8, Features = 16
     1: >>> E[0:00:33]-R[18:12:14]: Return=     0.795, Steps= 6.0, Features = 16
     0: >>> E[0:00:00]-R[?]: Return=     -0.61, Steps=11.0, Features = 16
   124: E[0:00:01]-R[0:00:13]: Return=    -1.021, Steps=  22, Features = 16
   274: E[0:00:02]-R[0:00:12]: Return=    -1.027, Steps=  28, Features = 16
   416: E[0:00:03]-R[0:00:11]: Return=     0.995, Steps=   6, Features = 16
   560: E[0:00:04]-R[0:00:10]: Return=     0.997, Steps=   4, Features = 16
   698: E[0:00:05]-R[0:00:09]: Return=     0.993, Steps=   8, Features = 16
   842: E[0:00:06]-R[0:00:08]: Return=     0.995, Steps=   6, Features = 16
   976: E[0:00:07]-R[0:00:07]: Return=     0.995, Steps=   6, Features = 16
  1120: E[0:00:08]-R[0:00:06]: Return=     0.993, Steps=   8, Features = 16
  1238: E[0:00:09]-R[0:00:06]: Return=     0.991, Steps=  10, Features = 16
  1376: E[0:00:10]-R[0:00:05]: Return=     0.991, Steps=  10, Features = 16
  1516: E[0:00:11]-R[0:00:04]: Return=     0.997, Steps=   4, Features = 16
  1656: E[0:00:12]-R[0:00:03]: Return=     0.997, Steps=   4, Features = 16
  1796: E[0:00:13]-R[0:00:02]: Return=     0.995, Steps=   6, Features = 16
  1940: E[0:00:14]-R[0:00:00]: Return=     0.991, Steps=  10, Features = 16
  2000: >>> E[0:00:15]-R[0:00:00]: Return=    0.9948, Steps= 6.2, Features = 16
Total Experiment Duration 0:00:15
     1: >>> E[0:00:15]-R[8:21:51]: Return=    0.9932, Steps= 7.8, Features = 16
     1: >>> E[0:00:31]-R[17:06:35]: Return=     0.795, Steps= 6.0, Features = 16
     0: >>> E[0:00:00]-R[?]: Return=     -0.61, Steps=11.0, Features = 16
   124: E[0:00:01]-R[0:00:13]: Return=    -1.021, Steps=  22, Features = 16
   274: E[0:00:02]-R[0:00:12]: Return=    -1.027, Steps=  28, Features = 16
   416: E[0:00:03]-R[0:00:11]: Return=     0.995, Steps=   6, Features = 16
   556: E[0:00:04]-R[0:00:10]: Return=     0.995, Steps=   6, Features = 16
   690: E[0:00:05]-R[0:00:10]: Return=     0.995, Steps=   6, Features = 16
   832: E[0:00:06]-R[0:00:09]: Return=     0.995, Steps=   6, Features = 16
   966: E[0:00:07]-R[0:00:08]: Return=     0.995, Steps=   6, Features = 16
  1106: E[0:00:08]-R[0:00:07]: Return=     0.987, Steps=  14, Features = 16
  1242: E[0:00:09]-R[0:00:06]: Return=     0.997, Steps=   4, Features = 16
  1376: E[0:00:10]-R[0:00:05]: Return=     0.991, Steps=  10, Features = 16
  1516: E[0:00:11]-R[0:00:04]: Return=     0.997, Steps=   4, Features = 16
  1652: E[0:00:12]-R[0:00:03]: Return=     0.997, Steps=   4, Features = 16
  1790: E[0:00:13]-R[0:00:02]: Return=     0.995, Steps=   6, Features = 16
  1924: E[0:00:14]-R[0:00:01]: Return=     0.995, Steps=   6, Features = 16
  2000: >>> E[0:00:15]-R[0:00:00]: Return=    0.9948, Steps= 6.2, Features = 16
Total Experiment Duration 0:00:15
     1: >>> E[0:00:15]-R[8:26:14]: Return=    0.9932, Steps= 7.8, Features = 16
     1: >>> E[0:00:31]-R[17:16:08]: Return=     0.795, Steps= 6.0, Features = 16
     0: >>> E[0:00:00]-R[?]: Return=     -0.61, Steps=11.0, Features = 16
   102: E[0:00:01]-R[0:00:13]: Return=    -1.009, Steps=  10, Features = 16
   240: E[0:00:02]-R[0:00:13]: Return=     0.993, Steps=   8, Features = 16
   380: E[0:00:03]-R[0:00:12]: Return=     0.997, Steps=   4, Features = 16
   526: E[0:00:04]-R[0:00:11]: Return=     0.993, Steps=   8, Features = 16
   664: E[0:00:05]-R[0:00:10]: Return=     0.997, Steps=   4, Features = 16
   818: E[0:00:06]-R[0:00:09]: Return=     0.961, Steps=  40, Features = 16
   956: E[0:00:07]-R[0:00:08]: Return=     0.991, Steps=  10, Features = 16
  1106: E[0:00:08]-R[0:00:06]: Return=     0.987, Steps=  14, Features = 16
  1242: E[0:00:09]-R[0:00:06]: Return=     0.997, Steps=   4, Features = 16
  1380: E[0:00:10]-R[0:00:05]: Return=     0.997, Steps=   4, Features = 16
  1524: E[0:00:11]-R[0:00:03]: Return=     0.993, Steps=   8, Features = 16
  1662: E[0:00:12]-R[0:00:02]: Return=     0.995, Steps=   6, Features = 16
  1804: E[0:00:13]-R[0:00:01]: Return=     0.993, Steps=   8, Features = 16
  1952: E[0:00:14]-R[0:00:00]: Return=     0.993, Steps=   8, Features = 16
  2000: >>> E[0:00:15]-R[0:00:00]: Return=    0.9948, Steps= 6.2, Features = 16
Total Experiment Duration 0:00:15
     1: >>> E[0:00:15]-R[8:15:36]: Return=    0.9932, Steps= 7.8, Features = 16
     1: >>> E[0:00:30]-R[16:51:19]: Return=     0.795, Steps= 6.0, Features = 16
     0: >>> E[0:00:00]-R[?]: Return=    0.3908, Steps=10.2, Features = 16
    99: E[0:00:01]-R[0:00:13]: Return=      0.99, Steps=  11, Features = 16
   231: E[0:00:02]-R[0:00:14]: Return=    -1.012, Steps=  13, Features = 16
   359: E[0:00:03]-R[0:00:13]: Return=     0.996, Steps=   5, Features = 16
   489: E[0:00:04]-R[0:00:12]: Return=     0.996, Steps=   5, Features = 16
   617: E[0:00:05]-R[0:00:11]: Return=     0.998, Steps=   3, Features = 16
   746: E[0:00:06]-R[0:00:10]: Return=     0.992, Steps=   9, Features = 16
   874: E[0:00:07]-R[0:00:09]: Return=     0.998, Steps=   3, Features = 16
  1010: E[0:00:08]-R[0:00:08]: Return=     0.988, Steps=  13, Features = 16
  1146: E[0:00:09]-R[0:00:07]: Return=     0.984, Steps=  17, Features = 16
  1278: E[0:00:10]-R[0:00:06]: Return=     0.994, Steps=   7, Features = 16
  1410: E[0:00:11]-R[0:00:05]: Return=     0.994, Steps=   7, Features = 16
  1547: E[0:00:12]-R[0:00:04]: Return=      0.99, Steps=  11, Features = 16
  1675: E[0:00:13]-R[0:00:03]: Return=     0.998, Steps=   3, Features = 16
  1800: E[0:00:14]-R[0:00:02]: Return=     0.994, Steps=   7, Features = 16
  1926: E[0:00:15]-R[0:00:01]: Return=     0.998, Steps=   3, Features = 16
  2000: >>> E[0:00:16]-R[0:00:00]: Return=    0.7956, Steps= 5.4, Features = 16
Total Experiment Duration 0:00:16
     1: >>> E[0:00:16]-R[8:54:24]: Return=    0.7954, Steps= 5.6, Features = 16
     1: >>> E[0:00:33]-R[18:12:16]: Return=    0.9976, Steps= 3.4, Features = 16
Output:			./Results/Experiment10/
     0: >>> E[0:00:00]-R[?]: Return=   -0.2008, Steps= 1.8, Features = 16
    97: E[0:00:01]-R[0:00:15]: Return=    -1.001, Steps=   2, Features = 16
   200: E[0:00:02]-R[0:00:17]: Return=    -1.015, Steps=  16, Features = 16
   319: E[0:00:03]-R[0:00:15]: Return=         1, Steps=   1, Features = 16
   421: E[0:00:04]-R[0:00:15]: Return=         1, Steps=   1, Features = 16
   528: E[0:00:05]-R[0:00:14]: Return=     0.998, Steps=   3, Features = 16
   593: E[0:00:06]-R[0:00:14]: Return=    -1.013, Steps=  14, Features = 16
   662: E[0:00:07]-R[0:00:14]: Return=    -1.013, Steps=  14, Features = 16
   718: E[0:00:08]-R[0:00:14]: Return=     0.998, Steps=   3, Features = 16
   773: E[0:00:09]-R[0:00:15]: Return=     0.988, Steps=  13, Features = 16
   818: E[0:00:10]-R[0:00:15]: Return=         1, Steps=   1, Features = 16
   878: E[0:00:11]-R[0:00:14]: Return=     0.988, Steps=  13, Features = 16
   929: E[0:00:12]-R[0:00:14]: Return=         1, Steps=   1, Features = 16
   984: E[0:00:13]-R[0:00:14]: Return=     0.998, Steps=   3, Features = 16
  1090: E[0:00:14]-R[0:00:12]: Return=    -1.011, Steps=  12, Features = 16
  1206: E[0:00:15]-R[0:00:10]: Return=         1, Steps=   1, Features = 16
  1315: E[0:00:16]-R[0:00:09]: Return=    -1.003, Steps=   4, Features = 16
  1420: E[0:00:17]-R[0:00:07]: Return=    -1.003, Steps=   4, Features = 16
  1536: E[0:00:18]-R[0:00:06]: Return=    -1.013, Steps=  14, Features = 16
  1625: E[0:00:20]-R[0:00:05]: Return=     0.986, Steps=  15, Features = 16
  1721: E[0:00:21]-R[0:00:03]: Return=         1, Steps=   1, Features = 16
  1826: E[0:00:22]-R[0:00:02]: Return=    -1.001, Steps=   2, Features = 16
  1959: E[0:00:23]-R[0:00:00]: Return=      0.99, Steps=  11, Features = 16
  2000: >>> E[0:00:23]-R[0:00:00]: Return=    0.5978, Steps= 3.2, Features = 16
Total Experiment Duration 0:00:23
     1: >>> E[0:00:23]-R[12:58:43]: Return=    0.5992, Steps= 1.8, Features = 16
     1: >>> E[0:00:45]-R[1 day, 0:44:00]: Return=         1, Steps= 1.0, Features = 16
Output:			./Results/Experiment10/
     0: >>> E[0:00:00]-R[?]: Return=    0.5926, Steps= 8.4, Features = 16
    31: E[0:00:00]-R[0:00:27]: Return=      0.97, Steps=  31, Features = 16
   173: E[0:00:01]-R[0:00:16]: Return=    -1.013, Steps=  14, Features = 16
   325: E[0:00:03]-R[0:00:13]: Return=    -1.015, Steps=  16, Features = 16
   434: E[0:00:04]-R[0:00:13]: Return=         1, Steps=   1, Features = 16
   544: E[0:00:05]-R[0:00:12]: Return=     0.998, Steps=   3, Features = 16
   660: E[0:00:06]-R[0:00:11]: Return=     0.994, Steps=   7, Features = 16
   786: E[0:00:07]-R[0:00:10]: Return=      0.99, Steps=  11, Features = 16
   865: E[0:00:08]-R[0:00:10]: Return=    -1.007, Steps=   8, Features = 16
   981: E[0:00:09]-R[0:00:09]: Return=         1, Steps=   1, Features = 16
  1082: E[0:00:10]-R[0:00:08]: Return=    -1.005, Steps=   6, Features = 16
  1183: E[0:00:11]-R[0:00:07]: Return=         1, Steps=   1, Features = 16
  1285: E[0:00:12]-R[0:00:07]: Return=         1, Steps=   1, Features = 16
  1387: E[0:00:13]-R[0:00:06]: Return=         1, Steps=   1, Features = 16
  1478: E[0:00:14]-R[0:00:05]: Return=         1, Steps=   1, Features = 16
  1576: E[0:00:15]-R[0:00:04]: Return=     0.982, Steps=  19, Features = 16
  1669: E[0:00:16]-R[0:00:03]: Return=    -1.025, Steps=  26, Features = 16
  1787: E[0:00:17]-R[0:00:02]: Return=     0.996, Steps=   5, Features = 16
  1888: E[0:00:18]-R[0:00:01]: Return=     0.996, Steps=   5, Features = 16
  1994: E[0:00:19]-R[0:00:00]: Return=     0.984, Steps=  17, Features = 16
  2000: >>> E[0:00:19]-R[0:00:00]: Return=    0.7937, Steps= 7.3, Features = 16
Total Experiment Duration 0:00:19
     1: >>> E[0:00:20]-R[10:53:53]: Return=    0.9992, Steps= 1.8, Features = 16
     1: >>> E[0:00:40]-R[22:27:07]: Return=    0.9996, Steps= 1.4, Features = 16
Output:			./Results/Experiment10/
     0: >>> E[0:00:00]-R[?]: Return=        -1, Steps= 1.0, Features = 16
    95: E[0:00:01]-R[0:00:16]: Return=     0.986, Steps=  15, Features = 16
   208: E[0:00:02]-R[0:00:17]: Return=     0.988, Steps=  13, Features = 16
   299: E[0:00:03]-R[0:00:17]: Return=     0.994, Steps=   7, Features = 16
   439: E[0:00:04]-R[0:00:14]: Return=    -1.014, Steps=  15, Features = 16
   561: E[0:00:05]-R[0:00:13]: Return=     0.996, Steps=   5, Features = 16
   694: E[0:00:06]-R[0:00:12]: Return=     0.996, Steps=   5, Features = 16
   814: E[0:00:07]-R[0:00:10]: Return=     0.996, Steps=   5, Features = 16
   942: E[0:00:08]-R[0:00:09]: Return=     0.996, Steps=   5, Features = 16
  1014: E[0:00:09]-R[0:00:09]: Return=     0.978, Steps=  23, Features = 16
  1145: E[0:00:10]-R[0:00:08]: Return=      0.99, Steps=  11, Features = 16
  1275: E[0:00:11]-R[0:00:06]: Return=     0.996, Steps=   5, Features = 16
  1395: E[0:00:12]-R[0:00:05]: Return=     0.988, Steps=  13, Features = 16
  1518: E[0:00:13]-R[0:00:04]: Return=     0.992, Steps=   9, Features = 16
  1644: E[0:00:14]-R[0:00:03]: Return=     0.994, Steps=   7, Features = 16
  1719: E[0:00:15]-R[0:00:03]: Return=     0.998, Steps=   3, Features = 16
  1852: E[0:00:16]-R[0:00:01]: Return=     0.988, Steps=  13, Features = 16
  1977: E[0:00:17]-R[0:00:00]: Return=     0.996, Steps=   5, Features = 16
  2000: >>> E[0:00:18]-R[0:00:00]: Return=    0.7924, Steps= 8.6, Features = 16
Total Experiment Duration 0:00:18
     1: >>> E[0:00:18]-R[10:01:04]: Return=    0.7962, Steps= 4.8, Features = 16
     1: >>> E[0:00:37]-R[20:37:11]: Return=    0.5964, Steps= 4.6, Features = 16
Output:			./Results/Experiment10/
     0: >>> E[0:00:00]-R[?]: Return=   -0.8077, Steps= 8.7, Features = 16
   138: E[0:00:01]-R[0:00:13]: Return=    -1.049, Steps=  50, Features = 16
   275: E[0:00:02]-R[0:00:12]: Return=    -1.003, Steps=   4, Features = 16
   393: E[0:00:03]-R[0:00:13]: Return=    -1.059, Steps=  60, Features = 16
   570: E[0:00:04]-R[0:00:11]: Return=    -1.053, Steps=  54, Features = 16
   713: E[0:00:06]-R[0:00:10]: Return=    -1.025, Steps=  26, Features = 16
   880: E[0:00:07]-R[0:00:09]: Return=     0.966, Steps=  35, Features = 16
   967: E[0:00:08]-R[0:00:08]: Return=     0.952, Steps=  49, Features = 16
  1076: E[0:00:09]-R[0:00:08]: Return=    -1.003, Steps=   4, Features = 16
  1218: E[0:00:10]-R[0:00:06]: Return=     0.986, Steps=  15, Features = 16
  1359: E[0:00:11]-R[0:00:05]: Return=     0.988, Steps=  13, Features = 16
  1493: E[0:00:12]-R[0:00:04]: Return=     0.994, Steps=   7, Features = 16
  1636: E[0:00:13]-R[0:00:03]: Return=      0.99, Steps=  11, Features = 16
  1754: E[0:00:14]-R[0:00:02]: Return=     0.986, Steps=  15, Features = 16
  1857: E[0:00:15]-R[0:00:01]: Return=    -1.013, Steps=  14, Features = 16
  2000: E[0:00:16]-R[0:00:00]: Return=     0.988, Steps=  13, Features = 16
  2000: >>> E[0:00:16]-R[0:00:00]: Return=    0.5946, Steps= 6.4, Features = 16
Total Experiment Duration 0:00:16
     1: >>> E[0:00:17]-R[9:16:12]: Return=    0.7915, Steps= 9.5, Features = 16
     1: >>> E[0:00:34]-R[18:47:19]: Return=    0.7955, Steps= 5.5, Features = 16
Output:			./Results/Experiment10/
     0: >>> E[0:00:00]-R[?]: Return=     0.994, Steps= 7.0, Features = 16
    94: E[0:00:01]-R[0:00:15]: Return=     0.995, Steps=   6, Features = 16
   220: E[0:00:02]-R[0:00:15]: Return=     0.993, Steps=   8, Features = 16
   347: E[0:00:03]-R[0:00:13]: Return=    -1.002, Steps=   3, Features = 16
   416: E[0:00:04]-R[0:00:15]: Return=     0.991, Steps=  10, Features = 16
   549: E[0:00:05]-R[0:00:13]: Return=     0.995, Steps=   6, Features = 16
   679: E[0:00:06]-R[0:00:12]: Return=     0.993, Steps=   8, Features = 16
   805: E[0:00:07]-R[0:00:10]: Return=     0.995, Steps=   6, Features = 16
   899: E[0:00:08]-R[0:00:10]: Return=     0.997, Steps=   4, Features = 16
  1006: E[0:00:09]-R[0:00:09]: Return=     0.993, Steps=   8, Features = 16
  1142: E[0:00:10]-R[0:00:08]: Return=     0.997, Steps=   4, Features = 16
  1276: E[0:00:11]-R[0:00:06]: Return=     0.991, Steps=  10, Features = 16
  1407: E[0:00:12]-R[0:00:05]: Return=     0.995, Steps=   6, Features = 16
  1502: E[0:00:13]-R[0:00:04]: Return=     0.995, Steps=   6, Features = 16
  1616: E[0:00:14]-R[0:00:03]: Return=     0.993, Steps=   8, Features = 16
  1751: E[0:00:15]-R[0:00:02]: Return=     0.989, Steps=  12, Features = 16
  1893: E[0:00:16]-R[0:00:01]: Return=     0.993, Steps=   8, Features = 16
  2000: >>> E[0:00:17]-R[0:00:00]: Return=     0.994, Steps= 7.0, Features = 16
Total Experiment Duration 0:00:17
     1: >>> E[0:00:17]-R[9:38:12]: Return=    0.9952, Steps= 5.8, Features = 16
     1: >>> E[0:00:36]-R[19:46:22]: Return=    0.9954, Steps= 5.6, Features = 16
Output:			./Results/Experiment10/
     0: >>> E[0:00:00]-R[?]: Return=    0.7967, Steps= 4.3, Features = 16
    75: E[0:00:01]-R[0:00:16]: Return=     0.998, Steps=   3, Features = 16
   138: E[0:00:02]-R[0:00:22]: Return=         1, Steps=   1, Features = 16
   279: E[0:00:03]-R[0:00:17]: Return=     0.984, Steps=  17, Features = 16
   407: E[0:00:04]-R[0:00:15]: Return=     0.994, Steps=   7, Features = 16
   521: E[0:00:05]-R[0:00:14]: Return=     0.996, Steps=   5, Features = 16
   639: E[0:00:06]-R[0:00:12]: Return=     0.996, Steps=   5, Features = 16
   781: E[0:00:07]-R[0:00:11]: Return=      0.98, Steps=  21, Features = 16
   902: E[0:00:08]-R[0:00:10]: Return=     0.996, Steps=   5, Features = 16
   988: E[0:00:09]-R[0:00:09]: Return=     0.994, Steps=   7, Features = 16
  1105: E[0:00:10]-R[0:00:08]: Return=     0.992, Steps=   9, Features = 16
  1239: E[0:00:11]-R[0:00:07]: Return=     0.992, Steps=   9, Features = 16
  1361: E[0:00:12]-R[0:00:06]: Return=     0.996, Steps=   5, Features = 16
  1481: E[0:00:13]-R[0:00:05]: Return=     0.998, Steps=   3, Features = 16
  1601: E[0:00:14]-R[0:00:04]: Return=     0.998, Steps=   3, Features = 16
  1719: E[0:00:15]-R[0:00:02]: Return=     0.998, Steps=   3, Features = 16
  1835: E[0:00:16]-R[0:00:01]: Return=     0.996, Steps=   5, Features = 16
  1951: E[0:00:17]-R[0:00:00]: Return=         1, Steps=   1, Features = 16
  2000: >>> E[0:00:18]-R[0:00:00]: Return=    0.7953, Steps= 5.7, Features = 16
Total Experiment Duration 0:00:18
     1: >>> E[0:00:18]-R[10:11:51]: Return=     0.998, Steps= 3.0, Features = 16
     1: >>> E[0:00:42]-R[23:24:07]: Return=         1, Steps= 1.0, Features = 16
Output:			./Results/Experiment10/
     0: >>> E[0:00:00]-R[?]: Return=   -0.0068, Steps= 7.8, Features = 16
   106: E[0:00:01]-R[0:00:14]: Return=     0.987, Steps=  14, Features = 16
   208: E[0:00:02]-R[0:00:16]: Return=    -1.005, Steps=   6, Features = 16
   340: E[0:00:03]-R[0:00:14]: Return=    -1.073, Steps=  74, Features = 16
   486: E[0:00:04]-R[0:00:12]: Return=     0.961, Steps=  40, Features = 16
   724: E[0:00:06]-R[0:00:10]: Return=    -1.207, Steps= 208, Features = 16
   876: E[0:00:07]-R[0:00:09]: Return=     0.987, Steps=  14, Features = 16
  1004: E[0:00:08]-R[0:00:08]: Return=     0.999, Steps=   2, Features = 16
  1126: E[0:00:09]-R[0:00:07]: Return=     0.999, Steps=   2, Features = 16
  1240: E[0:00:10]-R[0:00:06]: Return=     0.989, Steps=  12, Features = 16
  1366: E[0:00:11]-R[0:00:05]: Return=     0.999, Steps=   2, Features = 16
  1496: E[0:00:12]-R[0:00:04]: Return=     0.999, Steps=   2, Features = 16
  1628: E[0:00:13]-R[0:00:03]: Return=     0.993, Steps=   8, Features = 16
  1716: E[0:00:14]-R[0:00:02]: Return=     0.995, Steps=   6, Features = 16
  1826: E[0:00:15]-R[0:00:01]: Return=     0.999, Steps=   2, Features = 16
  1958: E[0:00:16]-R[0:00:00]: Return=     0.993, Steps=   8, Features = 16
  2000: >>> E[0:00:17]-R[0:00:00]: Return=     0.997, Steps= 4.0, Features = 16
Total Experiment Duration 0:00:17
     1: >>> E[0:00:17]-R[9:24:04]: Return=    0.7972, Steps= 3.8, Features = 16
     1: >>> E[0:00:36]-R[19:57:49]: Return=    0.7974, Steps= 3.6, Features = 16
Output:			./Results/Experiment10/
     0: >>> E[0:00:00]-R[?]: Return=    0.7926, Steps= 8.4, Features = 16
    94: E[0:00:01]-R[0:00:14]: Return=     0.929, Steps=  72, Features = 16
   240: E[0:00:02]-R[0:00:13]: Return=     0.979, Steps=  22, Features = 16
   374: E[0:00:03]-R[0:00:12]: Return=     0.993, Steps=   8, Features = 16
   462: E[0:00:04]-R[0:00:13]: Return=     0.981, Steps=  20, Features = 16
   576: E[0:00:05]-R[0:00:12]: Return=     0.995, Steps=   6, Features = 16
   710: E[0:00:06]-R[0:00:11]: Return=     0.993, Steps=   8, Features = 16
   846: E[0:00:07]-R[0:00:09]: Return=     0.989, Steps=  12, Features = 16
   986: E[0:00:08]-R[0:00:08]: Return=     0.989, Steps=  12, Features = 16
  1110: E[0:00:09]-R[0:00:07]: Return=     0.997, Steps=   4, Features = 16
  1206: E[0:00:10]-R[0:00:07]: Return=     0.989, Steps=  12, Features = 16
  1344: E[0:00:11]-R[0:00:05]: Return=     0.991, Steps=  10, Features = 16
  1482: E[0:00:12]-R[0:00:04]: Return=     0.995, Steps=   6, Features = 16
  1614: E[0:00:13]-R[0:00:03]: Return=     0.999, Steps=   2, Features = 16
  1750: E[0:00:14]-R[0:00:02]: Return=     0.975, Steps=  26, Features = 16
  1882: E[0:00:15]-R[0:00:01]: Return=     0.991, Steps=  10, Features = 16
  1988: E[0:00:16]-R[0:00:00]: Return=     0.997, Steps=   4, Features = 16
  2000: >>> E[0:00:17]-R[0:00:00]: Return=    0.9946, Steps= 6.4, Features = 16
Total Experiment Duration 0:00:17
     1: >>> E[0:00:17]-R[9:26:22]: Return=    0.5942, Steps= 6.8, Features = 16
     1: >>> E[0:00:36]-R[20:12:52]: Return=    0.7986, Steps= 2.4, Features = 16
Output:			./Results/Experiment10/
     0: >>> E[0:00:00]-R[?]: Return=    0.7968, Steps= 4.2, Features = 16
    77: E[0:00:01]-R[0:00:18]: Return=     0.998, Steps=   3, Features = 16
   181: E[0:00:02]-R[0:00:18]: Return=     0.998, Steps=   3, Features = 16
   314: E[0:00:03]-R[0:00:15]: Return=     0.994, Steps=   7, Features = 16
   432: E[0:00:04]-R[0:00:14]: Return=     0.994, Steps=   7, Features = 16
   556: E[0:00:05]-R[0:00:13]: Return=     0.998, Steps=   3, Features = 16
   679: E[0:00:06]-R[0:00:11]: Return=     0.998, Steps=   3, Features = 16
   789: E[0:00:07]-R[0:00:11]: Return=     0.992, Steps=   9, Features = 16
   874: E[0:00:08]-R[0:00:10]: Return=     0.996, Steps=   5, Features = 16
  1000: E[0:00:09]-R[0:00:09]: Return=     0.996, Steps=   5, Features = 16
  1128: E[0:00:10]-R[0:00:08]: Return=     0.996, Steps=   5, Features = 16
  1254: E[0:00:11]-R[0:00:07]: Return=     0.994, Steps=   7, Features = 16
  1379: E[0:00:12]-R[0:00:05]: Return=     0.994, Steps=   7, Features = 16
  1455: E[0:00:13]-R[0:00:05]: Return=      0.99, Steps=  11, Features = 16
  1578: E[0:00:14]-R[0:00:04]: Return=     0.996, Steps=   5, Features = 16
  1707: E[0:00:15]-R[0:00:03]: Return=     0.998, Steps=   3, Features = 16
  1835: E[0:00:16]-R[0:00:01]: Return=     0.994, Steps=   7, Features = 16
  1933: E[0:00:17]-R[0:00:01]: Return=     0.998, Steps=   3, Features = 16
  2000: >>> E[0:00:18]-R[0:00:00]: Return=    0.9956, Steps= 5.4, Features = 16
Total Experiment Duration 0:00:18
     1: >>> E[0:00:18]-R[10:10:15]: Return=    0.9962, Steps= 4.8, Features = 16
     1: >>> E[0:00:37]-R[20:31:48]: Return=    0.9976, Steps= 3.4, Features = 16
Output:			./Results/Experiment10/
     0: >>> E[0:00:00]-R[?]: Return=    0.1924, Steps= 8.6, Features = 16
   106: E[0:00:01]-R[0:00:14]: Return=      0.99, Steps=  11, Features = 16
   230: E[0:00:02]-R[0:00:14]: Return=    -1.004, Steps=   5, Features = 16
   355: E[0:00:03]-R[0:00:13]: Return=     0.994, Steps=   7, Features = 16
   479: E[0:00:04]-R[0:00:12]: Return=     0.996, Steps=   5, Features = 16
   594: E[0:00:05]-R[0:00:12]: Return=     0.996, Steps=   5, Features = 16
   716: E[0:00:06]-R[0:00:11]: Return=     0.998, Steps=   3, Features = 16
   846: E[0:00:07]-R[0:00:10]: Return=      0.99, Steps=  11, Features = 16
   972: E[0:00:08]-R[0:00:09]: Return=     0.996, Steps=   5, Features = 16
  1104: E[0:00:09]-R[0:00:07]: Return=     0.988, Steps=  13, Features = 16
  1232: E[0:00:10]-R[0:00:06]: Return=    -1.006, Steps=   7, Features = 16
  1359: E[0:00:11]-R[0:00:05]: Return=     0.994, Steps=   7, Features = 16
  1475: E[0:00:12]-R[0:00:04]: Return=     0.996, Steps=   5, Features = 16
  1590: E[0:00:13]-R[0:00:03]: Return=     0.996, Steps=   5, Features = 16
  1707: E[0:00:14]-R[0:00:02]: Return=     0.996, Steps=   5, Features = 16
  1831: E[0:00:15]-R[0:00:01]: Return=     0.998, Steps=   3, Features = 16
  1963: E[0:00:16]-R[0:00:00]: Return=     0.992, Steps=   9, Features = 16
  2000: >>> E[0:00:17]-R[0:00:00]: Return=    0.1982, Steps= 2.8, Features = 16
Total Experiment Duration 0:00:17
     1: >>> E[0:00:17]-R[9:23:55]: Return=    0.3978, Steps= 3.2, Features = 16
     1: >>> E[0:00:35]-R[19:17:29]: Return=    0.5968, Steps= 4.2, Features = 16
Output:			./Results/Experiment10/
     0: >>> E[0:00:00]-R[?]: Return=     0.999, Steps= 2.0, Features = 16
    74: E[0:00:01]-R[0:00:18]: Return=     0.996, Steps=   5, Features = 16
   178: E[0:00:02]-R[0:00:17]: Return=         1, Steps=   1, Features = 16
   293: E[0:00:03]-R[0:00:16]: Return=     0.992, Steps=   9, Features = 16
   405: E[0:00:04]-R[0:00:15]: Return=     0.996, Steps=   5, Features = 16
   513: E[0:00:05]-R[0:00:14]: Return=     0.998, Steps=   3, Features = 16
   617: E[0:00:06]-R[0:00:13]: Return=     0.996, Steps=   5, Features = 16
   725: E[0:00:07]-R[0:00:12]: Return=         1, Steps=   1, Features = 16
   838: E[0:00:08]-R[0:00:11]: Return=     0.994, Steps=   7, Features = 16
   948: E[0:00:09]-R[0:00:10]: Return=      0.99, Steps=  11, Features = 16
  1064: E[0:00:10]-R[0:00:09]: Return=     0.994, Steps=   7, Features = 16
  1175: E[0:00:11]-R[0:00:08]: Return=         1, Steps=   1, Features = 16
  1286: E[0:00:12]-R[0:00:07]: Return=     0.996, Steps=   5, Features = 16
  1401: E[0:00:13]-R[0:00:06]: Return=     0.994, Steps=   7, Features = 16
  1518: E[0:00:14]-R[0:00:04]: Return=     0.974, Steps=  27, Features = 16
  1632: E[0:00:15]-R[0:00:03]: Return=     0.994, Steps=   7, Features = 16
  1744: E[0:00:16]-R[0:00:02]: Return=         1, Steps=   1, Features = 16
  1858: E[0:00:17]-R[0:00:01]: Return=         1, Steps=   1, Features = 16
  1972: E[0:00:18]-R[0:00:00]: Return=     0.992, Steps=   9, Features = 16
  2000: >>> E[0:00:18]-R[0:00:00]: Return=    0.9972, Steps= 3.8, Features = 16
Total Experiment Duration 0:00:18
     1: >>> E[0:00:19]-R[10:19:15]: Return=    0.9998, Steps= 1.2, Features = 16
     1: >>> E[0:00:38]-R[21:14:22]: Return=    0.9984, Steps= 2.6, Features = 16
Output:			./Results/Experiment10/
     0: >>> E[0:00:00]-R[?]: Return=     0.512, Steps=89.0, Features = 16
    90: E[0:00:01]-R[0:00:13]: Return=     0.911, Steps=  90, Features = 16
   234: E[0:00:02]-R[0:00:12]: Return=    -1.019, Steps=  20, Features = 16
   372: E[0:00:03]-R[0:00:12]: Return=     0.997, Steps=   4, Features = 16
   510: E[0:00:04]-R[0:00:11]: Return=     0.987, Steps=  14, Features = 16
   650: E[0:00:05]-R[0:00:10]: Return=     0.991, Steps=  10, Features = 16
   788: E[0:00:06]-R[0:00:09]: Return=     0.997, Steps=   4, Features = 16
   926: E[0:00:07]-R[0:00:08]: Return=     0.991, Steps=  10, Features = 16
  1062: E[0:00:08]-R[0:00:07]: Return=     0.991, Steps=  10, Features = 16
  1198: E[0:00:09]-R[0:00:06]: Return=     0.997, Steps=   4, Features = 16
  1344: E[0:00:10]-R[0:00:05]: Return=     0.989, Steps=  12, Features = 16
  1480: E[0:00:11]-R[0:00:04]: Return=     0.995, Steps=   6, Features = 16
  1618: E[0:00:12]-R[0:00:03]: Return=     0.987, Steps=  14, Features = 16
  1750: E[0:00:13]-R[0:00:02]: Return=     0.987, Steps=  14, Features = 16
  1884: E[0:00:14]-R[0:00:01]: Return=     0.993, Steps=   8, Features = 16
  2000: >>> E[0:00:15]-R[0:00:00]: Return=    0.9948, Steps= 6.2, Features = 16
Total Experiment Duration 0:00:15
     1: >>> E[0:00:15]-R[8:25:02]: Return=    0.9942, Steps= 6.8, Features = 16
     1: >>> E[0:00:31]-R[17:16:49]: Return=    0.9954, Steps= 5.6, Features = 16
Output:			./Results/Experiment10/
     0: >>> E[0:00:00]-R[?]: Return=   -0.6272, Steps=28.2, Features = 16
    90: E[0:00:01]-R[0:00:13]: Return=    -1.061, Steps=  62, Features = 16
   235: E[0:00:02]-R[0:00:13]: Return=     0.948, Steps=  53, Features = 16
   411: E[0:00:03]-R[0:00:11]: Return=     0.952, Steps=  49, Features = 16
   597: E[0:00:04]-R[0:00:10]: Return=     0.942, Steps=  59, Features = 16
   763: E[0:00:05]-R[0:00:09]: Return=     0.974, Steps=  27, Features = 16
   925: E[0:00:06]-R[0:00:07]: Return=     0.982, Steps=  19, Features = 16
  1075: E[0:00:07]-R[0:00:06]: Return=     0.982, Steps=  19, Features = 16
  1221: E[0:00:09]-R[0:00:05]: Return=     0.984, Steps=  17, Features = 16
  1361: E[0:00:10]-R[0:00:04]: Return=      0.99, Steps=  11, Features = 16
  1505: E[0:00:11]-R[0:00:03]: Return=      0.99, Steps=  11, Features = 16
  1648: E[0:00:12]-R[0:00:02]: Return=     0.994, Steps=   7, Features = 16
  1785: E[0:00:13]-R[0:00:02]: Return=    -1.001, Steps=   2, Features = 16
  1927: E[0:00:14]-R[0:00:01]: Return=     0.994, Steps=   7, Features = 16
  2000: >>> E[0:00:14]-R[0:00:00]: Return=    0.7927, Steps= 8.3, Features = 16
Total Experiment Duration 0:00:14
     1: >>> E[0:00:15]-R[8:05:59]: Return=    0.9942, Steps= 6.8, Features = 16
     1: >>> E[0:00:30]-R[16:52:21]: Return=    0.9944, Steps= 6.6, Features = 16
Output:			./Results/Experiment10/
     0: >>> E[0:00:00]-R[?]: Return=    -1.002, Steps= 3.4, Features = 16
    86: E[0:00:01]-R[0:00:16]: Return=     0.999, Steps=   2, Features = 16
   196: E[0:00:02]-R[0:00:16]: Return=     0.983, Steps=  18, Features = 16
   316: E[0:00:03]-R[0:00:15]: Return=    -1.011, Steps=  12, Features = 16
   442: E[0:00:04]-R[0:00:13]: Return=    -1.001, Steps=   2, Features = 16
   566: E[0:00:05]-R[0:00:12]: Return=     0.999, Steps=   2, Features = 16
   692: E[0:00:06]-R[0:00:11]: Return=     0.997, Steps=   4, Features = 16
   810: E[0:00:07]-R[0:00:10]: Return=    -1.001, Steps=   2, Features = 16
   930: E[0:00:08]-R[0:00:09]: Return=     0.999, Steps=   2, Features = 16
  1050: E[0:00:09]-R[0:00:08]: Return=     0.999, Steps=   2, Features = 16
  1176: E[0:00:10]-R[0:00:07]: Return=    -1.007, Steps=   8, Features = 16
  1300: E[0:00:11]-R[0:00:06]: Return=     0.995, Steps=   6, Features = 16
  1424: E[0:00:12]-R[0:00:05]: Return=     0.995, Steps=   6, Features = 16
  1548: E[0:00:13]-R[0:00:04]: Return=     0.997, Steps=   4, Features = 16
  1668: E[0:00:14]-R[0:00:03]: Return=     0.999, Steps=   2, Features = 16
  1792: E[0:00:15]-R[0:00:02]: Return=     0.993, Steps=   8, Features = 16
  1916: E[0:00:16]-R[0:00:01]: Return=     0.997, Steps=   4, Features = 16
  2000: >>> E[0:00:17]-R[0:00:00]: Return=     0.599, Steps= 2.0, Features = 16
Total Experiment Duration 0:00:17
     1: >>> E[0:00:17]-R[9:27:08]: Return=    0.9986, Steps= 2.4, Features = 16
     1: >>> E[0:00:34]-R[19:02:03]: Return=    0.3988, Steps= 2.2, Features = 16
Output:			./Results/Experiment10/
     0: >>> E[0:00:00]-R[?]: Return=    0.3951, Steps= 5.9, Features = 16
    94: E[0:00:01]-R[0:00:14]: Return=     0.989, Steps=  12, Features = 16
   223: E[0:00:02]-R[0:00:14]: Return=     0.995, Steps=   6, Features = 16
   360: E[0:00:03]-R[0:00:13]: Return=     0.991, Steps=  10, Features = 16
   488: E[0:00:04]-R[0:00:12]: Return=     0.997, Steps=   4, Features = 16
   618: E[0:00:05]-R[0:00:11]: Return=     0.997, Steps=   4, Features = 16
   751: E[0:00:06]-R[0:00:10]: Return=    -1.002, Steps=   3, Features = 16
   878: E[0:00:07]-R[0:00:09]: Return=     0.995, Steps=   6, Features = 16
  1009: E[0:00:08]-R[0:00:08]: Return=     0.997, Steps=   4, Features = 16
  1139: E[0:00:09]-R[0:00:07]: Return=     0.995, Steps=   6, Features = 16
  1269: E[0:00:10]-R[0:00:06]: Return=     0.995, Steps=   6, Features = 16
  1400: E[0:00:11]-R[0:00:05]: Return=     0.997, Steps=   4, Features = 16
  1538: E[0:00:12]-R[0:00:04]: Return=     0.997, Steps=   4, Features = 16
  1669: E[0:00:13]-R[0:00:03]: Return=     0.997, Steps=   4, Features = 16
  1802: E[0:00:14]-R[0:00:02]: Return=     0.995, Steps=   6, Features = 16
  1935: E[0:00:15]-R[0:00:01]: Return=     0.981, Steps=  20, Features = 16
  2000: >>> E[0:00:15]-R[0:00:00]: Return=    0.9972, Steps= 3.8, Features = 16
Total Experiment Duration 0:00:15
     1: >>> E[0:00:16]-R[8:44:30]: Return=    0.3957, Steps= 5.3, Features = 16
     1: >>> E[0:00:33]-R[18:05:46]: Return=    0.9986, Steps= 2.4, Features = 16
Output:			./Results/Experiment10/
     0: >>> E[0:00:00]-R[?]: Return=      0.73, Steps=71.0, Features = 16
    76: E[0:00:01]-R[0:00:14]: Return=      0.99, Steps=  11, Features = 16
   207: E[0:00:02]-R[0:00:14]: Return=      0.96, Steps=  41, Features = 16
   354: E[0:00:03]-R[0:00:13]: Return=    -1.054, Steps=  55, Features = 16
   473: E[0:00:04]-R[0:00:12]: Return=         1, Steps=   1, Features = 16
   606: E[0:00:05]-R[0:00:11]: Return=     0.974, Steps=  27, Features = 16
   760: E[0:00:06]-R[0:00:10]: Return=     0.932, Steps=  69, Features = 16
   916: E[0:00:07]-R[0:00:08]: Return=     0.938, Steps=  63, Features = 16
  1044: E[0:00:08]-R[0:00:08]: Return=     0.986, Steps=  15, Features = 16
  1165: E[0:00:09]-R[0:00:07]: Return=    -1.006, Steps=   7, Features = 16
  1291: E[0:00:10]-R[0:00:06]: Return=     0.986, Steps=  15, Features = 16
  1410: E[0:00:11]-R[0:00:05]: Return=     0.996, Steps=   5, Features = 16
  1547: E[0:00:12]-R[0:00:04]: Return=    -1.014, Steps=  15, Features = 16
  1677: E[0:00:13]-R[0:00:03]: Return=    -1.014, Steps=  15, Features = 16
  1790: E[0:00:14]-R[0:00:02]: Return=         1, Steps=   1, Features = 16
  1929: E[0:00:15]-R[0:00:01]: Return=     0.988, Steps=  13, Features = 16
  2000: >>> E[0:00:16]-R[0:00:00]: Return=    0.3956, Steps= 5.4, Features = 16
Total Experiment Duration 0:00:16
     1: >>> E[0:00:16]-R[9:06:39]: Return=    0.9998, Steps= 1.2, Features = 16
     1: >>> E[0:00:34]-R[19:06:38]: Return=    0.9988, Steps= 2.2, Features = 16
Output:			./Results/Experiment10/
     0: >>> E[0:00:00]-R[?]: Return=    0.9944, Steps= 6.6, Features = 16
    79: E[0:00:01]-R[0:00:16]: Return=     0.998, Steps=   3, Features = 16
   152: E[0:00:02]-R[0:00:20]: Return=     0.998, Steps=   3, Features = 16
   285: E[0:00:03]-R[0:00:16]: Return=     0.992, Steps=   9, Features = 16
   358: E[0:00:04]-R[0:00:17]: Return=     0.992, Steps=   9, Features = 16
   483: E[0:00:05]-R[0:00:15]: Return=     0.998, Steps=   3, Features = 16
   553: E[0:00:06]-R[0:00:15]: Return=     0.996, Steps=   5, Features = 16
   691: E[0:00:07]-R[0:00:13]: Return=    -1.003, Steps=   4, Features = 16
   768: E[0:00:08]-R[0:00:13]: Return=     0.992, Steps=   9, Features = 16
   911: E[0:00:09]-R[0:00:11]: Return=     0.994, Steps=   7, Features = 16
  1043: E[0:00:10]-R[0:00:09]: Return=    -1.003, Steps=   4, Features = 16
  1189: E[0:00:11]-R[0:00:07]: Return=    -1.009, Steps=  10, Features = 16
  1330: E[0:00:12]-R[0:00:06]: Return=     0.988, Steps=  13, Features = 16
  1429: E[0:00:13]-R[0:00:05]: Return=    -1.011, Steps=  12, Features = 16
  1560: E[0:00:14]-R[0:00:04]: Return=     0.986, Steps=  15, Features = 16
  1648: E[0:00:15]-R[0:00:03]: Return=     0.996, Steps=   5, Features = 16
  1786: E[0:00:16]-R[0:00:02]: Return=     0.996, Steps=   5, Features = 16
  1914: E[0:00:17]-R[0:00:01]: Return=     0.986, Steps=  15, Features = 16
  2000: >>> E[0:00:18]-R[0:00:00]: Return=    0.7943, Steps= 6.7, Features = 16
Total Experiment Duration 0:00:18
     1: >>> E[0:00:19]-R[10:16:26]: Return=    0.9952, Steps= 5.8, Features = 16
     1: >>> E[0:00:37]-R[20:16:55]: Return=     0.997, Steps= 4.0, Features = 16
Output:			./Results/Experiment10/
     0: >>> E[0:00:00]-R[?]: Return=    0.5976, Steps= 3.4, Features = 16
    60: E[0:00:01]-R[0:00:21]: Return=     0.999, Steps=   2, Features = 16
   160: E[0:00:02]-R[0:00:20]: Return=     0.995, Steps=   6, Features = 16
   252: E[0:00:03]-R[0:00:19]: Return=     0.999, Steps=   2, Features = 16
   360: E[0:00:04]-R[0:00:17]: Return=     0.999, Steps=   2, Features = 16
   448: E[0:00:05]-R[0:00:17]: Return=     0.985, Steps=  16, Features = 16
   566: E[0:00:06]-R[0:00:15]: Return=     0.993, Steps=   8, Features = 16
   644: E[0:00:07]-R[0:00:14]: Return=     0.989, Steps=  12, Features = 16
   768: E[0:00:08]-R[0:00:13]: Return=     0.993, Steps=   8, Features = 16
   840: E[0:00:09]-R[0:00:12]: Return=     0.993, Steps=   8, Features = 16
   960: E[0:00:10]-R[0:00:11]: Return=     0.999, Steps=   2, Features = 16
  1050: E[0:00:11]-R[0:00:10]: Return=    -1.001, Steps=   2, Features = 16
  1158: E[0:00:12]-R[0:00:09]: Return=     0.993, Steps=   8, Features = 16
  1276: E[0:00:13]-R[0:00:07]: Return=     0.999, Steps=   2, Features = 16
  1354: E[0:00:14]-R[0:00:07]: Return=     0.997, Steps=   4, Features = 16
  1472: E[0:00:15]-R[0:00:05]: Return=     0.999, Steps=   2, Features = 16
  1592: E[0:00:16]-R[0:00:04]: Return=     0.995, Steps=   6, Features = 16
  1724: E[0:00:17]-R[0:00:03]: Return=     0.983, Steps=  18, Features = 16
  1802: E[0:00:18]-R[0:00:02]: Return=     0.995, Steps=   6, Features = 16
  1924: E[0:00:19]-R[0:00:01]: Return=     0.999, Steps=   2, Features = 16
  2000: >>> E[0:00:20]-R[0:00:00]: Return=    0.7974, Steps= 3.6, Features = 16
Total Experiment Duration 0:00:20
     1: >>> E[0:00:20]-R[11:14:51]: Return=    0.5964, Steps= 4.6, Features = 16
     1: >>> E[0:00:42]-R[23:13:42]: Return=    0.5986, Steps= 2.4, Features = 16
Output:			./Results/Experiment10/
     0: >>> E[0:00:00]-R[?]: Return=   -0.4103, Steps=11.3, Features = 16
    84: E[0:00:01]-R[0:00:15]: Return=     0.997, Steps=   4, Features = 16
   230: E[0:00:02]-R[0:00:14]: Return=     0.977, Steps=  24, Features = 16
   387: E[0:00:03]-R[0:00:12]: Return=     0.949, Steps=  52, Features = 16
   535: E[0:00:04]-R[0:00:11]: Return=     0.957, Steps=  44, Features = 16
   708: E[0:00:05]-R[0:00:09]: Return=    -1.028, Steps=  29, Features = 16
   862: E[0:00:06]-R[0:00:08]: Return=     0.965, Steps=  36, Features = 16
   962: E[0:00:07]-R[0:00:08]: Return=     0.989, Steps=  12, Features = 16
  1112: E[0:00:08]-R[0:00:07]: Return=    -1.038, Steps=  39, Features = 16
  1259: E[0:00:09]-R[0:00:05]: Return=     0.957, Steps=  44, Features = 16
  1392: E[0:00:10]-R[0:00:04]: Return=        -1, Steps=   1, Features = 16
  1526: E[0:00:11]-R[0:00:04]: Return=    -1.002, Steps=   3, Features = 16
  1662: E[0:00:12]-R[0:00:03]: Return=     0.995, Steps=   6, Features = 16
  1797: E[0:00:13]-R[0:00:02]: Return=     0.981, Steps=  20, Features = 16
  1940: E[0:00:14]-R[0:00:00]: Return=     0.983, Steps=  18, Features = 16
  2000: >>> E[0:00:15]-R[0:00:00]: Return=    0.3965, Steps= 4.5, Features = 16
Total Experiment Duration 0:00:15
     1: >>> E[0:00:15]-R[8:25:21]: Return=    0.5942, Steps= 6.8, Features = 16
     1: >>> E[0:00:32]-R[17:56:59]: Return=    0.7961, Steps= 4.9, Features = 16
Output:			./Results/Experiment10/
     0: >>> E[0:00:00]-R[?]: Return=        -1, Steps= 1.0, Features = 16
    58: E[0:00:01]-R[0:00:25]: Return=        -1, Steps=   1, Features = 16
   127: E[0:00:02]-R[0:00:26]: Return=        -1, Steps=   1, Features = 16
   205: E[0:00:03]-R[0:00:24]: Return=        -1, Steps=   1, Features = 16
   283: E[0:00:04]-R[0:00:23]: Return=        -1, Steps=   1, Features = 16
   363: E[0:00:05]-R[0:00:21]: Return=        -1, Steps=   1, Features = 16
   444: E[0:00:06]-R[0:00:20]: Return=        -1, Steps=   1, Features = 16
   524: E[0:00:07]-R[0:00:19]: Return=        -1, Steps=   1, Features = 16
   604: E[0:00:08]-R[0:00:18]: Return=        -1, Steps=   1, Features = 16
   684: E[0:00:09]-R[0:00:17]: Return=        -1, Steps=   1, Features = 16
   766: E[0:00:10]-R[0:00:16]: Return=        -1, Steps=   1, Features = 16
   844: E[0:00:11]-R[0:00:15]: Return=        -1, Steps=   1, Features = 16
   922: E[0:00:12]-R[0:00:14]: Return=        -1, Steps=   1, Features = 16
   996: E[0:00:13]-R[0:00:13]: Return=        -1, Steps=   1, Features = 16
  1069: E[0:00:14]-R[0:00:12]: Return=        -1, Steps=   1, Features = 16
  1146: E[0:00:15]-R[0:00:11]: Return=        -1, Steps=   1, Features = 16
  1221: E[0:00:16]-R[0:00:10]: Return=        -1, Steps=   1, Features = 16
  1302: E[0:00:17]-R[0:00:09]: Return=        -1, Steps=   1, Features = 16
  1382: E[0:00:18]-R[0:00:08]: Return=        -1, Steps=   1, Features = 16
  1461: E[0:00:19]-R[0:00:07]: Return=        -1, Steps=   1, Features = 16
  1539: E[0:00:20]-R[0:00:06]: Return=        -1, Steps=   1, Features = 16
  1619: E[0:00:21]-R[0:00:05]: Return=        -1, Steps=   1, Features = 16
  1697: E[0:00:22]-R[0:00:04]: Return=        -1, Steps=   1, Features = 16
  1776: E[0:00:23]-R[0:00:03]: Return=        -1, Steps=   1, Features = 16
  1856: E[0:00:24]-R[0:00:02]: Return=        -1, Steps=   1, Features = 16
  1935: E[0:00:25]-R[0:00:01]: Return=        -1, Steps=   1, Features = 16
  2000: >>> E[0:00:26]-R[0:00:00]: Return=        -1, Steps= 1.0, Features = 16
Total Experiment Duration 0:00:26
     1: >>> E[0:00:26]-R[14:28:33]: Return=        -1, Steps= 1.0, Features = 16
     1: >>> E[0:00:52]-R[1 day, 5:03:02]: Return=        -1, Steps= 1.0, Features = 16
Output:			./Results/Experiment10/
     0: >>> E[0:00:00]-R[?]: Return=    0.9946, Steps= 6.4, Features = 16
    92: E[0:00:01]-R[0:00:16]: Return=     0.991, Steps=  10, Features = 16
   220: E[0:00:02]-R[0:00:15]: Return=     0.991, Steps=  10, Features = 16
   364: E[0:00:03]-R[0:00:13]: Return=     0.991, Steps=  10, Features = 16
   502: E[0:00:04]-R[0:00:12]: Return=     0.993, Steps=   8, Features = 16
   644: E[0:00:05]-R[0:00:10]: Return=     0.989, Steps=  12, Features = 16
   786: E[0:00:06]-R[0:00:09]: Return=     0.991, Steps=  10, Features = 16
   922: E[0:00:07]-R[0:00:08]: Return=     0.989, Steps=  12, Features = 16
  1058: E[0:00:08]-R[0:00:07]: Return=     0.997, Steps=   4, Features = 16
  1192: E[0:00:09]-R[0:00:06]: Return=     0.995, Steps=   6, Features = 16
  1326: E[0:00:10]-R[0:00:05]: Return=     0.995, Steps=   6, Features = 16
  1464: E[0:00:11]-R[0:00:04]: Return=     0.997, Steps=   4, Features = 16
  1601: E[0:00:12]-R[0:00:03]: Return=     0.997, Steps=   4, Features = 16
  1739: E[0:00:13]-R[0:00:02]: Return=     0.993, Steps=   8, Features = 16
  1880: E[0:00:14]-R[0:00:01]: Return=     0.993, Steps=   8, Features = 16
  2000: >>> E[0:00:15]-R[0:00:00]: Return=    0.9936, Steps= 7.4, Features = 16
Total Experiment Duration 0:00:15
     1: >>> E[0:00:15]-R[8:32:11]: Return=    0.7945, Steps= 6.5, Features = 16
     1: >>> E[0:00:32]-R[17:38:00]: Return=     0.995, Steps= 6.0, Features = 16
Output:			./Results/Experiment10/
     0: >>> E[0:00:00]-R[?]: Return=    0.3947, Steps= 6.3, Features = 16
    96: E[0:00:01]-R[0:00:15]: Return=     0.997, Steps=   4, Features = 16
   221: E[0:00:02]-R[0:00:14]: Return=    -1.004, Steps=   5, Features = 16
   364: E[0:00:03]-R[0:00:12]: Return=     0.995, Steps=   6, Features = 16
   504: E[0:00:04]-R[0:00:11]: Return=     0.993, Steps=   8, Features = 16
   646: E[0:00:05]-R[0:00:10]: Return=     0.989, Steps=  12, Features = 16
   786: E[0:00:06]-R[0:00:09]: Return=     0.991, Steps=  10, Features = 16
   925: E[0:00:07]-R[0:00:08]: Return=     0.995, Steps=   6, Features = 16
  1064: E[0:00:08]-R[0:00:07]: Return=     -1.01, Steps=  11, Features = 16
  1198: E[0:00:09]-R[0:00:06]: Return=     0.997, Steps=   4, Features = 16
  1336: E[0:00:10]-R[0:00:05]: Return=     0.997, Steps=   4, Features = 16
  1476: E[0:00:11]-R[0:00:04]: Return=     0.997, Steps=   4, Features = 16
  1618: E[0:00:12]-R[0:00:03]: Return=    -1.006, Steps=   7, Features = 16
  1757: E[0:00:13]-R[0:00:02]: Return=     0.989, Steps=  12, Features = 16
  1897: E[0:00:14]-R[0:00:01]: Return=     0.995, Steps=   6, Features = 16
  2000: >>> E[0:00:15]-R[0:00:00]: Return=     0.995, Steps= 6.0, Features = 16
Total Experiment Duration 0:00:15
     1: >>> E[0:00:15]-R[8:24:31]: Return=    0.7941, Steps= 6.9, Features = 16
     1: >>> E[0:00:32]-R[17:38:58]: Return=    0.9964, Steps= 4.6, Features = 16
Output:			./Results/Experiment10/
     0: >>> E[0:00:00]-R[?]: Return=    0.3947, Steps= 6.3, Features = 16
    92: E[0:00:01]-R[0:00:15]: Return=     0.991, Steps=  10, Features = 16
   221: E[0:00:02]-R[0:00:14]: Return=    -1.004, Steps=   5, Features = 16
   366: E[0:00:03]-R[0:00:13]: Return=     0.983, Steps=  18, Features = 16
   502: E[0:00:04]-R[0:00:11]: Return=     0.993, Steps=   8, Features = 16
   644: E[0:00:05]-R[0:00:10]: Return=     0.989, Steps=  12, Features = 16
   784: E[0:00:06]-R[0:00:09]: Return=     0.991, Steps=  10, Features = 16
   922: E[0:00:07]-R[0:00:08]: Return=     0.995, Steps=   6, Features = 16
  1062: E[0:00:08]-R[0:00:07]: Return=     0.993, Steps=   8, Features = 16
  1198: E[0:00:09]-R[0:00:06]: Return=     0.997, Steps=   4, Features = 16
  1350: E[0:00:10]-R[0:00:05]: Return=     0.977, Steps=  24, Features = 16
  1488: E[0:00:11]-R[0:00:04]: Return=     0.989, Steps=  12, Features = 16
  1628: E[0:00:12]-R[0:00:03]: Return=     0.997, Steps=   4, Features = 16
  1767: E[0:00:13]-R[0:00:02]: Return=     0.995, Steps=   6, Features = 16
  1910: E[0:00:14]-R[0:00:01]: Return=     0.997, Steps=   4, Features = 16
  2000: >>> E[0:00:15]-R[0:00:00]: Return=    0.9954, Steps= 5.6, Features = 16
Total Experiment Duration 0:00:15
     1: >>> E[0:00:15]-R[8:24:28]: Return=    0.9936, Steps= 7.4, Features = 16
     1: >>> E[0:00:31]-R[16:58:12]: Return=     0.996, Steps= 5.0, Features = 16
Output:			./Results/Experiment10/
     0: >>> E[0:00:00]-R[?]: Return=    0.9938, Steps= 7.2, Features = 16
   104: E[0:00:01]-R[0:00:14]: Return=     0.987, Steps=  14, Features = 16
   218: E[0:00:02]-R[0:00:15]: Return=     0.997, Steps=   4, Features = 16
   358: E[0:00:03]-R[0:00:13]: Return=     0.991, Steps=  10, Features = 16
   488: E[0:00:04]-R[0:00:12]: Return=     0.995, Steps=   6, Features = 16
   626: E[0:00:05]-R[0:00:11]: Return=     0.985, Steps=  16, Features = 16
   770: E[0:00:06]-R[0:00:10]: Return=     0.991, Steps=  10, Features = 16
   904: E[0:00:07]-R[0:00:08]: Return=     0.993, Steps=   8, Features = 16
  1042: E[0:00:08]-R[0:00:07]: Return=     0.993, Steps=   8, Features = 16
  1176: E[0:00:09]-R[0:00:06]: Return=     0.997, Steps=   4, Features = 16
  1304: E[0:00:10]-R[0:00:05]: Return=     0.997, Steps=   4, Features = 16
  1446: E[0:00:11]-R[0:00:04]: Return=     0.989, Steps=  12, Features = 16
  1578: E[0:00:12]-R[0:00:03]: Return=     0.993, Steps=   8, Features = 16
  1722: E[0:00:13]-R[0:00:02]: Return=     0.989, Steps=  12, Features = 16
  1856: E[0:00:14]-R[0:00:01]: Return=     0.995, Steps=   6, Features = 16
  1996: E[0:00:15]-R[0:00:00]: Return=     0.995, Steps=   6, Features = 16
  2000: >>> E[0:00:15]-R[0:00:00]: Return=    0.9928, Steps= 8.2, Features = 16
Total Experiment Duration 0:00:15
     1: >>> E[0:00:16]-R[8:38:25]: Return=     0.796, Steps= 5.0, Features = 16
     1: >>> E[0:00:31]-R[17:20:16]: Return=    0.9954, Steps= 5.6, Features = 16
Output:			./Results/Experiment10/
     0: >>> E[0:00:00]-R[?]: Return=     0.196, Steps= 5.0, Features = 16
    91: E[0:00:01]-R[0:00:15]: Return=     0.993, Steps=   8, Features = 16
   211: E[0:00:02]-R[0:00:15]: Return=     0.995, Steps=   6, Features = 16
   343: E[0:00:03]-R[0:00:13]: Return=     0.989, Steps=  12, Features = 16
   471: E[0:00:04]-R[0:00:12]: Return=        -1, Steps=   1, Features = 16
   600: E[0:00:05]-R[0:00:11]: Return=     0.997, Steps=   4, Features = 16
   733: E[0:00:06]-R[0:00:10]: Return=     0.989, Steps=  12, Features = 16
   858: E[0:00:07]-R[0:00:09]: Return=    -1.004, Steps=   5, Features = 16
   990: E[0:00:08]-R[0:00:08]: Return=    -1.008, Steps=   9, Features = 16
  1120: E[0:00:09]-R[0:00:07]: Return=     0.995, Steps=   6, Features = 16
  1253: E[0:00:10]-R[0:00:06]: Return=    -1.006, Steps=   7, Features = 16
  1384: E[0:00:11]-R[0:00:05]: Return=     0.997, Steps=   4, Features = 16
  1509: E[0:00:12]-R[0:00:04]: Return=     0.993, Steps=   8, Features = 16
  1637: E[0:00:13]-R[0:00:03]: Return=        -1, Steps=   1, Features = 16
  1771: E[0:00:14]-R[0:00:02]: Return=     0.991, Steps=  10, Features = 16
  1898: E[0:00:15]-R[0:00:01]: Return=     0.993, Steps=   8, Features = 16
  2000: >>> E[0:00:16]-R[0:00:00]: Return=   -0.2032, Steps= 4.2, Features = 16
Total Experiment Duration 0:00:16
     1: >>> E[0:00:16]-R[8:56:37]: Return=    0.5962, Steps= 4.8, Features = 16
     1: >>> E[0:00:33]-R[18:20:25]: Return=    0.5964, Steps= 4.6, Features = 16
Output:			./Results/Experiment10/
     0: >>> E[0:00:00]-R[?]: Return=    0.9946, Steps= 6.4, Features = 16
    90: E[0:00:01]-R[0:00:14]: Return=     0.993, Steps=   8, Features = 16
   210: E[0:00:02]-R[0:00:14]: Return=     0.997, Steps=   4, Features = 16
   350: E[0:00:03]-R[0:00:13]: Return=     0.987, Steps=  14, Features = 16
   478: E[0:00:04]-R[0:00:12]: Return=     0.997, Steps=   4, Features = 16
   608: E[0:00:05]-R[0:00:11]: Return=     0.995, Steps=   6, Features = 16
   746: E[0:00:06]-R[0:00:10]: Return=     0.997, Steps=   4, Features = 16
   886: E[0:00:07]-R[0:00:09]: Return=     0.989, Steps=  12, Features = 16
  1026: E[0:00:08]-R[0:00:07]: Return=     0.997, Steps=   4, Features = 16
  1170: E[0:00:09]-R[0:00:06]: Return=     0.993, Steps=   8, Features = 16
  1313: E[0:00:10]-R[0:00:05]: Return=     0.989, Steps=  12, Features = 16
  1453: E[0:00:11]-R[0:00:04]: Return=     0.997, Steps=   4, Features = 16
  1591: E[0:00:12]-R[0:00:03]: Return=     0.995, Steps=   6, Features = 16
  1727: E[0:00:13]-R[0:00:02]: Return=     0.995, Steps=   6, Features = 16
  1859: E[0:00:14]-R[0:00:01]: Return=     0.995, Steps=   6, Features = 16
  1997: E[0:00:15]-R[0:00:00]: Return=     0.997, Steps=   4, Features = 16
  2000: >>> E[0:00:15]-R[0:00:00]: Return=     0.996, Steps= 5.0, Features = 16
Total Experiment Duration 0:00:15
     1: >>> E[0:00:15]-R[8:30:08]: Return=    0.9954, Steps= 5.6, Features = 16
     1: >>> E[0:00:31]-R[17:24:24]: Return=     0.996, Steps= 5.0, Features = 16
Output:			./Results/Experiment10/
     0: >>> E[0:00:00]-R[?]: Return=    0.9938, Steps= 7.2, Features = 16
    96: E[0:00:01]-R[0:00:14]: Return=     0.995, Steps=   6, Features = 16
   226: E[0:00:02]-R[0:00:14]: Return=     0.995, Steps=   6, Features = 16
   366: E[0:00:03]-R[0:00:13]: Return=     0.981, Steps=  20, Features = 16
   502: E[0:00:04]-R[0:00:12]: Return=     0.993, Steps=   8, Features = 16
   632: E[0:00:05]-R[0:00:11]: Return=     0.997, Steps=   4, Features = 16
   766: E[0:00:06]-R[0:00:09]: Return=     0.993, Steps=   8, Features = 16
   900: E[0:00:07]-R[0:00:08]: Return=     0.995, Steps=   6, Features = 16
  1036: E[0:00:08]-R[0:00:07]: Return=     0.997, Steps=   4, Features = 16
  1170: E[0:00:09]-R[0:00:06]: Return=     0.993, Steps=   8, Features = 16
  1308: E[0:00:10]-R[0:00:05]: Return=     0.991, Steps=  10, Features = 16
  1458: E[0:00:11]-R[0:00:04]: Return=     0.989, Steps=  12, Features = 16
  1596: E[0:00:12]-R[0:00:03]: Return=     0.995, Steps=   6, Features = 16
  1744: E[0:00:13]-R[0:00:02]: Return=     0.989, Steps=  12, Features = 16
  1890: E[0:00:14]-R[0:00:01]: Return=     0.995, Steps=   6, Features = 16
  2000: >>> E[0:00:15]-R[0:00:00]: Return=    0.7927, Steps= 8.3, Features = 16
Total Experiment Duration 0:00:15
     1: >>> E[0:00:15]-R[8:28:25]: Return=    0.9942, Steps= 6.8, Features = 16
     1: >>> E[0:00:31]-R[17:03:33]: Return=    0.9932, Steps= 7.8, Features = 16
Output:			./Results/Experiment10/
     0: >>> E[0:00:00]-R[?]: Return=    0.7922, Steps= 8.8, Features = 16
    84: E[0:00:01]-R[0:00:14]: Return=     0.997, Steps=   4, Features = 16
   208: E[0:00:02]-R[0:00:14]: Return=    -1.019, Steps=  20, Features = 16
   340: E[0:00:03]-R[0:00:13]: Return=     0.997, Steps=   4, Features = 16
   478: E[0:00:04]-R[0:00:12]: Return=     0.995, Steps=   6, Features = 16
   622: E[0:00:05]-R[0:00:10]: Return=     0.987, Steps=  14, Features = 16
   758: E[0:00:06]-R[0:00:09]: Return=     0.993, Steps=   8, Features = 16
   898: E[0:00:07]-R[0:00:08]: Return=     0.991, Steps=  10, Features = 16
  1036: E[0:00:08]-R[0:00:07]: Return=     0.995, Steps=   6, Features = 16
  1182: E[0:00:09]-R[0:00:06]: Return=     0.985, Steps=  16, Features = 16
  1316: E[0:00:10]-R[0:00:05]: Return=     0.995, Steps=   6, Features = 16
  1448: E[0:00:11]-R[0:00:04]: Return=    -1.003, Steps=   4, Features = 16
  1586: E[0:00:12]-R[0:00:03]: Return=    -1.015, Steps=  16, Features = 16
  1732: E[0:00:13]-R[0:00:02]: Return=    -1.011, Steps=  12, Features = 16
  1870: E[0:00:14]-R[0:00:01]: Return=     0.985, Steps=  16, Features = 16
  2000: >>> E[0:00:15]-R[0:00:00]: Return=    0.9946, Steps= 6.4, Features = 16
Total Experiment Duration 0:00:15
     1: >>> E[0:00:15]-R[8:34:56]: Return=    0.7962, Steps= 4.8, Features = 16
     1: >>> E[0:00:31]-R[17:15:43]: Return=    0.9952, Steps= 5.8, Features = 16
Output:			./Results/Experiment10/
     0: >>> E[0:00:00]-R[?]: Return=   -0.8014, Steps= 2.4, Features = 16
    90: E[0:00:01]-R[0:00:15]: Return=     0.991, Steps=  10, Features = 16
   216: E[0:00:02]-R[0:00:14]: Return=    -1.001, Steps=   2, Features = 16
   350: E[0:00:03]-R[0:00:13]: Return=     0.993, Steps=   8, Features = 16
   492: E[0:00:04]-R[0:00:12]: Return=     0.993, Steps=   8, Features = 16
   622: E[0:00:05]-R[0:00:11]: Return=    -1.001, Steps=   2, Features = 16
   754: E[0:00:06]-R[0:00:10]: Return=     0.997, Steps=   4, Features = 16
   892: E[0:00:07]-R[0:00:08]: Return=     0.995, Steps=   6, Features = 16
  1026: E[0:00:08]-R[0:00:07]: Return=     0.995, Steps=   6, Features = 16
  1152: E[0:00:09]-R[0:00:07]: Return=    -1.001, Steps=   2, Features = 16
  1294: E[0:00:10]-R[0:00:05]: Return=     0.991, Steps=  10, Features = 16
  1432: E[0:00:11]-R[0:00:04]: Return=     0.993, Steps=   8, Features = 16
  1568: E[0:00:12]-R[0:00:03]: Return=     0.993, Steps=   8, Features = 16
  1708: E[0:00:13]-R[0:00:02]: Return=     0.997, Steps=   4, Features = 16
  1844: E[0:00:14]-R[0:00:01]: Return=     0.993, Steps=   8, Features = 16
  1980: E[0:00:15]-R[0:00:00]: Return=     0.995, Steps=   6, Features = 16
  2000: >>> E[0:00:15]-R[0:00:00]: Return=    0.3952, Steps= 5.8, Features = 16
Total Experiment Duration 0:00:15
     1: >>> E[0:00:16]-R[8:38:15]: Return=    0.5942, Steps= 6.8, Features = 16
     1: >>> E[0:00:32]-R[17:34:32]: Return=    0.3958, Steps= 5.2, Features = 16
Output:			./Results/Experiment10/
     0: >>> E[0:00:00]-R[?]: Return=    -1.003, Steps= 4.2, Features = 16
    84: E[0:00:01]-R[0:00:14]: Return=    -1.002, Steps=   3, Features = 16
   262: E[0:00:02]-R[0:00:12]: Return=    -1.076, Steps=  77, Features = 16
   411: E[0:00:03]-R[0:00:11]: Return=    -1.012, Steps=  13, Features = 16
   569: E[0:00:04]-R[0:00:10]: Return=    -1.034, Steps=  35, Features = 16
   717: E[0:00:05]-R[0:00:09]: Return=     0.971, Steps=  30, Features = 16
   880: E[0:00:06]-R[0:00:08]: Return=    -1.058, Steps=  59, Features = 16
  1063: E[0:00:07]-R[0:00:06]: Return=    -1.042, Steps=  43, Features = 16
  1226: E[0:00:08]-R[0:00:05]: Return=     0.979, Steps=  22, Features = 16
  1397: E[0:00:09]-R[0:00:04]: Return=     0.977, Steps=  24, Features = 16
  1567: E[0:00:11]-R[0:00:03]: Return=     0.971, Steps=  30, Features = 16
  1718: E[0:00:12]-R[0:00:02]: Return=     0.943, Steps=  58, Features = 16
  1907: E[0:00:13]-R[0:00:01]: Return=     0.927, Steps=  74, Features = 16
  2000: >>> E[0:00:14]-R[0:00:00]: Return=    0.7817, Steps=19.3, Features = 16
Total Experiment Duration 0:00:14
     1: >>> E[0:00:14]-R[7:40:06]: Return=    0.7827, Steps=18.3, Features = 16
     1: >>> E[0:00:29]-R[16:01:34]: Return=    0.9928, Steps= 8.2, Features = 16
Output:			./Results/Experiment10/
     0: >>> E[0:00:00]-R[?]: Return=   -0.8007, Steps= 1.7, Features = 16
    90: E[0:00:01]-R[0:00:16]: Return=     0.993, Steps=   8, Features = 16
   216: E[0:00:02]-R[0:00:15]: Return=     0.997, Steps=   4, Features = 16
   341: E[0:00:03]-R[0:00:14]: Return=     0.997, Steps=   4, Features = 16
   472: E[0:00:04]-R[0:00:12]: Return=    -1.002, Steps=   3, Features = 16
   602: E[0:00:05]-R[0:00:11]: Return=     0.989, Steps=  12, Features = 16
   732: E[0:00:06]-R[0:00:10]: Return=        -1, Steps=   1, Features = 16
   865: E[0:00:07]-R[0:00:09]: Return=     0.993, Steps=   8, Features = 16
   995: E[0:00:08]-R[0:00:08]: Return=     0.997, Steps=   4, Features = 16
  1129: E[0:00:09]-R[0:00:07]: Return=     0.987, Steps=  14, Features = 16
  1265: E[0:00:10]-R[0:00:06]: Return=     0.995, Steps=   6, Features = 16
  1389: E[0:00:11]-R[0:00:05]: Return=        -1, Steps=   1, Features = 16
  1523: E[0:00:12]-R[0:00:04]: Return=        -1, Steps=   1, Features = 16
  1661: E[0:00:13]-R[0:00:03]: Return=    -1.002, Steps=   3, Features = 16
  1795: E[0:00:14]-R[0:00:02]: Return=    -1.002, Steps=   3, Features = 16
  1940: E[0:00:15]-R[0:00:00]: Return=     0.993, Steps=   8, Features = 16
  2000: >>> E[0:00:16]-R[0:00:00]: Return=     0.595, Steps= 6.0, Features = 16
Total Experiment Duration 0:00:16
     1: >>> E[0:00:16]-R[8:47:30]: Return=    0.3951, Steps= 5.9, Features = 16
     1: >>> E[0:00:32]-R[17:52:10]: Return=    0.7967, Steps= 4.3, Features = 16
Output:			./Results/Experiment10/
     0: >>> E[0:00:00]-R[?]: Return=    -1.014, Steps=14.6, Features = 16
   101: E[0:00:01]-R[0:00:13]: Return=     -1.01, Steps=  11, Features = 16
   356: E[0:00:02]-R[0:00:11]: Return=    -1.254, Steps= 255, Features = 16
   507: E[0:00:03]-R[0:00:10]: Return=    -1.006, Steps=   7, Features = 16
   667: E[0:00:05]-R[0:00:09]: Return=     0.969, Steps=  32, Features = 16
   812: E[0:00:06]-R[0:00:08]: Return=     0.995, Steps=   6, Features = 16
   988: E[0:00:07]-R[0:00:07]: Return=     0.961, Steps=  40, Features = 16
  1138: E[0:00:08]-R[0:00:06]: Return=     0.985, Steps=  16, Features = 16
  1286: E[0:00:09]-R[0:00:05]: Return=     0.989, Steps=  12, Features = 16
  1423: E[0:00:10]-R[0:00:04]: Return=     0.989, Steps=  12, Features = 16
  1555: E[0:00:11]-R[0:00:03]: Return=     0.991, Steps=  10, Features = 16
  1706: E[0:00:12]-R[0:00:02]: Return=     0.987, Steps=  14, Features = 16
  1850: E[0:00:13]-R[0:00:01]: Return=     0.997, Steps=   4, Features = 16
  1999: E[0:00:14]-R[0:00:00]: Return=     0.993, Steps=   8, Features = 16
  2000: >>> E[0:00:14]-R[0:00:00]: Return=     0.995, Steps= 6.0, Features = 16
Total Experiment Duration 0:00:14
     1: >>> E[0:00:14]-R[7:55:31]: Return=     0.994, Steps= 7.0, Features = 16
     1: >>> E[0:00:30]-R[16:31:34]: Return=    0.9946, Steps= 6.4, Features = 16
Output:			./Results/Experiment10/
     0: >>> E[0:00:00]-R[?]: Return=    0.9938, Steps= 7.2, Features = 16
    96: E[0:00:01]-R[0:00:14]: Return=     0.995, Steps=   6, Features = 16
   224: E[0:00:02]-R[0:00:14]: Return=     0.997, Steps=   4, Features = 16
   372: E[0:00:03]-R[0:00:12]: Return=     0.993, Steps=   8, Features = 16
   510: E[0:00:04]-R[0:00:11]: Return=     0.995, Steps=   6, Features = 16
   652: E[0:00:05]-R[0:00:10]: Return=     0.993, Steps=   8, Features = 16
   788: E[0:00:06]-R[0:00:09]: Return=     0.995, Steps=   6, Features = 16
   926: E[0:00:07]-R[0:00:08]: Return=     0.993, Steps=   8, Features = 16
  1082: E[0:00:08]-R[0:00:07]: Return=     0.983, Steps=  18, Features = 16
  1228: E[0:00:09]-R[0:00:06]: Return=     0.989, Steps=  12, Features = 16
  1382: E[0:00:10]-R[0:00:04]: Return=     0.989, Steps=  12, Features = 16
  1522: E[0:00:11]-R[0:00:03]: Return=     0.991, Steps=  10, Features = 16
  1662: E[0:00:12]-R[0:00:02]: Return=     0.995, Steps=   6, Features = 16
  1792: E[0:00:13]-R[0:00:02]: Return=     0.991, Steps=  10, Features = 16
  1922: E[0:00:14]-R[0:00:01]: Return=    -1.009, Steps=  10, Features = 16
  2000: >>> E[0:00:15]-R[0:00:00]: Return=    0.9928, Steps= 8.2, Features = 16
Total Experiment Duration 0:00:15
     1: >>> E[0:00:15]-R[8:26:32]: Return=    0.5958, Steps= 5.2, Features = 16
     1: >>> E[0:00:31]-R[17:13:58]: Return=    0.9962, Steps= 4.8, Features = 16
Output:			./Results/Experiment10/
     0: >>> E[0:00:00]-R[?]: Return=    0.5962, Steps= 4.8, Features = 16
    85: E[0:00:01]-R[0:00:14]: Return=     0.991, Steps=  10, Features = 16
   205: E[0:00:02]-R[0:00:14]: Return=    -1.004, Steps=   5, Features = 16
   344: E[0:00:03]-R[0:00:13]: Return=     0.991, Steps=  10, Features = 16
   476: E[0:00:04]-R[0:00:12]: Return=     0.987, Steps=  14, Features = 16
   611: E[0:00:05]-R[0:00:11]: Return=     0.997, Steps=   4, Features = 16
   741: E[0:00:06]-R[0:00:10]: Return=     0.997, Steps=   4, Features = 16
   877: E[0:00:07]-R[0:00:09]: Return=     0.989, Steps=  12, Features = 16
  1022: E[0:00:08]-R[0:00:07]: Return=     0.985, Steps=  16, Features = 16
  1161: E[0:00:09]-R[0:00:06]: Return=     0.995, Steps=   6, Features = 16
  1311: E[0:00:10]-R[0:00:05]: Return=     0.991, Steps=  10, Features = 16
  1442: E[0:00:11]-R[0:00:04]: Return=    -1.002, Steps=   3, Features = 16
  1574: E[0:00:12]-R[0:00:03]: Return=     0.993, Steps=   8, Features = 16
  1714: E[0:00:13]-R[0:00:02]: Return=     0.993, Steps=   8, Features = 16
  1847: E[0:00:14]-R[0:00:01]: Return=     0.995, Steps=   6, Features = 16
  1985: E[0:00:15]-R[0:00:00]: Return=     0.993, Steps=   8, Features = 16
  2000: >>> E[0:00:15]-R[0:00:00]: Return=     0.994, Steps= 7.0, Features = 16
Total Experiment Duration 0:00:15
     1: >>> E[0:00:15]-R[8:32:18]: Return=    0.7947, Steps= 6.3, Features = 16
     1: >>> E[0:00:31]-R[17:16:15]: Return=     0.596, Steps= 5.0, Features = 16
Output:			./Results/Experiment10/
     0: >>> E[0:00:00]-R[?]: Return=     0.196, Steps= 5.0, Features = 16
    91: E[0:00:01]-R[0:00:15]: Return=     0.993, Steps=   8, Features = 16
   213: E[0:00:02]-R[0:00:14]: Return=     0.997, Steps=   4, Features = 16
   337: E[0:00:03]-R[0:00:14]: Return=     0.997, Steps=   4, Features = 16
   469: E[0:00:04]-R[0:00:12]: Return=     0.997, Steps=   4, Features = 16
   600: E[0:00:05]-R[0:00:11]: Return=     0.997, Steps=   4, Features = 16
   727: E[0:00:06]-R[0:00:10]: Return=     0.997, Steps=   4, Features = 16
   859: E[0:00:07]-R[0:00:09]: Return=     0.995, Steps=   6, Features = 16
   985: E[0:00:08]-R[0:00:08]: Return=     0.997, Steps=   4, Features = 16
  1118: E[0:00:09]-R[0:00:07]: Return=     0.997, Steps=   4, Features = 16
  1249: E[0:00:10]-R[0:00:06]: Return=     0.993, Steps=   8, Features = 16
  1377: E[0:00:11]-R[0:00:05]: Return=     0.997, Steps=   4, Features = 16
  1510: E[0:00:12]-R[0:00:04]: Return=     0.987, Steps=  14, Features = 16
  1624: E[0:00:13]-R[0:00:03]: Return=    -1.002, Steps=   3, Features = 16
  1755: E[0:00:14]-R[0:00:02]: Return=    -1.004, Steps=   5, Features = 16
  1879: E[0:00:15]-R[0:00:01]: Return=        -1, Steps=   1, Features = 16
  2000: >>> E[0:00:16]-R[0:00:00]: Return=   -0.0039, Steps= 4.9, Features = 16
Total Experiment Duration 0:00:16
     1: >>> E[0:00:16]-R[8:59:23]: Return=    0.3967, Steps= 4.3, Features = 16
     1: >>> E[0:00:32]-R[17:59:06]: Return=     0.995, Steps= 6.0, Features = 16
Output:			./Results/Experiment10/
     0: >>> E[0:00:00]-R[?]: Return=    0.9946, Steps= 6.4, Features = 16
    92: E[0:00:01]-R[0:00:15]: Return=     0.991, Steps=  10, Features = 16
   220: E[0:00:02]-R[0:00:14]: Return=     0.991, Steps=  10, Features = 16
   364: E[0:00:03]-R[0:00:12]: Return=     0.991, Steps=  10, Features = 16
   502: E[0:00:04]-R[0:00:11]: Return=     0.993, Steps=   8, Features = 16
   644: E[0:00:05]-R[0:00:10]: Return=     0.989, Steps=  12, Features = 16
   792: E[0:00:06]-R[0:00:09]: Return=     0.995, Steps=   6, Features = 16
   938: E[0:00:07]-R[0:00:08]: Return=     0.993, Steps=   8, Features = 16
  1076: E[0:00:08]-R[0:00:07]: Return=     0.995, Steps=   6, Features = 16
  1216: E[0:00:09]-R[0:00:06]: Return=     0.991, Steps=  10, Features = 16
  1354: E[0:00:10]-R[0:00:05]: Return=     0.995, Steps=   6, Features = 16
  1497: E[0:00:11]-R[0:00:04]: Return=    -1.022, Steps=  23, Features = 16
  1635: E[0:00:12]-R[0:00:03]: Return=     0.995, Steps=   6, Features = 16
  1777: E[0:00:13]-R[0:00:02]: Return=     0.983, Steps=  18, Features = 16
  1916: E[0:00:14]-R[0:00:01]: Return=     0.995, Steps=   6, Features = 16
  2000: >>> E[0:00:15]-R[0:00:00]: Return=    0.9936, Steps= 7.4, Features = 16
Total Experiment Duration 0:00:15
     1: >>> E[0:00:15]-R[8:18:11]: Return=    0.7945, Steps= 6.5, Features = 16
     1: >>> E[0:00:31]-R[16:58:49]: Return=     0.995, Steps= 6.0, Features = 16
Output:			./Results/Experiment10/
     0: >>> E[0:00:00]-R[?]: Return=    0.9938, Steps= 7.2, Features = 16
   104: E[0:00:01]-R[0:00:14]: Return=     0.987, Steps=  14, Features = 16
   238: E[0:00:02]-R[0:00:13]: Return=     0.995, Steps=   6, Features = 16
   384: E[0:00:03]-R[0:00:12]: Return=     0.989, Steps=  12, Features = 16
   528: E[0:00:04]-R[0:00:11]: Return=     0.993, Steps=   8, Features = 16
   664: E[0:00:05]-R[0:00:10]: Return=     0.997, Steps=   4, Features = 16
   803: E[0:00:06]-R[0:00:09]: Return=     0.995, Steps=   6, Features = 16
   943: E[0:00:07]-R[0:00:08]: Return=     0.997, Steps=   4, Features = 16
  1093: E[0:00:08]-R[0:00:07]: Return=     0.985, Steps=  16, Features = 16
  1239: E[0:00:09]-R[0:00:06]: Return=     0.991, Steps=  10, Features = 16
  1387: E[0:00:10]-R[0:00:04]: Return=     0.993, Steps=   8, Features = 16
  1528: E[0:00:11]-R[0:00:03]: Return=     0.995, Steps=   6, Features = 16
  1668: E[0:00:12]-R[0:00:02]: Return=     0.997, Steps=   4, Features = 16
  1811: E[0:00:13]-R[0:00:01]: Return=     0.997, Steps=   4, Features = 16
  1959: E[0:00:14]-R[0:00:00]: Return=     0.989, Steps=  12, Features = 16
  2000: >>> E[0:00:14]-R[0:00:00]: Return=    0.9928, Steps= 8.2, Features = 16
Total Experiment Duration 0:00:14
     1: >>> E[0:00:15]-R[8:09:22]: Return=    0.7961, Steps= 4.9, Features = 16
     1: >>> E[0:00:30]-R[16:47:58]: Return=    0.7961, Steps= 4.9, Features = 16
Output:			./Results/Experiment10/
     0: >>> E[0:00:00]-R[?]: Return=    0.9938, Steps= 7.2, Features = 16
    90: E[0:00:01]-R[0:00:14]: Return=     0.993, Steps=   8, Features = 16
   216: E[0:00:02]-R[0:00:14]: Return=     0.997, Steps=   4, Features = 16
   354: E[0:00:03]-R[0:00:13]: Return=     0.995, Steps=   6, Features = 16
   496: E[0:00:04]-R[0:00:11]: Return=     0.993, Steps=   8, Features = 16
   630: E[0:00:05]-R[0:00:10]: Return=     0.997, Steps=   4, Features = 16
   768: E[0:00:06]-R[0:00:09]: Return=     0.993, Steps=   8, Features = 16
   902: E[0:00:07]-R[0:00:08]: Return=     0.995, Steps=   6, Features = 16
  1042: E[0:00:08]-R[0:00:07]: Return=     0.993, Steps=   8, Features = 16
  1182: E[0:00:09]-R[0:00:06]: Return=     0.997, Steps=   4, Features = 16
  1326: E[0:00:10]-R[0:00:05]: Return=     0.995, Steps=   6, Features = 16
  1466: E[0:00:11]-R[0:00:04]: Return=     0.993, Steps=   8, Features = 16
  1606: E[0:00:12]-R[0:00:03]: Return=     0.997, Steps=   4, Features = 16
  1748: E[0:00:13]-R[0:00:02]: Return=     0.993, Steps=   8, Features = 16
  1890: E[0:00:14]-R[0:00:01]: Return=     0.995, Steps=   6, Features = 16
  2000: >>> E[0:00:15]-R[0:00:00]: Return=    0.9928, Steps= 8.2, Features = 16
Total Experiment Duration 0:00:15
     1: >>> E[0:00:15]-R[8:28:36]: Return=    0.5958, Steps= 5.2, Features = 16
     1: >>> E[0:00:31]-R[17:17:38]: Return=    0.9962, Steps= 4.8, Features = 16
Output:			./Results/Experiment10/
     0: >>> E[0:00:00]-R[?]: Return=    -1.003, Steps= 4.2, Features = 16
   117: E[0:00:01]-R[0:00:14]: Return=    -1.018, Steps=  19, Features = 16
   269: E[0:00:02]-R[0:00:13]: Return=    -1.048, Steps=  49, Features = 16
   421: E[0:00:03]-R[0:00:11]: Return=    -1.008, Steps=   9, Features = 16
   570: E[0:00:04]-R[0:00:10]: Return=     0.969, Steps=  32, Features = 16
   716: E[0:00:05]-R[0:00:09]: Return=    -1.002, Steps=   3, Features = 16
   855: E[0:00:06]-R[0:00:08]: Return=     0.991, Steps=  10, Features = 16
   991: E[0:00:07]-R[0:00:07]: Return=    -1.002, Steps=   3, Features = 16
  1129: E[0:00:08]-R[0:00:06]: Return=     0.995, Steps=   6, Features = 16
  1266: E[0:00:09]-R[0:00:05]: Return=     0.993, Steps=   8, Features = 16
  1398: E[0:00:10]-R[0:00:04]: Return=     0.995, Steps=   6, Features = 16
  1537: E[0:00:11]-R[0:00:03]: Return=     0.993, Steps=   8, Features = 16
  1678: E[0:00:12]-R[0:00:02]: Return=     -1.01, Steps=  11, Features = 16
  1812: E[0:00:13]-R[0:00:01]: Return=     0.993, Steps=   8, Features = 16
  1943: E[0:00:14]-R[0:00:00]: Return=    -1.008, Steps=   9, Features = 16
  2000: >>> E[0:00:15]-R[0:00:00]: Return=    0.3955, Steps= 5.5, Features = 16
Total Experiment Duration 0:00:15
     1: >>> E[0:00:15]-R[8:23:39]: Return=    0.7963, Steps= 4.7, Features = 16
     1: >>> E[0:00:33]-R[18:06:42]: Return=     0.996, Steps= 5.0, Features = 16
Output:			./Results/Experiment10/
     0: >>> E[0:00:00]-R[?]: Return=    0.9938, Steps= 7.2, Features = 16
    82: E[0:00:01]-R[0:00:15]: Return=     0.997, Steps=   4, Features = 16
   204: E[0:00:02]-R[0:00:15]: Return=     0.995, Steps=   6, Features = 16
   342: E[0:00:03]-R[0:00:13]: Return=     0.989, Steps=  12, Features = 16
   478: E[0:00:04]-R[0:00:12]: Return=     0.995, Steps=   6, Features = 16
   612: E[0:00:05]-R[0:00:11]: Return=     0.995, Steps=   6, Features = 16
   746: E[0:00:06]-R[0:00:10]: Return=     0.997, Steps=   4, Features = 16
   890: E[0:00:07]-R[0:00:09]: Return=     0.991, Steps=  10, Features = 16
  1026: E[0:00:08]-R[0:00:07]: Return=    -1.007, Steps=   8, Features = 16
  1162: E[0:00:09]-R[0:00:06]: Return=     0.993, Steps=   8, Features = 16
  1298: E[0:00:10]-R[0:00:05]: Return=     0.991, Steps=  10, Features = 16
  1436: E[0:00:11]-R[0:00:04]: Return=     0.995, Steps=   6, Features = 16
  1576: E[0:00:12]-R[0:00:03]: Return=     0.981, Steps=  20, Features = 16
  1712: E[0:00:13]-R[0:00:02]: Return=     0.997, Steps=   4, Features = 16
  1852: E[0:00:14]-R[0:00:01]: Return=     0.995, Steps=   6, Features = 16
  1988: E[0:00:15]-R[0:00:00]: Return=     0.991, Steps=  10, Features = 16
  2000: >>> E[0:00:15]-R[0:00:00]: Return=    0.9928, Steps= 8.2, Features = 16
Total Experiment Duration 0:00:15
     1: >>> E[0:00:15]-R[8:33:34]: Return=    0.7954, Steps= 5.6, Features = 16
     1: >>> E[0:00:31]-R[17:17:55]: Return=    0.3964, Steps= 4.6, Features = 16
Output:			./Results/Experiment10/
     0: >>> E[0:00:00]-R[?]: Return=    0.9952, Steps= 5.8, Features = 16
    96: E[0:00:01]-R[0:00:15]: Return=     0.995, Steps=   6, Features = 16
   227: E[0:00:02]-R[0:00:14]: Return=     0.993, Steps=   8, Features = 16
   369: E[0:00:03]-R[0:00:13]: Return=     0.989, Steps=  12, Features = 16
   507: E[0:00:04]-R[0:00:11]: Return=     0.995, Steps=   6, Features = 16
   653: E[0:00:05]-R[0:00:10]: Return=     0.989, Steps=  12, Features = 16
   789: E[0:00:06]-R[0:00:09]: Return=     0.989, Steps=  12, Features = 16
   931: E[0:00:07]-R[0:00:08]: Return=     0.975, Steps=  26, Features = 16
  1067: E[0:00:08]-R[0:00:07]: Return=     0.997, Steps=   4, Features = 16
  1199: E[0:00:09]-R[0:00:06]: Return=     0.993, Steps=   8, Features = 16
  1337: E[0:00:10]-R[0:00:05]: Return=     0.997, Steps=   4, Features = 16
  1473: E[0:00:11]-R[0:00:04]: Return=     0.993, Steps=   8, Features = 16
  1611: E[0:00:12]-R[0:00:03]: Return=     0.989, Steps=  12, Features = 16
  1749: E[0:00:13]-R[0:00:02]: Return=     0.989, Steps=  12, Features = 16
  1889: E[0:00:14]-R[0:00:01]: Return=     0.993, Steps=   8, Features = 16
  2000: >>> E[0:00:15]-R[0:00:00]: Return=    0.9952, Steps= 5.8, Features = 16
Total Experiment Duration 0:00:15
     1: >>> E[0:00:15]-R[8:31:15]: Return=    0.9932, Steps= 7.8, Features = 16
     1: >>> E[0:00:31]-R[17:13:05]: Return=    0.9964, Steps= 4.6, Features = 16
Output:			./Results/Experiment10/
     0: >>> E[0:00:00]-R[?]: Return=    -1.003, Steps= 4.2, Features = 16
    98: E[0:00:01]-R[0:00:14]: Return=    -1.006, Steps=   7, Features = 16
   269: E[0:00:02]-R[0:00:13]: Return=    -1.048, Steps=  49, Features = 16
   412: E[0:00:03]-R[0:00:11]: Return=    -1.022, Steps=  23, Features = 16
   569: E[0:00:04]-R[0:00:10]: Return=    -1.096, Steps=  97, Features = 16
   721: E[0:00:05]-R[0:00:09]: Return=     0.953, Steps=  48, Features = 16
   897: E[0:00:06]-R[0:00:08]: Return=     0.967, Steps=  34, Features = 16
  1059: E[0:00:07]-R[0:00:07]: Return=    -1.024, Steps=  25, Features = 16
  1210: E[0:00:08]-R[0:00:05]: Return=     0.995, Steps=   6, Features = 16
  1364: E[0:00:09]-R[0:00:04]: Return=     0.993, Steps=   8, Features = 16
  1505: E[0:00:10]-R[0:00:03]: Return=     0.987, Steps=  14, Features = 16
  1668: E[0:00:12]-R[0:00:02]: Return=     0.979, Steps=  22, Features = 16
  1812: E[0:00:13]-R[0:00:01]: Return=     0.987, Steps=  14, Features = 16
  1950: E[0:00:14]-R[0:00:00]: Return=     0.991, Steps=  10, Features = 16
  2000: >>> E[0:00:14]-R[0:00:00]: Return=    0.3857, Steps=15.3, Features = 16
Total Experiment Duration 0:00:14
     1: >>> E[0:00:14]-R[7:59:34]: Return=    0.3903, Steps=10.7, Features = 16
     1: >>> E[0:00:30]-R[16:42:42]: Return=    0.9956, Steps= 5.4, Features = 16
Output:			./Results/Experiment10/
     0: >>> E[0:00:00]-R[?]: Return=    0.3753, Steps=25.7, Features = 16
   195: E[0:00:01]-R[0:00:12]: Return=    -1.104, Steps= 105, Features = 16
   406: E[0:00:03]-R[0:00:11]: Return=     0.891, Steps= 110, Features = 16
   555: E[0:00:04]-R[0:00:10]: Return=     0.983, Steps=  18, Features = 16
   688: E[0:00:05]-R[0:00:09]: Return=     0.995, Steps=   6, Features = 16
   826: E[0:00:06]-R[0:00:08]: Return=     0.995, Steps=   6, Features = 16
   972: E[0:00:07]-R[0:00:07]: Return=     0.991, Steps=  10, Features = 16
  1116: E[0:00:08]-R[0:00:06]: Return=     0.993, Steps=   8, Features = 16
  1260: E[0:00:09]-R[0:00:05]: Return=     0.995, Steps=   6, Features = 16
  1396: E[0:00:10]-R[0:00:04]: Return=     0.997, Steps=   4, Features = 16
  1537: E[0:00:11]-R[0:00:03]: Return=     0.997, Steps=   4, Features = 16
  1689: E[0:00:12]-R[0:00:02]: Return=     0.987, Steps=  14, Features = 16
  1842: E[0:00:13]-R[0:00:01]: Return=    -1.012, Steps=  13, Features = 16
  1987: E[0:00:14]-R[0:00:00]: Return=     0.989, Steps=  12, Features = 16
  2000: >>> E[0:00:14]-R[0:00:00]: Return=     0.996, Steps= 5.0, Features = 16
Total Experiment Duration 0:00:14
     1: >>> E[0:00:15]-R[8:09:43]: Return=    0.7959, Steps= 5.1, Features = 16
     1: >>> E[0:00:31]-R[17:04:48]: Return=    0.9962, Steps= 4.8, Features = 16
Output:			./Results/Experiment10/
     0: >>> E[0:00:00]-R[?]: Return=    0.7024, Steps=98.6, Features = 16
    90: E[0:00:01]-R[0:00:13]: Return=     0.911, Steps=  90, Features = 16
   234: E[0:00:02]-R[0:00:12]: Return=     0.991, Steps=  10, Features = 16
   386: E[0:00:03]-R[0:00:11]: Return=     0.957, Steps=  44, Features = 16
   526: E[0:00:04]-R[0:00:10]: Return=    -1.003, Steps=   4, Features = 16
   664: E[0:00:05]-R[0:00:09]: Return=     0.993, Steps=   8, Features = 16
   810: E[0:00:06]-R[0:00:08]: Return=     0.989, Steps=  12, Features = 16
   946: E[0:00:07]-R[0:00:08]: Return=     0.977, Steps=  24, Features = 16
  1098: E[0:00:08]-R[0:00:06]: Return=     0.991, Steps=  10, Features = 16
  1248: E[0:00:09]-R[0:00:05]: Return=     0.995, Steps=   6, Features = 16
  1388: E[0:00:10]-R[0:00:04]: Return=     0.997, Steps=   4, Features = 16
  1532: E[0:00:11]-R[0:00:03]: Return=     0.993, Steps=   8, Features = 16
  1676: E[0:00:12]-R[0:00:02]: Return=     0.989, Steps=  12, Features = 16
  1814: E[0:00:13]-R[0:00:01]: Return=     0.997, Steps=   4, Features = 16
  1950: E[0:00:14]-R[0:00:00]: Return=     0.993, Steps=   8, Features = 16
  2000: >>> E[0:00:14]-R[0:00:00]: Return=    0.9956, Steps= 5.4, Features = 16
Total Experiment Duration 0:00:14
     1: >>> E[0:00:15]-R[8:13:42]: Return=    0.7956, Steps= 5.4, Features = 16
     1: >>> E[0:00:31]-R[17:03:46]: Return=    0.9962, Steps= 4.8, Features = 16
Output:			./Results/Experiment10/
     0: >>> E[0:00:00]-R[?]: Return=    0.9952, Steps= 5.8, Features = 16
    90: E[0:00:01]-R[0:00:15]: Return=     0.989, Steps=  12, Features = 16
   211: E[0:00:02]-R[0:00:15]: Return=     0.997, Steps=   4, Features = 16
   350: E[0:00:03]-R[0:00:13]: Return=     0.991, Steps=  10, Features = 16
   489: E[0:00:04]-R[0:00:12]: Return=     0.995, Steps=   6, Features = 16
   627: E[0:00:05]-R[0:00:11]: Return=     0.995, Steps=   6, Features = 16
   763: E[0:00:06]-R[0:00:09]: Return=     0.989, Steps=  12, Features = 16
   909: E[0:00:07]-R[0:00:08]: Return=     0.989, Steps=  12, Features = 16
  1044: E[0:00:08]-R[0:00:07]: Return=     0.991, Steps=  10, Features = 16
  1179: E[0:00:09]-R[0:00:06]: Return=     0.993, Steps=   8, Features = 16
  1324: E[0:00:10]-R[0:00:05]: Return=     0.989, Steps=  12, Features = 16
  1459: E[0:00:11]-R[0:00:04]: Return=     0.997, Steps=   4, Features = 16
  1604: E[0:00:12]-R[0:00:03]: Return=     0.983, Steps=  18, Features = 16
  1737: E[0:00:13]-R[0:00:02]: Return=     0.991, Steps=  10, Features = 16
  1876: E[0:00:14]-R[0:00:01]: Return=     0.993, Steps=   8, Features = 16
  2000: >>> E[0:00:15]-R[0:00:00]: Return=    0.9952, Steps= 5.8, Features = 16
Total Experiment Duration 0:00:15
     1: >>> E[0:00:15]-R[8:30:59]: Return=    0.7947, Steps= 6.3, Features = 16
     1: >>> E[0:00:32]-R[17:33:21]: Return=    0.7955, Steps= 5.5, Features = 16
Output:			./Results/Experiment10/
     0: >>> E[0:00:00]-R[?]: Return=    0.9916, Steps= 9.4, Features = 16
   122: E[0:00:01]-R[0:00:14]: Return=     0.965, Steps=  36, Features = 16
   258: E[0:00:02]-R[0:00:13]: Return=     0.985, Steps=  16, Features = 16
   396: E[0:00:03]-R[0:00:12]: Return=     0.987, Steps=  14, Features = 16
   534: E[0:00:04]-R[0:00:11]: Return=     0.991, Steps=  10, Features = 16
   682: E[0:00:05]-R[0:00:10]: Return=     0.989, Steps=  12, Features = 16
   828: E[0:00:06]-R[0:00:09]: Return=     0.987, Steps=  14, Features = 16
   964: E[0:00:07]-R[0:00:08]: Return=     0.997, Steps=   4, Features = 16
  1100: E[0:00:08]-R[0:00:07]: Return=     0.989, Steps=  12, Features = 16
  1241: E[0:00:09]-R[0:00:06]: Return=     0.995, Steps=   6, Features = 16
  1379: E[0:00:10]-R[0:00:05]: Return=     0.997, Steps=   4, Features = 16
  1523: E[0:00:11]-R[0:00:04]: Return=     0.987, Steps=  14, Features = 16
  1653: E[0:00:12]-R[0:00:03]: Return=     0.997, Steps=   4, Features = 16
  1791: E[0:00:13]-R[0:00:02]: Return=     0.989, Steps=  12, Features = 16
  1931: E[0:00:14]-R[0:00:01]: Return=     0.997, Steps=   4, Features = 16
  2000: >>> E[0:00:15]-R[0:00:00]: Return=    0.9958, Steps= 5.2, Features = 16
Total Experiment Duration 0:00:15
     1: >>> E[0:00:15]-R[8:23:42]: Return=    0.9956, Steps= 5.4, Features = 16
     1: >>> E[0:00:31]-R[16:57:34]: Return=     0.994, Steps= 7.0, Features = 16
Output:			./Results/Experiment10/
     0: >>> E[0:00:00]-R[?]: Return=    0.7139, Steps=87.1, Features = 16
    90: E[0:00:01]-R[0:00:12]: Return=     0.975, Steps=  26, Features = 16
   236: E[0:00:02]-R[0:00:12]: Return=     0.995, Steps=   6, Features = 16
   392: E[0:00:03]-R[0:00:11]: Return=     0.997, Steps=   4, Features = 16
   537: E[0:00:04]-R[0:00:10]: Return=     0.981, Steps=  20, Features = 16
   680: E[0:00:05]-R[0:00:09]: Return=     0.993, Steps=   8, Features = 16
   814: E[0:00:06]-R[0:00:08]: Return=     0.995, Steps=   6, Features = 16
   953: E[0:00:07]-R[0:00:07]: Return=     0.991, Steps=  10, Features = 16
  1103: E[0:00:08]-R[0:00:06]: Return=    -1.022, Steps=  23, Features = 16
  1244: E[0:00:09]-R[0:00:05]: Return=     0.991, Steps=  10, Features = 16
  1384: E[0:00:10]-R[0:00:04]: Return=     0.995, Steps=   6, Features = 16
  1528: E[0:00:11]-R[0:00:03]: Return=     0.995, Steps=   6, Features = 16
  1676: E[0:00:12]-R[0:00:02]: Return=     0.979, Steps=  22, Features = 16
  1820: E[0:00:13]-R[0:00:01]: Return=     0.991, Steps=  10, Features = 16
  1958: E[0:00:14]-R[0:00:00]: Return=     0.991, Steps=  10, Features = 16
  2000: >>> E[0:00:14]-R[0:00:00]: Return=    0.9948, Steps= 6.2, Features = 16
Total Experiment Duration 0:00:14
     1: >>> E[0:00:15]-R[8:07:43]: Return=    0.9938, Steps= 7.2, Features = 16
     1: >>> E[0:00:30]-R[16:50:59]: Return=    0.9964, Steps= 4.6, Features = 16
Output:			./Results/Experiment10/
     0: >>> E[0:00:00]-R[?]: Return=    -1.003, Steps= 4.2, Features = 16
    83: E[0:00:01]-R[0:00:14]: Return=    -1.006, Steps=   7, Features = 16
   211: E[0:00:02]-R[0:00:14]: Return=    -1.002, Steps=   3, Features = 16
   368: E[0:00:03]-R[0:00:12]: Return=     -1.02, Steps=  21, Features = 16
   508: E[0:00:04]-R[0:00:11]: Return=     0.997, Steps=   4, Features = 16
   645: E[0:00:05]-R[0:00:10]: Return=     0.993, Steps=   8, Features = 16
   786: E[0:00:06]-R[0:00:09]: Return=     0.993, Steps=   8, Features = 16
   919: E[0:00:07]-R[0:00:08]: Return=    -1.002, Steps=   3, Features = 16
  1055: E[0:00:08]-R[0:00:07]: Return=     0.997, Steps=   4, Features = 16
  1189: E[0:00:09]-R[0:00:06]: Return=    -1.004, Steps=   5, Features = 16
  1326: E[0:00:10]-R[0:00:05]: Return=     0.993, Steps=   8, Features = 16
  1468: E[0:00:11]-R[0:00:04]: Return=     0.991, Steps=  10, Features = 16
  1603: E[0:00:12]-R[0:00:03]: Return=     0.987, Steps=  14, Features = 16
  1745: E[0:00:13]-R[0:00:02]: Return=     0.993, Steps=   8, Features = 16
  1896: E[0:00:14]-R[0:00:01]: Return=    -1.022, Steps=  23, Features = 16
  2000: >>> E[0:00:15]-R[0:00:00]: Return=    0.3951, Steps= 5.9, Features = 16
Total Experiment Duration 0:00:15
     1: >>> E[0:00:15]-R[8:19:56]: Return=    0.9954, Steps= 5.6, Features = 16
     1: >>> E[0:00:31]-R[16:56:56]: Return=    0.7949, Steps= 6.1, Features = 16
Output:			./Results/Experiment10/
     0: >>> E[0:00:00]-R[?]: Return=    -1.003, Steps= 3.8, Features = 16
    99: E[0:00:01]-R[0:00:15]: Return=     0.995, Steps=   6, Features = 16
   264: E[0:00:02]-R[0:00:13]: Return=     0.925, Steps=  76, Features = 16
   432: E[0:00:03]-R[0:00:11]: Return=    -1.032, Steps=  33, Features = 16
   582: E[0:00:04]-R[0:00:10]: Return=     0.991, Steps=  10, Features = 16
   737: E[0:00:05]-R[0:00:09]: Return=     0.979, Steps=  22, Features = 16
   917: E[0:00:06]-R[0:00:08]: Return=     0.961, Steps=  40, Features = 16
  1095: E[0:00:08]-R[0:00:06]: Return=     0.929, Steps=  72, Features = 16
  1244: E[0:00:09]-R[0:00:05]: Return=     0.987, Steps=  14, Features = 16
  1416: E[0:00:10]-R[0:00:04]: Return=     0.975, Steps=  26, Features = 16
  1566: E[0:00:11]-R[0:00:03]: Return=     0.993, Steps=   8, Features = 16
  1751: E[0:00:12]-R[0:00:02]: Return=     -1.04, Steps=  41, Features = 16
  1905: E[0:00:13]-R[0:00:01]: Return=     0.987, Steps=  14, Features = 16
  2000: >>> E[0:00:14]-R[0:00:00]: Return=     0.994, Steps= 7.0, Features = 16
Total Experiment Duration 0:00:14
     1: >>> E[0:00:14]-R[7:52:06]: Return=    0.9964, Steps= 4.6, Features = 16
     1: >>> E[0:00:30]-R[16:36:08]: Return=    0.9964, Steps= 4.6, Features = 16
Output:			./Results/Experiment10/
     0: >>> E[0:00:00]-R[?]: Return=    0.7946, Steps= 6.4, Features = 16
    82: E[0:00:01]-R[0:00:15]: Return=     0.997, Steps=   4, Features = 16
   204: E[0:00:02]-R[0:00:15]: Return=     0.995, Steps=   6, Features = 16
   340: E[0:00:03]-R[0:00:13]: Return=     0.989, Steps=  12, Features = 16
   462: E[0:00:04]-R[0:00:12]: Return=     0.993, Steps=   8, Features = 16
   598: E[0:00:05]-R[0:00:11]: Return=     0.987, Steps=  14, Features = 16
   742: E[0:00:06]-R[0:00:10]: Return=     0.993, Steps=   8, Features = 16
   882: E[0:00:07]-R[0:00:09]: Return=     0.989, Steps=  12, Features = 16
  1016: E[0:00:08]-R[0:00:08]: Return=     0.995, Steps=   6, Features = 16
  1148: E[0:00:09]-R[0:00:07]: Return=     0.993, Steps=   8, Features = 16
  1282: E[0:00:10]-R[0:00:06]: Return=     0.993, Steps=   8, Features = 16
  1426: E[0:00:11]-R[0:00:04]: Return=     0.993, Steps=   8, Features = 16
  1578: E[0:00:12]-R[0:00:03]: Return=     0.981, Steps=  20, Features = 16
  1714: E[0:00:13]-R[0:00:02]: Return=     0.997, Steps=   4, Features = 16
  1854: E[0:00:14]-R[0:00:01]: Return=     0.995, Steps=   6, Features = 16
  1990: E[0:00:15]-R[0:00:00]: Return=     0.991, Steps=  10, Features = 16
  2000: >>> E[0:00:15]-R[0:00:00]: Return=    0.9936, Steps= 7.4, Features = 16
Total Experiment Duration 0:00:15
     1: >>> E[0:00:15]-R[8:36:11]: Return=    0.7946, Steps= 6.4, Features = 16
     1: >>> E[0:00:31]-R[17:23:01]: Return=    0.9958, Steps= 5.2, Features = 16
Output:			./Results/Experiment10/
     0: >>> E[0:00:00]-R[?]: Return=    -1.003, Steps= 4.2, Features = 16
   117: E[0:00:01]-R[0:00:14]: Return=    -1.018, Steps=  19, Features = 16
   269: E[0:00:02]-R[0:00:12]: Return=    -1.048, Steps=  49, Features = 16
   421: E[0:00:03]-R[0:00:11]: Return=    -1.008, Steps=   9, Features = 16
   570: E[0:00:04]-R[0:00:10]: Return=     0.969, Steps=  32, Features = 16
   716: E[0:00:05]-R[0:00:09]: Return=    -1.002, Steps=   3, Features = 16
   855: E[0:00:06]-R[0:00:08]: Return=     0.991, Steps=  10, Features = 16
   988: E[0:00:07]-R[0:00:07]: Return=     0.993, Steps=   8, Features = 16
  1123: E[0:00:08]-R[0:00:06]: Return=    -1.002, Steps=   3, Features = 16
  1258: E[0:00:09]-R[0:00:05]: Return=    -1.002, Steps=   3, Features = 16
  1385: E[0:00:10]-R[0:00:04]: Return=     0.993, Steps=   8, Features = 16
  1515: E[0:00:11]-R[0:00:04]: Return=     0.995, Steps=   6, Features = 16
  1651: E[0:00:12]-R[0:00:03]: Return=     0.997, Steps=   4, Features = 16
  1793: E[0:00:13]-R[0:00:02]: Return=     0.991, Steps=  10, Features = 16
  1919: E[0:00:14]-R[0:00:01]: Return=    -1.006, Steps=   7, Features = 16
  2000: >>> E[0:00:15]-R[0:00:00]: Return=    0.3955, Steps= 5.5, Features = 16
Total Experiment Duration 0:00:15
     1: >>> E[0:00:15]-R[8:20:02]: Return=    0.7963, Steps= 4.7, Features = 16
     1: >>> E[0:00:31]-R[16:58:42]: Return=     0.996, Steps= 5.0, Features = 16
Output:			./Results/Experiment10/
     0: >>> E[0:00:00]-R[?]: Return=    0.9946, Steps= 6.4, Features = 16
    82: E[0:00:01]-R[0:00:16]: Return=     0.997, Steps=   4, Features = 16
   198: E[0:00:02]-R[0:00:16]: Return=     0.991, Steps=  10, Features = 16
   322: E[0:00:03]-R[0:00:14]: Return=     0.993, Steps=   8, Features = 16
   452: E[0:00:04]-R[0:00:13]: Return=     0.997, Steps=   4, Features = 16
   584: E[0:00:05]-R[0:00:12]: Return=     0.993, Steps=   8, Features = 16
   728: E[0:00:06]-R[0:00:10]: Return=     0.991, Steps=  10, Features = 16
   856: E[0:00:07]-R[0:00:09]: Return=     0.993, Steps=   8, Features = 16
   992: E[0:00:08]-R[0:00:08]: Return=     0.997, Steps=   4, Features = 16
  1116: E[0:00:09]-R[0:00:07]: Return=     0.993, Steps=   8, Features = 16
  1246: E[0:00:10]-R[0:00:06]: Return=     0.997, Steps=   4, Features = 16
  1382: E[0:00:11]-R[0:00:05]: Return=     0.995, Steps=   6, Features = 16
  1522: E[0:00:12]-R[0:00:04]: Return=     0.991, Steps=  10, Features = 16
  1666: E[0:00:13]-R[0:00:03]: Return=     0.993, Steps=   8, Features = 16
  1804: E[0:00:14]-R[0:00:02]: Return=     0.991, Steps=  10, Features = 16
  1944: E[0:00:15]-R[0:00:00]: Return=     0.995, Steps=   6, Features = 16
  2000: >>> E[0:00:16]-R[0:00:00]: Return=    0.9936, Steps= 7.4, Features = 16
Total Experiment Duration 0:00:16
     1: >>> E[0:00:16]-R[8:54:56]: Return=    0.7944, Steps= 6.6, Features = 16
     1: >>> E[0:00:32]-R[17:40:22]: Return=    0.9946, Steps= 6.4, Features = 16
Output:			./Results/Experiment10/
     0: >>> E[0:00:00]-R[?]: Return=    0.9946, Steps= 6.4, Features = 16
    96: E[0:00:01]-R[0:00:15]: Return=     0.995, Steps=   6, Features = 16
   230: E[0:00:02]-R[0:00:14]: Return=     0.991, Steps=  10, Features = 16
   378: E[0:00:03]-R[0:00:12]: Return=     0.993, Steps=   8, Features = 16
   518: E[0:00:04]-R[0:00:11]: Return=     0.993, Steps=   8, Features = 16
   660: E[0:00:05]-R[0:00:10]: Return=     0.995, Steps=   6, Features = 16
   800: E[0:00:06]-R[0:00:09]: Return=     0.997, Steps=   4, Features = 16
   935: E[0:00:07]-R[0:00:08]: Return=     0.997, Steps=   4, Features = 16
  1071: E[0:00:08]-R[0:00:07]: Return=     0.991, Steps=  10, Features = 16
  1200: E[0:00:09]-R[0:00:06]: Return=     0.995, Steps=   6, Features = 16
  1324: E[0:00:10]-R[0:00:05]: Return=     0.991, Steps=  10, Features = 16
  1460: E[0:00:11]-R[0:00:04]: Return=     0.987, Steps=  14, Features = 16
  1595: E[0:00:12]-R[0:00:03]: Return=     0.987, Steps=  14, Features = 16
  1721: E[0:00:13]-R[0:00:02]: Return=     0.997, Steps=   4, Features = 16
  1857: E[0:00:14]-R[0:00:01]: Return=     0.991, Steps=  10, Features = 16
  1991: E[0:00:15]-R[0:00:00]: Return=     0.983, Steps=  18, Features = 16
  2000: >>> E[0:00:15]-R[0:00:00]: Return=    0.9936, Steps= 7.4, Features = 16
Total Experiment Duration 0:00:15
     1: >>> E[0:00:16]-R[8:43:35]: Return=    0.7945, Steps= 6.5, Features = 16
     1: >>> E[0:00:31]-R[17:22:04]: Return=    0.9952, Steps= 5.8, Features = 16
Output:			./Results/Experiment10/
     0: >>> E[0:00:00]-R[?]: Return=    0.9916, Steps= 9.4, Features = 16
   122: E[0:00:01]-R[0:00:13]: Return=     0.965, Steps=  36, Features = 16
   258: E[0:00:02]-R[0:00:13]: Return=     0.985, Steps=  16, Features = 16
   404: E[0:00:03]-R[0:00:12]: Return=     0.993, Steps=   8, Features = 16
   538: E[0:00:04]-R[0:00:11]: Return=     0.997, Steps=   4, Features = 16
   670: E[0:00:05]-R[0:00:10]: Return=     0.987, Steps=  14, Features = 16
   807: E[0:00:06]-R[0:00:09]: Return=     0.995, Steps=   6, Features = 16
   949: E[0:00:07]-R[0:00:08]: Return=     0.989, Steps=  12, Features = 16
  1093: E[0:00:08]-R[0:00:07]: Return=     0.991, Steps=  10, Features = 16
  1239: E[0:00:09]-R[0:00:06]: Return=     0.989, Steps=  12, Features = 16
  1383: E[0:00:10]-R[0:00:05]: Return=     0.995, Steps=   6, Features = 16
  1529: E[0:00:11]-R[0:00:03]: Return=     0.997, Steps=   4, Features = 16
  1676: E[0:00:12]-R[0:00:02]: Return=     0.993, Steps=   8, Features = 16
  1820: E[0:00:13]-R[0:00:01]: Return=     0.997, Steps=   4, Features = 16
  1966: E[0:00:14]-R[0:00:00]: Return=     0.995, Steps=   6, Features = 16
  2000: >>> E[0:00:15]-R[0:00:00]: Return=    0.9958, Steps= 5.2, Features = 16
Total Experiment Duration 0:00:15
     1: >>> E[0:00:15]-R[8:15:41]: Return=    0.7957, Steps= 5.3, Features = 16
     1: >>> E[0:00:30]-R[16:44:19]: Return=    0.9956, Steps= 5.4, Features = 16
Output:			./Results/Experiment10/
     0: >>> E[0:00:00]-R[?]: Return=    0.7964, Steps= 4.6, Features = 16
   106: E[0:00:01]-R[0:00:14]: Return=     0.997, Steps=   4, Features = 16
   238: E[0:00:02]-R[0:00:13]: Return=    -1.011, Steps=  12, Features = 16
   378: E[0:00:03]-R[0:00:12]: Return=     0.995, Steps=   6, Features = 16
   518: E[0:00:04]-R[0:00:11]: Return=     0.991, Steps=  10, Features = 16
   654: E[0:00:05]-R[0:00:10]: Return=     0.993, Steps=   8, Features = 16
   786: E[0:00:06]-R[0:00:09]: Return=    -1.003, Steps=   4, Features = 16
   922: E[0:00:07]-R[0:00:08]: Return=     0.993, Steps=   8, Features = 16
  1052: E[0:00:08]-R[0:00:07]: Return=     0.997, Steps=   4, Features = 16
  1192: E[0:00:09]-R[0:00:06]: Return=     0.989, Steps=  12, Features = 16
  1324: E[0:00:10]-R[0:00:05]: Return=     0.991, Steps=  10, Features = 16
  1458: E[0:00:11]-R[0:00:04]: Return=     0.997, Steps=   4, Features = 16
  1614: E[0:00:12]-R[0:00:03]: Return=     0.973, Steps=  28, Features = 16
  1764: E[0:00:13]-R[0:00:02]: Return=     0.989, Steps=  12, Features = 16
  1906: E[0:00:14]-R[0:00:01]: Return=     0.997, Steps=   4, Features = 16
  2000: >>> E[0:00:15]-R[0:00:00]: Return=    0.7948, Steps= 6.2, Features = 16
Total Experiment Duration 0:00:15
     1: >>> E[0:00:15]-R[8:24:03]: Return=    0.9958, Steps= 5.2, Features = 16
     1: >>> E[0:00:31]-R[17:22:51]: Return=    0.5956, Steps= 5.4, Features = 16
Output:			./Results/Experiment10/
     0: >>> E[0:00:00]-R[?]: Return=    0.5962, Steps= 4.8, Features = 16
    85: E[0:00:01]-R[0:00:15]: Return=     0.993, Steps=   8, Features = 16
   212: E[0:00:02]-R[0:00:14]: Return=     0.993, Steps=   8, Features = 16
   356: E[0:00:03]-R[0:00:13]: Return=     0.993, Steps=   8, Features = 16
   494: E[0:00:04]-R[0:00:12]: Return=     0.995, Steps=   6, Features = 16
   643: E[0:00:05]-R[0:00:10]: Return=     0.987, Steps=  14, Features = 16
   778: E[0:00:06]-R[0:00:09]: Return=     0.997, Steps=   4, Features = 16
   929: E[0:00:07]-R[0:00:08]: Return=     0.989, Steps=  12, Features = 16
  1063: E[0:00:08]-R[0:00:07]: Return=     0.997, Steps=   4, Features = 16
  1201: E[0:00:09]-R[0:00:06]: Return=     0.997, Steps=   4, Features = 16
  1339: E[0:00:10]-R[0:00:05]: Return=     0.991, Steps=  10, Features = 16
  1480: E[0:00:11]-R[0:00:04]: Return=     0.995, Steps=   6, Features = 16
  1617: E[0:00:12]-R[0:00:03]: Return=     0.983, Steps=  18, Features = 16
  1753: E[0:00:13]-R[0:00:02]: Return=     0.993, Steps=   8, Features = 16
  1893: E[0:00:14]-R[0:00:01]: Return=     0.993, Steps=   8, Features = 16
  2000: >>> E[0:00:15]-R[0:00:00]: Return=     0.994, Steps= 7.0, Features = 16
Total Experiment Duration 0:00:15
     1: >>> E[0:00:15]-R[8:27:31]: Return=    0.7947, Steps= 6.3, Features = 16
     1: >>> E[0:00:31]-R[16:56:17]: Return=    0.9934, Steps= 7.6, Features = 16
Output:			./Results/Experiment10/
     0: >>> E[0:00:00]-R[?]: Return=    0.7949, Steps= 6.1, Features = 16
   103: E[0:00:01]-R[0:00:14]: Return=    -1.006, Steps=   7, Features = 16
   243: E[0:00:02]-R[0:00:13]: Return=     0.989, Steps=  12, Features = 16
   385: E[0:00:03]-R[0:00:12]: Return=     0.995, Steps=   6, Features = 16
   531: E[0:00:04]-R[0:00:11]: Return=     0.987, Steps=  14, Features = 16
   674: E[0:00:05]-R[0:00:10]: Return=     0.997, Steps=   4, Features = 16
   816: E[0:00:06]-R[0:00:09]: Return=     0.997, Steps=   4, Features = 16
   951: E[0:00:07]-R[0:00:08]: Return=     0.997, Steps=   4, Features = 16
  1103: E[0:00:08]-R[0:00:07]: Return=     0.983, Steps=  18, Features = 16
  1238: E[0:00:09]-R[0:00:06]: Return=     0.983, Steps=  18, Features = 16
  1379: E[0:00:10]-R[0:00:05]: Return=     0.993, Steps=   8, Features = 16
  1521: E[0:00:11]-R[0:00:04]: Return=     0.989, Steps=  12, Features = 16
  1660: E[0:00:12]-R[0:00:02]: Return=     0.997, Steps=   4, Features = 16
  1801: E[0:00:13]-R[0:00:01]: Return=     0.995, Steps=   6, Features = 16
  1947: E[0:00:14]-R[0:00:00]: Return=     0.991, Steps=  10, Features = 16
  2000: >>> E[0:00:15]-R[0:00:00]: Return=     0.995, Steps= 6.0, Features = 16
Total Experiment Duration 0:00:15
     1: >>> E[0:00:15]-R[8:18:49]: Return=    0.7945, Steps= 6.5, Features = 16
     1: >>> E[0:00:30]-R[16:45:26]: Return=    0.9964, Steps= 4.6, Features = 16
Output:			./Results/Experiment10/
