     0: >>> E[0:00:00]-R[?]: Return=    -0.924, Steps=5.02, Features = 16
    52: E[0:00:01]-R[0:06:05]: Return=    -1.005, Steps=   6, Features = 16
   164: E[0:00:02]-R[0:05:20]: Return=     0.989, Steps=  12, Features = 16
   260: E[0:00:03]-R[0:05:24]: Return=     0.989, Steps=  12, Features = 16
   366: E[0:00:04]-R[0:05:18]: Return=     0.991, Steps=  10, Features = 16
   464: E[0:00:05]-R[0:05:18]: Return=     0.987, Steps=  14, Features = 16
   574: E[0:00:06]-R[0:05:14]: Return=     0.987, Steps=  14, Features = 16
   670: E[0:00:07]-R[0:05:14]: Return=     0.995, Steps=   6, Features = 16
   776: E[0:00:08]-R[0:05:10]: Return=     0.987, Steps=  14, Features = 16
   880: E[0:00:09]-R[0:05:05]: Return=     0.993, Steps=   8, Features = 16
   996: E[0:00:10]-R[0:04:58]: Return=    -1.001, Steps=   2, Features = 16
  1112: E[0:00:11]-R[0:04:54]: Return=    -1.009, Steps=  10, Features = 16
  1228: E[0:00:12]-R[0:04:51]: Return=     0.985, Steps=  16, Features = 16
  1318: E[0:00:13]-R[0:04:53]: Return=     0.989, Steps=  12, Features = 16
  1424: E[0:00:15]-R[0:04:51]: Return=     0.993, Steps=   8, Features = 16
  1518: E[0:00:16]-R[0:04:53]: Return=     0.991, Steps=  10, Features = 16
  1630: E[0:00:17]-R[0:04:50]: Return=    -1.005, Steps=   6, Features = 16
  1742: E[0:00:18]-R[0:04:46]: Return=     0.989, Steps=  12, Features = 16
  1852: E[0:00:19]-R[0:04:44]: Return=     0.993, Steps=   8, Features = 16
  1968: E[0:00:20]-R[0:04:41]: Return=     0.993, Steps=   8, Features = 16
  2058: E[0:00:21]-R[0:04:42]: Return=     0.995, Steps=   6, Features = 16
  2148: E[0:00:22]-R[0:04:43]: Return=     0.991, Steps=  10, Features = 16
  2246: E[0:00:23]-R[0:04:44]: Return=     0.989, Steps=  12, Features = 16
  2336: E[0:00:24]-R[0:04:44]: Return=     0.991, Steps=  10, Features = 16
  2408: E[0:00:25]-R[0:04:47]: Return=     0.993, Steps=   8, Features = 16
  2510: E[0:00:26]-R[0:04:46]: Return=     0.989, Steps=  12, Features = 16
  2586: E[0:00:27]-R[0:04:48]: Return=     0.991, Steps=  10, Features = 16
  2672: E[0:00:28]-R[0:04:48]: Return=     0.993, Steps=   8, Features = 16
  2768: E[0:00:29]-R[0:04:48]: Return=     0.993, Steps=   8, Features = 16
  2862: E[0:00:30]-R[0:04:47]: Return=     0.993, Steps=   8, Features = 16
  2960: E[0:00:31]-R[0:04:47]: Return=     0.993, Steps=   8, Features = 16
  3000: >>> E[0:00:32]-R[0:04:48]: Return=    0.5939, Steps=7.06, Features = 16
  3094: E[0:00:33]-R[0:04:47]: Return=    -1.003, Steps=   4, Features = 16
  3188: E[0:00:34]-R[0:04:46]: Return=     0.989, Steps=  12, Features = 16
  3292: E[0:00:35]-R[0:04:44]: Return=     0.991, Steps=  10, Features = 16
  3380: E[0:00:36]-R[0:04:44]: Return=     0.991, Steps=  10, Features = 16
  3470: E[0:00:37]-R[0:04:43]: Return=     0.985, Steps=  16, Features = 16
  3566: E[0:00:38]-R[0:04:42]: Return=     0.989, Steps=  12, Features = 16
  3652: E[0:00:39]-R[0:04:42]: Return=     0.993, Steps=   8, Features = 16
  3746: E[0:00:40]-R[0:04:41]: Return=     0.993, Steps=   8, Features = 16
  3836: E[0:00:41]-R[0:04:41]: Return=    -1.001, Steps=   2, Features = 16
  3928: E[0:00:42]-R[0:04:40]: Return=     0.991, Steps=  10, Features = 16
  4028: E[0:00:43]-R[0:04:39]: Return=     0.993, Steps=   8, Features = 16
  4112: E[0:00:44]-R[0:04:39]: Return=     0.995, Steps=   6, Features = 16
  4206: E[0:00:45]-R[0:04:38]: Return=     0.995, Steps=   6, Features = 16
  4288: E[0:00:46]-R[0:04:38]: Return=     0.993, Steps=   8, Features = 16
  4376: E[0:00:47]-R[0:04:37]: Return=     0.989, Steps=  12, Features = 16
  4456: E[0:00:48]-R[0:04:38]: Return=     0.991, Steps=  10, Features = 16
  4532: E[0:00:49]-R[0:04:38]: Return=    -1.005, Steps=   6, Features = 16
  4612: E[0:00:50]-R[0:04:38]: Return=     0.995, Steps=   6, Features = 16
  4708: E[0:00:52]-R[0:04:37]: Return=     0.987, Steps=  14, Features = 16
  4796: E[0:00:53]-R[0:04:37]: Return=     0.987, Steps=  14, Features = 16
  4894: E[0:00:54]-R[0:04:36]: Return=     0.993, Steps=   8, Features = 16
  4996: E[0:00:55]-R[0:04:34]: Return=     0.993, Steps=   8, Features = 16
  5098: E[0:00:56]-R[0:04:33]: Return=     0.993, Steps=   8, Features = 16
  5194: E[0:00:57]-R[0:04:32]: Return=     0.993, Steps=   8, Features = 16
  5292: E[0:00:58]-R[0:04:31]: Return=     0.991, Steps=  10, Features = 16
  5382: E[0:00:59]-R[0:04:30]: Return=     0.987, Steps=  14, Features = 16
  5476: E[0:01:00]-R[0:04:29]: Return=     0.995, Steps=   6, Features = 16
  5568: E[0:01:01]-R[0:04:28]: Return=    -1.003, Steps=   4, Features = 16
  5654: E[0:01:02]-R[0:04:27]: Return=     0.985, Steps=  16, Features = 16
  5770: E[0:01:03]-R[0:04:25]: Return=     0.989, Steps=  12, Features = 16
  5868: E[0:01:04]-R[0:04:23]: Return=     0.995, Steps=   6, Features = 16
  5964: E[0:01:05]-R[0:04:22]: Return=     0.995, Steps=   6, Features = 16
  6000: >>> E[0:01:05]-R[0:04:22]: Return=    0.5139, Steps= 7.1, Features = 16
  6100: E[0:01:06]-R[0:04:21]: Return=     0.991, Steps=  10, Features = 16
  6204: E[0:01:08]-R[0:04:19]: Return=     0.993, Steps=   8, Features = 16
  6312: E[0:01:09]-R[0:04:18]: Return=     0.991, Steps=  10, Features = 16
  6406: E[0:01:10]-R[0:04:16]: Return=     0.993, Steps=   8, Features = 16
  6502: E[0:01:11]-R[0:04:15]: Return=     0.991, Steps=  10, Features = 16
  6602: E[0:01:12]-R[0:04:14]: Return=     0.987, Steps=  14, Features = 16
  6674: E[0:01:13]-R[0:04:14]: Return=     0.993, Steps=   8, Features = 16
  6754: E[0:01:14]-R[0:04:14]: Return=     0.987, Steps=  14, Features = 16
  6836: E[0:01:15]-R[0:04:14]: Return=     0.995, Steps=   6, Features = 16
  6916: E[0:01:16]-R[0:04:13]: Return=     0.991, Steps=  10, Features = 16
  7000: E[0:01:17]-R[0:04:13]: Return=     0.985, Steps=  16, Features = 16
  7088: E[0:01:18]-R[0:04:12]: Return=     0.993, Steps=   8, Features = 16
  7194: E[0:01:19]-R[0:04:11]: Return=     0.987, Steps=  14, Features = 16
  7298: E[0:01:20]-R[0:04:09]: Return=     0.993, Steps=   8, Features = 16
  7410: E[0:01:21]-R[0:04:07]: Return=     0.995, Steps=   6, Features = 16
  7508: E[0:01:22]-R[0:04:06]: Return=     0.995, Steps=   6, Features = 16
  7610: E[0:01:23]-R[0:04:05]: Return=     0.993, Steps=   8, Features = 16
  7718: E[0:01:24]-R[0:04:03]: Return=     0.985, Steps=  16, Features = 16
  7814: E[0:01:25]-R[0:04:02]: Return=     0.993, Steps=   8, Features = 16
  7904: E[0:01:26]-R[0:04:01]: Return=     0.995, Steps=   6, Features = 16
  7988: E[0:01:27]-R[0:04:01]: Return=     0.991, Steps=  10, Features = 16
  8074: E[0:01:29]-R[0:04:00]: Return=     0.995, Steps=   6, Features = 16
  8164: E[0:01:30]-R[0:04:00]: Return=     0.993, Steps=   8, Features = 16
  8250: E[0:01:31]-R[0:03:59]: Return=     0.993, Steps=   8, Features = 16
  8342: E[0:01:32]-R[0:03:58]: Return=    -1.005, Steps=   6, Features = 16
  8440: E[0:01:33]-R[0:03:57]: Return=     0.995, Steps=   6, Features = 16
  8530: E[0:01:34]-R[0:03:56]: Return=     0.987, Steps=  14, Features = 16
  8610: E[0:01:35]-R[0:03:56]: Return=     0.991, Steps=  10, Features = 16
  8706: E[0:01:36]-R[0:03:54]: Return=     0.993, Steps=   8, Features = 16
  8808: E[0:01:37]-R[0:03:53]: Return=     0.991, Steps=  10, Features = 16
  8902: E[0:01:38]-R[0:03:52]: Return=     0.993, Steps=   8, Features = 16
  8984: E[0:01:39]-R[0:03:51]: Return=     0.995, Steps=   6, Features = 16
  9000: >>> E[0:01:39]-R[0:03:52]: Return=    0.6539, Steps=7.08, Features = 16
  9060: E[0:01:40]-R[0:03:52]: Return=     0.991, Steps=  10, Features = 16
  9118: E[0:01:41]-R[0:03:52]: Return=     0.991, Steps=  10, Features = 16
  9178: E[0:01:42]-R[0:03:52]: Return=     0.995, Steps=   6, Features = 16
  9232: E[0:01:43]-R[0:03:53]: Return=    -1.005, Steps=   6, Features = 16
  9290: E[0:01:45]-R[0:03:53]: Return=     0.995, Steps=   6, Features = 16
  9344: E[0:01:46]-R[0:03:53]: Return=    -1.001, Steps=   2, Features = 16
  9410: E[0:01:47]-R[0:03:54]: Return=     0.985, Steps=  16, Features = 16
  9470: E[0:01:48]-R[0:03:54]: Return=     0.989, Steps=  12, Features = 16
  9532: E[0:01:49]-R[0:03:54]: Return=    -1.009, Steps=  10, Features = 16
  9594: E[0:01:50]-R[0:03:54]: Return=     0.993, Steps=   8, Features = 16
  9658: E[0:01:51]-R[0:03:54]: Return=     0.989, Steps=  12, Features = 16
  9714: E[0:01:52]-R[0:03:55]: Return=     0.993, Steps=   8, Features = 16
  9770: E[0:01:53]-R[0:03:55]: Return=     0.995, Steps=   6, Features = 16
  9832: E[0:01:54]-R[0:03:55]: Return=    -1.001, Steps=   2, Features = 16
  9894: E[0:01:55]-R[0:03:55]: Return=     0.993, Steps=   8, Features = 16
  9954: E[0:01:56]-R[0:03:55]: Return=     0.991, Steps=  10, Features = 16
 10014: E[0:01:58]-R[0:03:55]: Return=     0.989, Steps=  12, Features = 16
 10082: E[0:01:59]-R[0:03:54]: Return=     0.989, Steps=  12, Features = 16
 10140: E[0:02:00]-R[0:03:54]: Return=     0.993, Steps=   8, Features = 16
 10198: E[0:02:01]-R[0:03:54]: Return=     0.987, Steps=  14, Features = 16
 10258: E[0:02:02]-R[0:03:54]: Return=     0.989, Steps=  12, Features = 16
 10318: E[0:02:03]-R[0:03:54]: Return=     0.993, Steps=   8, Features = 16
 10378: E[0:02:04]-R[0:03:54]: Return=     0.993, Steps=   8, Features = 16
 10438: E[0:02:05]-R[0:03:54]: Return=     0.995, Steps=   6, Features = 16
 10496: E[0:02:06]-R[0:03:54]: Return=     0.993, Steps=   8, Features = 16
 10554: E[0:02:07]-R[0:03:54]: Return=     0.977, Steps=  24, Features = 16
 10606: E[0:02:08]-R[0:03:54]: Return=     0.995, Steps=   6, Features = 16
 10664: E[0:02:09]-R[0:03:54]: Return=     0.993, Steps=   8, Features = 16
 10736: E[0:02:10]-R[0:03:54]: Return=     0.983, Steps=  18, Features = 16
 10808: E[0:02:12]-R[0:03:54]: Return=     0.979, Steps=  22, Features = 16
 10876: E[0:02:13]-R[0:03:53]: Return=    -1.009, Steps=  10, Features = 16
 10944: E[0:02:14]-R[0:03:53]: Return=     0.989, Steps=  12, Features = 16
 11008: E[0:02:15]-R[0:03:53]: Return=     0.995, Steps=   6, Features = 16
 11070: E[0:02:16]-R[0:03:52]: Return=     0.993, Steps=   8, Features = 16
 11132: E[0:02:17]-R[0:03:52]: Return=     0.995, Steps=   6, Features = 16
 11190: E[0:02:18]-R[0:03:52]: Return=     0.991, Steps=  10, Features = 16
 11256: E[0:02:19]-R[0:03:52]: Return=     0.991, Steps=  10, Features = 16
 11324: E[0:02:20]-R[0:03:52]: Return=     0.991, Steps=  10, Features = 16
 11394: E[0:02:21]-R[0:03:51]: Return=     0.991, Steps=  10, Features = 16
 11488: E[0:02:22]-R[0:03:50]: Return=     0.993, Steps=   8, Features = 16
 11576: E[0:02:23]-R[0:03:48]: Return=    -1.001, Steps=   2, Features = 16
 11644: E[0:02:25]-R[0:03:48]: Return=     0.989, Steps=  12, Features = 16
 11702: E[0:02:26]-R[0:03:48]: Return=     0.995, Steps=   6, Features = 16
 11760: E[0:02:27]-R[0:03:48]: Return=    -1.001, Steps=   2, Features = 16
 11824: E[0:02:28]-R[0:03:47]: Return=     0.985, Steps=  16, Features = 16
 11878: E[0:02:29]-R[0:03:47]: Return=    -1.001, Steps=   2, Features = 16
 11940: E[0:02:30]-R[0:03:47]: Return=     0.993, Steps=   8, Features = 16
 12000: >>> E[0:02:31]-R[0:03:46]: Return=    0.6535, Steps=7.54, Features = 16
 12064: E[0:02:32]-R[0:03:46]: Return=     0.993, Steps=   8, Features = 16
 12120: E[0:02:33]-R[0:03:46]: Return=     0.991, Steps=  10, Features = 16
 12182: E[0:02:34]-R[0:03:46]: Return=     0.991, Steps=  10, Features = 16
 12240: E[0:02:35]-R[0:03:45]: Return=     0.995, Steps=   6, Features = 16
 12298: E[0:02:36]-R[0:03:45]: Return=    -1.003, Steps=   4, Features = 16
 12356: E[0:02:37]-R[0:03:45]: Return=     0.991, Steps=  10, Features = 16
 12406: E[0:02:38]-R[0:03:45]: Return=    -1.001, Steps=   2, Features = 16
 12472: E[0:02:40]-R[0:03:44]: Return=     0.995, Steps=   6, Features = 16
 12532: E[0:02:41]-R[0:03:44]: Return=    -1.007, Steps=   8, Features = 16
 12596: E[0:02:42]-R[0:03:43]: Return=    -1.003, Steps=   4, Features = 16
 12658: E[0:02:43]-R[0:03:43]: Return=     0.993, Steps=   8, Features = 16
 12726: E[0:02:44]-R[0:03:42]: Return=     0.991, Steps=  10, Features = 16
 12788: E[0:02:45]-R[0:03:42]: Return=     0.991, Steps=  10, Features = 16
 12850: E[0:02:46]-R[0:03:41]: Return=     0.993, Steps=   8, Features = 16
 12918: E[0:02:47]-R[0:03:41]: Return=     0.987, Steps=  14, Features = 16
 12978: E[0:02:48]-R[0:03:40]: Return=     0.987, Steps=  14, Features = 16
 13044: E[0:02:49]-R[0:03:40]: Return=     0.991, Steps=  10, Features = 16
 13104: E[0:02:50]-R[0:03:39]: Return=     0.993, Steps=   8, Features = 16
 13162: E[0:02:51]-R[0:03:39]: Return=    -1.001, Steps=   2, Features = 16
 13220: E[0:02:52]-R[0:03:39]: Return=    -1.001, Steps=   2, Features = 16
 13278: E[0:02:53]-R[0:03:38]: Return=     0.993, Steps=   8, Features = 16
 13338: E[0:02:54]-R[0:03:38]: Return=     0.983, Steps=  18, Features = 16
 13398: E[0:02:55]-R[0:03:37]: Return=    -1.003, Steps=   4, Features = 16
 13454: E[0:02:56]-R[0:03:37]: Return=    -1.003, Steps=   4, Features = 16
 13512: E[0:02:57]-R[0:03:36]: Return=    -1.005, Steps=   6, Features = 16
 13574: E[0:02:58]-R[0:03:36]: Return=     0.993, Steps=   8, Features = 16
 13644: E[0:03:00]-R[0:03:35]: Return=     0.991, Steps=  10, Features = 16
 13702: E[0:03:01]-R[0:03:35]: Return=     0.991, Steps=  10, Features = 16
 13764: E[0:03:02]-R[0:03:34]: Return=     0.989, Steps=  12, Features = 16
 13818: E[0:03:03]-R[0:03:34]: Return=     0.995, Steps=   6, Features = 16
 13884: E[0:03:04]-R[0:03:34]: Return=     0.993, Steps=   8, Features = 16
 13944: E[0:03:05]-R[0:03:33]: Return=     0.993, Steps=   8, Features = 16
 14006: E[0:03:06]-R[0:03:33]: Return=     0.989, Steps=  12, Features = 16
 14072: E[0:03:07]-R[0:03:32]: Return=     0.989, Steps=  12, Features = 16
 14128: E[0:03:08]-R[0:03:32]: Return=     0.995, Steps=   6, Features = 16
 14188: E[0:03:09]-R[0:03:31]: Return=     0.995, Steps=   6, Features = 16
 14246: E[0:03:10]-R[0:03:31]: Return=    -1.001, Steps=   2, Features = 16
 14314: E[0:03:12]-R[0:03:30]: Return=     0.989, Steps=  12, Features = 16
 14372: E[0:03:13]-R[0:03:29]: Return=     0.995, Steps=   6, Features = 16
 14434: E[0:03:14]-R[0:03:29]: Return=     0.995, Steps=   6, Features = 16
 14492: E[0:03:15]-R[0:03:28]: Return=     0.995, Steps=   6, Features = 16
 14560: E[0:03:16]-R[0:03:28]: Return=     0.989, Steps=  12, Features = 16
 14616: E[0:03:17]-R[0:03:27]: Return=    -1.001, Steps=   2, Features = 16
 14672: E[0:03:18]-R[0:03:27]: Return=     0.995, Steps=   6, Features = 16
 14728: E[0:03:19]-R[0:03:26]: Return=     0.995, Steps=   6, Features = 16
 14788: E[0:03:20]-R[0:03:26]: Return=     0.993, Steps=   8, Features = 16
 14846: E[0:03:21]-R[0:03:25]: Return=     0.995, Steps=   6, Features = 16
 14908: E[0:03:22]-R[0:03:25]: Return=     0.995, Steps=   6, Features = 16
 14964: E[0:03:23]-R[0:03:24]: Return=     0.995, Steps=   6, Features = 16
 15000: >>> E[0:03:24]-R[0:03:24]: Return=    0.7137, Steps=7.34, Features = 16
 15066: E[0:03:25]-R[0:03:23]: Return=     0.989, Steps=  12, Features = 16
 15124: E[0:03:26]-R[0:03:23]: Return=     0.995, Steps=   6, Features = 16
 15184: E[0:03:27]-R[0:03:22]: Return=     0.989, Steps=  12, Features = 16
 15242: E[0:03:28]-R[0:03:22]: Return=     0.995, Steps=   6, Features = 16
 15302: E[0:03:29]-R[0:03:21]: Return=     0.993, Steps=   8, Features = 16
 15360: E[0:03:31]-R[0:03:21]: Return=     0.995, Steps=   6, Features = 16
 15424: E[0:03:32]-R[0:03:20]: Return=     0.993, Steps=   8, Features = 16
 15476: E[0:03:33]-R[0:03:19]: Return=    -1.001, Steps=   2, Features = 16
 15534: E[0:03:34]-R[0:03:19]: Return=     0.993, Steps=   8, Features = 16
 15592: E[0:03:35]-R[0:03:18]: Return=    -1.001, Steps=   2, Features = 16
 15650: E[0:03:36]-R[0:03:18]: Return=     0.991, Steps=  10, Features = 16
 15706: E[0:03:37]-R[0:03:17]: Return=    -1.003, Steps=   4, Features = 16
 15766: E[0:03:38]-R[0:03:17]: Return=     0.989, Steps=  12, Features = 16
 15832: E[0:03:39]-R[0:03:16]: Return=     0.995, Steps=   6, Features = 16
 15894: E[0:03:40]-R[0:03:15]: Return=     0.993, Steps=   8, Features = 16
 15958: E[0:03:41]-R[0:03:14]: Return=     0.987, Steps=  14, Features = 16
 16020: E[0:03:42]-R[0:03:14]: Return=     0.993, Steps=   8, Features = 16
 16080: E[0:03:43]-R[0:03:13]: Return=     0.993, Steps=   8, Features = 16
 16142: E[0:03:44]-R[0:03:13]: Return=     0.993, Steps=   8, Features = 16
 16220: E[0:03:46]-R[0:03:12]: Return=     0.981, Steps=  20, Features = 16
 16280: E[0:03:47]-R[0:03:11]: Return=     0.987, Steps=  14, Features = 16
 16338: E[0:03:48]-R[0:03:10]: Return=     0.983, Steps=  18, Features = 16
 16396: E[0:03:49]-R[0:03:10]: Return=     0.991, Steps=  10, Features = 16
 16462: E[0:03:50]-R[0:03:09]: Return=     0.983, Steps=  18, Features = 16
 16524: E[0:03:51]-R[0:03:08]: Return=    -1.003, Steps=   4, Features = 16
 16594: E[0:03:52]-R[0:03:08]: Return=     0.983, Steps=  18, Features = 16
 16642: E[0:03:53]-R[0:03:07]: Return=     0.995, Steps=   6, Features = 16
 16696: E[0:03:54]-R[0:03:07]: Return=     0.995, Steps=   6, Features = 16
 16760: E[0:03:55]-R[0:03:06]: Return=     0.993, Steps=   8, Features = 16
 16826: E[0:03:56]-R[0:03:05]: Return=     0.995, Steps=   6, Features = 16
 16928: E[0:03:57]-R[0:03:03]: Return=     0.993, Steps=   8, Features = 16
 17024: E[0:03:58]-R[0:03:02]: Return=    -1.005, Steps=   6, Features = 16
 17130: E[0:04:00]-R[0:03:00]: Return=     0.983, Steps=  18, Features = 16
 17222: E[0:04:01]-R[0:02:59]: Return=     0.993, Steps=   8, Features = 16
 17312: E[0:04:02]-R[0:02:57]: Return=     0.995, Steps=   6, Features = 16
 17372: E[0:04:03]-R[0:02:56]: Return=     0.995, Steps=   6, Features = 16
 17436: E[0:04:04]-R[0:02:56]: Return=     0.991, Steps=  10, Features = 16
 17494: E[0:04:05]-R[0:02:55]: Return=     0.987, Steps=  14, Features = 16
 17546: E[0:04:06]-R[0:02:55]: Return=     0.995, Steps=   6, Features = 16
 17606: E[0:04:07]-R[0:02:54]: Return=     0.991, Steps=  10, Features = 16
 17662: E[0:04:08]-R[0:02:53]: Return=     0.995, Steps=   6, Features = 16
 17718: E[0:04:09]-R[0:02:53]: Return=     0.995, Steps=   6, Features = 16
 17772: E[0:04:10]-R[0:02:52]: Return=     0.991, Steps=  10, Features = 16
 17830: E[0:04:11]-R[0:02:52]: Return=     0.991, Steps=  10, Features = 16
 17882: E[0:04:13]-R[0:02:51]: Return=     0.993, Steps=   8, Features = 16
 17936: E[0:04:14]-R[0:02:51]: Return=     0.995, Steps=   6, Features = 16
 18000: >>> E[0:04:15]-R[0:02:50]: Return=    0.6529, Steps=8.14, Features = 16
 18070: E[0:04:16]-R[0:02:49]: Return=     0.987, Steps=  14, Features = 16
 18126: E[0:04:17]-R[0:02:48]: Return=     0.989, Steps=  12, Features = 16
 18184: E[0:04:18]-R[0:02:48]: Return=     0.993, Steps=   8, Features = 16
 18240: E[0:04:19]-R[0:02:47]: Return=    -1.009, Steps=  10, Features = 16
 18298: E[0:04:20]-R[0:02:46]: Return=     0.989, Steps=  12, Features = 16
 18354: E[0:04:21]-R[0:02:46]: Return=     0.991, Steps=  10, Features = 16
 18398: E[0:04:22]-R[0:02:46]: Return=     0.987, Steps=  14, Features = 16
 18454: E[0:04:24]-R[0:02:45]: Return=     0.995, Steps=   6, Features = 16
 18510: E[0:04:25]-R[0:02:44]: Return=     0.991, Steps=  10, Features = 16
 18566: E[0:04:26]-R[0:02:44]: Return=     0.991, Steps=  10, Features = 16
 18628: E[0:04:27]-R[0:02:43]: Return=     0.991, Steps=  10, Features = 16
 18686: E[0:04:28]-R[0:02:42]: Return=     0.993, Steps=   8, Features = 16
 18748: E[0:04:29]-R[0:02:41]: Return=     0.991, Steps=  10, Features = 16
 18810: E[0:04:30]-R[0:02:41]: Return=     0.991, Steps=  10, Features = 16
 18866: E[0:04:31]-R[0:02:40]: Return=    -1.003, Steps=   4, Features = 16
 18918: E[0:04:32]-R[0:02:39]: Return=    -1.001, Steps=   2, Features = 16
 18982: E[0:04:33]-R[0:02:39]: Return=     0.989, Steps=  12, Features = 16
 19038: E[0:04:34]-R[0:02:38]: Return=     0.989, Steps=  12, Features = 16
 19094: E[0:04:35]-R[0:02:37]: Return=     0.993, Steps=   8, Features = 16
 19150: E[0:04:36]-R[0:02:37]: Return=     0.993, Steps=   8, Features = 16
 19216: E[0:04:38]-R[0:02:36]: Return=     0.985, Steps=  16, Features = 16
 19270: E[0:04:39]-R[0:02:35]: Return=     0.991, Steps=  10, Features = 16
 19320: E[0:04:40]-R[0:02:35]: Return=     0.993, Steps=   8, Features = 16
 19374: E[0:04:41]-R[0:02:34]: Return=     0.995, Steps=   6, Features = 16
 19428: E[0:04:42]-R[0:02:33]: Return=     0.995, Steps=   6, Features = 16
 19488: E[0:04:43]-R[0:02:33]: Return=     0.991, Steps=  10, Features = 16
 19540: E[0:04:44]-R[0:02:32]: Return=     0.991, Steps=  10, Features = 16
 19600: E[0:04:45]-R[0:02:31]: Return=     0.981, Steps=  20, Features = 16
 19660: E[0:04:46]-R[0:02:31]: Return=     0.993, Steps=   8, Features = 16
 19716: E[0:04:47]-R[0:02:30]: Return=    -1.003, Steps=   4, Features = 16
 19778: E[0:04:49]-R[0:02:29]: Return=     0.991, Steps=  10, Features = 16
 19840: E[0:04:50]-R[0:02:28]: Return=     0.989, Steps=  12, Features = 16
 19900: E[0:04:51]-R[0:02:28]: Return=     0.985, Steps=  16, Features = 16
 19956: E[0:04:52]-R[0:02:27]: Return=    -1.001, Steps=   2, Features = 16
 20004: E[0:04:53]-R[0:02:26]: Return=    -1.001, Steps=   2, Features = 16
 20062: E[0:04:54]-R[0:02:26]: Return=     0.991, Steps=  10, Features = 16
 20114: E[0:04:55]-R[0:02:25]: Return=     0.995, Steps=   6, Features = 16
 20170: E[0:04:56]-R[0:02:24]: Return=    -1.003, Steps=   4, Features = 16
 20222: E[0:04:57]-R[0:02:24]: Return=     0.991, Steps=  10, Features = 16
 20280: E[0:04:59]-R[0:02:23]: Return=     0.989, Steps=  12, Features = 16
 20342: E[0:05:00]-R[0:02:22]: Return=     0.983, Steps=  18, Features = 16
 20396: E[0:05:01]-R[0:02:22]: Return=    -1.003, Steps=   4, Features = 16
 20456: E[0:05:02]-R[0:02:21]: Return=     0.987, Steps=  14, Features = 16
 20522: E[0:05:03]-R[0:02:20]: Return=     0.985, Steps=  16, Features = 16
 20578: E[0:05:04]-R[0:02:19]: Return=    -1.001, Steps=   2, Features = 16
 20642: E[0:05:05]-R[0:02:18]: Return=     0.983, Steps=  18, Features = 16
 20708: E[0:05:07]-R[0:02:18]: Return=     0.987, Steps=  14, Features = 16
 20768: E[0:05:08]-R[0:02:17]: Return=     0.981, Steps=  20, Features = 16
 20820: E[0:05:09]-R[0:02:16]: Return=    -1.003, Steps=   4, Features = 16
 20912: E[0:05:10]-R[0:02:15]: Return=     0.991, Steps=  10, Features = 16
 20994: E[0:05:11]-R[0:02:13]: Return=     0.989, Steps=  12, Features = 16
 21000: >>> E[0:05:11]-R[0:02:13]: Return=    0.5736, Steps=7.36, Features = 16
 21060: E[0:05:12]-R[0:02:13]: Return=     0.995, Steps=   6, Features = 16
 21156: E[0:05:13]-R[0:02:11]: Return=     0.981, Steps=  20, Features = 16
 21244: E[0:05:14]-R[0:02:10]: Return=     0.993, Steps=   8, Features = 16
 21346: E[0:05:15]-R[0:02:08]: Return=     0.993, Steps=   8, Features = 16
 21446: E[0:05:16]-R[0:02:06]: Return=    -1.003, Steps=   4, Features = 16
 21552: E[0:05:17]-R[0:02:04]: Return=     0.977, Steps=  24, Features = 16
 21644: E[0:05:18]-R[0:02:03]: Return=     0.995, Steps=   6, Features = 16
 21752: E[0:05:20]-R[0:02:01]: Return=     0.991, Steps=  10, Features = 16
 21856: E[0:05:21]-R[0:01:59]: Return=     0.977, Steps=  24, Features = 16
 21954: E[0:05:22]-R[0:01:58]: Return=     0.991, Steps=  10, Features = 16
 22014: E[0:05:23]-R[0:01:57]: Return=     0.991, Steps=  10, Features = 16
 22072: E[0:05:24]-R[0:01:56]: Return=     0.991, Steps=  10, Features = 16
 22128: E[0:05:25]-R[0:01:56]: Return=     0.989, Steps=  12, Features = 16
 22182: E[0:05:26]-R[0:01:55]: Return=     0.987, Steps=  14, Features = 16
 22248: E[0:05:27]-R[0:01:54]: Return=     0.981, Steps=  20, Features = 16
 22302: E[0:05:28]-R[0:01:53]: Return=     0.993, Steps=   8, Features = 16
 22362: E[0:05:29]-R[0:01:52]: Return=    -1.001, Steps=   2, Features = 16
 22440: E[0:05:31]-R[0:01:51]: Return=     0.979, Steps=  22, Features = 16
 22498: E[0:05:32]-R[0:01:51]: Return=     0.995, Steps=   6, Features = 16
 22562: E[0:05:33]-R[0:01:50]: Return=     0.989, Steps=  12, Features = 16
 22618: E[0:05:34]-R[0:01:49]: Return=    -1.007, Steps=   8, Features = 16
 22680: E[0:05:35]-R[0:01:48]: Return=     0.995, Steps=   6, Features = 16
 22742: E[0:05:36]-R[0:01:47]: Return=    -1.005, Steps=   6, Features = 16
 22790: E[0:05:37]-R[0:01:47]: Return=    -1.009, Steps=  10, Features = 16
 22850: E[0:05:38]-R[0:01:46]: Return=     0.993, Steps=   8, Features = 16
 22912: E[0:05:39]-R[0:01:45]: Return=     0.987, Steps=  14, Features = 16
 22974: E[0:05:41]-R[0:01:44]: Return=     0.989, Steps=  12, Features = 16
 23048: E[0:05:42]-R[0:01:43]: Return=     0.979, Steps=  22, Features = 16
 23114: E[0:05:43]-R[0:01:42]: Return=     0.987, Steps=  14, Features = 16
 23172: E[0:05:44]-R[0:01:41]: Return=     0.983, Steps=  18, Features = 16
 23228: E[0:05:45]-R[0:01:41]: Return=    -1.001, Steps=   2, Features = 16
 23288: E[0:05:46]-R[0:01:40]: Return=    -1.005, Steps=   6, Features = 16
 23344: E[0:05:47]-R[0:01:39]: Return=     0.991, Steps=  10, Features = 16
 23398: E[0:05:48]-R[0:01:38]: Return=     0.989, Steps=  12, Features = 16
 23452: E[0:05:49]-R[0:01:38]: Return=    -1.001, Steps=   2, Features = 16
 23510: E[0:05:50]-R[0:01:37]: Return=    -1.001, Steps=   2, Features = 16
 23562: E[0:05:51]-R[0:01:36]: Return=     0.995, Steps=   6, Features = 16
 23626: E[0:05:52]-R[0:01:35]: Return=     0.993, Steps=   8, Features = 16
 23682: E[0:05:54]-R[0:01:34]: Return=     0.995, Steps=   6, Features = 16
 23726: E[0:05:55]-R[0:01:34]: Return=     0.989, Steps=  12, Features = 16
 23780: E[0:05:56]-R[0:01:33]: Return=    -1.001, Steps=   2, Features = 16
 23842: E[0:05:57]-R[0:01:32]: Return=     0.993, Steps=   8, Features = 16
     0: >>> E[0:00:00]-R[?]: Return=    -0.924, Steps=5.02, Features = 16
    58: E[0:00:01]-R[0:05:11]: Return=    -1.005, Steps=   6, Features = 16
   152: E[0:00:02]-R[0:05:16]: Return=     0.963, Steps=  38, Features = 16
   248: E[0:00:03]-R[0:05:15]: Return=     0.985, Steps=  16, Features = 16
   342: E[0:00:04]-R[0:05:19]: Return=     0.991, Steps=  10, Features = 16
   434: E[0:00:05]-R[0:05:21]: Return=     0.991, Steps=  10, Features = 16
   538: E[0:00:06]-R[0:05:18]: Return=     0.989, Steps=  12, Features = 16
   632: E[0:00:07]-R[0:05:16]: Return=     0.993, Steps=   8, Features = 16
   726: E[0:00:08]-R[0:05:18]: Return=     0.993, Steps=   8, Features = 16
   828: E[0:00:09]-R[0:05:17]: Return=     0.987, Steps=  14, Features = 16
   920: E[0:00:10]-R[0:05:19]: Return=     0.987, Steps=  14, Features = 16
  1012: E[0:00:11]-R[0:05:20]: Return=     0.993, Steps=   8, Features = 16
  1112: E[0:00:12]-R[0:05:17]: Return=    -1.009, Steps=  10, Features = 16
  1198: E[0:00:13]-R[0:05:18]: Return=     0.993, Steps=   8, Features = 16
  1290: E[0:00:14]-R[0:05:18]: Return=    -1.003, Steps=   4, Features = 16
  1388: E[0:00:15]-R[0:05:16]: Return=     0.993, Steps=   8, Features = 16
  1474: E[0:00:16]-R[0:05:16]: Return=     0.993, Steps=   8, Features = 16
  1570: E[0:00:17]-R[0:05:15]: Return=     0.991, Steps=  10, Features = 16
  1674: E[0:00:18]-R[0:05:13]: Return=     0.989, Steps=  12, Features = 16
  1764: E[0:00:20]-R[0:05:13]: Return=    -1.003, Steps=   4, Features = 16
  1852: E[0:00:21]-R[0:05:13]: Return=     0.993, Steps=   8, Features = 16
  1910: E[0:00:22]-R[0:05:21]: Return=     0.989, Steps=  12, Features = 16
  1960: E[0:00:23]-R[0:05:28]: Return=     0.995, Steps=   6, Features = 16
  2020: E[0:00:24]-R[0:05:34]: Return=     0.991, Steps=  10, Features = 16
  2070: E[0:00:25]-R[0:05:40]: Return=     0.995, Steps=   6, Features = 16
  2122: E[0:00:26]-R[0:05:46]: Return=     0.991, Steps=  10, Features = 16
  2186: E[0:00:27]-R[0:05:49]: Return=     0.989, Steps=  12, Features = 16
  2280: E[0:00:28]-R[0:05:46]: Return=     0.993, Steps=   8, Features = 16
  2366: E[0:00:29]-R[0:05:45]: Return=     0.995, Steps=   6, Features = 16
  2464: E[0:00:31]-R[0:05:42]: Return=     0.993, Steps=   8, Features = 16
  2552: E[0:00:32]-R[0:05:40]: Return=     0.993, Steps=   8, Features = 16
  2634: E[0:00:33]-R[0:05:39]: Return=     0.991, Steps=  10, Features = 16
  2730: E[0:00:34]-R[0:05:36]: Return=    -1.003, Steps=   4, Features = 16
  2838: E[0:00:35]-R[0:05:32]: Return=     0.991, Steps=  10, Features = 16
  2932: E[0:00:36]-R[0:05:30]: Return=     0.995, Steps=   6, Features = 16
  3000: >>> E[0:00:36]-R[0:05:28]: Return=    0.5939, Steps=7.06, Features = 16
  3090: E[0:00:38]-R[0:05:27]: Return=     0.991, Steps=  10, Features = 16
  3168: E[0:00:39]-R[0:05:26]: Return=    -1.001, Steps=   2, Features = 16
  3264: E[0:00:40]-R[0:05:24]: Return=     0.995, Steps=   6, Features = 16
  3358: E[0:00:41]-R[0:05:23]: Return=    -1.011, Steps=  12, Features = 16
  3470: E[0:00:42]-R[0:05:20]: Return=     0.985, Steps=  16, Features = 16
  3572: E[0:00:43]-R[0:05:17]: Return=    -1.005, Steps=   6, Features = 16
  3674: E[0:00:44]-R[0:05:14]: Return=     0.985, Steps=  16, Features = 16
  3776: E[0:00:45]-R[0:05:12]: Return=     0.993, Steps=   8, Features = 16
  3870: E[0:00:46]-R[0:05:10]: Return=     0.995, Steps=   6, Features = 16
  3978: E[0:00:47]-R[0:05:08]: Return=     0.989, Steps=  12, Features = 16
  4070: E[0:00:48]-R[0:05:07]: Return=    -1.007, Steps=   8, Features = 16
  4172: E[0:00:49]-R[0:05:04]: Return=     0.995, Steps=   6, Features = 16
  4280: E[0:00:50]-R[0:05:02]: Return=     0.989, Steps=  12, Features = 16
  4386: E[0:00:51]-R[0:04:59]: Return=     0.991, Steps=  10, Features = 16
  4482: E[0:00:52]-R[0:04:58]: Return=     0.993, Steps=   8, Features = 16
  4586: E[0:00:53]-R[0:04:56]: Return=     0.991, Steps=  10, Features = 16
  4676: E[0:00:54]-R[0:04:55]: Return=     0.989, Steps=  12, Features = 16
  4772: E[0:00:56]-R[0:04:53]: Return=     0.991, Steps=  10, Features = 16
  4878: E[0:00:57]-R[0:04:52]: Return=     0.983, Steps=  18, Features = 16
  4960: E[0:00:58]-R[0:04:51]: Return=     0.991, Steps=  10, Features = 16
  5044: E[0:00:59]-R[0:04:51]: Return=     0.991, Steps=  10, Features = 16
  5142: E[0:01:00]-R[0:04:49]: Return=     0.991, Steps=  10, Features = 16
  5234: E[0:01:01]-R[0:04:48]: Return=     0.987, Steps=  14, Features = 16
  5282: E[0:01:02]-R[0:04:50]: Return=    -1.007, Steps=   8, Features = 16
  5336: E[0:01:03]-R[0:04:52]: Return=     0.991, Steps=  10, Features = 16
  5390: E[0:01:04]-R[0:04:53]: Return=     0.993, Steps=   8, Features = 16
  5438: E[0:01:05]-R[0:04:55]: Return=    -1.001, Steps=   2, Features = 16
  5488: E[0:01:06]-R[0:04:56]: Return=    -1.001, Steps=   2, Features = 16
  5546: E[0:01:07]-R[0:04:57]: Return=     0.991, Steps=  10, Features = 16
  5634: E[0:01:08]-R[0:04:56]: Return=     0.993, Steps=   8, Features = 16
  5738: E[0:01:09]-R[0:04:54]: Return=     0.993, Steps=   8, Features = 16
  5832: E[0:01:10]-R[0:04:52]: Return=     0.993, Steps=   8, Features = 16
  5942: E[0:01:11]-R[0:04:49]: Return=     0.995, Steps=   6, Features = 16
  6000: >>> E[0:01:12]-R[0:04:48]: Return=    0.5139, Steps= 7.1, Features = 16
  6100: E[0:01:13]-R[0:04:46]: Return=     0.991, Steps=  10, Features = 16
  6196: E[0:01:14]-R[0:04:44]: Return=     0.995, Steps=   6, Features = 16
  6298: E[0:01:15]-R[0:04:42]: Return=     0.991, Steps=  10, Features = 16
  6398: E[0:01:16]-R[0:04:41]: Return=     0.985, Steps=  16, Features = 16
  6502: E[0:01:17]-R[0:04:39]: Return=     0.991, Steps=  10, Features = 16
  6602: E[0:01:18]-R[0:04:37]: Return=     0.987, Steps=  14, Features = 16
  6716: E[0:01:19]-R[0:04:35]: Return=     0.985, Steps=  16, Features = 16
  6816: E[0:01:20]-R[0:04:33]: Return=    -1.003, Steps=   4, Features = 16
  6916: E[0:01:21]-R[0:04:32]: Return=     0.991, Steps=  10, Features = 16
  7020: E[0:01:22]-R[0:04:30]: Return=     0.993, Steps=   8, Features = 16
  7118: E[0:01:23]-R[0:04:28]: Return=     0.987, Steps=  14, Features = 16
  7222: E[0:01:24]-R[0:04:26]: Return=     0.995, Steps=   6, Features = 16
  7326: E[0:01:25]-R[0:04:25]: Return=     0.995, Steps=   6, Features = 16
  7410: E[0:01:26]-R[0:04:24]: Return=     0.995, Steps=   6, Features = 16
  7508: E[0:01:28]-R[0:04:22]: Return=     0.995, Steps=   6, Features = 16
  7610: E[0:01:29]-R[0:04:21]: Return=     0.993, Steps=   8, Features = 16
  7718: E[0:01:30]-R[0:04:19]: Return=     0.985, Steps=  16, Features = 16
  7826: E[0:01:31]-R[0:04:17]: Return=     0.989, Steps=  12, Features = 16
  7926: E[0:01:32]-R[0:04:16]: Return=     0.993, Steps=   8, Features = 16
  8038: E[0:01:33]-R[0:04:14]: Return=     0.995, Steps=   6, Features = 16
  8132: E[0:01:34]-R[0:04:12]: Return=     0.993, Steps=   8, Features = 16
  8210: E[0:01:35]-R[0:04:12]: Return=     0.991, Steps=  10, Features = 16
  8266: E[0:01:36]-R[0:04:12]: Return=     0.995, Steps=   6, Features = 16
  8320: E[0:01:37]-R[0:04:13]: Return=     0.985, Steps=  16, Features = 16
  8376: E[0:01:38]-R[0:04:14]: Return=     0.987, Steps=  14, Features = 16
  8426: E[0:01:39]-R[0:04:14]: Return=    -1.001, Steps=   2, Features = 16
  8482: E[0:01:40]-R[0:04:15]: Return=     0.993, Steps=   8, Features = 16
  8542: E[0:01:42]-R[0:04:15]: Return=     0.995, Steps=   6, Features = 16
  8650: E[0:01:43]-R[0:04:13]: Return=    -1.003, Steps=   4, Features = 16
  8762: E[0:01:44]-R[0:04:11]: Return=     0.993, Steps=   8, Features = 16
  8862: E[0:01:45]-R[0:04:10]: Return=     0.993, Steps=   8, Features = 16
  8962: E[0:01:46]-R[0:04:08]: Return=    -1.009, Steps=  10, Features = 16
  9000: >>> E[0:01:46]-R[0:04:08]: Return=    0.6539, Steps=7.08, Features = 16
  9096: E[0:01:47]-R[0:04:06]: Return=     0.995, Steps=   6, Features = 16
  9192: E[0:01:48]-R[0:04:05]: Return=     0.995, Steps=   6, Features = 16
  9284: E[0:01:49]-R[0:04:04]: Return=     0.989, Steps=  12, Features = 16
  9376: E[0:01:50]-R[0:04:03]: Return=     0.991, Steps=  10, Features = 16
  9470: E[0:01:51]-R[0:04:02]: Return=     0.989, Steps=  12, Features = 16
  9558: E[0:01:52]-R[0:04:01]: Return=     0.993, Steps=   8, Features = 16
  9658: E[0:01:54]-R[0:03:59]: Return=     0.989, Steps=  12, Features = 16
  9756: E[0:01:55]-R[0:03:58]: Return=     0.993, Steps=   8, Features = 16
  9856: E[0:01:56]-R[0:03:56]: Return=     0.993, Steps=   8, Features = 16
  9954: E[0:01:57]-R[0:03:55]: Return=     0.991, Steps=  10, Features = 16
 10046: E[0:01:58]-R[0:03:54]: Return=     0.991, Steps=  10, Features = 16
 10132: E[0:01:59]-R[0:03:53]: Return=     0.991, Steps=  10, Features = 16
 10234: E[0:02:00]-R[0:03:51]: Return=     0.995, Steps=   6, Features = 16
 10336: E[0:02:01]-R[0:03:50]: Return=     0.995, Steps=   6, Features = 16
 10432: E[0:02:02]-R[0:03:48]: Return=     0.995, Steps=   6, Features = 16
 10520: E[0:02:03]-R[0:03:47]: Return=    -1.005, Steps=   6, Features = 16
 10606: E[0:02:04]-R[0:03:46]: Return=     0.995, Steps=   6, Features = 16
 10688: E[0:02:05]-R[0:03:46]: Return=     0.983, Steps=  18, Features = 16
 10772: E[0:02:06]-R[0:03:45]: Return=     0.995, Steps=   6, Features = 16
 10866: E[0:02:07]-R[0:03:43]: Return=     0.993, Steps=   8, Features = 16
 10952: E[0:02:08]-R[0:03:42]: Return=     0.993, Steps=   8, Features = 16
 11036: E[0:02:09]-R[0:03:42]: Return=     0.985, Steps=  16, Features = 16
 11138: E[0:02:10]-R[0:03:40]: Return=     0.995, Steps=   6, Features = 16
 11238: E[0:02:11]-R[0:03:39]: Return=     0.993, Steps=   8, Features = 16
 11332: E[0:02:12]-R[0:03:38]: Return=     0.993, Steps=   8, Features = 16
 11384: E[0:02:13]-R[0:03:38]: Return=     0.995, Steps=   6, Features = 16
 11438: E[0:02:14]-R[0:03:38]: Return=     0.993, Steps=   8, Features = 16
 11500: E[0:02:15]-R[0:03:38]: Return=     0.989, Steps=  12, Features = 16
 11554: E[0:02:16]-R[0:03:38]: Return=     0.991, Steps=  10, Features = 16
 11604: E[0:02:18]-R[0:03:38]: Return=    -1.005, Steps=   6, Features = 16
 11650: E[0:02:19]-R[0:03:38]: Return=    -1.001, Steps=   2, Features = 16
 11732: E[0:02:20]-R[0:03:37]: Return=     0.987, Steps=  14, Features = 16
 11824: E[0:02:21]-R[0:03:36]: Return=     0.985, Steps=  16, Features = 16
 11904: E[0:02:22]-R[0:03:36]: Return=    -1.001, Steps=   2, Features = 16
 11990: E[0:02:23]-R[0:03:35]: Return=     0.983, Steps=  18, Features = 16
 12000: >>> E[0:02:23]-R[0:03:35]: Return=    0.6535, Steps=7.54, Features = 16
 12082: E[0:02:24]-R[0:03:34]: Return=     0.989, Steps=  12, Features = 16
 12152: E[0:02:25]-R[0:03:33]: Return=     0.995, Steps=   6, Features = 16
 12224: E[0:02:26]-R[0:03:33]: Return=     0.993, Steps=   8, Features = 16
 12308: E[0:02:27]-R[0:03:32]: Return=     0.991, Steps=  10, Features = 16
 12386: E[0:02:28]-R[0:03:31]: Return=     0.993, Steps=   8, Features = 16
 12472: E[0:02:29]-R[0:03:30]: Return=     0.995, Steps=   6, Features = 16
 12564: E[0:02:31]-R[0:03:29]: Return=     0.995, Steps=   6, Features = 16
 12658: E[0:02:32]-R[0:03:28]: Return=     0.993, Steps=   8, Features = 16
 12766: E[0:02:33]-R[0:03:26]: Return=     0.993, Steps=   8, Features = 16
 12874: E[0:02:34]-R[0:03:24]: Return=     0.995, Steps=   6, Features = 16
 12978: E[0:02:35]-R[0:03:23]: Return=     0.987, Steps=  14, Features = 16
 13082: E[0:02:36]-R[0:03:21]: Return=     0.995, Steps=   6, Features = 16
 13188: E[0:02:37]-R[0:03:20]: Return=     0.995, Steps=   6, Features = 16
 13290: E[0:02:38]-R[0:03:19]: Return=     0.995, Steps=   6, Features = 16
 13384: E[0:02:39]-R[0:03:17]: Return=     0.989, Steps=  12, Features = 16
 13468: E[0:02:40]-R[0:03:16]: Return=     0.993, Steps=   8, Features = 16
 13560: E[0:02:41]-R[0:03:15]: Return=     0.989, Steps=  12, Features = 16
 13652: E[0:02:42]-R[0:03:14]: Return=     0.993, Steps=   8, Features = 16
 13746: E[0:02:43]-R[0:03:13]: Return=     0.995, Steps=   6, Features = 16
 13840: E[0:02:44]-R[0:03:12]: Return=     0.993, Steps=   8, Features = 16
 13936: E[0:02:45]-R[0:03:10]: Return=     0.993, Steps=   8, Features = 16
 14032: E[0:02:46]-R[0:03:09]: Return=     0.987, Steps=  14, Features = 16
 14128: E[0:02:47]-R[0:03:08]: Return=     0.995, Steps=   6, Features = 16
 14224: E[0:02:48]-R[0:03:07]: Return=     0.991, Steps=  10, Features = 16
 14314: E[0:02:49]-R[0:03:06]: Return=     0.989, Steps=  12, Features = 16
 14396: E[0:02:50]-R[0:03:05]: Return=     0.993, Steps=   8, Features = 16
 14484: E[0:02:52]-R[0:03:04]: Return=     0.987, Steps=  14, Features = 16
 14566: E[0:02:53]-R[0:03:03]: Return=     0.995, Steps=   6, Features = 16
 14636: E[0:02:54]-R[0:03:02]: Return=     0.991, Steps=  10, Features = 16
 14728: E[0:02:55]-R[0:03:01]: Return=     0.995, Steps=   6, Features = 16
 14826: E[0:02:56]-R[0:03:00]: Return=     0.989, Steps=  12, Features = 16
 14922: E[0:02:57]-R[0:02:59]: Return=     0.995, Steps=   6, Features = 16
 15000: >>> E[0:02:58]-R[0:02:58]: Return=    0.7137, Steps=7.34, Features = 16
 15054: E[0:02:59]-R[0:02:58]: Return=     0.991, Steps=  10, Features = 16
 15108: E[0:03:00]-R[0:02:57]: Return=     0.995, Steps=   6, Features = 16
 15160: E[0:03:01]-R[0:02:57]: Return=     0.995, Steps=   6, Features = 16
 15218: E[0:03:02]-R[0:02:57]: Return=     0.987, Steps=  14, Features = 16
 15276: E[0:03:03]-R[0:02:57]: Return=     0.983, Steps=  18, Features = 16
 15348: E[0:03:04]-R[0:02:56]: Return=    -1.005, Steps=   6, Features = 16
 15452: E[0:03:05]-R[0:02:55]: Return=     0.995, Steps=   6, Features = 16
 15564: E[0:03:06]-R[0:02:53]: Return=     0.989, Steps=  12, Features = 16
 15694: E[0:03:08]-R[0:02:51]: Return=     0.985, Steps=  16, Features = 16
 15796: E[0:03:09]-R[0:02:50]: Return=     0.991, Steps=  10, Features = 16
 15912: E[0:03:10]-R[0:02:48]: Return=     0.983, Steps=  18, Features = 16
 16010: E[0:03:11]-R[0:02:47]: Return=     0.995, Steps=   6, Features = 16
 16100: E[0:03:12]-R[0:02:46]: Return=     0.993, Steps=   8, Features = 16
 16200: E[0:03:13]-R[0:02:44]: Return=     0.993, Steps=   8, Features = 16
 16286: E[0:03:14]-R[0:02:43]: Return=     0.995, Steps=   6, Features = 16
 16396: E[0:03:15]-R[0:02:42]: Return=     0.991, Steps=  10, Features = 16
 16504: E[0:03:16]-R[0:02:40]: Return=     0.989, Steps=  12, Features = 16
 16594: E[0:03:17]-R[0:02:39]: Return=     0.983, Steps=  18, Features = 16
 16696: E[0:03:18]-R[0:02:38]: Return=     0.995, Steps=   6, Features = 16
 16798: E[0:03:19]-R[0:02:37]: Return=     0.993, Steps=   8, Features = 16
 16904: E[0:03:20]-R[0:02:35]: Return=     0.989, Steps=  12, Features = 16
 17006: E[0:03:21]-R[0:02:34]: Return=     0.989, Steps=  12, Features = 16
 17088: E[0:03:22]-R[0:02:33]: Return=     0.993, Steps=   8, Features = 16
 17166: E[0:03:23]-R[0:02:32]: Return=     0.995, Steps=   6, Features = 16
 17242: E[0:03:24]-R[0:02:31]: Return=     0.987, Steps=  14, Features = 16
 17324: E[0:03:26]-R[0:02:30]: Return=     0.989, Steps=  12, Features = 16
 17416: E[0:03:27]-R[0:02:29]: Return=     0.989, Steps=  12, Features = 16
 17510: E[0:03:28]-R[0:02:28]: Return=     0.985, Steps=  16, Features = 16
 17606: E[0:03:29]-R[0:02:27]: Return=     0.991, Steps=  10, Features = 16
 17690: E[0:03:30]-R[0:02:26]: Return=     0.991, Steps=  10, Features = 16
 17780: E[0:03:31]-R[0:02:25]: Return=     0.993, Steps=   8, Features = 16
 17844: E[0:03:32]-R[0:02:24]: Return=     0.993, Steps=   8, Features = 16
 17902: E[0:03:33]-R[0:02:24]: Return=     0.989, Steps=  12, Features = 16
 17960: E[0:03:34]-R[0:02:24]: Return=     0.993, Steps=   8, Features = 16
 18000: >>> E[0:03:35]-R[0:02:23]: Return=    0.6529, Steps=8.14, Features = 16
 18048: E[0:03:36]-R[0:02:23]: Return=     0.991, Steps=  10, Features = 16
 18114: E[0:03:37]-R[0:02:23]: Return=     0.983, Steps=  18, Features = 16
 18200: E[0:03:38]-R[0:02:21]: Return=    -1.005, Steps=   6, Features = 16
 18298: E[0:03:39]-R[0:02:20]: Return=     0.989, Steps=  12, Features = 16
 18398: E[0:03:40]-R[0:02:19]: Return=     0.987, Steps=  14, Features = 16
 18480: E[0:03:42]-R[0:02:18]: Return=     0.993, Steps=   8, Features = 16
 18550: E[0:03:43]-R[0:02:17]: Return=     0.993, Steps=   8, Features = 16
 18638: E[0:03:44]-R[0:02:16]: Return=     0.991, Steps=  10, Features = 16
 18724: E[0:03:45]-R[0:02:15]: Return=     0.995, Steps=   6, Features = 16
 18830: E[0:03:46]-R[0:02:14]: Return=     0.995, Steps=   6, Features = 16
 18918: E[0:03:47]-R[0:02:13]: Return=    -1.001, Steps=   2, Features = 16
 18998: E[0:03:48]-R[0:02:12]: Return=     0.991, Steps=  10, Features = 16
 19086: E[0:03:49]-R[0:02:11]: Return=     0.993, Steps=   8, Features = 16
 19180: E[0:03:50]-R[0:02:10]: Return=     0.985, Steps=  16, Features = 16
 19270: E[0:03:51]-R[0:02:09]: Return=     0.991, Steps=  10, Features = 16
 19342: E[0:03:52]-R[0:02:08]: Return=     0.995, Steps=   6, Features = 16
 19414: E[0:03:53]-R[0:02:07]: Return=     0.991, Steps=  10, Features = 16
 19504: E[0:03:54]-R[0:02:06]: Return=     0.995, Steps=   6, Features = 16
 19600: E[0:03:55]-R[0:02:05]: Return=     0.981, Steps=  20, Features = 16
 19702: E[0:03:56]-R[0:02:03]: Return=    -1.011, Steps=  12, Features = 16
 19800: E[0:03:57]-R[0:02:02]: Return=    -1.003, Steps=   4, Features = 16
 19900: E[0:03:58]-R[0:02:01]: Return=     0.985, Steps=  16, Features = 16
 20002: E[0:03:59]-R[0:02:00]: Return=     0.991, Steps=  10, Features = 16
 20090: E[0:04:00]-R[0:01:59]: Return=     0.995, Steps=   6, Features = 16
 20196: E[0:04:01]-R[0:01:57]: Return=     0.987, Steps=  14, Features = 16
 20294: E[0:04:02]-R[0:01:56]: Return=    -1.003, Steps=   4, Features = 16
 20392: E[0:04:03]-R[0:01:55]: Return=     0.995, Steps=   6, Features = 16
 20492: E[0:04:04]-R[0:01:53]: Return=     0.995, Steps=   6, Features = 16
 20586: E[0:04:05]-R[0:01:52]: Return=     0.993, Steps=   8, Features = 16
 20708: E[0:04:07]-R[0:01:51]: Return=     0.987, Steps=  14, Features = 16
 20804: E[0:04:08]-R[0:01:49]: Return=     0.995, Steps=   6, Features = 16
 20902: E[0:04:09]-R[0:01:48]: Return=     0.991, Steps=  10, Features = 16
 21000: >>> E[0:04:10]-R[0:01:47]: Return=    0.5736, Steps=7.36, Features = 16
 21090: E[0:04:11]-R[0:01:46]: Return=     0.989, Steps=  12, Features = 16
 21156: E[0:04:12]-R[0:01:45]: Return=     0.981, Steps=  20, Features = 16
 21216: E[0:04:13]-R[0:01:45]: Return=     0.995, Steps=   6, Features = 16
 21276: E[0:04:14]-R[0:01:44]: Return=     0.989, Steps=  12, Features = 16
 21338: E[0:04:16]-R[0:01:44]: Return=     0.987, Steps=  14, Features = 16
 21394: E[0:04:17]-R[0:01:43]: Return=     0.995, Steps=   6, Features = 16
 21470: E[0:04:18]-R[0:01:42]: Return=     0.991, Steps=  10, Features = 16
 21576: E[0:04:19]-R[0:01:41]: Return=     0.995, Steps=   6, Features = 16
 21692: E[0:04:20]-R[0:01:39]: Return=     0.991, Steps=  10, Features = 16
 21806: E[0:04:21]-R[0:01:38]: Return=     0.991, Steps=  10, Features = 16
 21914: E[0:04:22]-R[0:01:37]: Return=     0.995, Steps=   6, Features = 16
 22004: E[0:04:23]-R[0:01:35]: Return=     0.995, Steps=   6, Features = 16
 22116: E[0:04:24]-R[0:01:34]: Return=     0.993, Steps=   8, Features = 16
 22228: E[0:04:25]-R[0:01:33]: Return=     0.989, Steps=  12, Features = 16
 22340: E[0:04:26]-R[0:01:31]: Return=     0.991, Steps=  10, Features = 16
 22448: E[0:04:27]-R[0:01:30]: Return=     0.993, Steps=   8, Features = 16
 22562: E[0:04:28]-R[0:01:28]: Return=     0.989, Steps=  12, Features = 16
 22664: E[0:04:29]-R[0:01:27]: Return=     0.991, Steps=  10, Features = 16
 22768: E[0:04:30]-R[0:01:26]: Return=     0.987, Steps=  14, Features = 16
 22864: E[0:04:31]-R[0:01:25]: Return=     0.995, Steps=   6, Features = 16
 22962: E[0:04:32]-R[0:01:23]: Return=     0.995, Steps=   6, Features = 16
 23084: E[0:04:33]-R[0:01:22]: Return=     0.989, Steps=  12, Features = 16
 23202: E[0:04:34]-R[0:01:20]: Return=     0.989, Steps=  12, Features = 16
 23306: E[0:04:35]-R[0:01:19]: Return=     0.991, Steps=  10, Features = 16
 23418: E[0:04:36]-R[0:01:18]: Return=     0.989, Steps=  12, Features = 16
 23520: E[0:04:37]-R[0:01:16]: Return=    -1.003, Steps=   4, Features = 16
 23626: E[0:04:38]-R[0:01:15]: Return=     0.993, Steps=   8, Features = 16
 23744: E[0:04:40]-R[0:01:14]: Return=     0.991, Steps=  10, Features = 16
 23860: E[0:04:41]-R[0:01:12]: Return=     0.991, Steps=  10, Features = 16
 23962: E[0:04:42]-R[0:01:11]: Return=     0.993, Steps=   8, Features = 16
 24000: >>> E[0:04:42]-R[0:01:10]: Return=    0.6538, Steps= 7.2, Features = 16
 24102: E[0:04:43]-R[0:01:09]: Return=     0.995, Steps=   6, Features = 16
 24208: E[0:04:44]-R[0:01:08]: Return=    -1.011, Steps=  12, Features = 16
 24314: E[0:04:45]-R[0:01:07]: Return=     0.987, Steps=  14, Features = 16
 24418: E[0:04:46]-R[0:01:05]: Return=    -1.005, Steps=   6, Features = 16
 24526: E[0:04:47]-R[0:01:04]: Return=     0.985, Steps=  16, Features = 16
 24630: E[0:04:48]-R[0:01:03]: Return=     0.995, Steps=   6, Features = 16
 24738: E[0:04:49]-R[0:01:02]: Return=     0.995, Steps=   6, Features = 16
 24852: E[0:04:50]-R[0:01:00]: Return=     0.987, Steps=  14, Features = 16
 24956: E[0:04:51]-R[0:00:59]: Return=     0.993, Steps=   8, Features = 16
 25066: E[0:04:52]-R[0:00:58]: Return=     0.987, Steps=  14, Features = 16
 25176: E[0:04:53]-R[0:00:56]: Return=     0.993, Steps=   8, Features = 16
 25276: E[0:04:54]-R[0:00:55]: Return=     0.995, Steps=   6, Features = 16
 25386: E[0:04:55]-R[0:00:54]: Return=    -1.015, Steps=  16, Features = 16
 25484: E[0:04:57]-R[0:00:53]: Return=     0.993, Steps=   8, Features = 16
 25540: E[0:04:58]-R[0:00:52]: Return=     0.993, Steps=   8, Features = 16
 25594: E[0:04:59]-R[0:00:51]: Return=     0.993, Steps=   8, Features = 16
 25646: E[0:05:00]-R[0:00:51]: Return=    -1.001, Steps=   2, Features = 16
 25696: E[0:05:01]-R[0:00:50]: Return=     0.983, Steps=  18, Features = 16
 25752: E[0:05:02]-R[0:00:50]: Return=     0.991, Steps=  10, Features = 16
 25802: E[0:05:03]-R[0:00:49]: Return=    -1.009, Steps=  10, Features = 16
 25886: E[0:05:04]-R[0:00:48]: Return=     0.993, Steps=   8, Features = 16
 25996: E[0:05:05]-R[0:00:47]: Return=     0.983, Steps=  18, Features = 16
 26088: E[0:05:06]-R[0:00:46]: Return=     0.991, Steps=  10, Features = 16
 26170: E[0:05:07]-R[0:00:45]: Return=    -1.001, Steps=   2, Features = 16
 26254: E[0:05:08]-R[0:00:44]: Return=     0.993, Steps=   8, Features = 16
 26356: E[0:05:10]-R[0:00:43]: Return=     0.991, Steps=  10, Features = 16
 26450: E[0:05:11]-R[0:00:42]: Return=     0.993, Steps=   8, Features = 16
 26552: E[0:05:12]-R[0:00:40]: Return=     0.989, Steps=  12, Features = 16
 26656: E[0:05:13]-R[0:00:39]: Return=     0.993, Steps=   8, Features = 16
 26760: E[0:05:14]-R[0:00:38]: Return=     0.991, Steps=  10, Features = 16
 26870: E[0:05:15]-R[0:00:37]: Return=     0.983, Steps=  18, Features = 16
 26962: E[0:05:16]-R[0:00:36]: Return=     0.985, Steps=  16, Features = 16
 27000: >>> E[0:05:16]-R[0:00:35]: Return=     0.634, Steps=7.04, Features = 16
 27100: E[0:05:17]-R[0:00:34]: Return=    -1.001, Steps=   2, Features = 16
 27212: E[0:05:18]-R[0:00:33]: Return=     0.993, Steps=   8, Features = 16
 27312: E[0:05:19]-R[0:00:31]: Return=     0.995, Steps=   6, Features = 16
 27422: E[0:05:20]-R[0:00:30]: Return=     0.989, Steps=  12, Features = 16
 27516: E[0:05:21]-R[0:00:29]: Return=     0.995, Steps=   6, Features = 16
 27628: E[0:05:22]-R[0:00:28]: Return=     0.991, Steps=  10, Features = 16
 27724: E[0:05:24]-R[0:00:27]: Return=     0.989, Steps=  12, Features = 16
 27824: E[0:05:25]-R[0:00:25]: Return=     0.995, Steps=   6, Features = 16
 27910: E[0:05:26]-R[0:00:24]: Return=     0.991, Steps=  10, Features = 16
 28016: E[0:05:27]-R[0:00:23]: Return=    -1.003, Steps=   4, Features = 16
 28114: E[0:05:28]-R[0:00:22]: Return=     0.991, Steps=  10, Features = 16
 28224: E[0:05:29]-R[0:00:21]: Return=     0.991, Steps=  10, Features = 16
 28322: E[0:05:30]-R[0:00:20]: Return=     0.993, Steps=   8, Features = 16
 28430: E[0:05:31]-R[0:00:18]: Return=    -1.001, Steps=   2, Features = 16
 28538: E[0:05:32]-R[0:00:17]: Return=     0.993, Steps=   8, Features = 16
 28652: E[0:05:33]-R[0:00:16]: Return=     0.991, Steps=  10, Features = 16
 28746: E[0:05:34]-R[0:00:15]: Return=    -1.009, Steps=  10, Features = 16
 28860: E[0:05:35]-R[0:00:13]: Return=     0.991, Steps=  10, Features = 16
 28974: E[0:05:36]-R[0:00:12]: Return=     0.985, Steps=  16, Features = 16
 29090: E[0:05:37]-R[0:00:11]: Return=     0.989, Steps=  12, Features = 16
 29206: E[0:05:38]-R[0:00:09]: Return=     0.979, Steps=  22, Features = 16
 29310: E[0:05:39]-R[0:00:08]: Return=     0.995, Steps=   6, Features = 16
 29410: E[0:05:40]-R[0:00:07]: Return=    -1.009, Steps=  10, Features = 16
 29502: E[0:05:41]-R[0:00:06]: Return=     0.995, Steps=   6, Features = 16
 29612: E[0:05:42]-R[0:00:04]: Return=    -1.003, Steps=   4, Features = 16
 29728: E[0:05:44]-R[0:00:03]: Return=     0.987, Steps=  14, Features = 16
 29846: E[0:05:45]-R[0:00:02]: Return=     0.995, Steps=   6, Features = 16
 29956: E[0:05:46]-R[0:00:01]: Return=     0.995, Steps=   6, Features = 16
 30000: >>> E[0:05:46]-R[0:00:00]: Return=    0.6535, Steps=7.54, Features = 16
Total Experiment Duration 0:05:46
Output:			./Results/Experiment6/
     0: >>> E[0:00:00]-R[?]: Return=    -1.031, Steps=31.61, Features = 81
    52: E[0:00:01]-R[0:12:10]: Return=    -1.051, Steps=  52, Features = 81
   122: E[0:00:03]-R[0:12:23]: Return=    -1.046, Steps=  47, Features = 81
   160: E[0:00:04]-R[0:12:42]: Return=    -1.006, Steps=   7, Features = 81
   212: E[0:00:05]-R[0:12:38]: Return=    -1.036, Steps=  37, Features = 81
   253: E[0:00:06]-R[0:12:44]: Return=    -1.024, Steps=  25, Features = 81
   302: E[0:00:08]-R[0:12:48]: Return=    -1.048, Steps=  49, Features = 81
   371: E[0:00:09]-R[0:12:34]: Return=    -1.039, Steps=  40, Features = 81
   423: E[0:00:11]-R[0:12:32]: Return=    -1.051, Steps=  52, Features = 81
   510: E[0:00:13]-R[0:12:23]: Return=    -1.077, Steps=  78, Features = 81
   603: E[0:00:15]-R[0:12:18]: Return=    -1.079, Steps=  80, Features = 81
   706: E[0:00:18]-R[0:12:12]: Return=    -1.102, Steps= 103, Features = 81
   761: E[0:00:19]-R[0:12:07]: Return=    -1.054, Steps=  55, Features = 81
   809: E[0:00:20]-R[0:12:08]: Return=    -1.026, Steps=  27, Features = 81
   870: E[0:00:22]-R[0:12:05]: Return=     -1.06, Steps=  61, Features = 81
   958: E[0:00:24]-R[0:12:04]: Return=    -1.071, Steps=  72, Features = 81
  1006: E[0:00:25]-R[0:12:05]: Return=    -1.034, Steps=  35, Features = 81
  1048: E[0:00:26]-R[0:12:07]: Return=    -1.018, Steps=  19, Features = 81
  1090: E[0:00:27]-R[0:12:06]: Return=    -1.019, Steps=  20, Features = 81
  1195: E[0:00:30]-R[0:12:03]: Return=    -1.104, Steps= 105, Features = 81
  1282: E[0:00:32]-R[0:12:03]: Return=    -1.069, Steps=  70, Features = 81
  1336: E[0:00:34]-R[0:12:01]: Return=    -1.016, Steps=  17, Features = 81
  1448: E[0:00:36]-R[0:11:58]: Return=    -1.096, Steps=  97, Features = 81
  1493: E[0:00:38]-R[0:12:00]: Return=    -1.009, Steps=  10, Features = 81
  1562: E[0:00:39]-R[0:11:59]: Return=    -1.068, Steps=  69, Features = 81
  1677: E[0:00:42]-R[0:11:57]: Return=    -1.114, Steps= 115, Features = 81
  1807: E[0:00:46]-R[0:11:53]: Return=      -1.1, Steps= 101, Features = 81
  1898: E[0:00:48]-R[0:11:49]: Return=     -1.09, Steps=  91, Features = 81
  1996: E[0:00:50]-R[0:11:45]: Return=    -1.097, Steps=  98, Features = 81
  2061: E[0:00:52]-R[0:11:43]: Return=    -1.064, Steps=  65, Features = 81
  2122: E[0:00:53]-R[0:11:41]: Return=    -1.032, Steps=  33, Features = 81
  2163: E[0:00:54]-R[0:11:41]: Return=     -1.04, Steps=  41, Features = 81
  2254: E[0:00:57]-R[0:11:39]: Return=    -1.066, Steps=  67, Features = 81
  2313: E[0:00:58]-R[0:11:38]: Return=    -1.022, Steps=  23, Features = 81
  2369: E[0:01:00]-R[0:11:36]: Return=    -1.036, Steps=  37, Features = 81
  2426: E[0:01:01]-R[0:11:33]: Return=    -1.056, Steps=  57, Features = 81
  2504: E[0:01:03]-R[0:11:30]: Return=    -1.077, Steps=  78, Features = 81
  2595: E[0:01:05]-R[0:11:28]: Return=     -1.09, Steps=  91, Features = 81
  2638: E[0:01:06]-R[0:11:26]: Return=    -1.015, Steps=  16, Features = 81
  2733: E[0:01:08]-R[0:11:23]: Return=    -1.094, Steps=  95, Features = 81
  2781: E[0:01:10]-R[0:11:23]: Return=    -1.047, Steps=  48, Features = 81
  2833: E[0:01:11]-R[0:11:21]: Return=    -1.018, Steps=  19, Features = 81
  2917: E[0:01:13]-R[0:11:19]: Return=    -1.042, Steps=  43, Features = 81
  3000: >>> E[0:01:15]-R[0:11:18]: Return=   -0.9652, Steps=126.22, Features = 81
  3178: E[0:01:20]-R[0:11:12]: Return=     -1.16, Steps= 161, Features = 81
  3285: E[0:01:22]-R[0:11:09]: Return=     -1.08, Steps=  81, Features = 81
  3346: E[0:01:24]-R[0:11:08]: Return=     -1.06, Steps=  61, Features = 81
  3408: E[0:01:25]-R[0:11:07]: Return=    -1.061, Steps=  62, Features = 81
  3505: E[0:01:28]-R[0:11:04]: Return=    -1.057, Steps=  58, Features = 81
  3544: E[0:01:29]-R[0:11:04]: Return=    -1.038, Steps=  39, Features = 81
  3625: E[0:01:31]-R[0:11:01]: Return=     0.949, Steps=  52, Features = 81
  3776: E[0:01:35]-R[0:10:57]: Return=    -1.119, Steps= 120, Features = 81
  3903: E[0:01:38]-R[0:10:54]: Return=    -1.126, Steps= 127, Features = 81
  4085: E[0:01:42]-R[0:10:48]: Return=     0.819, Steps= 182, Features = 81
  4282: E[0:01:47]-R[0:10:43]: Return=    -1.196, Steps= 197, Features = 81
  4552: E[0:01:54]-R[0:10:36]: Return=     0.731, Steps= 270, Features = 81
  4707: E[0:01:58]-R[0:10:32]: Return=    -1.139, Steps= 140, Features = 81
  4906: E[0:02:03]-R[0:10:27]: Return=    -1.198, Steps= 199, Features = 81
  4959: E[0:02:04]-R[0:10:26]: Return=    -1.052, Steps=  53, Features = 81
  5185: E[0:02:09]-R[0:10:19]: Return=    -1.225, Steps= 226, Features = 81
  5238: E[0:02:11]-R[0:10:17]: Return=    -1.052, Steps=  53, Features = 81
  5502: E[0:02:17]-R[0:10:09]: Return=    -1.221, Steps= 222, Features = 81
  5562: E[0:02:18]-R[0:10:08]: Return=    -1.059, Steps=  60, Features = 81
  5635: E[0:02:20]-R[0:10:06]: Return=    -1.042, Steps=  43, Features = 81
  5684: E[0:02:21]-R[0:10:04]: Return=    -1.048, Steps=  49, Features = 81
  5777: E[0:02:24]-R[0:10:02]: Return=    -1.092, Steps=  93, Features = 81
  5866: E[0:02:26]-R[0:10:00]: Return=    -1.088, Steps=  89, Features = 81
  6000: >>> E[0:02:29]-R[0:09:56]: Return=   -0.5425, Steps=103.48, Features = 81
  6097: E[0:02:32]-R[0:09:54]: Return=     -1.23, Steps= 231, Features = 81
  6223: E[0:02:35]-R[0:09:51]: Return=    -1.125, Steps= 126, Features = 81
  6293: E[0:02:37]-R[0:09:50]: Return=    -1.069, Steps=  70, Features = 81
  6352: E[0:02:38]-R[0:09:48]: Return=    -1.058, Steps=  59, Features = 81
  6409: E[0:02:39]-R[0:09:46]: Return=    -1.056, Steps=  57, Features = 81
  6746: E[0:02:48]-R[0:09:39]: Return=    -1.336, Steps= 337, Features = 81
  6782: E[0:02:49]-R[0:09:39]: Return=     0.965, Steps=  36, Features = 81
  7088: E[0:02:57]-R[0:09:33]: Return=     0.695, Steps= 306, Features = 81
  7162: E[0:02:59]-R[0:09:31]: Return=     0.927, Steps=  74, Features = 81
  7308: E[0:03:03]-R[0:09:28]: Return=    -1.134, Steps= 135, Features = 81
  7361: E[0:03:04]-R[0:09:27]: Return=    -1.052, Steps=  53, Features = 81
  7475: E[0:03:07]-R[0:09:23]: Return=    -1.113, Steps= 114, Features = 81
  7577: E[0:03:09]-R[0:09:21]: Return=    -1.072, Steps=  73, Features = 81
  7653: E[0:03:11]-R[0:09:19]: Return=     0.925, Steps=  76, Features = 81
  7801: E[0:03:15]-R[0:09:16]: Return=     0.853, Steps= 148, Features = 81
  7890: E[0:03:17]-R[0:09:13]: Return=    -1.088, Steps=  89, Features = 81
  7943: E[0:03:19]-R[0:09:12]: Return=    -1.052, Steps=  53, Features = 81
  8902: E[0:03:43]-R[0:08:49]: Return=    -1.958, Steps= 959, Features = 81
  8962: E[0:03:45]-R[0:08:48]: Return=    -1.059, Steps=  60, Features = 81
  9000: >>> E[0:03:46]-R[0:08:47]: Return=   -0.7866, Steps=347.51, Features = 81
  9607: E[0:04:01]-R[0:08:32]: Return=    -1.644, Steps= 645, Features = 81
  9670: E[0:04:03]-R[0:08:30]: Return=    -1.062, Steps=  63, Features = 81
  9875: E[0:04:08]-R[0:08:25]: Return=    -1.204, Steps= 205, Features = 81
 10014: E[0:04:11]-R[0:08:22]: Return=    -1.138, Steps= 139, Features = 81
 10150: E[0:04:15]-R[0:08:18]: Return=    -1.135, Steps= 136, Features = 81
 10232: E[0:04:17]-R[0:08:16]: Return=    -1.081, Steps=  82, Features = 81
 10444: E[0:04:23]-R[0:08:12]: Return=     0.789, Steps= 212, Features = 81
 10620: E[0:04:27]-R[0:08:08]: Return=     -1.16, Steps= 161, Features = 81
 10918: E[0:04:35]-R[0:08:00]: Return=     0.703, Steps= 298, Features = 81
 10976: E[0:04:36]-R[0:07:58]: Return=     0.943, Steps=  58, Features = 81
 11050: E[0:04:38]-R[0:07:56]: Return=    -1.073, Steps=  74, Features = 81
 11099: E[0:04:39]-R[0:07:55]: Return=    -1.048, Steps=  49, Features = 81
 11189: E[0:04:41]-R[0:07:53]: Return=     0.911, Steps=  90, Features = 81
 11283: E[0:04:43]-R[0:07:50]: Return=     0.907, Steps=  94, Features = 81
 11402: E[0:04:46]-R[0:07:47]: Return=    -1.118, Steps= 119, Features = 81
 11514: E[0:04:49]-R[0:07:45]: Return=    -1.111, Steps= 112, Features = 81
 11618: E[0:04:52]-R[0:07:42]: Return=     0.897, Steps= 104, Features = 81
 11738: E[0:04:55]-R[0:07:39]: Return=    -1.119, Steps= 120, Features = 81
 11796: E[0:04:57]-R[0:07:38]: Return=    -1.057, Steps=  58, Features = 81
 12000: >>> E[0:05:02]-R[0:07:33]: Return=   -0.1715, Steps=72.52, Features = 81
 12263: E[0:05:08]-R[0:07:26]: Return=    -1.254, Steps= 255, Features = 81
 12346: E[0:05:11]-R[0:07:24]: Return=    -1.082, Steps=  83, Features = 81
 12388: E[0:05:12]-R[0:07:23]: Return=     0.959, Steps=  42, Features = 81
 12469: E[0:05:14]-R[0:07:21]: Return=     -1.08, Steps=  81, Features = 81
 12571: E[0:05:16]-R[0:07:18]: Return=     0.899, Steps= 102, Features = 81
 12692: E[0:05:19]-R[0:07:15]: Return=     -1.12, Steps= 121, Features = 81
 12753: E[0:05:21]-R[0:07:14]: Return=    -1.026, Steps=  27, Features = 81
 12817: E[0:05:23]-R[0:07:12]: Return=    -1.063, Steps=  64, Features = 81
 13067: E[0:05:29]-R[0:07:06]: Return=    -1.249, Steps= 250, Features = 81
 13112: E[0:05:30]-R[0:07:05]: Return=    -1.044, Steps=  45, Features = 81
 13189: E[0:05:32]-R[0:07:03]: Return=    -1.076, Steps=  77, Features = 81
 13309: E[0:05:35]-R[0:07:00]: Return=     0.881, Steps= 120, Features = 81
 13434: E[0:05:38]-R[0:06:57]: Return=    -1.124, Steps= 125, Features = 81
 13583: E[0:05:42]-R[0:06:53]: Return=    -1.148, Steps= 149, Features = 81
 13933: E[0:05:50]-R[0:06:44]: Return=    -1.349, Steps= 350, Features = 81
 14121: E[0:05:55]-R[0:06:39]: Return=    -1.176, Steps= 177, Features = 81
 14227: E[0:05:58]-R[0:06:37]: Return=    -1.105, Steps= 106, Features = 81
 14431: E[0:06:03]-R[0:06:32]: Return=    -1.203, Steps= 204, Features = 81
 14902: E[0:06:15]-R[0:06:20]: Return=    -1.458, Steps= 459, Features = 81
 15000: >>> E[0:06:18]-R[0:06:18]: Return=    -1.291, Steps=572.12, Features = 81
 15305: E[0:06:25]-R[0:06:10]: Return=    -1.402, Steps= 403, Features = 81
 16060: E[0:06:44]-R[0:05:51]: Return=    -1.754, Steps= 755, Features = 81
 16149: E[0:06:46]-R[0:05:49]: Return=    -1.088, Steps=  89, Features = 81
 16495: E[0:06:55]-R[0:05:40]: Return=     0.655, Steps= 346, Features = 81
 16907: E[0:07:06]-R[0:05:30]: Return=     0.589, Steps= 412, Features = 81
 17001: E[0:07:09]-R[0:05:28]: Return=     0.907, Steps=  94, Features = 81
 17085: E[0:07:11]-R[0:05:26]: Return=     0.917, Steps=  84, Features = 81
 17210: E[0:07:14]-R[0:05:23]: Return=    -1.124, Steps= 125, Features = 81
 17357: E[0:07:18]-R[0:05:19]: Return=    -1.146, Steps= 147, Features = 81
 17408: E[0:07:19]-R[0:05:17]: Return=     -1.05, Steps=  51, Features = 81
 17469: E[0:07:20]-R[0:05:16]: Return=     -1.06, Steps=  61, Features = 81
 17526: E[0:07:22]-R[0:05:14]: Return=    -1.056, Steps=  57, Features = 81
 18000: >>> E[0:07:33]-R[0:05:02]: Return=    -1.225, Steps=295.57, Features = 81
 18402: E[0:07:42]-R[0:04:51]: Return=     -1.84, Steps= 841, Features = 81
 18577: E[0:07:46]-R[0:04:46]: Return=    -1.174, Steps= 175, Features = 81
 18690: E[0:07:48]-R[0:04:43]: Return=    -1.112, Steps= 113, Features = 81
 18760: E[0:07:50]-R[0:04:41]: Return=     0.931, Steps=  70, Features = 81
 18860: E[0:07:52]-R[0:04:39]: Return=     0.901, Steps= 100, Features = 81
 19292: E[0:08:02]-R[0:04:27]: Return=    -1.431, Steps= 432, Features = 81
 19357: E[0:08:03]-R[0:04:26]: Return=    -1.064, Steps=  65, Features = 81
 19670: E[0:08:10]-R[0:04:17]: Return=    -1.312, Steps= 313, Features = 81
 19907: E[0:08:17]-R[0:04:12]: Return=    -1.236, Steps= 237, Features = 81
 20055: E[0:08:23]-R[0:04:09]: Return=     0.853, Steps= 148, Features = 81
 20287: E[0:08:30]-R[0:04:04]: Return=    -1.231, Steps= 232, Features = 81
 20367: E[0:08:32]-R[0:04:02]: Return=     0.921, Steps=  80, Features = 81
 20443: E[0:08:34]-R[0:04:00]: Return=     0.925, Steps=  76, Features = 81
 20580: E[0:08:38]-R[0:03:57]: Return=    -1.136, Steps= 137, Features = 81
 20835: E[0:08:44]-R[0:03:51]: Return=    -1.254, Steps= 255, Features = 81
 21000: >>> E[0:08:48]-R[0:03:46]: Return=   -0.6814, Steps=482.23, Features = 81
 21322: E[0:08:57]-R[0:03:38]: Return=    -1.486, Steps= 487, Features = 81
 21524: E[0:09:01]-R[0:03:33]: Return=    -1.201, Steps= 202, Features = 81
 21583: E[0:09:03]-R[0:03:32]: Return=    -1.058, Steps=  59, Features = 81
 21627: E[0:09:04]-R[0:03:30]: Return=    -1.043, Steps=  44, Features = 81
 21766: E[0:09:07]-R[0:03:27]: Return=    -1.138, Steps= 139, Features = 81
 21902: E[0:09:10]-R[0:03:23]: Return=    -1.122, Steps= 123, Features = 81
 22228: E[0:09:18]-R[0:03:15]: Return=     0.675, Steps= 326, Features = 81
 22541: E[0:09:25]-R[0:03:07]: Return=    -1.312, Steps= 313, Features = 81
 22589: E[0:09:26]-R[0:03:06]: Return=    -1.047, Steps=  48, Features = 81
 22840: E[0:09:32]-R[0:02:59]: Return=     -1.25, Steps= 251, Features = 81
 23149: E[0:09:40]-R[0:02:52]: Return=    -1.308, Steps= 309, Features = 81
 23411: E[0:09:46]-R[0:02:45]: Return=     0.739, Steps= 262, Features = 81
 24000: >>> E[0:10:02]-R[0:02:31]: Return=   -0.8783, Steps=738.76, Features = 81
 24140: E[0:10:06]-R[0:02:27]: Return=    -1.728, Steps= 729, Features = 81
 25067: E[0:10:30]-R[0:02:04]: Return=    -1.926, Steps= 927, Features = 81
 25268: E[0:10:34]-R[0:01:59]: Return=      -1.2, Steps= 201, Features = 81
 25425: E[0:10:38]-R[0:01:55]: Return=    -1.156, Steps= 157, Features = 81
 25483: E[0:10:39]-R[0:01:53]: Return=    -1.022, Steps=  23, Features = 81
 25574: E[0:10:41]-R[0:01:51]: Return=     -1.09, Steps=  91, Features = 81
 25657: E[0:10:43]-R[0:01:49]: Return=    -1.082, Steps=  83, Features = 81
 26011: E[0:10:51]-R[0:01:40]: Return=    -1.308, Steps= 309, Features = 81
 26119: E[0:10:53]-R[0:01:37]: Return=    -1.107, Steps= 108, Features = 81
 26376: E[0:10:59]-R[0:01:30]: Return=    -1.256, Steps= 257, Features = 81
 27000: >>> E[0:11:12]-R[0:01:15]: Return=   -0.8166, Steps=756.95, Features = 81
 27376: E[0:11:21]-R[0:01:05]: Return=        -1, Steps=1000, Features = 81
 27428: E[0:11:22]-R[0:01:04]: Return=     0.949, Steps=  52, Features = 81
 27496: E[0:11:23]-R[0:01:02]: Return=    -1.067, Steps=  68, Features = 81
 27600: E[0:11:26]-R[0:01:00]: Return=    -1.103, Steps= 104, Features = 81
 27907: E[0:11:32]-R[0:00:52]: Return=    -1.306, Steps= 307, Features = 81
 28005: E[0:11:34]-R[0:00:49]: Return=    -1.074, Steps=  75, Features = 81
 28154: E[0:11:38]-R[0:00:46]: Return=    -1.148, Steps= 149, Features = 81
 28362: E[0:11:42]-R[0:00:41]: Return=     0.793, Steps= 208, Features = 81
 28426: E[0:11:44]-R[0:00:39]: Return=     0.937, Steps=  64, Features = 81
 28522: E[0:11:46]-R[0:00:37]: Return=     0.905, Steps=  96, Features = 81
 28771: E[0:11:51]-R[0:00:30]: Return=    -1.248, Steps= 249, Features = 81
 28834: E[0:11:53]-R[0:00:29]: Return=    -1.062, Steps=  63, Features = 81
 29030: E[0:11:57]-R[0:00:24]: Return=    -1.195, Steps= 196, Features = 81
 29466: E[0:12:07]-R[0:00:13]: Return=     0.565, Steps= 436, Features = 81
 29858: E[0:12:15]-R[0:00:03]: Return=    -1.391, Steps= 392, Features = 81
 30000: >>> E[0:12:18]-R[0:00:00]: Return=   -0.5778, Steps=118.78, Features = 81
Total Experiment Duration 0:12:18
Output:			./Results/Experiment6/
