     0: >>> E[0:00:00]-R[?]: Return=   -0.8642, Steps= 5.2, Features = 16
    20: E[0:00:00]-R[0:10:25]: Return=    -1.013, Steps=  14, Features = 16
    92: E[0:00:02]-R[0:09:15]: Return=     0.981, Steps=  20, Features = 16
   160: E[0:00:03]-R[0:08:42]: Return=     0.981, Steps=  20, Features = 16
   266: E[0:00:04]-R[0:07:09]: Return=    -1.005, Steps=   6, Features = 16
   374: E[0:00:05]-R[0:06:24]: Return=    -1.003, Steps=   4, Features = 16
   480: E[0:00:06]-R[0:06:00]: Return=     0.995, Steps=   6, Features = 16
   578: E[0:00:07]-R[0:05:51]: Return=     0.985, Steps=  16, Features = 16
   688: E[0:00:08]-R[0:05:40]: Return=    -1.021, Steps=  22, Features = 16
   792: E[0:00:09]-R[0:05:33]: Return=     0.989, Steps=  12, Features = 16
   892: E[0:00:10]-R[0:05:30]: Return=     0.995, Steps=   6, Features = 16
   992: E[0:00:11]-R[0:05:26]: Return=     0.993, Steps=   8, Features = 16
  1094: E[0:00:12]-R[0:05:22]: Return=     0.991, Steps=  10, Features = 16
  1194: E[0:00:13]-R[0:05:20]: Return=     0.985, Steps=  16, Features = 16
  1292: E[0:00:14]-R[0:05:18]: Return=     0.995, Steps=   6, Features = 16
  1412: E[0:00:15]-R[0:05:14]: Return=     0.971, Steps=  30, Features = 16
  1520: E[0:00:17]-R[0:05:09]: Return=     0.985, Steps=  16, Features = 16
  1616: E[0:00:18]-R[0:05:08]: Return=     0.993, Steps=   8, Features = 16
  1712: E[0:00:19]-R[0:05:06]: Return=     0.995, Steps=   6, Features = 16
  1808: E[0:00:20]-R[0:05:05]: Return=    -1.001, Steps=   2, Features = 16
  1938: E[0:00:21]-R[0:05:01]: Return=     0.955, Steps=  46, Features = 16
  2044: E[0:00:22]-R[0:04:59]: Return=     0.991, Steps=  10, Features = 16
  2148: E[0:00:23]-R[0:04:57]: Return=    -1.001, Steps=   2, Features = 16
  2260: E[0:00:24]-R[0:04:54]: Return=     0.995, Steps=   6, Features = 16
  2372: E[0:00:25]-R[0:04:51]: Return=     0.993, Steps=   8, Features = 16
  2474: E[0:00:26]-R[0:04:49]: Return=     0.995, Steps=   6, Features = 16
  2574: E[0:00:27]-R[0:04:47]: Return=     0.995, Steps=   6, Features = 16
  2678: E[0:00:28]-R[0:04:45]: Return=     0.995, Steps=   6, Features = 16
  2826: E[0:00:29]-R[0:04:42]: Return=     0.931, Steps=  70, Features = 16
  2938: E[0:00:30]-R[0:04:40]: Return=     0.983, Steps=  18, Features = 16
  3000: >>> E[0:00:31]-R[0:04:40]: Return=    0.6713, Steps=9.66, Features = 16
  3094: E[0:00:32]-R[0:04:39]: Return=     0.991, Steps=  10, Features = 16
  3196: E[0:00:33]-R[0:04:38]: Return=     0.995, Steps=   6, Features = 16
  3312: E[0:00:34]-R[0:04:35]: Return=     0.995, Steps=   6, Features = 16
  3402: E[0:00:35]-R[0:04:35]: Return=     0.985, Steps=  16, Features = 16
  3466: E[0:00:36]-R[0:04:38]: Return=     0.993, Steps=   8, Features = 16
  3514: E[0:00:37]-R[0:04:41]: Return=     0.993, Steps=   8, Features = 16
  3574: E[0:00:38]-R[0:04:43]: Return=     0.991, Steps=  10, Features = 16
  3628: E[0:00:39]-R[0:04:46]: Return=     0.991, Steps=  10, Features = 16
  3684: E[0:00:40]-R[0:04:49]: Return=     0.995, Steps=   6, Features = 16
  3782: E[0:00:42]-R[0:04:49]: Return=     0.965, Steps=  36, Features = 16
  3896: E[0:00:43]-R[0:04:46]: Return=     0.993, Steps=   8, Features = 16
  4008: E[0:00:44]-R[0:04:43]: Return=     0.993, Steps=   8, Features = 16
  4112: E[0:00:45]-R[0:04:42]: Return=     0.987, Steps=  14, Features = 16
  4222: E[0:00:46]-R[0:04:40]: Return=     0.993, Steps=   8, Features = 16
  4328: E[0:00:47]-R[0:04:38]: Return=     0.991, Steps=  10, Features = 16
  4454: E[0:00:48]-R[0:04:35]: Return=     0.991, Steps=  10, Features = 16
  4572: E[0:00:49]-R[0:04:32]: Return=     0.995, Steps=   6, Features = 16
  4684: E[0:00:50]-R[0:04:30]: Return=     0.995, Steps=   6, Features = 16
  4804: E[0:00:51]-R[0:04:28]: Return=     0.983, Steps=  18, Features = 16
  4918: E[0:00:52]-R[0:04:26]: Return=     0.991, Steps=  10, Features = 16
  5012: E[0:00:53]-R[0:04:25]: Return=    -1.005, Steps=   6, Features = 16
  5118: E[0:00:54]-R[0:04:23]: Return=     0.993, Steps=   8, Features = 16
  5234: E[0:00:55]-R[0:04:21]: Return=     0.995, Steps=   6, Features = 16
  5348: E[0:00:56]-R[0:04:19]: Return=     0.993, Steps=   8, Features = 16
  5468: E[0:00:57]-R[0:04:17]: Return=     0.985, Steps=  16, Features = 16
  5588: E[0:00:58]-R[0:04:15]: Return=    -1.011, Steps=  12, Features = 16
  5700: E[0:01:00]-R[0:04:14]: Return=     0.965, Steps=  36, Features = 16
  5802: E[0:01:01]-R[0:04:13]: Return=    -1.011, Steps=  12, Features = 16
  5908: E[0:01:02]-R[0:04:12]: Return=    -1.001, Steps=   2, Features = 16
  6000: >>> E[0:01:03]-R[0:04:10]: Return=    0.6123, Steps=8.72, Features = 16
  6102: E[0:01:04]-R[0:04:09]: Return=     0.991, Steps=  10, Features = 16
  6200: E[0:01:05]-R[0:04:08]: Return=     0.991, Steps=  10, Features = 16
  6292: E[0:01:06]-R[0:04:08]: Return=     0.995, Steps=   6, Features = 16
  6404: E[0:01:07]-R[0:04:06]: Return=     0.983, Steps=  18, Features = 16
  6512: E[0:01:08]-R[0:04:05]: Return=     0.995, Steps=   6, Features = 16
  6622: E[0:01:09]-R[0:04:03]: Return=     0.987, Steps=  14, Features = 16
  6718: E[0:01:10]-R[0:04:03]: Return=     0.991, Steps=  10, Features = 16
  6788: E[0:01:11]-R[0:04:03]: Return=     0.995, Steps=   6, Features = 16
  6842: E[0:01:12]-R[0:04:04]: Return=     0.993, Steps=   8, Features = 16
  6894: E[0:01:13]-R[0:04:05]: Return=    -1.001, Steps=   2, Features = 16
  6950: E[0:01:14]-R[0:04:06]: Return=     0.993, Steps=   8, Features = 16
  7000: E[0:01:15]-R[0:04:07]: Return=     0.993, Steps=   8, Features = 16
  7068: E[0:01:17]-R[0:04:08]: Return=     0.959, Steps=  42, Features = 16
  7178: E[0:01:18]-R[0:04:07]: Return=     0.993, Steps=   8, Features = 16
  7286: E[0:01:19]-R[0:04:05]: Return=    -1.003, Steps=   4, Features = 16
  7396: E[0:01:20]-R[0:04:03]: Return=     0.963, Steps=  38, Features = 16
  7504: E[0:01:21]-R[0:04:02]: Return=     0.993, Steps=   8, Features = 16
  7652: E[0:01:22]-R[0:04:00]: Return=     0.949, Steps=  52, Features = 16
  7766: E[0:01:23]-R[0:03:58]: Return=     0.987, Steps=  14, Features = 16
  7858: E[0:01:24]-R[0:03:57]: Return=    -1.001, Steps=   2, Features = 16
  7952: E[0:01:25]-R[0:03:56]: Return=     0.995, Steps=   6, Features = 16
  8056: E[0:01:26]-R[0:03:55]: Return=     0.987, Steps=  14, Features = 16
  8160: E[0:01:27]-R[0:03:54]: Return=     0.981, Steps=  20, Features = 16
  8292: E[0:01:29]-R[0:03:52]: Return=     0.971, Steps=  30, Features = 16
  8388: E[0:01:30]-R[0:03:51]: Return=     0.987, Steps=  14, Features = 16
  8494: E[0:01:31]-R[0:03:50]: Return=     0.991, Steps=  10, Features = 16
  8602: E[0:01:32]-R[0:03:49]: Return=     0.993, Steps=   8, Features = 16
  8702: E[0:01:33]-R[0:03:48]: Return=     0.993, Steps=   8, Features = 16
  8804: E[0:01:34]-R[0:03:46]: Return=     0.983, Steps=  18, Features = 16
  8918: E[0:01:35]-R[0:03:45]: Return=     0.983, Steps=  18, Features = 16
  9000: >>> E[0:01:36]-R[0:03:44]: Return=    0.5928, Steps=8.16, Features = 16
  9114: E[0:01:37]-R[0:03:43]: Return=     0.973, Steps=  28, Features = 16
  9234: E[0:01:38]-R[0:03:41]: Return=     0.981, Steps=  20, Features = 16
  9330: E[0:01:39]-R[0:03:40]: Return=     0.991, Steps=  10, Features = 16
  9424: E[0:01:40]-R[0:03:39]: Return=     0.995, Steps=   6, Features = 16
  9522: E[0:01:41]-R[0:03:38]: Return=     0.995, Steps=   6, Features = 16
  9642: E[0:01:42]-R[0:03:36]: Return=     0.991, Steps=  10, Features = 16
  9756: E[0:01:44]-R[0:03:35]: Return=     0.989, Steps=  12, Features = 16
  9862: E[0:01:45]-R[0:03:34]: Return=     0.995, Steps=   6, Features = 16
  9966: E[0:01:46]-R[0:03:32]: Return=     0.985, Steps=  16, Features = 16
 10070: E[0:01:47]-R[0:03:31]: Return=     0.991, Steps=  10, Features = 16
 10190: E[0:01:48]-R[0:03:29]: Return=     0.991, Steps=  10, Features = 16
 10298: E[0:01:49]-R[0:03:28]: Return=     0.993, Steps=   8, Features = 16
 10400: E[0:01:50]-R[0:03:27]: Return=     0.991, Steps=  10, Features = 16
     0: >>> E[0:00:00]-R[?]: Return=    -1.002, Steps=3.19, Features = 81
    21: E[0:00:01]-R[0:12:36]: Return=    -1.003, Steps=   4, Features = 81
    59: E[0:00:02]-R[0:14:09]: Return=    -1.006, Steps=   7, Features = 81
   149: E[0:00:04]-R[0:13:22]: Return=    -1.056, Steps=  57, Features = 81
   197: E[0:00:05]-R[0:13:04]: Return=    -1.006, Steps=   7, Features = 81
   238: E[0:00:06]-R[0:13:02]: Return=    -1.022, Steps=  23, Features = 81
   313: E[0:00:08]-R[0:13:01]: Return=    -1.074, Steps=  75, Features = 81
   358: E[0:00:09]-R[0:12:56]: Return=    -1.008, Steps=   9, Features = 81
   405: E[0:00:11]-R[0:12:51]: Return=    -1.006, Steps=   7, Features = 81
   465: E[0:00:12]-R[0:12:42]: Return=    -1.032, Steps=  33, Features = 81
   511: E[0:00:13]-R[0:12:34]: Return=     -1.02, Steps=  21, Features = 81
   577: E[0:00:15]-R[0:12:23]: Return=    -1.046, Steps=  47, Features = 81
   633: E[0:00:16]-R[0:12:20]: Return=    -1.048, Steps=  49, Features = 81
   691: E[0:00:17]-R[0:12:18]: Return=    -1.027, Steps=  28, Features = 81
   788: E[0:00:20]-R[0:12:06]: Return=    -1.096, Steps=  97, Features = 81
   857: E[0:00:21]-R[0:12:03]: Return=    -1.026, Steps=  27, Features = 81
   929: E[0:00:23]-R[0:11:55]: Return=    -1.055, Steps=  56, Features = 81
  1036: E[0:00:25]-R[0:11:48]: Return=    -1.098, Steps=  99, Features = 81
  1252: E[0:00:30]-R[0:11:35]: Return=    -1.181, Steps= 182, Features = 81
  1348: E[0:00:32]-R[0:11:30]: Return=    -1.074, Steps=  75, Features = 81
  1483: E[0:00:35]-R[0:11:23]: Return=    -1.106, Steps= 107, Features = 81
  1529: E[0:00:37]-R[0:11:21]: Return=    -1.006, Steps=   7, Features = 81
  1635: E[0:00:39]-R[0:11:15]: Return=    -1.076, Steps=  77, Features = 81
  1688: E[0:00:40]-R[0:11:14]: Return=    -1.015, Steps=  16, Features = 81
  1758: E[0:00:42]-R[0:11:12]: Return=    -1.059, Steps=  60, Features = 81
  1907: E[0:00:45]-R[0:11:08]: Return=     -1.13, Steps= 131, Features = 81
  1983: E[0:00:47]-R[0:11:04]: Return=    -1.071, Steps=  72, Features = 81
  2056: E[0:00:49]-R[0:11:01]: Return=     -1.07, Steps=  71, Features = 81
  2107: E[0:00:50]-R[0:11:00]: Return=    -1.016, Steps=  17, Features = 81
  2236: E[0:00:53]-R[0:10:55]: Return=    -1.112, Steps= 113, Features = 81
  2294: E[0:00:54]-R[0:10:53]: Return=    -1.057, Steps=  58, Features = 81
  2357: E[0:00:56]-R[0:10:51]: Return=     -1.04, Steps=  41, Features = 81
  2445: E[0:00:58]-R[0:10:49]: Return=    -1.075, Steps=  76, Features = 81
  2533: E[0:01:00]-R[0:10:45]: Return=    -1.056, Steps=  57, Features = 81
  2624: E[0:01:02]-R[0:10:43]: Return=    -1.046, Steps=  47, Features = 81
  2719: E[0:01:04]-R[0:10:39]: Return=     0.911, Steps=  90, Features = 81
  2840: E[0:01:06]-R[0:10:36]: Return=    -1.101, Steps= 102, Features = 81
  2949: E[0:01:09]-R[0:10:32]: Return=    -1.107, Steps= 108, Features = 81
  3000: >>> E[0:01:10]-R[0:10:32]: Return=    -1.041, Steps=42.16, Features = 81
  3163: E[0:01:14]-R[0:10:27]: Return=    -1.156, Steps= 157, Features = 81
  3227: E[0:01:15]-R[0:10:25]: Return=    -1.062, Steps=  63, Features = 81
  3342: E[0:01:18]-R[0:10:22]: Return=    -1.087, Steps=  88, Features = 81
  3619: E[0:01:24]-R[0:10:14]: Return=    -1.276, Steps= 277, Features = 81
  3662: E[0:01:25]-R[0:10:13]: Return=    -1.001, Steps=   2, Features = 81
  3733: E[0:01:27]-R[0:10:11]: Return=     -1.07, Steps=  71, Features = 81
  3886: E[0:01:30]-R[0:10:07]: Return=    -1.152, Steps= 153, Features = 81
  4015: E[0:01:33]-R[0:10:03]: Return=    -1.111, Steps= 112, Features = 81
  4155: E[0:01:36]-R[0:09:59]: Return=    -1.118, Steps= 119, Features = 81
  4287: E[0:01:39]-R[0:09:56]: Return=    -1.089, Steps=  90, Features = 81
  4375: E[0:01:41]-R[0:09:54]: Return=    -1.054, Steps=  55, Features = 81
  4479: E[0:01:44]-R[0:09:51]: Return=    -1.092, Steps=  93, Features = 81
  4528: E[0:01:45]-R[0:09:50]: Return=    -1.026, Steps=  27, Features = 81
  4582: E[0:01:46]-R[0:09:49]: Return=    -1.053, Steps=  54, Features = 81
  4812: E[0:01:52]-R[0:09:44]: Return=    -1.202, Steps= 203, Features = 81
  4965: E[0:01:55]-R[0:09:40]: Return=    -1.152, Steps= 153, Features = 81
  5005: E[0:01:56]-R[0:09:40]: Return=    -1.004, Steps=   5, Features = 81
  5086: E[0:01:58]-R[0:09:38]: Return=    -1.064, Steps=  65, Features = 81
  5146: E[0:01:59]-R[0:09:36]: Return=    -1.059, Steps=  60, Features = 81
  5237: E[0:02:01]-R[0:09:34]: Return=     -1.09, Steps=  91, Features = 81
  5284: E[0:02:02]-R[0:09:33]: Return=    -1.036, Steps=  37, Features = 81
  5360: E[0:02:04]-R[0:09:31]: Return=    -1.057, Steps=  58, Features = 81
  5493: E[0:02:07]-R[0:09:28]: Return=    -1.132, Steps= 133, Features = 81
  5533: E[0:02:08]-R[0:09:27]: Return=        -1, Steps=   1, Features = 81
  5645: E[0:02:11]-R[0:09:25]: Return=    -1.093, Steps=  94, Features = 81
  5706: E[0:02:12]-R[0:09:23]: Return=    -1.034, Steps=  35, Features = 81
  5748: E[0:02:13]-R[0:09:23]: Return=    -1.036, Steps=  37, Features = 81
  5829: E[0:02:15]-R[0:09:21]: Return=     -1.05, Steps=  51, Features = 81
  5940: E[0:02:18]-R[0:09:18]: Return=    -1.106, Steps= 107, Features = 81
  6000: >>> E[0:02:19]-R[0:09:17]: Return=   -0.9981, Steps=19.07, Features = 81
  6053: E[0:02:20]-R[0:09:15]: Return=    -1.027, Steps=  28, Features = 81
  6149: E[0:02:22]-R[0:09:13]: Return=    -1.095, Steps=  96, Features = 81
  6192: E[0:02:24]-R[0:09:12]: Return=    -1.016, Steps=  17, Features = 81
  6240: E[0:02:25]-R[0:09:11]: Return=     -1.01, Steps=  11, Features = 81
  6283: E[0:02:26]-R[0:09:10]: Return=    -1.023, Steps=  24, Features = 81
  6373: E[0:02:28]-R[0:09:08]: Return=    -1.045, Steps=  46, Features = 81
  6420: E[0:02:29]-R[0:09:07]: Return=    -1.015, Steps=  16, Features = 81
  6616: E[0:02:33]-R[0:09:02]: Return=    -1.168, Steps= 169, Features = 81
  6665: E[0:02:34]-R[0:09:01]: Return=    -1.046, Steps=  47, Features = 81
  6773: E[0:02:37]-R[0:08:58]: Return=    -1.079, Steps=  80, Features = 81
  6930: E[0:02:40]-R[0:08:54]: Return=    -1.155, Steps= 156, Features = 81
  6976: E[0:02:41]-R[0:08:53]: Return=    -1.016, Steps=  17, Features = 81
  7098: E[0:02:44]-R[0:08:50]: Return=    -1.121, Steps= 122, Features = 81
  7326: E[0:02:49]-R[0:08:44]: Return=    -1.227, Steps= 228, Features = 81
  7463: E[0:02:52]-R[0:08:41]: Return=    -1.104, Steps= 105, Features = 81
  7563: E[0:02:55]-R[0:08:39]: Return=    -1.067, Steps=  68, Features = 81
  7654: E[0:02:57]-R[0:08:37]: Return=    -1.077, Steps=  78, Features = 81
  7731: E[0:02:59]-R[0:08:36]: Return=    -1.056, Steps=  57, Features = 81
  8024: E[0:03:06]-R[0:08:28]: Return=    -1.292, Steps= 293, Features = 81
  8165: E[0:03:09]-R[0:08:25]: Return=     -1.13, Steps= 131, Features = 81
  8294: E[0:03:12]-R[0:08:22]: Return=    -1.092, Steps=  93, Features = 81
  8359: E[0:03:13]-R[0:08:21]: Return=    -1.056, Steps=  57, Features = 81
  8529: E[0:03:17]-R[0:08:17]: Return=    -1.159, Steps= 160, Features = 81
  8606: E[0:03:19]-R[0:08:15]: Return=    -1.076, Steps=  77, Features = 81
  8684: E[0:03:21]-R[0:08:13]: Return=     0.943, Steps=  58, Features = 81
  8898: E[0:03:25]-R[0:08:07]: Return=     0.787, Steps= 214, Features = 81
  8984: E[0:03:27]-R[0:08:05]: Return=    -1.057, Steps=  58, Features = 81
  9000: >>> E[0:03:28]-R[0:08:05]: Return=     -1.03, Steps=51.12, Features = 81
  9067: E[0:03:29]-R[0:08:03]: Return=    -1.056, Steps=  57, Features = 81
  9207: E[0:03:32]-R[0:08:00]: Return=    -1.139, Steps= 140, Features = 81
  9320: E[0:03:35]-R[0:07:57]: Return=    -1.112, Steps= 113, Features = 81
  9480: E[0:03:38]-R[0:07:53]: Return=    -1.136, Steps= 137, Features = 81
  9667: E[0:03:43]-R[0:07:48]: Return=    -1.154, Steps= 155, Features = 81
  9713: E[0:03:44]-R[0:07:47]: Return=    -1.045, Steps=  46, Features = 81
  9819: E[0:03:46]-R[0:07:44]: Return=    -1.105, Steps= 106, Features = 81
 10159: E[0:03:54]-R[0:07:36]: Return=    -1.315, Steps= 316, Features = 81
 10252: E[0:03:56]-R[0:07:34]: Return=    -1.088, Steps=  89, Features = 81
 10312: E[0:03:57]-R[0:07:33]: Return=    -1.018, Steps=  19, Features = 81
 10511: E[0:04:02]-R[0:07:28]: Return=    -1.171, Steps= 172, Features = 81
 10587: E[0:04:03]-R[0:07:26]: Return=     0.925, Steps=  76, Features = 81
 10723: E[0:04:07]-R[0:07:23]: Return=    -1.108, Steps= 109, Features = 81
 10791: E[0:04:08]-R[0:07:21]: Return=    -1.062, Steps=  63, Features = 81
 10956: E[0:04:12]-R[0:07:18]: Return=    -1.147, Steps= 148, Features = 81
 11021: E[0:04:13]-R[0:07:16]: Return=    -1.032, Steps=  33, Features = 81
 11097: E[0:04:15]-R[0:07:14]: Return=     0.925, Steps=  76, Features = 81
 11195: E[0:04:17]-R[0:07:12]: Return=    -1.097, Steps=  98, Features = 81
 11484: E[0:04:23]-R[0:07:05]: Return=    -1.288, Steps= 289, Features = 81
 11557: E[0:04:25]-R[0:07:03]: Return=    -1.044, Steps=  45, Features = 81
 11655: E[0:04:27]-R[0:07:01]: Return=    -1.056, Steps=  57, Features = 81
 11716: E[0:04:29]-R[0:06:59]: Return=    -1.018, Steps=  19, Features = 81
 11847: E[0:04:32]-R[0:06:56]: Return=    -1.118, Steps= 119, Features = 81
 11900: E[0:04:33]-R[0:06:55]: Return=     0.961, Steps=  40, Features = 81
 12000: >>> E[0:04:35]-R[0:06:53]: Return=   -0.8587, Steps=69.69, Features = 81
 12074: E[0:04:37]-R[0:06:51]: Return=     0.959, Steps=  42, Features = 81
 12182: E[0:04:39]-R[0:06:49]: Return=    -1.104, Steps= 105, Features = 81
 12244: E[0:04:41]-R[0:06:47]: Return=     0.939, Steps=  62, Features = 81
 12681: E[0:04:51]-R[0:06:37]: Return=    -1.411, Steps= 412, Features = 81
 12721: E[0:04:52]-R[0:06:37]: Return=    -1.008, Steps=   9, Features = 81
 12882: E[0:04:56]-R[0:06:33]: Return=    -1.142, Steps= 143, Features = 81
 12922: E[0:04:57]-R[0:06:32]: Return=        -1, Steps=   1, Features = 81
 13057: E[0:05:00]-R[0:06:29]: Return=      -1.1, Steps= 101, Features = 81
 13123: E[0:05:01]-R[0:06:27]: Return=    -1.065, Steps=  66, Features = 81
 13203: E[0:05:03]-R[0:06:26]: Return=     -1.04, Steps=  41, Features = 81
 13274: E[0:05:05]-R[0:06:24]: Return=     -1.07, Steps=  71, Features = 81
 13327: E[0:05:06]-R[0:06:23]: Return=     -1.04, Steps=  41, Features = 81
 13404: E[0:05:08]-R[0:06:21]: Return=    -1.076, Steps=  77, Features = 81
 13546: E[0:05:11]-R[0:06:18]: Return=    -1.141, Steps= 142, Features = 81
 13620: E[0:05:13]-R[0:06:16]: Return=     0.927, Steps=  74, Features = 81
 13682: E[0:05:14]-R[0:06:15]: Return=    -1.061, Steps=  62, Features = 81
 13769: E[0:05:16]-R[0:06:13]: Return=    -1.086, Steps=  87, Features = 81
 13849: E[0:05:18]-R[0:06:11]: Return=    -1.076, Steps=  77, Features = 81
 13910: E[0:05:20]-R[0:06:10]: Return=     -1.06, Steps=  61, Features = 81
 13970: E[0:05:21]-R[0:06:08]: Return=    -1.055, Steps=  56, Features = 81
 14028: E[0:05:22]-R[0:06:07]: Return=    -1.057, Steps=  58, Features = 81
 14094: E[0:05:24]-R[0:06:05]: Return=     0.935, Steps=  66, Features = 81
 14180: E[0:05:26]-R[0:06:04]: Return=     0.915, Steps=  86, Features = 81
 14243: E[0:05:27]-R[0:06:02]: Return=    -1.061, Steps=  62, Features = 81
 14308: E[0:05:29]-R[0:06:01]: Return=    -1.064, Steps=  65, Features = 81
 14479: E[0:05:33]-R[0:05:57]: Return=    -1.168, Steps= 169, Features = 81
 14594: E[0:05:35]-R[0:05:54]: Return=    -1.072, Steps=  73, Features = 81
 14735: E[0:05:38]-R[0:05:50]: Return=     -1.14, Steps= 141, Features = 81
 14836: E[0:05:40]-R[0:05:48]: Return=    -1.098, Steps=  99, Features = 81
 14970: E[0:05:43]-R[0:05:45]: Return=    -1.133, Steps= 134, Features = 81
 15000: >>> E[0:05:44]-R[0:05:44]: Return=   -0.6849, Steps=45.91, Features = 81
 15142: E[0:05:47]-R[0:05:41]: Return=     0.829, Steps= 172, Features = 81
 15263: E[0:05:50]-R[0:05:38]: Return=    -1.114, Steps= 115, Features = 81
 15411: E[0:05:53]-R[0:05:35]: Return=    -1.146, Steps= 147, Features = 81
 15522: E[0:05:56]-R[0:05:32]: Return=     0.901, Steps= 100, Features = 81
 15585: E[0:05:57]-R[0:05:31]: Return=    -1.062, Steps=  63, Features = 81
 15712: E[0:06:00]-R[0:05:28]: Return=    -1.126, Steps= 127, Features = 81
 15783: E[0:06:02]-R[0:05:26]: Return=     -1.07, Steps=  71, Features = 81
 15843: E[0:06:03]-R[0:05:25]: Return=    -1.051, Steps=  52, Features = 81
 15887: E[0:06:04]-R[0:05:24]: Return=    -1.025, Steps=  26, Features = 81
 15994: E[0:06:07]-R[0:05:21]: Return=    -1.106, Steps= 107, Features = 81
 16042: E[0:06:08]-R[0:05:20]: Return=    -1.037, Steps=  38, Features = 81
 16155: E[0:06:11]-R[0:05:18]: Return=    -1.112, Steps= 113, Features = 81
 16285: E[0:06:14]-R[0:05:15]: Return=    -1.123, Steps= 124, Features = 81
 16395: E[0:06:16]-R[0:05:12]: Return=    -1.109, Steps= 110, Features = 81
 16536: E[0:06:19]-R[0:05:09]: Return=     -1.14, Steps= 141, Features = 81
 16643: E[0:06:22]-R[0:05:06]: Return=    -1.106, Steps= 107, Features = 81
 16941: E[0:06:28]-R[0:04:59]: Return=     -1.26, Steps= 261, Features = 81
 17042: E[0:06:31]-R[0:04:57]: Return=    -1.074, Steps=  75, Features = 81
 17123: E[0:06:32]-R[0:04:55]: Return=    -1.079, Steps=  80, Features = 81
 17346: E[0:06:37]-R[0:04:50]: Return=    -1.204, Steps= 205, Features = 81
 17417: E[0:06:39]-R[0:04:48]: Return=     -1.07, Steps=  71, Features = 81
 17471: E[0:06:40]-R[0:04:47]: Return=    -1.012, Steps=  13, Features = 81
 17642: E[0:06:44]-R[0:04:43]: Return=     -1.17, Steps= 171, Features = 81
 17769: E[0:06:47]-R[0:04:40]: Return=    -1.126, Steps= 127, Features = 81
 17843: E[0:06:48]-R[0:04:38]: Return=    -1.048, Steps=  49, Features = 81
 17891: E[0:06:50]-R[0:04:37]: Return=    -1.038, Steps=  39, Features = 81
 17948: E[0:06:51]-R[0:04:36]: Return=    -1.056, Steps=  57, Features = 81
 18000: >>> E[0:06:52]-R[0:04:35]: Return=    -1.096, Steps=107.01, Features = 81
 18108: E[0:06:54]-R[0:04:32]: Return=    -1.124, Steps= 125, Features = 81
 18262: E[0:06:58]-R[0:04:29]: Return=    -1.143, Steps= 144, Features = 81
 18373: E[0:07:00]-R[0:04:26]: Return=    -1.079, Steps=  80, Features = 81
 18540: E[0:07:04]-R[0:04:22]: Return=    -1.134, Steps= 135, Features = 81
 18596: E[0:07:05]-R[0:04:21]: Return=    -1.041, Steps=  42, Features = 81
 18760: E[0:07:09]-R[0:04:17]: Return=    -1.163, Steps= 164, Features = 81
 18810: E[0:07:10]-R[0:04:16]: Return=    -1.021, Steps=  22, Features = 81
 18950: E[0:07:13]-R[0:04:13]: Return=    -1.115, Steps= 116, Features = 81
 19054: E[0:07:16]-R[0:04:10]: Return=    -1.097, Steps=  98, Features = 81
 19110: E[0:07:17]-R[0:04:09]: Return=    -1.018, Steps=  19, Features = 81
 19229: E[0:07:20]-R[0:04:06]: Return=    -1.117, Steps= 118, Features = 81
 19411: E[0:07:24]-R[0:04:02]: Return=    -1.181, Steps= 182, Features = 81
 19575: E[0:07:27]-R[0:03:58]: Return=    -1.125, Steps= 126, Features = 81
 19635: E[0:07:29]-R[0:03:57]: Return=     -1.03, Steps=  31, Features = 81
 19863: E[0:07:34]-R[0:03:52]: Return=    -1.204, Steps= 205, Features = 81
 20058: E[0:07:38]-R[0:03:47]: Return=    -1.166, Steps= 167, Features = 81
 20124: E[0:07:40]-R[0:03:46]: Return=    -1.061, Steps=  62, Features = 81
 20330: E[0:07:44]-R[0:03:41]: Return=    -1.183, Steps= 184, Features = 81
 20415: E[0:07:46]-R[0:03:39]: Return=    -1.047, Steps=  48, Features = 81
 20550: E[0:07:49]-R[0:03:36]: Return=    -1.133, Steps= 134, Features = 81
 20596: E[0:07:50]-R[0:03:35]: Return=    -1.009, Steps=  10, Features = 81
 20797: E[0:07:55]-R[0:03:30]: Return=    -1.198, Steps= 199, Features = 81
 20942: E[0:07:58]-R[0:03:27]: Return=    -1.143, Steps= 144, Features = 81
 21000: >>> E[0:08:00]-R[0:03:26]: Return=    -1.094, Steps=95.2, Features = 81
 21171: E[0:08:03]-R[0:03:22]: Return=    -1.202, Steps= 203, Features = 81
 21236: E[0:08:05]-R[0:03:20]: Return=    -1.059, Steps=  60, Features = 81
 21284: E[0:08:06]-R[0:03:19]: Return=    -1.046, Steps=  47, Features = 81
 21344: E[0:08:07]-R[0:03:18]: Return=    -1.059, Steps=  60, Features = 81
 21465: E[0:08:10]-R[0:03:15]: Return=     -1.12, Steps= 121, Features = 81
 21599: E[0:08:13]-R[0:03:12]: Return=    -1.128, Steps= 129, Features = 81
 21644: E[0:08:14]-R[0:03:11]: Return=    -1.043, Steps=  44, Features = 81
 21701: E[0:08:15]-R[0:03:09]: Return=    -1.052, Steps=  53, Features = 81
 21935: E[0:08:21]-R[0:03:04]: Return=    -1.233, Steps= 234, Features = 81
 22038: E[0:08:23]-R[0:03:02]: Return=     0.915, Steps=  86, Features = 81
 22098: E[0:08:24]-R[0:03:00]: Return=    -1.059, Steps=  60, Features = 81
 22237: E[0:08:27]-R[0:02:57]: Return=    -1.137, Steps= 138, Features = 81
 22418: E[0:08:31]-R[0:02:53]: Return=     -1.18, Steps= 181, Features = 81
 22517: E[0:08:34]-R[0:02:51]: Return=    -1.098, Steps=  99, Features = 81
 22585: E[0:08:35]-R[0:02:49]: Return=    -1.062, Steps=  63, Features = 81
 22773: E[0:08:39]-R[0:02:45]: Return=    -1.187, Steps= 188, Features = 81
 22899: E[0:08:42]-R[0:02:42]: Return=     0.875, Steps= 126, Features = 81
 23064: E[0:08:46]-R[0:02:38]: Return=     -1.15, Steps= 151, Features = 81
 23135: E[0:08:48]-R[0:02:37]: Return=    -1.064, Steps=  65, Features = 81
 23184: E[0:08:49]-R[0:02:35]: Return=    -1.042, Steps=  43, Features = 81
 23245: E[0:08:50]-R[0:02:34]: Return=    -1.041, Steps=  42, Features = 81
 23328: E[0:08:52]-R[0:02:32]: Return=     0.947, Steps=  54, Features = 81
 23431: E[0:08:54]-R[0:02:30]: Return=    -1.101, Steps= 102, Features = 81
 23505: E[0:08:56]-R[0:02:28]: Return=    -1.038, Steps=  39, Features = 81
 23598: E[0:08:58]-R[0:02:26]: Return=    -1.088, Steps=  89, Features = 81
 23667: E[0:09:00]-R[0:02:24]: Return=    -1.043, Steps=  44, Features = 81
 23741: E[0:09:01]-R[0:02:23]: Return=    -1.073, Steps=  74, Features = 81
 23794: E[0:09:03]-R[0:02:22]: Return=    -1.052, Steps=  53, Features = 81
 23891: E[0:09:05]-R[0:02:19]: Return=    -1.087, Steps=  88, Features = 81
 24000: >>> E[0:09:07]-R[0:02:17]: Return=    -1.117, Steps=158.39, Features = 81
 24053: E[0:09:09]-R[0:02:16]: Return=    -1.008, Steps=   9, Features = 81
 24116: E[0:09:10]-R[0:02:14]: Return=    -1.035, Steps=  36, Features = 81
 24169: E[0:09:11]-R[0:02:13]: Return=    -1.052, Steps=  53, Features = 81
 24233: E[0:09:13]-R[0:02:12]: Return=    -1.063, Steps=  64, Features = 81
 24380: E[0:09:16]-R[0:02:08]: Return=     0.869, Steps= 132, Features = 81
 24457: E[0:09:18]-R[0:02:06]: Return=    -1.041, Steps=  42, Features = 81
 24538: E[0:09:20]-R[0:02:05]: Return=     -1.08, Steps=  81, Features = 81
 24681: E[0:09:23]-R[0:02:01]: Return=    -1.142, Steps= 143, Features = 81
 24727: E[0:09:24]-R[0:02:00]: Return=        -1, Steps=   1, Features = 81
 24779: E[0:09:25]-R[0:01:59]: Return=    -1.035, Steps=  36, Features = 81
 24889: E[0:09:28]-R[0:01:57]: Return=    -1.108, Steps= 109, Features = 81
 24941: E[0:09:29]-R[0:01:55]: Return=    -1.034, Steps=  35, Features = 81
 24992: E[0:09:30]-R[0:01:54]: Return=    -1.045, Steps=  46, Features = 81
 25039: E[0:09:31]-R[0:01:53]: Return=    -1.004, Steps=   5, Features = 81
 25092: E[0:09:32]-R[0:01:52]: Return=     0.963, Steps=  38, Features = 81
 25269: E[0:09:36]-R[0:01:48]: Return=    -1.175, Steps= 176, Features = 81
 25319: E[0:09:37]-R[0:01:47]: Return=    -1.017, Steps=  18, Features = 81
 25660: E[0:09:45]-R[0:01:39]: Return=    -1.333, Steps= 334, Features = 81
 25911: E[0:09:51]-R[0:01:33]: Return=    -1.209, Steps= 210, Features = 81
 25973: E[0:09:52]-R[0:01:32]: Return=    -1.057, Steps=  58, Features = 81
 26205: E[0:09:57]-R[0:01:27]: Return=     0.769, Steps= 232, Features = 81
 26397: E[0:10:02]-R[0:01:22]: Return=     0.809, Steps= 192, Features = 81
 26540: E[0:10:05]-R[0:01:19]: Return=     0.897, Steps= 104, Features = 81
 26647: E[0:10:07]-R[0:01:16]: Return=    -1.106, Steps= 107, Features = 81
 26697: E[0:10:08]-R[0:01:15]: Return=    -1.025, Steps=  26, Features = 81
 26855: E[0:10:12]-R[0:01:12]: Return=    -1.116, Steps= 117, Features = 81
 26927: E[0:10:14]-R[0:01:10]: Return=    -1.071, Steps=  72, Features = 81
 27000: >>> E[0:10:15]-R[0:01:08]: Return=    -1.094, Steps=214.54, Features = 81
 27180: E[0:10:19]-R[0:01:04]: Return=    -1.219, Steps= 220, Features = 81
 27485: E[0:10:26]-R[0:00:57]: Return=    -1.282, Steps= 283, Features = 81
 27638: E[0:10:30]-R[0:00:54]: Return=    -1.132, Steps= 133, Features = 81
 27768: E[0:10:33]-R[0:00:51]: Return=    -1.126, Steps= 127, Features = 81
 27814: E[0:10:34]-R[0:00:50]: Return=     0.955, Steps=  46, Features = 81
 27884: E[0:10:35]-R[0:00:48]: Return=    -1.067, Steps=  68, Features = 81
 28008: E[0:10:38]-R[0:00:45]: Return=    -1.123, Steps= 124, Features = 81
 28145: E[0:10:41]-R[0:00:42]: Return=    -1.136, Steps= 137, Features = 81
 28274: E[0:10:44]-R[0:00:39]: Return=    -1.096, Steps=  97, Features = 81
 28383: E[0:10:47]-R[0:00:37]: Return=    -1.075, Steps=  76, Features = 81
 28487: E[0:10:49]-R[0:00:34]: Return=    -1.102, Steps= 103, Features = 81
 28773: E[0:10:55]-R[0:00:28]: Return=    -1.273, Steps= 274, Features = 81
 28820: E[0:10:56]-R[0:00:27]: Return=    -1.042, Steps=  43, Features = 81
 28882: E[0:10:58]-R[0:00:25]: Return=    -1.059, Steps=  60, Features = 81
 28926: E[0:10:59]-R[0:00:24]: Return=    -1.007, Steps=   8, Features = 81
 28983: E[0:11:00]-R[0:00:23]: Return=    -1.046, Steps=  47, Features = 81
 29249: E[0:11:06]-R[0:00:17]: Return=    -1.237, Steps= 238, Features = 81
 29319: E[0:11:08]-R[0:00:16]: Return=    -1.067, Steps=  68, Features = 81
 29363: E[0:11:09]-R[0:00:15]: Return=    -1.001, Steps=   2, Features = 81
 29425: E[0:11:10]-R[0:00:13]: Return=    -1.061, Steps=  62, Features = 81
 29769: E[0:11:18]-R[0:00:05]: Return=     0.657, Steps= 344, Features = 81
 29852: E[0:11:20]-R[0:00:03]: Return=    -1.063, Steps=  64, Features = 81
 29948: E[0:11:22]-R[0:00:01]: Return=     0.941, Steps=  60, Features = 81
 30000: >>> E[0:11:23]-R[0:00:00]: Return=    -1.157, Steps=198.24, Features = 81
Total Experiment Duration 0:11:23
Output:			./Results/Experiment6/
