     0: >>> E[0:00:00]-R[?]: Return=    -0.924, Steps=5.02, Features = 16
    58: E[0:00:01]-R[0:01:48]: Return=    -1.005, Steps=   6, Features = 16
   152: E[0:00:02]-R[0:02:01]: Return=     0.963, Steps=  38, Features = 16
   248: E[0:00:03]-R[0:01:54]: Return=     0.985, Steps=  16, Features = 16
   342: E[0:00:04]-R[0:01:51]: Return=     0.991, Steps=  10, Features = 16
   424: E[0:00:05]-R[0:01:52]: Return=    -1.001, Steps=   2, Features = 16
   526: E[0:00:06]-R[0:01:48]: Return=    -1.003, Steps=   4, Features = 16
   624: E[0:00:07]-R[0:01:45]: Return=    -1.001, Steps=   2, Features = 16
   718: E[0:00:08]-R[0:01:43]: Return=    -1.001, Steps=   2, Features = 16
   814: E[0:00:09]-R[0:01:42]: Return=     0.993, Steps=   8, Features = 16
   900: E[0:00:10]-R[0:01:41]: Return=     0.991, Steps=  10, Features = 16
   988: E[0:00:11]-R[0:01:41]: Return=     0.995, Steps=   6, Features = 16
  1000: >>> E[0:00:11]-R[0:01:41]: Return=    0.5939, Steps=7.06, Features = 16
  1088: E[0:00:12]-R[0:01:41]: Return=     0.991, Steps=  10, Features = 16
  1178: E[0:00:13]-R[0:01:40]: Return=     0.989, Steps=  12, Features = 16
  1276: E[0:00:14]-R[0:01:38]: Return=     0.995, Steps=   6, Features = 16
  1368: E[0:00:15]-R[0:01:37]: Return=    -1.001, Steps=   2, Features = 16
  1446: E[0:00:16]-R[0:01:37]: Return=    -1.003, Steps=   4, Features = 16
  1514: E[0:00:18]-R[0:01:38]: Return=     0.993, Steps=   8, Features = 16
  1612: E[0:00:19]-R[0:01:37]: Return=     0.989, Steps=  12, Features = 16
  1696: E[0:00:20]-R[0:01:36]: Return=    -1.001, Steps=   2, Features = 16
  1778: E[0:00:21]-R[0:01:35]: Return=     0.993, Steps=   8, Features = 16
  1848: E[0:00:22]-R[0:01:35]: Return=     0.993, Steps=   8, Features = 16
  1920: E[0:00:23]-R[0:01:35]: Return=     0.991, Steps=  10, Features = 16
  2000: >>> E[0:00:24]-R[0:01:34]: Return=    0.5139, Steps= 7.1, Features = 16
  2098: E[0:00:25]-R[0:01:33]: Return=     0.991, Steps=  10, Features = 16
  2196: E[0:00:26]-R[0:01:31]: Return=     0.991, Steps=  10, Features = 16
  2294: E[0:00:27]-R[0:01:30]: Return=    -1.001, Steps=   2, Features = 16
  2386: E[0:00:28]-R[0:01:29]: Return=     0.995, Steps=   6, Features = 16
  2494: E[0:00:29]-R[0:01:27]: Return=     0.993, Steps=   8, Features = 16
  2592: E[0:00:30]-R[0:01:25]: Return=     0.989, Steps=  12, Features = 16
  2706: E[0:00:31]-R[0:01:23]: Return=     0.987, Steps=  14, Features = 16
  2814: E[0:00:32]-R[0:01:22]: Return=     0.991, Steps=  10, Features = 16
  2936: E[0:00:33]-R[0:01:19]: Return=     0.993, Steps=   8, Features = 16
  3000: >>> E[0:00:34]-R[0:01:18]: Return=    0.6539, Steps=7.08, Features = 16
  3116: E[0:00:35]-R[0:01:17]: Return=    -1.015, Steps=  16, Features = 16
  3220: E[0:00:36]-R[0:01:15]: Return=     0.989, Steps=  12, Features = 16
  3316: E[0:00:37]-R[0:01:14]: Return=     0.995, Steps=   6, Features = 16
  3412: E[0:00:38]-R[0:01:13]: Return=     0.983, Steps=  18, Features = 16
  3500: E[0:00:39]-R[0:01:12]: Return=     0.995, Steps=   6, Features = 16
  3586: E[0:00:40]-R[0:01:12]: Return=     0.991, Steps=  10, Features = 16
  3670: E[0:00:41]-R[0:01:11]: Return=     0.991, Steps=  10, Features = 16
  3760: E[0:00:42]-R[0:01:10]: Return=     0.989, Steps=  12, Features = 16
  3850: E[0:00:43]-R[0:01:09]: Return=     0.993, Steps=   8, Features = 16
  3926: E[0:00:44]-R[0:01:09]: Return=     0.991, Steps=  10, Features = 16
  4000: >>> E[0:00:45]-R[0:01:08]: Return=    0.6535, Steps=7.54, Features = 16
  4082: E[0:00:46]-R[0:01:07]: Return=     0.989, Steps=  12, Features = 16
  4166: E[0:00:47]-R[0:01:06]: Return=     0.987, Steps=  14, Features = 16
  4266: E[0:00:48]-R[0:01:05]: Return=     0.991, Steps=  10, Features = 16
  4356: E[0:00:50]-R[0:01:04]: Return=     0.995, Steps=   6, Features = 16
  4432: E[0:00:51]-R[0:01:03]: Return=     0.995, Steps=   6, Features = 16
  4508: E[0:00:52]-R[0:01:03]: Return=     0.995, Steps=   6, Features = 16
  4594: E[0:00:53]-R[0:01:02]: Return=     0.991, Steps=  10, Features = 16
  4676: E[0:00:54]-R[0:01:01]: Return=     0.993, Steps=   8, Features = 16
  4760: E[0:00:55]-R[0:01:00]: Return=    -1.003, Steps=   4, Features = 16
  4848: E[0:00:56]-R[0:00:59]: Return=     0.995, Steps=   6, Features = 16
  4922: E[0:00:57]-R[0:00:59]: Return=     0.995, Steps=   6, Features = 16
  5000: >>> E[0:00:58]-R[0:00:58]: Return=    0.7137, Steps=7.34, Features = 16
  5084: E[0:00:59]-R[0:00:57]: Return=     0.993, Steps=   8, Features = 16
  5166: E[0:01:00]-R[0:00:56]: Return=     0.993, Steps=   8, Features = 16
  5252: E[0:01:01]-R[0:00:55]: Return=     0.993, Steps=   8, Features = 16
  5348: E[0:01:02]-R[0:00:54]: Return=     0.989, Steps=  12, Features = 16
  5448: E[0:01:03]-R[0:00:53]: Return=     0.993, Steps=   8, Features = 16
  5540: E[0:01:04]-R[0:00:52]: Return=     0.991, Steps=  10, Features = 16
  5642: E[0:01:05]-R[0:00:50]: Return=     0.989, Steps=  12, Features = 16
  5748: E[0:01:06]-R[0:00:49]: Return=     0.991, Steps=  10, Features = 16
  5832: E[0:01:07]-R[0:00:48]: Return=     0.993, Steps=   8, Features = 16
  5912: E[0:01:08]-R[0:00:47]: Return=     0.995, Steps=   6, Features = 16
  6000: >>> E[0:01:09]-R[0:00:46]: Return=    0.6529, Steps=8.14, Features = 16
  6096: E[0:01:10]-R[0:00:45]: Return=    -1.001, Steps=   2, Features = 16
  6196: E[0:01:11]-R[0:00:44]: Return=    -1.005, Steps=   6, Features = 16
  6302: E[0:01:13]-R[0:00:43]: Return=     0.989, Steps=  12, Features = 16
  6406: E[0:01:14]-R[0:00:41]: Return=     0.993, Steps=   8, Features = 16
  6522: E[0:01:15]-R[0:00:40]: Return=     0.987, Steps=  14, Features = 16
  6628: E[0:01:16]-R[0:00:38]: Return=     0.987, Steps=  14, Features = 16
  6736: E[0:01:17]-R[0:00:37]: Return=     0.983, Steps=  18, Features = 16
  6842: E[0:01:18]-R[0:00:36]: Return=     0.991, Steps=  10, Features = 16
  6934: E[0:01:19]-R[0:00:35]: Return=     0.991, Steps=  10, Features = 16
  7000: >>> E[0:01:20]-R[0:00:34]: Return=    0.5736, Steps=7.36, Features = 16
  7100: E[0:01:21]-R[0:00:33]: Return=     0.993, Steps=   8, Features = 16
  7202: E[0:01:22]-R[0:00:32]: Return=     0.979, Steps=  22, Features = 16
  7308: E[0:01:23]-R[0:00:31]: Return=     0.993, Steps=   8, Features = 16
  7394: E[0:01:24]-R[0:00:30]: Return=    -1.001, Steps=   2, Features = 16
  7502: E[0:01:25]-R[0:00:28]: Return=     0.989, Steps=  12, Features = 16
  7596: E[0:01:26]-R[0:00:27]: Return=     0.993, Steps=   8, Features = 16
  7690: E[0:01:27]-R[0:00:26]: Return=     0.995, Steps=   6, Features = 16
  7768: E[0:01:28]-R[0:00:25]: Return=     0.993, Steps=   8, Features = 16
  7876: E[0:01:29]-R[0:00:24]: Return=     0.989, Steps=  12, Features = 16
  7964: E[0:01:30]-R[0:00:23]: Return=     0.995, Steps=   6, Features = 16
  8000: >>> E[0:01:31]-R[0:00:23]: Return=    0.6538, Steps= 7.2, Features = 16
  8096: E[0:01:32]-R[0:00:22]: Return=    -1.005, Steps=   6, Features = 16
  8206: E[0:01:33]-R[0:00:20]: Return=     0.993, Steps=   8, Features = 16
  8304: E[0:01:34]-R[0:00:19]: Return=    -1.001, Steps=   2, Features = 16
  8408: E[0:01:35]-R[0:00:18]: Return=     0.989, Steps=  12, Features = 16
  8510: E[0:01:36]-R[0:00:17]: Return=     0.993, Steps=   8, Features = 16
  8616: E[0:01:37]-R[0:00:16]: Return=     0.993, Steps=   8, Features = 16
  8718: E[0:01:38]-R[0:00:14]: Return=     0.989, Steps=  12, Features = 16
  8820: E[0:01:39]-R[0:00:13]: Return=     0.991, Steps=  10, Features = 16
  8936: E[0:01:40]-R[0:00:12]: Return=     0.987, Steps=  14, Features = 16
  9000: >>> E[0:01:41]-R[0:00:11]: Return=     0.634, Steps=7.04, Features = 16
  9098: E[0:01:42]-R[0:00:10]: Return=     0.991, Steps=  10, Features = 16
  9198: E[0:01:43]-R[0:00:09]: Return=     0.993, Steps=   8, Features = 16
  9298: E[0:01:44]-R[0:00:08]: Return=    -1.005, Steps=   6, Features = 16
  9400: E[0:01:45]-R[0:00:07]: Return=     0.987, Steps=  14, Features = 16
  9502: E[0:01:46]-R[0:00:06]: Return=     0.993, Steps=   8, Features = 16
  9614: E[0:01:47]-R[0:00:04]: Return=    -1.003, Steps=   4, Features = 16
  9726: E[0:01:48]-R[0:00:03]: Return=     0.987, Steps=  14, Features = 16
  9836: E[0:01:49]-R[0:00:02]: Return=     0.987, Steps=  14, Features = 16
  9944: E[0:01:50]-R[0:00:01]: Return=     0.995, Steps=   6, Features = 16
 10000: >>> E[0:01:51]-R[0:00:00]: Return=    0.6535, Steps=7.54, Features = 16
Total Experiment Duration 0:01:51
Output:			./Results/Experiment5/
     0: >>> E[0:00:00]-R[?]: Return=    -0.924, Steps=5.02, Features = 16
    26: E[0:00:00]-R[0:02:55]: Return=    -1.003, Steps=   4, Features = 16
    78: E[0:00:01]-R[0:03:06]: Return=    -1.015, Steps=  16, Features = 16
   152: E[0:00:03]-R[0:03:05]: Return=     0.963, Steps=  38, Features = 16
   210: E[0:00:04]-R[0:03:05]: Return=     0.991, Steps=  10, Features = 16
   260: E[0:00:05]-R[0:03:08]: Return=     0.989, Steps=  12, Features = 16
   310: E[0:00:06]-R[0:03:09]: Return=    -1.003, Steps=   4, Features = 16
   356: E[0:00:07]-R[0:03:11]: Return=     0.991, Steps=  10, Features = 16
   406: E[0:00:08]-R[0:03:10]: Return=    -1.001, Steps=   2, Features = 16
   464: E[0:00:09]-R[0:03:09]: Return=     0.987, Steps=  14, Features = 16
   514: E[0:00:10]-R[0:03:09]: Return=     0.993, Steps=   8, Features = 16
   574: E[0:00:11]-R[0:03:07]: Return=     0.987, Steps=  14, Features = 16
   624: E[0:00:12]-R[0:03:06]: Return=    -1.001, Steps=   2, Features = 16
   678: E[0:00:13]-R[0:03:04]: Return=     0.993, Steps=   8, Features = 16
   728: E[0:00:14]-R[0:03:04]: Return=    -1.001, Steps=   2, Features = 16
   790: E[0:00:16]-R[0:03:03]: Return=     0.987, Steps=  14, Features = 16
   846: E[0:00:17]-R[0:03:02]: Return=     0.993, Steps=   8, Features = 16
   900: E[0:00:18]-R[0:03:02]: Return=     0.991, Steps=  10, Features = 16
   952: E[0:00:19]-R[0:03:01]: Return=     0.995, Steps=   6, Features = 16
  1000: >>> E[0:00:20]-R[0:02:59]: Return=    0.5939, Steps=7.06, Features = 16
  1054: E[0:00:21]-R[0:02:58]: Return=     0.993, Steps=   8, Features = 16
  1112: E[0:00:22]-R[0:02:57]: Return=    -1.009, Steps=  10, Features = 16
  1166: E[0:00:23]-R[0:02:57]: Return=     0.989, Steps=  12, Features = 16
  1224: E[0:00:25]-R[0:02:56]: Return=     0.985, Steps=  16, Features = 16
  1270: E[0:00:26]-R[0:02:56]: Return=     0.989, Steps=  12, Features = 16
  1338: E[0:00:27]-R[0:02:54]: Return=     0.989, Steps=  12, Features = 16
  1388: E[0:00:28]-R[0:02:53]: Return=     0.991, Steps=  10, Features = 16
  1438: E[0:00:29]-R[0:02:52]: Return=    -1.001, Steps=   2, Features = 16
  1490: E[0:00:30]-R[0:02:51]: Return=     0.993, Steps=   8, Features = 16
  1552: E[0:00:31]-R[0:02:50]: Return=     0.989, Steps=  12, Features = 16
  1612: E[0:00:32]-R[0:02:49]: Return=     0.989, Steps=  12, Features = 16
  1668: E[0:00:34]-R[0:02:48]: Return=     0.989, Steps=  12, Features = 16
  1720: E[0:00:35]-R[0:02:47]: Return=     0.993, Steps=   8, Features = 16
  1770: E[0:00:36]-R[0:02:46]: Return=     0.995, Steps=   6, Features = 16
  1820: E[0:00:37]-R[0:02:45]: Return=     0.985, Steps=  16, Features = 16
  1884: E[0:00:38]-R[0:02:44]: Return=     0.985, Steps=  16, Features = 16
  1938: E[0:00:39]-R[0:02:42]: Return=     0.993, Steps=   8, Features = 16
  1996: E[0:00:40]-R[0:02:41]: Return=     0.989, Steps=  12, Features = 16
  2000: >>> E[0:00:40]-R[0:02:41]: Return=    0.5139, Steps= 7.1, Features = 16
  2062: E[0:00:41]-R[0:02:39]: Return=     0.983, Steps=  18, Features = 16
  2116: E[0:00:42]-R[0:02:38]: Return=     0.995, Steps=   6, Features = 16
  2170: E[0:00:44]-R[0:02:37]: Return=     0.993, Steps=   8, Features = 16
  2224: E[0:00:45]-R[0:02:36]: Return=     0.993, Steps=   8, Features = 16
  2276: E[0:00:46]-R[0:02:35]: Return=     0.991, Steps=  10, Features = 16
  2324: E[0:00:47]-R[0:02:34]: Return=    -1.003, Steps=   4, Features = 16
  2374: E[0:00:48]-R[0:02:33]: Return=     0.995, Steps=   6, Features = 16
  2426: E[0:00:49]-R[0:02:32]: Return=     0.995, Steps=   6, Features = 16
  2484: E[0:00:50]-R[0:02:31]: Return=     0.993, Steps=   8, Features = 16
  2534: E[0:00:51]-R[0:02:30]: Return=     0.991, Steps=  10, Features = 16
  2592: E[0:00:52]-R[0:02:29]: Return=     0.989, Steps=  12, Features = 16
  2652: E[0:00:53]-R[0:02:27]: Return=     0.987, Steps=  14, Features = 16
  2706: E[0:00:54]-R[0:02:26]: Return=     0.987, Steps=  14, Features = 16
  2752: E[0:00:55]-R[0:02:25]: Return=     0.991, Steps=  10, Features = 16
  2814: E[0:00:56]-R[0:02:24]: Return=     0.991, Steps=  10, Features = 16
  2866: E[0:00:57]-R[0:02:22]: Return=     0.991, Steps=  10, Features = 16
  2926: E[0:00:58]-R[0:02:21]: Return=     0.993, Steps=   8, Features = 16
  2980: E[0:00:59]-R[0:02:20]: Return=     0.993, Steps=   8, Features = 16
  3000: >>> E[0:01:00]-R[0:02:20]: Return=    0.6539, Steps=7.08, Features = 16
  3058: E[0:01:01]-R[0:02:18]: Return=     0.991, Steps=  10, Features = 16
  3116: E[0:01:02]-R[0:02:17]: Return=    -1.015, Steps=  16, Features = 16
  3168: E[0:01:03]-R[0:02:16]: Return=    -1.001, Steps=   2, Features = 16
  3220: E[0:01:04]-R[0:02:15]: Return=     0.989, Steps=  12, Features = 16
  3264: E[0:01:05]-R[0:02:14]: Return=     0.995, Steps=   6, Features = 16
  3316: E[0:01:06]-R[0:02:13]: Return=     0.995, Steps=   6, Features = 16
  3366: E[0:01:07]-R[0:02:12]: Return=     0.995, Steps=   6, Features = 16
  3418: E[0:01:08]-R[0:02:11]: Return=    -1.005, Steps=   6, Features = 16
  3474: E[0:01:09]-R[0:02:10]: Return=     0.995, Steps=   6, Features = 16
  3528: E[0:01:10]-R[0:02:09]: Return=     0.991, Steps=  10, Features = 16
  3576: E[0:01:12]-R[0:02:09]: Return=     0.993, Steps=   8, Features = 16
  3618: E[0:01:13]-R[0:02:08]: Return=     0.993, Steps=   8, Features = 16
  3670: E[0:01:14]-R[0:02:07]: Return=     0.991, Steps=  10, Features = 16
  3720: E[0:01:15]-R[0:02:07]: Return=     0.993, Steps=   8, Features = 16
  3770: E[0:01:16]-R[0:02:06]: Return=     0.991, Steps=  10, Features = 16
  3816: E[0:01:17]-R[0:02:05]: Return=     0.993, Steps=   8, Features = 16
  3868: E[0:01:18]-R[0:02:04]: Return=     0.995, Steps=   6, Features = 16
  3908: E[0:01:19]-R[0:02:03]: Return=     0.989, Steps=  12, Features = 16
  3962: E[0:01:20]-R[0:02:02]: Return=     0.991, Steps=  10, Features = 16
  4000: >>> E[0:01:21]-R[0:02:02]: Return=    0.6535, Steps=7.54, Features = 16
  4092: E[0:01:22]-R[0:01:59]: Return=     0.991, Steps=  10, Features = 16
  4144: E[0:01:23]-R[0:01:58]: Return=     0.995, Steps=   6, Features = 16
  4200: E[0:01:24]-R[0:01:56]: Return=    -1.001, Steps=   2, Features = 16
  4250: E[0:01:25]-R[0:01:55]: Return=     0.991, Steps=  10, Features = 16
  4300: E[0:01:26]-R[0:01:55]: Return=     0.987, Steps=  14, Features = 16
  4356: E[0:01:27]-R[0:01:53]: Return=     0.995, Steps=   6, Features = 16
  4404: E[0:01:28]-R[0:01:52]: Return=     0.995, Steps=   6, Features = 16
  4456: E[0:01:30]-R[0:01:51]: Return=    -1.005, Steps=   6, Features = 16
  4516: E[0:01:31]-R[0:01:50]: Return=     0.993, Steps=   8, Features = 16
  4576: E[0:01:32]-R[0:01:49]: Return=     0.995, Steps=   6, Features = 16
  4634: E[0:01:33]-R[0:01:48]: Return=     0.989, Steps=  12, Features = 16
  4710: E[0:01:34]-R[0:01:46]: Return=     0.983, Steps=  18, Features = 16
  4798: E[0:01:35]-R[0:01:43]: Return=     0.983, Steps=  18, Features = 16
  4878: E[0:01:36]-R[0:01:41]: Return=     0.989, Steps=  12, Features = 16
  4962: E[0:01:37]-R[0:01:39]: Return=     0.989, Steps=  12, Features = 16
  5000: >>> E[0:01:38]-R[0:01:38]: Return=    0.7137, Steps=7.34, Features = 16
  5090: E[0:01:39]-R[0:01:35]: Return=     0.995, Steps=   6, Features = 16
  5180: E[0:01:40]-R[0:01:33]: Return=     0.995, Steps=   6, Features = 16
  5264: E[0:01:41]-R[0:01:31]: Return=     0.989, Steps=  12, Features = 16
  5356: E[0:01:42]-R[0:01:28]: Return=     0.993, Steps=   8, Features = 16
  5448: E[0:01:43]-R[0:01:26]: Return=     0.993, Steps=   8, Features = 16
  5550: E[0:01:44]-R[0:01:23]: Return=     0.991, Steps=  10, Features = 16
  5642: E[0:01:45]-R[0:01:21]: Return=     0.989, Steps=  12, Features = 16
  5728: E[0:01:46]-R[0:01:19]: Return=     0.991, Steps=  10, Features = 16
  5832: E[0:01:47]-R[0:01:17]: Return=     0.993, Steps=   8, Features = 16
  5928: E[0:01:48]-R[0:01:14]: Return=     0.985, Steps=  16, Features = 16
  6000: >>> E[0:01:49]-R[0:01:13]: Return=    0.6529, Steps=8.14, Features = 16
  6094: E[0:01:50]-R[0:01:11]: Return=     0.993, Steps=   8, Features = 16
  6190: E[0:01:51]-R[0:01:08]: Return=     0.993, Steps=   8, Features = 16
  6302: E[0:01:52]-R[0:01:06]: Return=     0.989, Steps=  12, Features = 16
  6398: E[0:01:53]-R[0:01:04]: Return=     0.973, Steps=  28, Features = 16
  6488: E[0:01:55]-R[0:01:02]: Return=     0.991, Steps=  10, Features = 16
  6578: E[0:01:56]-R[0:01:00]: Return=     0.995, Steps=   6, Features = 16
  6668: E[0:01:57]-R[0:00:58]: Return=     0.993, Steps=   8, Features = 16
  6758: E[0:01:58]-R[0:00:56]: Return=     0.995, Steps=   6, Features = 16
  6848: E[0:01:59]-R[0:00:55]: Return=     0.995, Steps=   6, Features = 16
  6942: E[0:02:00]-R[0:00:53]: Return=     0.993, Steps=   8, Features = 16
  7000: >>> E[0:02:00]-R[0:00:52]: Return=    0.5736, Steps=7.36, Features = 16
  7092: E[0:02:01]-R[0:00:50]: Return=     0.991, Steps=  10, Features = 16
  7166: E[0:02:03]-R[0:00:48]: Return=     0.989, Steps=  12, Features = 16
  7226: E[0:02:04]-R[0:00:47]: Return=     0.991, Steps=  10, Features = 16
  7278: E[0:02:05]-R[0:00:47]: Return=     0.995, Steps=   6, Features = 16
  7328: E[0:02:06]-R[0:00:46]: Return=     0.989, Steps=  12, Features = 16
  7386: E[0:02:07]-R[0:00:45]: Return=     0.993, Steps=   8, Features = 16
  7436: E[0:02:08]-R[0:00:44]: Return=     0.995, Steps=   6, Features = 16
  7528: E[0:02:09]-R[0:00:42]: Return=     0.993, Steps=   8, Features = 16
  7612: E[0:02:10]-R[0:00:41]: Return=    -1.003, Steps=   4, Features = 16
  7706: E[0:02:11]-R[0:00:39]: Return=     0.993, Steps=   8, Features = 16
  7800: E[0:02:12]-R[0:00:37]: Return=     0.989, Steps=  12, Features = 16
  7888: E[0:02:13]-R[0:00:36]: Return=     0.993, Steps=   8, Features = 16
  7984: E[0:02:14]-R[0:00:34]: Return=     0.991, Steps=  10, Features = 16
  8000: >>> E[0:02:15]-R[0:00:34]: Return=    0.6538, Steps= 7.2, Features = 16
  8090: E[0:02:16]-R[0:00:32]: Return=     0.991, Steps=  10, Features = 16
  8182: E[0:02:17]-R[0:00:30]: Return=     0.993, Steps=   8, Features = 16
  8270: E[0:02:18]-R[0:00:29]: Return=     0.983, Steps=  18, Features = 16
  8356: E[0:02:19]-R[0:00:27]: Return=    -1.001, Steps=   2, Features = 16
  8448: E[0:02:20]-R[0:00:26]: Return=     0.995, Steps=   6, Features = 16
  8550: E[0:02:21]-R[0:00:24]: Return=     0.987, Steps=  14, Features = 16
  8648: E[0:02:22]-R[0:00:22]: Return=     0.991, Steps=  10, Features = 16
  8738: E[0:02:23]-R[0:00:21]: Return=     0.991, Steps=  10, Features = 16
  8830: E[0:02:24]-R[0:00:19]: Return=    -1.001, Steps=   2, Features = 16
  8936: E[0:02:25]-R[0:00:17]: Return=     0.987, Steps=  14, Features = 16
  9000: >>> E[0:02:26]-R[0:00:16]: Return=     0.634, Steps=7.04, Features = 16
  9088: E[0:02:27]-R[0:00:15]: Return=    -1.001, Steps=   2, Features = 16
  9190: E[0:02:28]-R[0:00:13]: Return=     0.993, Steps=   8, Features = 16
  9282: E[0:02:29]-R[0:00:12]: Return=    -1.013, Steps=  14, Features = 16
  9372: E[0:02:30]-R[0:00:10]: Return=     0.995, Steps=   6, Features = 16
  9482: E[0:02:31]-R[0:00:08]: Return=     0.983, Steps=  18, Features = 16
  9562: E[0:02:32]-R[0:00:07]: Return=     0.993, Steps=   8, Features = 16
  9656: E[0:02:33]-R[0:00:05]: Return=     0.995, Steps=   6, Features = 16
  9748: E[0:02:34]-R[0:00:04]: Return=    -1.003, Steps=   4, Features = 16
  9848: E[0:02:35]-R[0:00:02]: Return=     0.989, Steps=  12, Features = 16
  9938: E[0:02:36]-R[0:00:01]: Return=     0.991, Steps=  10, Features = 16
 10000: >>> E[0:02:37]-R[0:00:00]: Return=    0.6535, Steps=7.54, Features = 16
Total Experiment Duration 0:02:37
Output:			./Results/Experiment5/
     0: >>> E[0:00:00]-R[?]: Return=        -1, Steps= 1.0, Features = 64
    16: E[0:00:01]-R[0:06:17]: Return=        -1, Steps=   1, Features = 64
    40: E[0:00:02]-R[0:06:41]: Return=        -1, Steps=   1, Features = 64
    65: E[0:00:03]-R[0:06:41]: Return=        -1, Steps=   1, Features = 64
    89: E[0:00:04]-R[0:06:46]: Return=        -1, Steps=   1, Features = 64
   117: E[0:00:05]-R[0:06:35]: Return=        -1, Steps=   1, Features = 64
   141: E[0:00:06]-R[0:06:39]: Return=        -1, Steps=   1, Features = 64
   166: E[0:00:07]-R[0:06:38]: Return=        -1, Steps=   1, Features = 64
   192: E[0:00:08]-R[0:06:34]: Return=        -1, Steps=   1, Features = 64
   218: E[0:00:09]-R[0:06:32]: Return=        -1, Steps=   1, Features = 64
   245: E[0:00:10]-R[0:06:28]: Return=        -1, Steps=   1, Features = 64
   267: E[0:00:11]-R[0:06:32]: Return=        -1, Steps=   1, Features = 64
   291: E[0:00:12]-R[0:06:33]: Return=        -1, Steps=   1, Features = 64
   315: E[0:00:13]-R[0:06:33]: Return=        -1, Steps=   1, Features = 64
   340: E[0:00:14]-R[0:06:32]: Return=        -1, Steps=   1, Features = 64
   364: E[0:00:15]-R[0:06:32]: Return=        -1, Steps=   1, Features = 64
   389: E[0:00:16]-R[0:06:31]: Return=        -1, Steps=   1, Features = 64
   415: E[0:00:17]-R[0:06:29]: Return=        -1, Steps=   1, Features = 64
   441: E[0:00:18]-R[0:06:28]: Return=        -1, Steps=   1, Features = 64
   467: E[0:00:19]-R[0:06:26]: Return=        -1, Steps=   1, Features = 64
   490: E[0:00:20]-R[0:06:27]: Return=        -1, Steps=   1, Features = 64
   515: E[0:00:21]-R[0:06:26]: Return=        -1, Steps=   1, Features = 64
   539: E[0:00:22]-R[0:06:26]: Return=        -1, Steps=   1, Features = 64
   565: E[0:00:23]-R[0:06:24]: Return=        -1, Steps=   1, Features = 64
   592: E[0:00:24]-R[0:06:22]: Return=        -1, Steps=   1, Features = 64
   617: E[0:00:25]-R[0:06:21]: Return=        -1, Steps=   1, Features = 64
   643: E[0:00:26]-R[0:06:19]: Return=        -1, Steps=   1, Features = 64
   669: E[0:00:27]-R[0:06:18]: Return=        -1, Steps=   1, Features = 64
   692: E[0:00:28]-R[0:06:18]: Return=        -1, Steps=   1, Features = 64
   718: E[0:00:29]-R[0:06:17]: Return=        -1, Steps=   1, Features = 64
   743: E[0:00:30]-R[0:06:16]: Return=        -1, Steps=   1, Features = 64
   770: E[0:00:31]-R[0:06:14]: Return=        -1, Steps=   1, Features = 64
   796: E[0:00:32]-R[0:06:12]: Return=        -1, Steps=   1, Features = 64
   822: E[0:00:33]-R[0:06:11]: Return=        -1, Steps=   1, Features = 64
   846: E[0:00:34]-R[0:06:10]: Return=        -1, Steps=   1, Features = 64
   871: E[0:00:35]-R[0:06:09]: Return=        -1, Steps=   1, Features = 64
   896: E[0:00:36]-R[0:06:08]: Return=        -1, Steps=   1, Features = 64
   923: E[0:00:37]-R[0:06:07]: Return=        -1, Steps=   1, Features = 64
   949: E[0:00:38]-R[0:06:05]: Return=        -1, Steps=   1, Features = 64
   976: E[0:00:39]-R[0:06:03]: Return=        -1, Steps=   1, Features = 64
  1000: >>> E[0:00:40]-R[0:06:03]: Return=        -1, Steps= 1.0, Features = 64
  1024: E[0:00:41]-R[0:06:02]: Return=        -1, Steps=   1, Features = 64
  1050: E[0:00:42]-R[0:06:01]: Return=        -1, Steps=   1, Features = 64
  1073: E[0:00:43]-R[0:06:01]: Return=        -1, Steps=   1, Features = 64
  1097: E[0:00:44]-R[0:06:00]: Return=        -1, Steps=   1, Features = 64
  1123: E[0:00:45]-R[0:05:59]: Return=        -1, Steps=   1, Features = 64
  1150: E[0:00:46]-R[0:05:57]: Return=        -1, Steps=   1, Features = 64
  1175: E[0:00:47]-R[0:05:56]: Return=        -1, Steps=   1, Features = 64
  1199: E[0:00:48]-R[0:05:55]: Return=        -1, Steps=   1, Features = 64
  1225: E[0:00:49]-R[0:05:54]: Return=        -1, Steps=   1, Features = 64
  1251: E[0:00:50]-R[0:05:53]: Return=        -1, Steps=   1, Features = 64
  1276: E[0:00:51]-R[0:05:52]: Return=        -1, Steps=   1, Features = 64
  1302: E[0:00:53]-R[0:05:51]: Return=        -1, Steps=   1, Features = 64
  1326: E[0:00:54]-R[0:05:50]: Return=        -1, Steps=   1, Features = 64
  1352: E[0:00:55]-R[0:05:49]: Return=        -1, Steps=   1, Features = 64
  1378: E[0:00:56]-R[0:05:48]: Return=        -1, Steps=   1, Features = 64
  1404: E[0:00:57]-R[0:05:46]: Return=        -1, Steps=   1, Features = 64
  1429: E[0:00:58]-R[0:05:45]: Return=        -1, Steps=   1, Features = 64
  1455: E[0:00:59]-R[0:05:44]: Return=        -1, Steps=   1, Features = 64
  1480: E[0:01:00]-R[0:05:43]: Return=        -1, Steps=   1, Features = 64
  1506: E[0:01:01]-R[0:05:42]: Return=        -1, Steps=   1, Features = 64
  1530: E[0:01:02]-R[0:05:42]: Return=        -1, Steps=   1, Features = 64
  1556: E[0:01:03]-R[0:05:40]: Return=        -1, Steps=   1, Features = 64
  1579: E[0:01:04]-R[0:05:40]: Return=        -1, Steps=   1, Features = 64
  1604: E[0:01:05]-R[0:05:39]: Return=        -1, Steps=   1, Features = 64
  1630: E[0:01:06]-R[0:05:37]: Return=        -1, Steps=   1, Features = 64
  1658: E[0:01:07]-R[0:05:36]: Return=        -1, Steps=   1, Features = 64
  1682: E[0:01:08]-R[0:05:35]: Return=        -1, Steps=   1, Features = 64
  1706: E[0:01:09]-R[0:05:34]: Return=        -1, Steps=   1, Features = 64
  1731: E[0:01:10]-R[0:05:33]: Return=        -1, Steps=   1, Features = 64
  1757: E[0:01:11]-R[0:05:32]: Return=        -1, Steps=   1, Features = 64
  1779: E[0:01:12]-R[0:05:32]: Return=        -1, Steps=   1, Features = 64
  1803: E[0:01:13]-R[0:05:31]: Return=        -1, Steps=   1, Features = 64
  1828: E[0:01:14]-R[0:05:30]: Return=        -1, Steps=   1, Features = 64
  1851: E[0:01:15]-R[0:05:30]: Return=        -1, Steps=   1, Features = 64
  1878: E[0:01:16]-R[0:05:28]: Return=        -1, Steps=   1, Features = 64
  1905: E[0:01:17]-R[0:05:27]: Return=        -1, Steps=   1, Features = 64
  1932: E[0:01:18]-R[0:05:26]: Return=        -1, Steps=   1, Features = 64
  1957: E[0:01:19]-R[0:05:25]: Return=        -1, Steps=   1, Features = 64
  1982: E[0:01:20]-R[0:05:24]: Return=        -1, Steps=   1, Features = 64
  2000: >>> E[0:01:21]-R[0:05:23]: Return=        -1, Steps= 1.0, Features = 64
  2025: E[0:01:22]-R[0:05:22]: Return=        -1, Steps=   1, Features = 64
  2051: E[0:01:23]-R[0:05:21]: Return=        -1, Steps=   1, Features = 64
  2076: E[0:01:24]-R[0:05:20]: Return=        -1, Steps=   1, Features = 64
  2103: E[0:01:25]-R[0:05:19]: Return=        -1, Steps=   1, Features = 64
  2131: E[0:01:26]-R[0:05:17]: Return=        -1, Steps=   1, Features = 64
  2158: E[0:01:27]-R[0:05:16]: Return=        -1, Steps=   1, Features = 64
  2183: E[0:01:28]-R[0:05:15]: Return=        -1, Steps=   1, Features = 64
  2206: E[0:01:29]-R[0:05:15]: Return=        -1, Steps=   1, Features = 64
  2230: E[0:01:30]-R[0:05:14]: Return=        -1, Steps=   1, Features = 64
  2253: E[0:01:31]-R[0:05:13]: Return=        -1, Steps=   1, Features = 64
  2278: E[0:01:32]-R[0:05:12]: Return=        -1, Steps=   1, Features = 64
  2305: E[0:01:33]-R[0:05:11]: Return=        -1, Steps=   1, Features = 64
  2332: E[0:01:34]-R[0:05:10]: Return=        -1, Steps=   1, Features = 64
  2358: E[0:01:35]-R[0:05:08]: Return=        -1, Steps=   1, Features = 64
  2383: E[0:01:36]-R[0:05:07]: Return=        -1, Steps=   1, Features = 64
  2408: E[0:01:37]-R[0:05:06]: Return=        -1, Steps=   1, Features = 64
  2435: E[0:01:38]-R[0:05:05]: Return=        -1, Steps=   1, Features = 64
  2463: E[0:01:39]-R[0:05:04]: Return=        -1, Steps=   1, Features = 64
  2489: E[0:01:40]-R[0:05:02]: Return=        -1, Steps=   1, Features = 64
  2514: E[0:01:41]-R[0:05:02]: Return=        -1, Steps=   1, Features = 64
  2539: E[0:01:42]-R[0:05:01]: Return=        -1, Steps=   1, Features = 64
  2562: E[0:01:43]-R[0:05:00]: Return=        -1, Steps=   1, Features = 64
  2588: E[0:01:44]-R[0:04:59]: Return=        -1, Steps=   1, Features = 64
  2613: E[0:01:45]-R[0:04:58]: Return=        -1, Steps=   1, Features = 64
  2639: E[0:01:46]-R[0:04:57]: Return=        -1, Steps=   1, Features = 64
  2665: E[0:01:47]-R[0:04:55]: Return=        -1, Steps=   1, Features = 64
  2690: E[0:01:48]-R[0:04:55]: Return=        -1, Steps=   1, Features = 64
  2715: E[0:01:49]-R[0:04:54]: Return=        -1, Steps=   1, Features = 64
  2741: E[0:01:50]-R[0:04:52]: Return=        -1, Steps=   1, Features = 64
  2766: E[0:01:51]-R[0:04:52]: Return=        -1, Steps=   1, Features = 64
  2792: E[0:01:52]-R[0:04:50]: Return=        -1, Steps=   1, Features = 64
  2818: E[0:01:54]-R[0:04:49]: Return=        -1, Steps=   1, Features = 64
  2845: E[0:01:55]-R[0:04:48]: Return=        -1, Steps=   1, Features = 64
  2869: E[0:01:56]-R[0:04:47]: Return=        -1, Steps=   1, Features = 64
  2895: E[0:01:57]-R[0:04:46]: Return=        -1, Steps=   1, Features = 64
  2921: E[0:01:58]-R[0:04:45]: Return=        -1, Steps=   1, Features = 64
  2946: E[0:01:59]-R[0:04:44]: Return=        -1, Steps=   1, Features = 64
  2972: E[0:02:00]-R[0:04:43]: Return=        -1, Steps=   1, Features = 64
  2997: E[0:02:01]-R[0:04:42]: Return=        -1, Steps=   1, Features = 64
  3000: >>> E[0:02:01]-R[0:04:42]: Return=        -1, Steps= 1.0, Features = 64
  3026: E[0:02:02]-R[0:04:41]: Return=        -1, Steps=   1, Features = 64
  3052: E[0:02:03]-R[0:04:40]: Return=        -1, Steps=   1, Features = 64
  3075: E[0:02:04]-R[0:04:39]: Return=        -1, Steps=   1, Features = 64
  3102: E[0:02:05]-R[0:04:38]: Return=        -1, Steps=   1, Features = 64
  3129: E[0:02:06]-R[0:04:37]: Return=        -1, Steps=   1, Features = 64
  3155: E[0:02:07]-R[0:04:35]: Return=        -1, Steps=   1, Features = 64
  3180: E[0:02:08]-R[0:04:35]: Return=        -1, Steps=   1, Features = 64
  3205: E[0:02:09]-R[0:04:34]: Return=        -1, Steps=   1, Features = 64
  3230: E[0:02:10]-R[0:04:33]: Return=        -1, Steps=   1, Features = 64
  3252: E[0:02:11]-R[0:04:32]: Return=        -1, Steps=   1, Features = 64
  3278: E[0:02:12]-R[0:04:31]: Return=        -1, Steps=   1, Features = 64
  3304: E[0:02:13]-R[0:04:30]: Return=        -1, Steps=   1, Features = 64
  3329: E[0:02:14]-R[0:04:29]: Return=        -1, Steps=   1, Features = 64
  3352: E[0:02:15]-R[0:04:28]: Return=        -1, Steps=   1, Features = 64
  3379: E[0:02:16]-R[0:04:27]: Return=        -1, Steps=   1, Features = 64
  3405: E[0:02:17]-R[0:04:26]: Return=        -1, Steps=   1, Features = 64
  3429: E[0:02:18]-R[0:04:25]: Return=        -1, Steps=   1, Features = 64
  3455: E[0:02:19]-R[0:04:24]: Return=        -1, Steps=   1, Features = 64
  3482: E[0:02:20]-R[0:04:22]: Return=        -1, Steps=   1, Features = 64
  3506: E[0:02:21]-R[0:04:22]: Return=        -1, Steps=   1, Features = 64
  3532: E[0:02:22]-R[0:04:20]: Return=        -1, Steps=   1, Features = 64
  3558: E[0:02:23]-R[0:04:19]: Return=        -1, Steps=   1, Features = 64
  3585: E[0:02:24]-R[0:04:18]: Return=        -1, Steps=   1, Features = 64
  3612: E[0:02:25]-R[0:04:17]: Return=        -1, Steps=   1, Features = 64
  3638: E[0:02:26]-R[0:04:16]: Return=        -1, Steps=   1, Features = 64
  3663: E[0:02:27]-R[0:04:15]: Return=        -1, Steps=   1, Features = 64
  3689: E[0:02:28]-R[0:04:14]: Return=        -1, Steps=   1, Features = 64
  3716: E[0:02:29]-R[0:04:13]: Return=        -1, Steps=   1, Features = 64
  3739: E[0:02:30]-R[0:04:12]: Return=        -1, Steps=   1, Features = 64
  3765: E[0:02:31]-R[0:04:11]: Return=        -1, Steps=   1, Features = 64
  3791: E[0:02:32]-R[0:04:10]: Return=        -1, Steps=   1, Features = 64
  3818: E[0:02:33]-R[0:04:09]: Return=        -1, Steps=   1, Features = 64
  3845: E[0:02:35]-R[0:04:07]: Return=        -1, Steps=   1, Features = 64
  3870: E[0:02:36]-R[0:04:06]: Return=        -1, Steps=   1, Features = 64
  3896: E[0:02:37]-R[0:04:05]: Return=        -1, Steps=   1, Features = 64
  3923: E[0:02:38]-R[0:04:04]: Return=        -1, Steps=   1, Features = 64
  3946: E[0:02:39]-R[0:04:03]: Return=        -1, Steps=   1, Features = 64
  3974: E[0:02:40]-R[0:04:02]: Return=        -1, Steps=   1, Features = 64
  4000: >>> E[0:02:41]-R[0:04:01]: Return=        -1, Steps= 1.0, Features = 64
  4026: E[0:02:42]-R[0:04:00]: Return=        -1, Steps=   1, Features = 64
  4053: E[0:02:43]-R[0:03:59]: Return=        -1, Steps=   1, Features = 64
  4078: E[0:02:44]-R[0:03:58]: Return=        -1, Steps=   1, Features = 64
  4103: E[0:02:45]-R[0:03:57]: Return=        -1, Steps=   1, Features = 64
  4130: E[0:02:46]-R[0:03:56]: Return=        -1, Steps=   1, Features = 64
  4156: E[0:02:47]-R[0:03:55]: Return=        -1, Steps=   1, Features = 64
  4179: E[0:02:48]-R[0:03:54]: Return=        -1, Steps=   1, Features = 64
  4205: E[0:02:49]-R[0:03:53]: Return=        -1, Steps=   1, Features = 64
  4231: E[0:02:50]-R[0:03:52]: Return=        -1, Steps=   1, Features = 64
  4258: E[0:02:51]-R[0:03:50]: Return=        -1, Steps=   1, Features = 64
  4284: E[0:02:52]-R[0:03:49]: Return=        -1, Steps=   1, Features = 64
  4310: E[0:02:53]-R[0:03:48]: Return=        -1, Steps=   1, Features = 64
  4333: E[0:02:54]-R[0:03:48]: Return=        -1, Steps=   1, Features = 64
  4359: E[0:02:55]-R[0:03:46]: Return=        -1, Steps=   1, Features = 64
  4384: E[0:02:56]-R[0:03:46]: Return=        -1, Steps=   1, Features = 64
  4409: E[0:02:57]-R[0:03:45]: Return=        -1, Steps=   1, Features = 64
  4433: E[0:02:58]-R[0:03:44]: Return=        -1, Steps=   1, Features = 64
  4459: E[0:02:59]-R[0:03:43]: Return=        -1, Steps=   1, Features = 64
  4485: E[0:03:00]-R[0:03:41]: Return=        -1, Steps=   1, Features = 64
  4510: E[0:03:01]-R[0:03:40]: Return=        -1, Steps=   1, Features = 64
  4536: E[0:03:02]-R[0:03:39]: Return=        -1, Steps=   1, Features = 64
  4560: E[0:03:03]-R[0:03:39]: Return=        -1, Steps=   1, Features = 64
  4586: E[0:03:04]-R[0:03:37]: Return=        -1, Steps=   1, Features = 64
  4611: E[0:03:05]-R[0:03:36]: Return=        -1, Steps=   1, Features = 64
  4636: E[0:03:06]-R[0:03:35]: Return=        -1, Steps=   1, Features = 64
  4661: E[0:03:07]-R[0:03:34]: Return=        -1, Steps=   1, Features = 64
  4688: E[0:03:08]-R[0:03:33]: Return=        -1, Steps=   1, Features = 64
  4713: E[0:03:09]-R[0:03:32]: Return=        -1, Steps=   1, Features = 64
  4739: E[0:03:10]-R[0:03:31]: Return=        -1, Steps=   1, Features = 64
  4767: E[0:03:11]-R[0:03:30]: Return=        -1, Steps=   1, Features = 64
  4794: E[0:03:12]-R[0:03:29]: Return=        -1, Steps=   1, Features = 64
  4819: E[0:03:13]-R[0:03:28]: Return=        -1, Steps=   1, Features = 64
  4846: E[0:03:14]-R[0:03:27]: Return=        -1, Steps=   1, Features = 64
  4873: E[0:03:15]-R[0:03:26]: Return=        -1, Steps=   1, Features = 64
  4900: E[0:03:16]-R[0:03:24]: Return=        -1, Steps=   1, Features = 64
  4927: E[0:03:17]-R[0:03:23]: Return=        -1, Steps=   1, Features = 64
  4952: E[0:03:19]-R[0:03:22]: Return=        -1, Steps=   1, Features = 64
  4979: E[0:03:20]-R[0:03:21]: Return=        -1, Steps=   1, Features = 64
  5000: >>> E[0:03:20]-R[0:03:20]: Return=        -1, Steps= 1.0, Features = 64
  5026: E[0:03:21]-R[0:03:19]: Return=        -1, Steps=   1, Features = 64
  5051: E[0:03:22]-R[0:03:18]: Return=        -1, Steps=   1, Features = 64
  5077: E[0:03:24]-R[0:03:17]: Return=        -1, Steps=   1, Features = 64
  5103: E[0:03:25]-R[0:03:16]: Return=        -1, Steps=   1, Features = 64
  5128: E[0:03:26]-R[0:03:15]: Return=        -1, Steps=   1, Features = 64
  5154: E[0:03:27]-R[0:03:14]: Return=        -1, Steps=   1, Features = 64
  5181: E[0:03:28]-R[0:03:13]: Return=        -1, Steps=   1, Features = 64
  5208: E[0:03:29]-R[0:03:12]: Return=        -1, Steps=   1, Features = 64
  5234: E[0:03:30]-R[0:03:11]: Return=        -1, Steps=   1, Features = 64
  5261: E[0:03:31]-R[0:03:10]: Return=        -1, Steps=   1, Features = 64
  5288: E[0:03:32]-R[0:03:09]: Return=        -1, Steps=   1, Features = 64
  5315: E[0:03:33]-R[0:03:08]: Return=        -1, Steps=   1, Features = 64
  5339: E[0:03:34]-R[0:03:07]: Return=        -1, Steps=   1, Features = 64
  5363: E[0:03:35]-R[0:03:06]: Return=        -1, Steps=   1, Features = 64
  5389: E[0:03:36]-R[0:03:05]: Return=        -1, Steps=   1, Features = 64
  5414: E[0:03:37]-R[0:03:04]: Return=        -1, Steps=   1, Features = 64
  5442: E[0:03:38]-R[0:03:03]: Return=        -1, Steps=   1, Features = 64
  5466: E[0:03:39]-R[0:03:02]: Return=        -1, Steps=   1, Features = 64
  5492: E[0:03:40]-R[0:03:01]: Return=        -1, Steps=   1, Features = 64
  5520: E[0:03:41]-R[0:02:59]: Return=        -1, Steps=   1, Features = 64
  5548: E[0:03:42]-R[0:02:58]: Return=        -1, Steps=   1, Features = 64
  5573: E[0:03:43]-R[0:02:57]: Return=        -1, Steps=   1, Features = 64
  5599: E[0:03:44]-R[0:02:56]: Return=        -1, Steps=   1, Features = 64
  5622: E[0:03:45]-R[0:02:55]: Return=        -1, Steps=   1, Features = 64
  5647: E[0:03:46]-R[0:02:54]: Return=        -1, Steps=   1, Features = 64
  5671: E[0:03:47]-R[0:02:53]: Return=        -1, Steps=   1, Features = 64
  5697: E[0:03:48]-R[0:02:52]: Return=        -1, Steps=   1, Features = 64
  5722: E[0:03:49]-R[0:02:51]: Return=        -1, Steps=   1, Features = 64
  5748: E[0:03:50]-R[0:02:50]: Return=        -1, Steps=   1, Features = 64
  5774: E[0:03:51]-R[0:02:49]: Return=        -1, Steps=   1, Features = 64
  5799: E[0:03:52]-R[0:02:48]: Return=        -1, Steps=   1, Features = 64
  5826: E[0:03:53]-R[0:02:47]: Return=        -1, Steps=   1, Features = 64
  5851: E[0:03:54]-R[0:02:46]: Return=        -1, Steps=   1, Features = 64
  5878: E[0:03:55]-R[0:02:45]: Return=        -1, Steps=   1, Features = 64
  5904: E[0:03:56]-R[0:02:44]: Return=        -1, Steps=   1, Features = 64
  5929: E[0:03:57]-R[0:02:43]: Return=        -1, Steps=   1, Features = 64
  5956: E[0:03:58]-R[0:02:42]: Return=        -1, Steps=   1, Features = 64
  5983: E[0:03:59]-R[0:02:41]: Return=        -1, Steps=   1, Features = 64
  6000: >>> E[0:04:00]-R[0:02:40]: Return=        -1, Steps= 1.0, Features = 64
  6027: E[0:04:01]-R[0:02:39]: Return=        -1, Steps=   1, Features = 64
  6053: E[0:04:02]-R[0:02:38]: Return=        -1, Steps=   1, Features = 64
  6079: E[0:04:03]-R[0:02:37]: Return=        -1, Steps=   1, Features = 64
  6105: E[0:04:04]-R[0:02:36]: Return=        -1, Steps=   1, Features = 64
  6131: E[0:04:05]-R[0:02:35]: Return=        -1, Steps=   1, Features = 64
  6158: E[0:04:06]-R[0:02:34]: Return=        -1, Steps=   1, Features = 64
  6183: E[0:04:07]-R[0:02:33]: Return=        -1, Steps=   1, Features = 64
  6210: E[0:04:08]-R[0:02:31]: Return=        -1, Steps=   1, Features = 64
  6233: E[0:04:09]-R[0:02:31]: Return=        -1, Steps=   1, Features = 64
  6259: E[0:04:10]-R[0:02:30]: Return=        -1, Steps=   1, Features = 64
  6284: E[0:04:11]-R[0:02:29]: Return=        -1, Steps=   1, Features = 64
  6308: E[0:04:12]-R[0:02:28]: Return=        -1, Steps=   1, Features = 64
  6335: E[0:04:13]-R[0:02:27]: Return=        -1, Steps=   1, Features = 64
  6360: E[0:04:14]-R[0:02:26]: Return=        -1, Steps=   1, Features = 64
  6383: E[0:04:15]-R[0:02:25]: Return=        -1, Steps=   1, Features = 64
  6408: E[0:04:16]-R[0:02:24]: Return=        -1, Steps=   1, Features = 64
  6433: E[0:04:17]-R[0:02:23]: Return=        -1, Steps=   1, Features = 64
  6456: E[0:04:18]-R[0:02:22]: Return=        -1, Steps=   1, Features = 64
  6481: E[0:04:19]-R[0:02:21]: Return=        -1, Steps=   1, Features = 64
  6504: E[0:04:20]-R[0:02:20]: Return=        -1, Steps=   1, Features = 64
  6528: E[0:04:22]-R[0:02:19]: Return=        -1, Steps=   1, Features = 64
  6555: E[0:04:23]-R[0:02:18]: Return=        -1, Steps=   1, Features = 64
  6579: E[0:04:24]-R[0:02:17]: Return=        -1, Steps=   1, Features = 64
  6602: E[0:04:25]-R[0:02:16]: Return=        -1, Steps=   1, Features = 64
  6629: E[0:04:26]-R[0:02:15]: Return=        -1, Steps=   1, Features = 64
  6655: E[0:04:27]-R[0:02:14]: Return=        -1, Steps=   1, Features = 64
  6678: E[0:04:28]-R[0:02:13]: Return=        -1, Steps=   1, Features = 64
  6701: E[0:04:29]-R[0:02:12]: Return=        -1, Steps=   1, Features = 64
  6724: E[0:04:30]-R[0:02:11]: Return=        -1, Steps=   1, Features = 64
  6747: E[0:04:31]-R[0:02:11]: Return=        -1, Steps=   1, Features = 64
  6774: E[0:04:32]-R[0:02:09]: Return=        -1, Steps=   1, Features = 64
  6796: E[0:04:33]-R[0:02:09]: Return=        -1, Steps=   1, Features = 64
  6821: E[0:04:34]-R[0:02:08]: Return=        -1, Steps=   1, Features = 64
  6846: E[0:04:35]-R[0:02:07]: Return=        -1, Steps=   1, Features = 64
  6872: E[0:04:36]-R[0:02:06]: Return=        -1, Steps=   1, Features = 64
  6897: E[0:04:37]-R[0:02:05]: Return=        -1, Steps=   1, Features = 64
  6923: E[0:04:38]-R[0:02:03]: Return=        -1, Steps=   1, Features = 64
  6949: E[0:04:39]-R[0:02:02]: Return=        -1, Steps=   1, Features = 64
  6975: E[0:04:40]-R[0:02:01]: Return=        -1, Steps=   1, Features = 64
  7000: >>> E[0:04:41]-R[0:02:00]: Return=        -1, Steps= 1.0, Features = 64
  7028: E[0:04:42]-R[0:01:59]: Return=        -1, Steps=   1, Features = 64
  7054: E[0:04:43]-R[0:01:58]: Return=        -1, Steps=   1, Features = 64
  7080: E[0:04:44]-R[0:01:57]: Return=        -1, Steps=   1, Features = 64
  7104: E[0:04:45]-R[0:01:56]: Return=        -1, Steps=   1, Features = 64
  7128: E[0:04:46]-R[0:01:55]: Return=        -1, Steps=   1, Features = 64
  7154: E[0:04:47]-R[0:01:54]: Return=        -1, Steps=   1, Features = 64
  7180: E[0:04:48]-R[0:01:53]: Return=        -1, Steps=   1, Features = 64
  7205: E[0:04:49]-R[0:01:52]: Return=        -1, Steps=   1, Features = 64
  7231: E[0:04:50]-R[0:01:51]: Return=        -1, Steps=   1, Features = 64
  7258: E[0:04:51]-R[0:01:50]: Return=        -1, Steps=   1, Features = 64
  7282: E[0:04:52]-R[0:01:49]: Return=        -1, Steps=   1, Features = 64
  7307: E[0:04:53]-R[0:01:48]: Return=        -1, Steps=   1, Features = 64
  7334: E[0:04:54]-R[0:01:47]: Return=        -1, Steps=   1, Features = 64
  7360: E[0:04:55]-R[0:01:46]: Return=        -1, Steps=   1, Features = 64
  7386: E[0:04:56]-R[0:01:45]: Return=        -1, Steps=   1, Features = 64
  7413: E[0:04:57]-R[0:01:44]: Return=        -1, Steps=   1, Features = 64
  7439: E[0:04:58]-R[0:01:43]: Return=        -1, Steps=   1, Features = 64
  7468: E[0:04:59]-R[0:01:41]: Return=        -1, Steps=   1, Features = 64
  7497: E[0:05:00]-R[0:01:40]: Return=        -1, Steps=   1, Features = 64
  7525: E[0:05:01]-R[0:01:39]: Return=        -1, Steps=   1, Features = 64
  7554: E[0:05:02]-R[0:01:38]: Return=        -1, Steps=   1, Features = 64
  7583: E[0:05:03]-R[0:01:37]: Return=        -1, Steps=   1, Features = 64
  7613: E[0:05:04]-R[0:01:35]: Return=        -1, Steps=   1, Features = 64
  7642: E[0:05:05]-R[0:01:34]: Return=        -1, Steps=   1, Features = 64
  7671: E[0:05:06]-R[0:01:33]: Return=        -1, Steps=   1, Features = 64
  7700: E[0:05:07]-R[0:01:32]: Return=        -1, Steps=   1, Features = 64
  7728: E[0:05:08]-R[0:01:31]: Return=        -1, Steps=   1, Features = 64
  7754: E[0:05:09]-R[0:01:30]: Return=        -1, Steps=   1, Features = 64
  7783: E[0:05:10]-R[0:01:28]: Return=        -1, Steps=   1, Features = 64
  7812: E[0:05:11]-R[0:01:27]: Return=        -1, Steps=   1, Features = 64
  7841: E[0:05:12]-R[0:01:26]: Return=        -1, Steps=   1, Features = 64
  7871: E[0:05:13]-R[0:01:25]: Return=        -1, Steps=   1, Features = 64
  7900: E[0:05:15]-R[0:01:24]: Return=        -1, Steps=   1, Features = 64
  7930: E[0:05:16]-R[0:01:22]: Return=        -1, Steps=   1, Features = 64
  7960: E[0:05:17]-R[0:01:21]: Return=        -1, Steps=   1, Features = 64
  7989: E[0:05:18]-R[0:01:20]: Return=        -1, Steps=   1, Features = 64
  8000: >>> E[0:05:18]-R[0:01:20]: Return=        -1, Steps= 1.0, Features = 64
  8028: E[0:05:19]-R[0:01:18]: Return=        -1, Steps=   1, Features = 64
  8057: E[0:05:20]-R[0:01:17]: Return=        -1, Steps=   1, Features = 64
  8085: E[0:05:21]-R[0:01:16]: Return=        -1, Steps=   1, Features = 64
  8114: E[0:05:22]-R[0:01:15]: Return=        -1, Steps=   1, Features = 64
  8143: E[0:05:23]-R[0:01:14]: Return=        -1, Steps=   1, Features = 64
  8171: E[0:05:24]-R[0:01:13]: Return=        -1, Steps=   1, Features = 64
  8201: E[0:05:25]-R[0:01:11]: Return=        -1, Steps=   1, Features = 64
  8231: E[0:05:26]-R[0:01:10]: Return=        -1, Steps=   1, Features = 64
  8257: E[0:05:27]-R[0:01:09]: Return=        -1, Steps=   1, Features = 64
  8286: E[0:05:28]-R[0:01:08]: Return=        -1, Steps=   1, Features = 64
  8315: E[0:05:29]-R[0:01:07]: Return=        -1, Steps=   1, Features = 64
  8343: E[0:05:30]-R[0:01:06]: Return=        -1, Steps=   1, Features = 64
  8372: E[0:05:31]-R[0:01:04]: Return=        -1, Steps=   1, Features = 64
  8401: E[0:05:32]-R[0:01:03]: Return=        -1, Steps=   1, Features = 64
  8430: E[0:05:33]-R[0:01:02]: Return=        -1, Steps=   1, Features = 64
  8459: E[0:05:34]-R[0:01:01]: Return=        -1, Steps=   1, Features = 64
  8489: E[0:05:35]-R[0:01:00]: Return=        -1, Steps=   1, Features = 64
  8518: E[0:05:36]-R[0:00:59]: Return=        -1, Steps=   1, Features = 64
  8547: E[0:05:37]-R[0:00:57]: Return=        -1, Steps=   1, Features = 64
  8576: E[0:05:38]-R[0:00:56]: Return=        -1, Steps=   1, Features = 64
  8605: E[0:05:39]-R[0:00:55]: Return=        -1, Steps=   1, Features = 64
  8634: E[0:05:40]-R[0:00:54]: Return=        -1, Steps=   1, Features = 64
  8663: E[0:05:41]-R[0:00:53]: Return=        -1, Steps=   1, Features = 64
  8691: E[0:05:42]-R[0:00:52]: Return=        -1, Steps=   1, Features = 64
  8720: E[0:05:43]-R[0:00:50]: Return=        -1, Steps=   1, Features = 64
  8749: E[0:05:45]-R[0:00:49]: Return=        -1, Steps=   1, Features = 64
  8778: E[0:05:46]-R[0:00:48]: Return=        -1, Steps=   1, Features = 64
  8807: E[0:05:47]-R[0:00:47]: Return=        -1, Steps=   1, Features = 64
  8836: E[0:05:48]-R[0:00:46]: Return=        -1, Steps=   1, Features = 64
  8864: E[0:05:49]-R[0:00:45]: Return=        -1, Steps=   1, Features = 64
  8893: E[0:05:50]-R[0:00:44]: Return=        -1, Steps=   1, Features = 64
  8922: E[0:05:51]-R[0:00:42]: Return=        -1, Steps=   1, Features = 64
  8951: E[0:05:52]-R[0:00:41]: Return=        -1, Steps=   1, Features = 64
  8980: E[0:05:53]-R[0:00:40]: Return=        -1, Steps=   1, Features = 64
  9000: >>> E[0:05:53]-R[0:00:39]: Return=        -1, Steps= 1.0, Features = 64
  9028: E[0:05:54]-R[0:00:38]: Return=        -1, Steps=   1, Features = 64
  9056: E[0:05:55]-R[0:00:37]: Return=        -1, Steps=   1, Features = 64
  9086: E[0:05:56]-R[0:00:36]: Return=        -1, Steps=   1, Features = 64
  9115: E[0:05:57]-R[0:00:35]: Return=        -1, Steps=   1, Features = 64
  9144: E[0:05:59]-R[0:00:34]: Return=        -1, Steps=   1, Features = 64
  9172: E[0:06:00]-R[0:00:32]: Return=        -1, Steps=   1, Features = 64
  9202: E[0:06:01]-R[0:00:31]: Return=        -1, Steps=   1, Features = 64
  9231: E[0:06:02]-R[0:00:30]: Return=        -1, Steps=   1, Features = 64
  9261: E[0:06:03]-R[0:00:29]: Return=        -1, Steps=   1, Features = 64
  9291: E[0:06:04]-R[0:00:28]: Return=        -1, Steps=   1, Features = 64
  9321: E[0:06:05]-R[0:00:27]: Return=        -1, Steps=   1, Features = 64
  9350: E[0:06:06]-R[0:00:25]: Return=        -1, Steps=   1, Features = 64
  9379: E[0:06:07]-R[0:00:24]: Return=        -1, Steps=   1, Features = 64
  9406: E[0:06:08]-R[0:00:23]: Return=        -1, Steps=   1, Features = 64
  9434: E[0:06:09]-R[0:00:22]: Return=        -1, Steps=   1, Features = 64
  9462: E[0:06:10]-R[0:00:21]: Return=        -1, Steps=   1, Features = 64
  9491: E[0:06:11]-R[0:00:20]: Return=        -1, Steps=   1, Features = 64
  9520: E[0:06:12]-R[0:00:19]: Return=        -1, Steps=   1, Features = 64
  9549: E[0:06:13]-R[0:00:18]: Return=        -1, Steps=   1, Features = 64
  9578: E[0:06:14]-R[0:00:16]: Return=        -1, Steps=   1, Features = 64
  9606: E[0:06:15]-R[0:00:15]: Return=        -1, Steps=   1, Features = 64
  9634: E[0:06:16]-R[0:00:14]: Return=        -1, Steps=   1, Features = 64
  9662: E[0:06:17]-R[0:00:13]: Return=        -1, Steps=   1, Features = 64
  9692: E[0:06:18]-R[0:00:12]: Return=        -1, Steps=   1, Features = 64
  9720: E[0:06:19]-R[0:00:11]: Return=        -1, Steps=   1, Features = 64
  9749: E[0:06:20]-R[0:00:10]: Return=        -1, Steps=   1, Features = 64
  9778: E[0:06:21]-R[0:00:09]: Return=        -1, Steps=   1, Features = 64
  9807: E[0:06:22]-R[0:00:08]: Return=        -1, Steps=   1, Features = 64
  9835: E[0:06:23]-R[0:00:06]: Return=        -1, Steps=   1, Features = 64
  9865: E[0:06:24]-R[0:00:05]: Return=        -1, Steps=   1, Features = 64
  9894: E[0:06:25]-R[0:00:04]: Return=        -1, Steps=   1, Features = 64
  9921: E[0:06:26]-R[0:00:03]: Return=        -1, Steps=   1, Features = 64
  9951: E[0:06:27]-R[0:00:02]: Return=        -1, Steps=   1, Features = 64
  9977: E[0:06:28]-R[0:00:01]: Return=        -1, Steps=   1, Features = 64
  9994: E[0:06:29]-R[0:00:00]: Return=        -1, Steps=   1, Features = 64
 10000: >>> E[0:06:29]-R[0:00:00]: Return=        -1, Steps= 1.0, Features = 64
Total Experiment Duration 0:06:29
Output:			./Results/Experiment5/
