     0: >>> E[0:00:00]-R[?]: Return=    -0.944, Steps=4.98, Features = 20
    63: E[0:00:01]-R[0:00:10]: Return=    -1.003, Steps=   4, Features = 20
   100: >>> E[0:00:01]-R[0:00:09]: Return=   -0.8815, Steps=22.51, Features = 20
   200: >>> E[0:00:02]-R[0:00:08]: Return=    -1.013, Steps=13.7, Features = 20
   300: >>> E[0:00:03]-R[0:00:07]: Return=    -0.652, Steps=12.97, Features = 20
   400: >>> E[0:00:04]-R[0:00:06]: Return=    0.4508, Steps=10.17, Features = 20
   500: >>> E[0:00:05]-R[0:00:05]: Return=   -0.4152, Steps=16.21, Features = 20
   600: >>> E[0:00:06]-R[0:00:04]: Return=    0.4725, Steps=8.53, Features = 20
   700: >>> E[0:00:07]-R[0:00:03]: Return=    0.4525, Steps=8.52, Features = 20
   800: >>> E[0:00:08]-R[0:00:02]: Return=   -0.1728, Steps=13.81, Features = 20
   900: >>> E[0:00:09]-R[0:00:01]: Return=   -0.1536, Steps=14.58, Features = 20
  1000: >>> E[0:00:10]-R[0:00:00]: Return=   -0.9533, Steps=14.33, Features = 20
Total Experiment Duration 0:00:10
     0: >>> E[0:00:00]-R[?]: Return=    -0.944, Steps=4.98, Features = 20
    59: E[0:00:01]-R[0:00:10]: Return=    -1.006, Steps=   7, Features = 20
   100: >>> E[0:00:01]-R[0:00:10]: Return=   -0.8815, Steps=22.51, Features = 20
   200: >>> E[0:00:02]-R[0:00:09]: Return=    -1.013, Steps=13.7, Features = 20
   300: >>> E[0:00:03]-R[0:00:07]: Return=    -0.652, Steps=12.97, Features = 20
   400: >>> E[0:00:04]-R[0:00:06]: Return=    0.4508, Steps=10.17, Features = 20
   500: >>> E[0:00:05]-R[0:00:05]: Return=   -0.4152, Steps=16.21, Features = 20
   600: >>> E[0:00:06]-R[0:00:04]: Return=    0.4725, Steps=8.53, Features = 20
   700: >>> E[0:00:07]-R[0:00:03]: Return=    0.4525, Steps=8.52, Features = 20
   800: >>> E[0:00:08]-R[0:00:02]: Return=   -0.1728, Steps=13.81, Features = 20
   900: >>> E[0:00:09]-R[0:00:01]: Return=   -0.1536, Steps=14.58, Features = 20
  1000: >>> E[0:00:10]-R[0:00:00]: Return=   -0.9533, Steps=14.33, Features = 20
Total Experiment Duration 0:00:10
     0: >>> E[0:00:00]-R[?]: Return=    -0.944, Steps=4.98, Features = 20
    78: E[0:00:01]-R[0:00:09]: Return=    -1.006, Steps=   7, Features = 20
   100: >>> E[0:00:01]-R[0:00:09]: Return=   -0.8815, Steps=22.51, Features = 20
   200: >>> E[0:00:02]-R[0:00:08]: Return=    -1.013, Steps=13.7, Features = 20
     0: >>> E[0:00:00]-R[?]: Return=    -0.944, Steps=4.98, Features = 20
    71: E[0:00:01]-R[0:00:09]: Return=    -1.007, Steps=   8, Features = 20
   100: >>> E[0:00:01]-R[0:00:09]: Return=   -0.8815, Steps=22.51, Features = 20
   200: >>> E[0:00:02]-R[0:00:08]: Return=    -1.013, Steps=13.7, Features = 20
   300: >>> E[0:00:03]-R[0:00:07]: Return=    -0.652, Steps=12.97, Features = 20
   400: >>> E[0:00:04]-R[0:00:06]: Return=    0.4508, Steps=10.17, Features = 20
   500: >>> E[0:00:05]-R[0:00:05]: Return=   -0.4152, Steps=16.21, Features = 20
   600: >>> E[0:00:06]-R[0:00:04]: Return=    0.4725, Steps=8.53, Features = 20
   700: >>> E[0:00:07]-R[0:00:03]: Return=    0.4525, Steps=8.52, Features = 20
   800: >>> E[0:00:07]-R[0:00:02]: Return=   -0.1728, Steps=13.81, Features = 20
   900: >>> E[0:00:08]-R[0:00:01]: Return=   -0.1536, Steps=14.58, Features = 20
  1000: >>> E[0:00:09]-R[0:00:00]: Return=   -0.9533, Steps=14.33, Features = 20
Total Experiment Duration 0:00:09
     0: >>> E[0:00:00]-R[?]: Return=    -0.944, Steps=4.98, Features = 20
    63: E[0:00:01]-R[0:00:10]: Return=    -1.003, Steps=   4, Features = 20
   100: >>> E[0:00:01]-R[0:00:10]: Return=   -0.8815, Steps=22.51, Features = 20
   200: >>> E[0:00:02]-R[0:00:08]: Return=    -1.013, Steps=13.7, Features = 20
   300: >>> E[0:00:03]-R[0:00:07]: Return=    -0.652, Steps=12.97, Features = 20
   400: >>> E[0:00:04]-R[0:00:06]: Return=    0.4508, Steps=10.17, Features = 20
   500: >>> E[0:00:05]-R[0:00:05]: Return=   -0.4152, Steps=16.21, Features = 20
   600: >>> E[0:00:06]-R[0:00:04]: Return=    0.4725, Steps=8.53, Features = 20
   700: >>> E[0:00:07]-R[0:00:03]: Return=    0.4525, Steps=8.52, Features = 20
   800: >>> E[0:00:08]-R[0:00:02]: Return=   -0.1728, Steps=13.81, Features = 20
   900: >>> E[0:00:09]-R[0:00:01]: Return=   -0.1536, Steps=14.58, Features = 20
  1000: E[0:00:10]-R[0:00:00]: Return=    -1.001, Steps=   2, Features = 20
  1000: >>> E[0:00:10]-R[0:00:00]: Return=   -0.9533, Steps=14.33, Features = 20
Total Experiment Duration 0:00:10
     0: >>> E[0:00:00]-R[?]: Return=    -0.944, Steps=4.98, Features = 20
    78: E[0:00:01]-R[0:00:08]: Return=    -1.006, Steps=   7, Features = 20
   100: >>> E[0:00:01]-R[0:00:09]: Return=   -0.8815, Steps=22.51, Features = 20
   200: >>> E[0:00:02]-R[0:00:08]: Return=    -1.013, Steps=13.7, Features = 20
   300: >>> E[0:00:03]-R[0:00:07]: Return=    -0.652, Steps=12.97, Features = 20
   400: >>> E[0:00:04]-R[0:00:05]: Return=    0.4508, Steps=10.17, Features = 20
   500: >>> E[0:00:05]-R[0:00:05]: Return=   -0.4152, Steps=16.21, Features = 20
   600: >>> E[0:00:05]-R[0:00:04]: Return=    0.4725, Steps=8.53, Features = 20
   700: >>> E[0:00:06]-R[0:00:03]: Return=    0.4525, Steps=8.52, Features = 20
   800: >>> E[0:00:07]-R[0:00:02]: Return=   -0.1728, Steps=13.81, Features = 20
   900: >>> E[0:00:08]-R[0:00:01]: Return=   -0.1536, Steps=14.58, Features = 20
  1000: >>> E[0:00:09]-R[0:00:00]: Return=   -0.9533, Steps=14.33, Features = 20
Total Experiment Duration 0:00:09
Output:			./Results/Experiment1/
     0: >>> E[0:00:00]-R[?]: Return=    -0.944, Steps=4.98, Features = 20
    71: E[0:00:01]-R[0:00:09]: Return=    -1.007, Steps=   8, Features = 20
   100: >>> E[0:00:01]-R[0:00:10]: Return=   -0.8815, Steps=22.51, Features = 20
   200: >>> E[0:00:02]-R[0:00:08]: Return=    -1.013, Steps=13.7, Features = 20
   300: >>> E[0:00:03]-R[0:00:07]: Return=    -0.652, Steps=12.97, Features = 20
   400: >>> E[0:00:04]-R[0:00:06]: Return=    0.4508, Steps=10.17, Features = 20
   500: >>> E[0:00:05]-R[0:00:05]: Return=   -0.4152, Steps=16.21, Features = 20
   600: >>> E[0:00:06]-R[0:00:04]: Return=    0.4725, Steps=8.53, Features = 20
   700: >>> E[0:00:06]-R[0:00:03]: Return=    0.4525, Steps=8.52, Features = 20
   800: >>> E[0:00:07]-R[0:00:02]: Return=   -0.1728, Steps=13.81, Features = 20
   900: >>> E[0:00:08]-R[0:00:01]: Return=   -0.1536, Steps=14.58, Features = 20
  1000: >>> E[0:00:09]-R[0:00:00]: Return=   -0.9533, Steps=14.33, Features = 20
Total Experiment Duration 0:00:09
Output:			./Results/Experiment1/
     0: >>> E[0:00:00]-R[?]: Return=    -0.944, Steps=4.98, Features = 20
    48: E[0:00:01]-R[0:00:11]: Return=    -1.003, Steps=   4, Features = 20
   100: >>> E[0:00:01]-R[0:00:10]: Return=   -0.8815, Steps=22.51, Features = 20
   200: >>> E[0:00:02]-R[0:00:08]: Return=    -1.013, Steps=13.7, Features = 20
   300: >>> E[0:00:03]-R[0:00:07]: Return=    -0.652, Steps=12.97, Features = 20
   400: >>> E[0:00:04]-R[0:00:06]: Return=    0.4508, Steps=10.17, Features = 20
   500: >>> E[0:00:05]-R[0:00:05]: Return=   -0.4152, Steps=16.21, Features = 20
   600: >>> E[0:00:06]-R[0:00:04]: Return=    0.4725, Steps=8.53, Features = 20
   700: >>> E[0:00:06]-R[0:00:03]: Return=    0.4525, Steps=8.52, Features = 20
   800: >>> E[0:00:07]-R[0:00:02]: Return=   -0.1728, Steps=13.81, Features = 20
   900: >>> E[0:00:08]-R[0:00:01]: Return=   -0.1536, Steps=14.58, Features = 20
  1000: >>> E[0:00:09]-R[0:00:00]: Return=   -0.9533, Steps=14.33, Features = 20
Total Experiment Duration 0:00:09
Output:			./Results/Experiment1/
     0: >>> E[0:00:00]-R[?]: Return=    -0.944, Steps=4.98, Features = 20
    78: E[0:00:01]-R[0:00:08]: Return=    -1.006, Steps=   7, Features = 20
   100: >>> E[0:00:01]-R[0:00:08]: Return=   -0.8815, Steps=22.51, Features = 20
   200: >>> E[0:00:02]-R[0:00:07]: Return=    -1.013, Steps=13.7, Features = 20
   300: >>> E[0:00:03]-R[0:00:06]: Return=    -0.652, Steps=12.97, Features = 20
   400: >>> E[0:00:03]-R[0:00:05]: Return=    0.4508, Steps=10.17, Features = 20
   500: >>> E[0:00:04]-R[0:00:04]: Return=   -0.4152, Steps=16.21, Features = 20
   600: >>> E[0:00:05]-R[0:00:04]: Return=    0.4725, Steps=8.53, Features = 20
   700: >>> E[0:00:06]-R[0:00:03]: Return=    0.4525, Steps=8.52, Features = 20
   800: >>> E[0:00:07]-R[0:00:02]: Return=   -0.1728, Steps=13.81, Features = 20
   900: >>> E[0:00:08]-R[0:00:01]: Return=   -0.1536, Steps=14.58, Features = 20
  1000: >>> E[0:00:09]-R[0:00:00]: Return=   -0.9533, Steps=14.33, Features = 20
Total Experiment Duration 0:00:09
Output:			./Results/Experiment1/
     0: >>> E[0:00:00]-R[?]: Return=    -1.003, Steps=4.22, Features = 16
   100: >>> E[0:00:01]-R[0:00:06]: Return=    -1.012, Steps=13.35, Features = 16
   200: >>> E[0:00:02]-R[0:00:06]: Return=    -1.008, Steps=8.73, Features = 16
   300: >>> E[0:00:02]-R[0:00:05]: Return=    -1.014, Steps=14.93, Features = 16
   400: >>> E[0:00:03]-R[0:00:05]: Return=    -1.014, Steps=15.22, Features = 16
   500: >>> E[0:00:04]-R[0:00:04]: Return=    -1.012, Steps=12.87, Features = 16
   600: >>> E[0:00:05]-R[0:00:03]: Return=    -1.017, Steps=17.99, Features = 16
   700: >>> E[0:00:06]-R[0:00:02]: Return=    -1.006, Steps=7.23, Features = 16
   800: >>> E[0:00:06]-R[0:00:02]: Return=    -1.016, Steps=16.75, Features = 16
   900: >>> E[0:00:07]-R[0:00:01]: Return=    -1.015, Steps=15.79, Features = 16
  1000: >>> E[0:00:08]-R[0:00:00]: Return=    -1.018, Steps=18.98, Features = 16
Total Experiment Duration 0:00:08
Output:			./Results/Experiment1/
     0: >>> E[0:00:00]-R[?]: Return=    -1.003, Steps=4.22, Features = 16
   100: >>> E[0:00:01]-R[0:00:07]: Return=    -1.012, Steps=13.35, Features = 16
   200: >>> E[0:00:02]-R[0:00:06]: Return=    -1.008, Steps=8.73, Features = 16
   300: >>> E[0:00:03]-R[0:00:06]: Return=    -1.014, Steps=14.93, Features = 16
   400: >>> E[0:00:03]-R[0:00:05]: Return=    -1.014, Steps=15.22, Features = 16
   500: >>> E[0:00:04]-R[0:00:04]: Return=    -1.012, Steps=12.87, Features = 16
   600: >>> E[0:00:05]-R[0:00:03]: Return=    -1.017, Steps=17.99, Features = 16
   700: >>> E[0:00:06]-R[0:00:03]: Return=    -1.006, Steps=7.23, Features = 16
   800: >>> E[0:00:07]-R[0:00:02]: Return=    -1.016, Steps=16.75, Features = 16
   900: >>> E[0:00:07]-R[0:00:01]: Return=    -1.015, Steps=15.79, Features = 16
  1000: >>> E[0:00:08]-R[0:00:00]: Return=    -1.018, Steps=18.98, Features = 16
Total Experiment Duration 0:00:08
Output:			./Results/Experiment1/
     0: >>> E[0:00:00]-R[?]: Return=    -1.003, Steps=4.22, Features = 16
    63: E[0:00:01]-R[0:01:30]: Return=    -1.003, Steps=   4, Features = 16
   194: E[0:00:02]-R[0:01:32]: Return=    -1.032, Steps=  33, Features = 16
   326: E[0:00:03]-R[0:01:25]: Return=    -1.021, Steps=  22, Features = 16
   442: E[0:00:04]-R[0:01:25]: Return=    -1.016, Steps=  17, Features = 16
   581: E[0:00:05]-R[0:01:22]: Return=    -1.021, Steps=  22, Features = 16
   721: E[0:00:06]-R[0:01:19]: Return=    -1.015, Steps=  16, Features = 16
   855: E[0:00:07]-R[0:01:18]: Return=    -1.023, Steps=  24, Features = 16
   991: E[0:00:08]-R[0:01:16]: Return=    -1.033, Steps=  34, Features = 16
  1000: >>> E[0:00:09]-R[0:01:17]: Return=    -1.012, Steps=13.35, Features = 16
  1145: E[0:00:10]-R[0:01:15]: Return=    -1.061, Steps=  62, Features = 16
  1323: E[0:00:11]-R[0:01:13]: Return=    -1.057, Steps=  58, Features = 16
  1487: E[0:00:13]-R[0:01:12]: Return=    -1.061, Steps=  62, Features = 16
  1613: E[0:00:14]-R[0:01:11]: Return=    -1.013, Steps=  14, Features = 16
  1756: E[0:00:15]-R[0:01:09]: Return=     -1.01, Steps=  11, Features = 16
  1886: E[0:00:16]-R[0:01:08]: Return=    -1.017, Steps=  18, Features = 16
  2000: >>> E[0:00:17]-R[0:01:07]: Return=    -1.017, Steps=17.87, Features = 16
  2149: E[0:00:18]-R[0:01:05]: Return=    -1.035, Steps=  36, Features = 16
  2291: E[0:00:19]-R[0:01:04]: Return=    -1.015, Steps=  16, Features = 16
  2437: E[0:00:20]-R[0:01:02]: Return=    -1.033, Steps=  34, Features = 16
  2581: E[0:00:21]-R[0:01:01]: Return=    -1.027, Steps=  28, Features = 16
  2706: E[0:00:22]-R[0:01:00]: Return=    -1.007, Steps=   8, Features = 16
  2827: E[0:00:23]-R[0:00:59]: Return=    -1.033, Steps=  34, Features = 16
  2955: E[0:00:24]-R[0:00:58]: Return=    -1.005, Steps=   6, Features = 16
  3000: >>> E[0:00:25]-R[0:00:57]: Return=    -1.014, Steps=14.68, Features = 16
  3143: E[0:00:26]-R[0:00:56]: Return=     -1.02, Steps=  21, Features = 16
  3291: E[0:00:27]-R[0:00:55]: Return=    -1.021, Steps=  22, Features = 16
  3427: E[0:00:28]-R[0:00:54]: Return=    -1.011, Steps=  12, Features = 16
  3573: E[0:00:29]-R[0:00:52]: Return=    -1.009, Steps=  10, Features = 16
  3708: E[0:00:30]-R[0:00:51]: Return=    -1.001, Steps=   2, Features = 16
  3855: E[0:00:31]-R[0:00:49]: Return=    -1.018, Steps=  19, Features = 16
  3980: E[0:00:32]-R[0:00:49]: Return=    -1.015, Steps=  16, Features = 16
  4000: >>> E[0:00:32]-R[0:00:48]: Return=    -1.012, Steps=13.35, Features = 16
  4192: E[0:00:34]-R[0:00:47]: Return=    -1.077, Steps=  78, Features = 16
  4316: E[0:00:35]-R[0:00:46]: Return=    -1.003, Steps=   4, Features = 16
  4454: E[0:00:36]-R[0:00:45]: Return=    -1.012, Steps=  13, Features = 16
  4578: E[0:00:37]-R[0:00:44]: Return=    -1.008, Steps=   9, Features = 16
  4706: E[0:00:38]-R[0:00:43]: Return=    -1.021, Steps=  22, Features = 16
  4859: E[0:00:39]-R[0:00:41]: Return=    -1.029, Steps=  30, Features = 16
  4991: E[0:00:40]-R[0:00:40]: Return=    -1.033, Steps=  34, Features = 16
  5000: >>> E[0:00:40]-R[0:00:40]: Return=    -1.016, Steps=17.13, Features = 16
  5128: E[0:00:41]-R[0:00:39]: Return=    -1.012, Steps=  13, Features = 16
  5271: E[0:00:42]-R[0:00:38]: Return=    -1.013, Steps=  14, Features = 16
  5410: E[0:00:44]-R[0:00:37]: Return=    -1.023, Steps=  24, Features = 16
  5568: E[0:00:45]-R[0:00:36]: Return=    -1.042, Steps=  43, Features = 16
  5704: E[0:00:46]-R[0:00:35]: Return=    -1.033, Steps=  34, Features = 16
  5851: E[0:00:47]-R[0:00:33]: Return=    -1.011, Steps=  12, Features = 16
  5992: E[0:00:48]-R[0:00:32]: Return=    -1.019, Steps=  20, Features = 16
  6000: >>> E[0:00:48]-R[0:00:32]: Return=    -1.015, Steps=16.37, Features = 16
  6135: E[0:00:49]-R[0:00:31]: Return=    -1.025, Steps=  26, Features = 16
  6263: E[0:00:50]-R[0:00:30]: Return=    -1.011, Steps=  12, Features = 16
  6401: E[0:00:51]-R[0:00:29]: Return=    -1.013, Steps=  14, Features = 16
  6541: E[0:00:52]-R[0:00:28]: Return=    -1.005, Steps=   6, Features = 16
  6685: E[0:00:54]-R[0:00:27]: Return=    -1.023, Steps=  24, Features = 16
  6823: E[0:00:55]-R[0:00:25]: Return=    -1.011, Steps=  12, Features = 16
  7000: >>> E[0:00:56]-R[0:00:24]: Return=    -1.016, Steps=16.76, Features = 16
  7147: E[0:00:57]-R[0:00:23]: Return=    -1.031, Steps=  32, Features = 16
  7290: E[0:00:58]-R[0:00:22]: Return=    -1.021, Steps=  22, Features = 16
  7430: E[0:00:59]-R[0:00:20]: Return=    -1.007, Steps=   8, Features = 16
  7569: E[0:01:00]-R[0:00:19]: Return=    -1.025, Steps=  26, Features = 16
  7724: E[0:01:01]-R[0:00:18]: Return=    -1.027, Steps=  28, Features = 16
  7855: E[0:01:02]-R[0:00:17]: Return=    -1.011, Steps=  12, Features = 16
  8000: >>> E[0:01:04]-R[0:00:16]: Return=    -1.015, Steps=15.98, Features = 16
  8138: E[0:01:05]-R[0:00:15]: Return=    -1.013, Steps=  14, Features = 16
  8273: E[0:01:06]-R[0:00:14]: Return=    -1.015, Steps=  16, Features = 16
  8401: E[0:01:07]-R[0:00:13]: Return=    -1.009, Steps=  10, Features = 16
  8545: E[0:01:08]-R[0:00:12]: Return=    -1.021, Steps=  22, Features = 16
  8673: E[0:01:09]-R[0:00:11]: Return=    -1.005, Steps=   6, Features = 16
  8811: E[0:01:10]-R[0:00:09]: Return=    -1.021, Steps=  22, Features = 16
  8963: E[0:01:11]-R[0:00:08]: Return=    -1.017, Steps=  18, Features = 16
  9000: >>> E[0:01:11]-R[0:00:08]: Return=    -1.018, Steps=19.01, Features = 16
  9126: E[0:01:12]-R[0:00:07]: Return=    -1.005, Steps=   6, Features = 16
  9254: E[0:01:13]-R[0:00:06]: Return=    -1.011, Steps=  12, Features = 16
  9380: E[0:01:14]-R[0:00:05]: Return=    -1.053, Steps=  54, Features = 16
  9515: E[0:01:15]-R[0:00:04]: Return=    -1.038, Steps=  39, Features = 16
  9649: E[0:01:17]-R[0:00:03]: Return=    -1.021, Steps=  22, Features = 16
  9795: E[0:01:18]-R[0:00:02]: Return=    -1.033, Steps=  34, Features = 16
  9943: E[0:01:19]-R[0:00:00]: Return=    -1.031, Steps=  32, Features = 16
 10000: >>> E[0:01:19]-R[0:00:00]: Return=    -1.015, Steps=15.79, Features = 16
Total Experiment Duration 0:01:19
Output:			./Results/Experiment1/
     0: >>> E[0:00:00]-R[?]: Return=        -1, Steps= 1.0, Features = 16
    55: E[0:00:01]-R[0:00:13]: Return=        -1, Steps=   1, Features = 16
   100: >>> E[0:00:01]-R[0:00:13]: Return=        -1, Steps= 1.0, Features = 16
   172: E[0:00:02]-R[0:00:12]: Return=        -1, Steps=   1, Features = 16
   200: >>> E[0:00:03]-R[0:00:11]: Return=        -1, Steps= 1.0, Features = 16
   274: E[0:00:04]-R[0:00:10]: Return=        -1, Steps=   1, Features = 16
   300: >>> E[0:00:04]-R[0:00:10]: Return=        -1, Steps= 1.0, Features = 16
   372: E[0:00:05]-R[0:00:09]: Return=        -1, Steps=   1, Features = 16
   400: >>> E[0:00:06]-R[0:00:09]: Return=        -1, Steps= 1.0, Features = 16
   480: E[0:00:07]-R[0:00:07]: Return=        -1, Steps=   1, Features = 16
   500: >>> E[0:00:07]-R[0:00:07]: Return=        -1, Steps= 1.0, Features = 16
   575: E[0:00:08]-R[0:00:06]: Return=        -1, Steps=   1, Features = 16
   600: >>> E[0:00:08]-R[0:00:06]: Return=        -1, Steps= 1.0, Features = 16
   679: E[0:00:09]-R[0:00:04]: Return=        -1, Steps=   1, Features = 16
   700: >>> E[0:00:10]-R[0:00:04]: Return=        -1, Steps= 1.0, Features = 16
   781: E[0:00:11]-R[0:00:03]: Return=        -1, Steps=   1, Features = 16
   800: >>> E[0:00:11]-R[0:00:03]: Return=        -1, Steps= 1.0, Features = 16
   871: E[0:00:12]-R[0:00:02]: Return=        -1, Steps=   1, Features = 16
   900: >>> E[0:00:12]-R[0:00:01]: Return=        -1, Steps= 1.0, Features = 16
   978: E[0:00:13]-R[0:00:00]: Return=        -1, Steps=   1, Features = 16
  1000: >>> E[0:00:14]-R[0:00:00]: Return=        -1, Steps= 1.0, Features = 16
Total Experiment Duration 0:00:14
Output:			./Results/Experiment1/
     0: >>> E[0:00:00]-R[?]: Return=    -0.924, Steps=5.02, Features = 16
    62: E[0:00:01]-R[0:00:10]: Return=    -1.003, Steps=   4, Features = 16
   100: >>> E[0:00:01]-R[0:00:09]: Return=   -0.7112, Steps=12.24, Features = 16
   200: >>> E[0:00:02]-R[0:00:07]: Return=    0.3201, Steps=20.92, Features = 16
   300: >>> E[0:00:03]-R[0:00:06]: Return=     0.347, Steps=14.02, Features = 16
   400: >>> E[0:00:03]-R[0:00:05]: Return=   -0.2649, Steps=25.86, Features = 16
   500: >>> E[0:00:04]-R[0:00:04]: Return=    0.4441, Steps=16.9, Features = 16
   600: >>> E[0:00:05]-R[0:00:03]: Return=   0.05916, Steps=21.84, Features = 16
   700: >>> E[0:00:06]-R[0:00:03]: Return=    0.4333, Steps=7.68, Features = 16
   800: >>> E[0:00:07]-R[0:00:02]: Return=    0.6333, Steps=7.72, Features = 16
   900: >>> E[0:00:08]-R[0:00:01]: Return=    0.5732, Steps= 7.8, Features = 16
  1000: >>> E[0:00:09]-R[0:00:00]: Return=    0.6328, Steps=8.18, Features = 16
Total Experiment Duration 0:00:09
Output:			./Results/Experiment1/
     0: >>> E[0:00:00]-R[?]: Return=    -0.924, Steps=5.02, Features = 16
    58: E[0:00:01]-R[0:01:36]: Return=    -1.005, Steps=   6, Features = 16
   172: E[0:00:02]-R[0:01:30]: Return=    -1.001, Steps=   2, Features = 16
   276: E[0:00:03]-R[0:01:31]: Return=     0.985, Steps=  16, Features = 16
   394: E[0:00:04]-R[0:01:28]: Return=     0.985, Steps=  16, Features = 16
   506: E[0:00:05]-R[0:01:28]: Return=     0.991, Steps=  10, Features = 16
   612: E[0:00:06]-R[0:01:27]: Return=     0.995, Steps=   6, Features = 16
   726: E[0:00:07]-R[0:01:26]: Return=     0.993, Steps=   8, Features = 16
   846: E[0:00:08]-R[0:01:24]: Return=     0.993, Steps=   8, Features = 16
   970: E[0:00:09]-R[0:01:22]: Return=     0.983, Steps=  18, Features = 16
  1000: >>> E[0:00:09]-R[0:01:22]: Return=    0.5939, Steps=7.06, Features = 16
     0: >>> E[0:00:00]-R[?]: Return=    -0.924, Steps=5.02, Features = 16
    78: E[0:00:01]-R[0:00:09]: Return=    -1.015, Steps=  16, Features = 16
   100: >>> E[0:00:01]-R[0:00:09]: Return=   -0.7112, Steps=12.24, Features = 16
   200: >>> E[0:00:02]-R[0:00:07]: Return=    0.3201, Steps=20.92, Features = 16
   300: >>> E[0:00:03]-R[0:00:06]: Return=     0.347, Steps=14.02, Features = 16
   400: >>> E[0:00:04]-R[0:00:05]: Return=   -0.2649, Steps=25.86, Features = 16
   500: >>> E[0:00:04]-R[0:00:04]: Return=    0.4441, Steps=16.9, Features = 16
   600: >>> E[0:00:05]-R[0:00:03]: Return=   0.05916, Steps=21.84, Features = 16
   700: >>> E[0:00:06]-R[0:00:03]: Return=    0.4333, Steps=7.68, Features = 16
   800: >>> E[0:00:07]-R[0:00:02]: Return=    0.6333, Steps=7.72, Features = 16
   900: >>> E[0:00:08]-R[0:00:01]: Return=    0.5732, Steps= 7.8, Features = 16
  1000: >>> E[0:00:09]-R[0:00:00]: Return=    0.6328, Steps=8.18, Features = 16
Total Experiment Duration 0:00:09
Output:			./Results/Experiment1/
     0: >>> E[0:00:00]-R[?]: Return=    -0.924, Steps=5.02, Features = 16
    78: E[0:00:01]-R[0:01:22]: Return=    -1.015, Steps=  16, Features = 16
   200: E[0:00:02]-R[0:01:25]: Return=     0.987, Steps=  14, Features = 16
   312: E[0:00:03]-R[0:01:25]: Return=    -1.001, Steps=   2, Features = 16
   422: E[0:00:04]-R[0:01:25]: Return=    -1.001, Steps=   2, Features = 16
   538: E[0:00:05]-R[0:01:24]: Return=     0.989, Steps=  12, Features = 16
   646: E[0:00:06]-R[0:01:24]: Return=     0.987, Steps=  14, Features = 16
   762: E[0:00:07]-R[0:01:23]: Return=     0.989, Steps=  12, Features = 16
   880: E[0:00:08]-R[0:01:22]: Return=     0.993, Steps=   8, Features = 16
   988: E[0:00:09]-R[0:01:21]: Return=     0.995, Steps=   6, Features = 16
  1000: >>> E[0:00:09]-R[0:01:21]: Return=    0.5939, Steps=7.06, Features = 16
  1122: E[0:00:10]-R[0:01:19]: Return=     0.993, Steps=   8, Features = 16
  1252: E[0:00:11]-R[0:01:18]: Return=     0.987, Steps=  14, Features = 16
  1366: E[0:00:12]-R[0:01:17]: Return=     0.995, Steps=   6, Features = 16
  1474: E[0:00:13]-R[0:01:17]: Return=    -1.005, Steps=   6, Features = 16
  1584: E[0:00:14]-R[0:01:16]: Return=     0.989, Steps=  12, Features = 16
  1694: E[0:00:15]-R[0:01:15]: Return=     0.993, Steps=   8, Features = 16
  1800: E[0:00:16]-R[0:01:15]: Return=     0.989, Steps=  12, Features = 16
  1910: E[0:00:17]-R[0:01:14]: Return=     0.993, Steps=   8, Features = 16
  2000: >>> E[0:00:18]-R[0:01:13]: Return=    0.5139, Steps= 7.1, Features = 16
  2098: E[0:00:19]-R[0:01:13]: Return=     0.991, Steps=  10, Features = 16
  2206: E[0:00:20]-R[0:01:12]: Return=     0.993, Steps=   8, Features = 16
  2320: E[0:00:21]-R[0:01:11]: Return=     0.993, Steps=   8, Features = 16
  2416: E[0:00:23]-R[0:01:11]: Return=     0.995, Steps=   6, Features = 16
  2524: E[0:00:24]-R[0:01:10]: Return=     0.995, Steps=   6, Features = 16
  2638: E[0:00:25]-R[0:01:09]: Return=     0.993, Steps=   8, Features = 16
  2752: E[0:00:26]-R[0:01:07]: Return=     0.991, Steps=  10, Features = 16
  2870: E[0:00:27]-R[0:01:06]: Return=    -1.003, Steps=   4, Features = 16
  2980: E[0:00:28]-R[0:01:05]: Return=     0.993, Steps=   8, Features = 16
  3000: >>> E[0:00:28]-R[0:01:05]: Return=    0.6539, Steps=7.08, Features = 16
  3116: E[0:00:29]-R[0:01:04]: Return=    -1.015, Steps=  16, Features = 16
  3236: E[0:00:30]-R[0:01:03]: Return=     0.995, Steps=   6, Features = 16
  3354: E[0:00:31]-R[0:01:01]: Return=     0.995, Steps=   6, Features = 16
  3468: E[0:00:32]-R[0:01:00]: Return=     0.987, Steps=  14, Features = 16
  3568: E[0:00:33]-R[0:01:00]: Return=     0.993, Steps=   8, Features = 16
  3670: E[0:00:34]-R[0:00:59]: Return=     0.991, Steps=  10, Features = 16
  3772: E[0:00:35]-R[0:00:58]: Return=    -1.001, Steps=   2, Features = 16
  3868: E[0:00:36]-R[0:00:57]: Return=     0.995, Steps=   6, Features = 16
  3972: E[0:00:37]-R[0:00:57]: Return=     0.991, Steps=  10, Features = 16
  4000: >>> E[0:00:38]-R[0:00:56]: Return=    0.6535, Steps=7.54, Features = 16
  4108: E[0:00:39]-R[0:00:55]: Return=     0.991, Steps=  10, Features = 16
  4216: E[0:00:40]-R[0:00:54]: Return=     0.991, Steps=  10, Features = 16
  4330: E[0:00:41]-R[0:00:53]: Return=     0.991, Steps=  10, Features = 16
  4426: E[0:00:42]-R[0:00:53]: Return=     0.989, Steps=  12, Features = 16
  4496: E[0:00:43]-R[0:00:53]: Return=     0.991, Steps=  10, Features = 16
  4602: E[0:00:44]-R[0:00:52]: Return=     0.995, Steps=   6, Features = 16
  4720: E[0:00:45]-R[0:00:50]: Return=     0.991, Steps=  10, Features = 16
  4840: E[0:00:46]-R[0:00:49]: Return=     0.995, Steps=   6, Features = 16
  4962: E[0:00:47]-R[0:00:48]: Return=     0.989, Steps=  12, Features = 16
  5000: >>> E[0:00:47]-R[0:00:47]: Return=    0.7137, Steps=7.34, Features = 16
  5090: E[0:00:48]-R[0:00:47]: Return=     0.995, Steps=   6, Features = 16
  5180: E[0:00:50]-R[0:00:46]: Return=     0.995, Steps=   6, Features = 16
  5276: E[0:00:51]-R[0:00:45]: Return=    -1.003, Steps=   4, Features = 16
  5372: E[0:00:52]-R[0:00:44]: Return=     0.995, Steps=   6, Features = 16
  5468: E[0:00:53]-R[0:00:44]: Return=     0.993, Steps=   8, Features = 16
  5568: E[0:00:54]-R[0:00:43]: Return=     0.991, Steps=  10, Features = 16
  5676: E[0:00:55]-R[0:00:42]: Return=     0.987, Steps=  14, Features = 16
  5758: E[0:00:56]-R[0:00:41]: Return=    -1.001, Steps=   2, Features = 16
  5856: E[0:00:57]-R[0:00:40]: Return=     0.993, Steps=   8, Features = 16
  5978: E[0:00:58]-R[0:00:39]: Return=     0.989, Steps=  12, Features = 16
  6000: >>> E[0:00:58]-R[0:00:39]: Return=    0.6529, Steps=8.14, Features = 16
  6098: E[0:00:59]-R[0:00:38]: Return=    -1.001, Steps=   2, Features = 16
  6196: E[0:01:00]-R[0:00:37]: Return=    -1.005, Steps=   6, Features = 16
  6316: E[0:01:01]-R[0:00:36]: Return=     0.987, Steps=  14, Features = 16
  6424: E[0:01:02]-R[0:00:35]: Return=    -1.001, Steps=   2, Features = 16
  6538: E[0:01:03]-R[0:00:34]: Return=     0.993, Steps=   8, Features = 16
  6654: E[0:01:04]-R[0:00:32]: Return=     0.993, Steps=   8, Features = 16
  6766: E[0:01:05]-R[0:00:31]: Return=     0.993, Steps=   8, Features = 16
  6878: E[0:01:06]-R[0:00:30]: Return=     0.993, Steps=   8, Features = 16
  6984: E[0:01:08]-R[0:00:29]: Return=     0.991, Steps=  10, Features = 16
  7000: >>> E[0:01:08]-R[0:00:29]: Return=    0.5736, Steps=7.36, Features = 16
  7108: E[0:01:09]-R[0:00:28]: Return=     0.993, Steps=   8, Features = 16
  7216: E[0:01:10]-R[0:00:27]: Return=     0.987, Steps=  14, Features = 16
  7328: E[0:01:11]-R[0:00:26]: Return=     0.989, Steps=  12, Features = 16
  7430: E[0:01:12]-R[0:00:25]: Return=    -1.001, Steps=   2, Features = 16
  7520: E[0:01:13]-R[0:00:24]: Return=     0.991, Steps=  10, Features = 16
  7608: E[0:01:14]-R[0:00:23]: Return=    -1.003, Steps=   4, Features = 16
  7712: E[0:01:15]-R[0:00:22]: Return=     0.995, Steps=   6, Features = 16
  7814: E[0:01:16]-R[0:00:21]: Return=     0.995, Steps=   6, Features = 16
  7924: E[0:01:17]-R[0:00:20]: Return=     0.995, Steps=   6, Features = 16
  8000: >>> E[0:01:18]-R[0:00:20]: Return=    0.6538, Steps= 7.2, Features = 16
  8102: E[0:01:19]-R[0:00:19]: Return=     0.995, Steps=   6, Features = 16
  8216: E[0:01:20]-R[0:00:17]: Return=    -1.003, Steps=   4, Features = 16
  8340: E[0:01:21]-R[0:00:16]: Return=     0.985, Steps=  16, Features = 16
  8448: E[0:01:22]-R[0:00:15]: Return=     0.995, Steps=   6, Features = 16
  8572: E[0:01:23]-R[0:00:14]: Return=     0.991, Steps=  10, Features = 16
  8696: E[0:01:24]-R[0:00:13]: Return=     0.993, Steps=   8, Features = 16
  8810: E[0:01:25]-R[0:00:12]: Return=     0.987, Steps=  14, Features = 16
  8936: E[0:01:26]-R[0:00:10]: Return=     0.987, Steps=  14, Features = 16
  9000: >>> E[0:01:27]-R[0:00:10]: Return=     0.634, Steps=7.04, Features = 16
  9108: E[0:01:28]-R[0:00:09]: Return=    -1.001, Steps=   2, Features = 16
  9216: E[0:01:29]-R[0:00:08]: Return=    -1.001, Steps=   2, Features = 16
  9334: E[0:01:30]-R[0:00:06]: Return=    -1.005, Steps=   6, Features = 16
  9448: E[0:01:31]-R[0:00:05]: Return=     0.991, Steps=  10, Features = 16
  9572: E[0:01:32]-R[0:00:04]: Return=     0.991, Steps=  10, Features = 16
  9692: E[0:01:33]-R[0:00:03]: Return=     0.991, Steps=  10, Features = 16
  9796: E[0:01:34]-R[0:00:02]: Return=     0.995, Steps=   6, Features = 16
  9904: E[0:01:35]-R[0:00:01]: Return=     0.995, Steps=   6, Features = 16
 10000: >>> E[0:01:36]-R[0:00:00]: Return=    0.6535, Steps=7.54, Features = 16
Total Experiment Duration 0:01:36
Output:			./Results/Experiment1/
     0: >>> E[0:00:00]-R[?]: Return=    -0.924, Steps=5.02, Features = 16
    78: E[0:00:01]-R[0:00:09]: Return=    -1.015, Steps=  16, Features = 16
   100: >>> E[0:00:01]-R[0:00:08]: Return=   -0.7112, Steps=12.24, Features = 16
   200: >>> E[0:00:02]-R[0:00:07]: Return=    0.3201, Steps=20.92, Features = 16
   300: >>> E[0:00:03]-R[0:00:06]: Return=     0.347, Steps=14.02, Features = 16
   400: >>> E[0:00:04]-R[0:00:05]: Return=   -0.2649, Steps=25.86, Features = 16
   500: >>> E[0:00:04]-R[0:00:04]: Return=    0.4441, Steps=16.9, Features = 16
   600: >>> E[0:00:05]-R[0:00:03]: Return=   0.05916, Steps=21.84, Features = 16
   700: >>> E[0:00:06]-R[0:00:03]: Return=    0.4333, Steps=7.68, Features = 16
   800: >>> E[0:00:07]-R[0:00:02]: Return=    0.6333, Steps=7.72, Features = 16
   900: >>> E[0:00:08]-R[0:00:01]: Return=    0.5732, Steps= 7.8, Features = 16
  1000: >>> E[0:00:09]-R[0:00:00]: Return=    0.6328, Steps=8.18, Features = 16
Total Experiment Duration 0:00:09
Output:			./Results/Experiment1/
     0: >>> E[0:00:00]-R[?]: Return=    -0.924, Steps=5.02, Features = 16
    78: E[0:00:01]-R[0:00:09]: Return=    -1.015, Steps=  16, Features = 16
   100: >>> E[0:00:01]-R[0:00:09]: Return=   -0.7112, Steps=12.24, Features = 16
   200: >>> E[0:00:02]-R[0:00:08]: Return=    0.3201, Steps=20.92, Features = 16
   300: >>> E[0:00:03]-R[0:00:07]: Return=     0.347, Steps=14.02, Features = 16
   400: >>> E[0:00:04]-R[0:00:06]: Return=   -0.2649, Steps=25.86, Features = 16
   500: >>> E[0:00:05]-R[0:00:05]: Return=    0.4441, Steps=16.9, Features = 16
   600: >>> E[0:00:06]-R[0:00:04]: Return=   0.05916, Steps=21.84, Features = 16
   700: >>> E[0:00:07]-R[0:00:03]: Return=    0.4333, Steps=7.68, Features = 16
   800: >>> E[0:00:08]-R[0:00:02]: Return=    0.6333, Steps=7.72, Features = 16
   900: >>> E[0:00:09]-R[0:00:01]: Return=    0.5732, Steps= 7.8, Features = 16
  1000: >>> E[0:00:10]-R[0:00:00]: Return=    0.6328, Steps=8.18, Features = 16
Total Experiment Duration 0:00:10
Output:			./Results/Experiment1/
     0: >>> E[0:00:00]-R[?]: Return=    -0.924, Steps=5.02, Features = 16
    78: E[0:00:01]-R[0:00:08]: Return=    -1.015, Steps=  16, Features = 16
   100: >>> E[0:00:01]-R[0:00:09]: Return=   -0.7112, Steps=12.24, Features = 16
   200: >>> E[0:00:02]-R[0:00:08]: Return=    0.3201, Steps=20.92, Features = 16
   300: >>> E[0:00:03]-R[0:00:07]: Return=     0.347, Steps=14.02, Features = 16
   400: >>> E[0:00:04]-R[0:00:06]: Return=   -0.2649, Steps=25.86, Features = 16
     0: >>> E[0:00:00]-R[?]: Return=    -0.924, Steps=5.02, Features = 16
   100: E[0:00:01]-R[0:00:07]: Return=    -1.021, Steps=  22, Features = 16
   100: >>> E[0:00:01]-R[0:00:07]: Return=   -0.7112, Steps=12.24, Features = 16
   200: >>> E[0:00:02]-R[0:00:07]: Return=    0.3201, Steps=20.92, Features = 16
   300: >>> E[0:00:03]-R[0:00:06]: Return=     0.347, Steps=14.02, Features = 16
   400: >>> E[0:00:03]-R[0:00:05]: Return=   -0.2649, Steps=25.86, Features = 16
   500: >>> E[0:00:04]-R[0:00:04]: Return=    0.4441, Steps=16.9, Features = 16
   600: >>> E[0:00:05]-R[0:00:03]: Return=   0.05916, Steps=21.84, Features = 16
   700: >>> E[0:00:06]-R[0:00:03]: Return=    0.4333, Steps=7.68, Features = 16
   800: >>> E[0:00:07]-R[0:00:02]: Return=    0.6333, Steps=7.72, Features = 16
   900: >>> E[0:00:08]-R[0:00:01]: Return=    0.5732, Steps= 7.8, Features = 16
  1000: >>> E[0:00:09]-R[0:00:00]: Return=    0.6328, Steps=8.18, Features = 16
Total Experiment Duration 0:00:09
Output:			./Results/Experiment1/
     0: >>> E[0:00:00]-R[?]: Return=    -0.924, Steps=5.02, Features = 16
    62: E[0:00:01]-R[0:00:10]: Return=    -1.003, Steps=   4, Features = 16
   100: >>> E[0:00:01]-R[0:00:09]: Return=   -0.7112, Steps=12.24, Features = 16
   200: >>> E[0:00:02]-R[0:00:08]: Return=    0.3201, Steps=20.92, Features = 16
   300: >>> E[0:00:03]-R[0:00:07]: Return=     0.347, Steps=14.02, Features = 16
   400: >>> E[0:00:04]-R[0:00:06]: Return=   -0.2649, Steps=25.86, Features = 16
   500: >>> E[0:00:05]-R[0:00:05]: Return=    0.4441, Steps=16.9, Features = 16
   600: >>> E[0:00:06]-R[0:00:04]: Return=   0.05916, Steps=21.84, Features = 16
   700: >>> E[0:00:07]-R[0:00:03]: Return=    0.4333, Steps=7.68, Features = 16
   800: >>> E[0:00:08]-R[0:00:02]: Return=    0.6333, Steps=7.72, Features = 16
   900: >>> E[0:00:09]-R[0:00:01]: Return=    0.5732, Steps= 7.8, Features = 16
  1000: >>> E[0:00:09]-R[0:00:00]: Return=    0.6328, Steps=8.18, Features = 16
Total Experiment Duration 0:00:09
Output:			./Results/Experiment1/
     0: >>> E[0:00:00]-R[?]: Return=    -0.924, Steps=5.02, Features = 16
    58: E[0:00:01]-R[0:00:10]: Return=    -1.005, Steps=   6, Features = 16
   100: >>> E[0:00:01]-R[0:00:09]: Return=   -0.7112, Steps=12.24, Features = 16
   200: >>> E[0:00:02]-R[0:00:08]: Return=    0.3201, Steps=20.92, Features = 16
   300: >>> E[0:00:03]-R[0:00:07]: Return=     0.347, Steps=14.02, Features = 16
   400: >>> E[0:00:04]-R[0:00:06]: Return=   -0.2649, Steps=25.86, Features = 16
   500: >>> E[0:00:05]-R[0:00:05]: Return=    0.4441, Steps=16.9, Features = 16
   600: >>> E[0:00:06]-R[0:00:04]: Return=   0.05916, Steps=21.84, Features = 16
   700: >>> E[0:00:07]-R[0:00:03]: Return=    0.4333, Steps=7.68, Features = 16
   800: >>> E[0:00:08]-R[0:00:02]: Return=    0.6333, Steps=7.72, Features = 16
   900: >>> E[0:00:09]-R[0:00:01]: Return=    0.5732, Steps= 7.8, Features = 16
  1000: >>> E[0:00:10]-R[0:00:00]: Return=    0.6328, Steps=8.18, Features = 16
Total Experiment Duration 0:00:10
Output:			./Results/Experiment1/
     0: >>> E[0:00:00]-R[?]: Return=    -0.924, Steps=5.02, Features = 16
    78: E[0:00:01]-R[0:00:09]: Return=    -1.015, Steps=  16, Features = 16
   100: >>> E[0:00:01]-R[0:00:09]: Return=   -0.7112, Steps=12.24, Features = 16
   200: >>> E[0:00:02]-R[0:00:08]: Return=    0.3201, Steps=20.92, Features = 16
   300: >>> E[0:00:03]-R[0:00:07]: Return=     0.347, Steps=14.02, Features = 16
   400: >>> E[0:00:04]-R[0:00:06]: Return=   -0.2649, Steps=25.86, Features = 16
   500: >>> E[0:00:05]-R[0:00:05]: Return=    0.4441, Steps=16.9, Features = 16
   600: >>> E[0:00:06]-R[0:00:04]: Return=   0.05916, Steps=21.84, Features = 16
   700: >>> E[0:00:07]-R[0:00:03]: Return=    0.4333, Steps=7.68, Features = 16
   800: >>> E[0:00:08]-R[0:00:02]: Return=    0.6333, Steps=7.72, Features = 16
   900: >>> E[0:00:09]-R[0:00:01]: Return=    0.5732, Steps= 7.8, Features = 16
   996: E[0:00:10]-R[0:00:00]: Return=     0.993, Steps=   8, Features = 16
  1000: >>> E[0:00:10]-R[0:00:00]: Return=    0.6328, Steps=8.18, Features = 16
Total Experiment Duration 0:00:10
Output:			./Results/Experiment1/
     0: >>> E[0:00:00]-R[?]: Return=    -0.924, Steps=5.02, Features = 16
    58: E[0:00:01]-R[0:00:11]: Return=    -1.005, Steps=   6, Features = 16
   100: >>> E[0:00:01]-R[0:00:10]: Return=   -0.7112, Steps=12.24, Features = 16
   200: >>> E[0:00:02]-R[0:00:08]: Return=    0.3201, Steps=20.92, Features = 16
   300: >>> E[0:00:03]-R[0:00:07]: Return=     0.347, Steps=14.02, Features = 16
   400: >>> E[0:00:04]-R[0:00:06]: Return=   -0.2649, Steps=25.86, Features = 16
   500: >>> E[0:00:05]-R[0:00:05]: Return=    0.4441, Steps=16.9, Features = 16
   600: >>> E[0:00:06]-R[0:00:04]: Return=   0.05916, Steps=21.84, Features = 16
   700: >>> E[0:00:07]-R[0:00:03]: Return=    0.4333, Steps=7.68, Features = 16
   800: >>> E[0:00:08]-R[0:00:02]: Return=    0.6333, Steps=7.72, Features = 16
   900: >>> E[0:00:09]-R[0:00:01]: Return=    0.5732, Steps= 7.8, Features = 16
  1000: >>> E[0:00:10]-R[0:00:00]: Return=    0.6328, Steps=8.18, Features = 16
Total Experiment Duration 0:00:10
Output:			./Results/Experiment1/
     0: >>> E[0:00:00]-R[?]: Return=    -0.924, Steps=5.02, Features = 16
    58: E[0:00:01]-R[0:00:11]: Return=    -1.005, Steps=   6, Features = 16
   100: >>> E[0:00:01]-R[0:00:10]: Return=   -0.7112, Steps=12.24, Features = 16
   200: >>> E[0:00:02]-R[0:00:08]: Return=    0.3201, Steps=20.92, Features = 16
   300: >>> E[0:00:03]-R[0:00:07]: Return=     0.347, Steps=14.02, Features = 16
   400: >>> E[0:00:04]-R[0:00:06]: Return=   -0.2649, Steps=25.86, Features = 16
   500: >>> E[0:00:05]-R[0:00:05]: Return=    0.4441, Steps=16.9, Features = 16
   600: >>> E[0:00:06]-R[0:00:04]: Return=   0.05916, Steps=21.84, Features = 16
   686: E[0:00:07]-R[0:00:03]: Return=     0.993, Steps=   8, Features = 16
   700: >>> E[0:00:07]-R[0:00:03]: Return=    0.4333, Steps=7.68, Features = 16
   800: >>> E[0:00:08]-R[0:00:02]: Return=    0.6333, Steps=7.72, Features = 16
   900: >>> E[0:00:09]-R[0:00:01]: Return=    0.5732, Steps= 7.8, Features = 16
   986: E[0:00:10]-R[0:00:00]: Return=     0.995, Steps=   6, Features = 16
  1000: >>> E[0:00:11]-R[0:00:00]: Return=    0.6328, Steps=8.18, Features = 16
Total Experiment Duration 0:00:11
Output:			./Results/Experiment1/
     0: >>> E[0:00:00]-R[?]: Return=    -0.924, Steps=5.02, Features = 16
    58: E[0:00:01]-R[0:00:52]: Return=    -1.005, Steps=   6, Features = 16
   152: E[0:00:02]-R[0:00:53]: Return=     0.963, Steps=  38, Features = 16
   248: E[0:00:03]-R[0:00:51]: Return=     0.985, Steps=  16, Features = 16
   346: E[0:00:04]-R[0:00:50]: Return=    -1.003, Steps=   4, Features = 16
   448: E[0:00:05]-R[0:00:48]: Return=    -1.003, Steps=   4, Features = 16
   500: >>> E[0:00:05]-R[0:00:49]: Return=    0.4344, Steps= 6.6, Features = 16
   606: E[0:00:06]-R[0:00:47]: Return=     0.989, Steps=  12, Features = 16
   704: E[0:00:08]-R[0:00:46]: Return=     0.995, Steps=   6, Features = 16
   792: E[0:00:09]-R[0:00:45]: Return=     0.995, Steps=   6, Features = 16
   890: E[0:00:10]-R[0:00:45]: Return=     0.991, Steps=  10, Features = 16
   984: E[0:00:11]-R[0:00:44]: Return=     0.993, Steps=   8, Features = 16
  1000: >>> E[0:00:11]-R[0:00:44]: Return=     0.534, Steps=7.04, Features = 16
  1098: E[0:00:12]-R[0:00:43]: Return=     0.993, Steps=   8, Features = 16
  1190: E[0:00:13]-R[0:00:42]: Return=     0.987, Steps=  14, Features = 16
  1280: E[0:00:14]-R[0:00:41]: Return=     0.993, Steps=   8, Features = 16
  1362: E[0:00:15]-R[0:00:41]: Return=     0.989, Steps=  12, Features = 16
  1418: E[0:00:16]-R[0:00:41]: Return=     0.991, Steps=  10, Features = 16
  1474: E[0:00:17]-R[0:00:41]: Return=     0.995, Steps=   6, Features = 16
  1500: >>> E[0:00:18]-R[0:00:42]: Return=    0.6339, Steps=7.12, Features = 16
  1558: E[0:00:19]-R[0:00:42]: Return=     0.985, Steps=  16, Features = 16
  1616: E[0:00:20]-R[0:00:42]: Return=     0.993, Steps=   8, Features = 16
  1702: E[0:00:21]-R[0:00:41]: Return=     0.995, Steps=   6, Features = 16
  1804: E[0:00:22]-R[0:00:39]: Return=     0.989, Steps=  12, Features = 16
  1904: E[0:00:23]-R[0:00:38]: Return=     0.995, Steps=   6, Features = 16
  2000: >>> E[0:00:24]-R[0:00:36]: Return=    0.6334, Steps=7.56, Features = 16
  2094: E[0:00:25]-R[0:00:35]: Return=    -1.003, Steps=   4, Features = 16
  2178: E[0:00:26]-R[0:00:34]: Return=     0.993, Steps=   8, Features = 16
  2274: E[0:00:27]-R[0:00:33]: Return=     0.991, Steps=  10, Features = 16
  2360: E[0:00:28]-R[0:00:32]: Return=    -1.001, Steps=   2, Features = 16
  2456: E[0:00:29]-R[0:00:30]: Return=     0.995, Steps=   6, Features = 16
  2500: >>> E[0:00:30]-R[0:00:30]: Return=    0.7137, Steps=7.26, Features = 16
  2602: E[0:00:31]-R[0:00:28]: Return=     0.991, Steps=  10, Features = 16
  2704: E[0:00:32]-R[0:00:27]: Return=     0.987, Steps=  14, Features = 16
  2788: E[0:00:33]-R[0:00:26]: Return=     0.987, Steps=  14, Features = 16
  2880: E[0:00:34]-R[0:00:25]: Return=     0.989, Steps=  12, Features = 16
  2976: E[0:00:35]-R[0:00:24]: Return=     0.993, Steps=   8, Features = 16
  3000: >>> E[0:00:35]-R[0:00:24]: Return=    0.6529, Steps=8.12, Features = 16
  3112: E[0:00:37]-R[0:00:22]: Return=     0.989, Steps=  12, Features = 16
  3204: E[0:00:38]-R[0:00:21]: Return=     0.993, Steps=   8, Features = 16
  3294: E[0:00:39]-R[0:00:20]: Return=     0.993, Steps=   8, Features = 16
  3382: E[0:00:40]-R[0:00:19]: Return=     0.995, Steps=   6, Features = 16
  3470: E[0:00:41]-R[0:00:18]: Return=     0.985, Steps=  16, Features = 16
  3500: >>> E[0:00:41]-R[0:00:18]: Return=    0.5537, Steps=7.34, Features = 16
  3558: E[0:00:43]-R[0:00:17]: Return=     0.993, Steps=   8, Features = 16
  3618: E[0:00:44]-R[0:00:17]: Return=     0.993, Steps=   8, Features = 16
  3674: E[0:00:45]-R[0:00:16]: Return=     0.987, Steps=  14, Features = 16
  3734: E[0:00:46]-R[0:00:16]: Return=     0.983, Steps=  18, Features = 16
  3792: E[0:00:47]-R[0:00:15]: Return=     0.993, Steps=   8, Features = 16
  3842: E[0:00:48]-R[0:00:14]: Return=     0.995, Steps=   6, Features = 16
  3906: E[0:00:49]-R[0:00:14]: Return=     0.989, Steps=  12, Features = 16
  3962: E[0:00:50]-R[0:00:13]: Return=     0.995, Steps=   6, Features = 16
  4000: >>> E[0:00:51]-R[0:00:13]: Return=    0.6538, Steps=7.24, Features = 16
  4058: E[0:00:52]-R[0:00:12]: Return=     0.995, Steps=   6, Features = 16
  4114: E[0:00:53]-R[0:00:11]: Return=     0.995, Steps=   6, Features = 16
  4164: E[0:00:54]-R[0:00:11]: Return=    -1.015, Steps=  16, Features = 16
  4220: E[0:00:55]-R[0:00:10]: Return=     0.993, Steps=   8, Features = 16
  4270: E[0:00:56]-R[0:00:10]: Return=     0.989, Steps=  12, Features = 16
  4324: E[0:00:57]-R[0:00:09]: Return=     0.993, Steps=   8, Features = 16
  4376: E[0:00:58]-R[0:00:08]: Return=     0.991, Steps=  10, Features = 16
  4430: E[0:00:59]-R[0:00:08]: Return=     0.995, Steps=   6, Features = 16
  4490: E[0:01:01]-R[0:00:07]: Return=     0.989, Steps=  12, Features = 16
  4500: >>> E[0:01:01]-R[0:00:07]: Return=     0.654, Steps=7.04, Features = 16
  4558: E[0:01:02]-R[0:00:06]: Return=     0.995, Steps=   6, Features = 16
  4608: E[0:01:03]-R[0:00:05]: Return=     0.981, Steps=  20, Features = 16
  4654: E[0:01:04]-R[0:00:05]: Return=     0.993, Steps=   8, Features = 16
  4706: E[0:01:05]-R[0:00:04]: Return=    -1.001, Steps=   2, Features = 16
  4764: E[0:01:06]-R[0:00:03]: Return=     0.985, Steps=  16, Features = 16
  4816: E[0:01:07]-R[0:00:03]: Return=     0.995, Steps=   6, Features = 16
  4872: E[0:01:08]-R[0:00:02]: Return=     0.993, Steps=   8, Features = 16
  4928: E[0:01:09]-R[0:00:01]: Return=     0.995, Steps=   6, Features = 16
  4986: E[0:01:10]-R[0:00:00]: Return=    -1.007, Steps=   8, Features = 16
  5000: >>> E[0:01:11]-R[0:00:00]: Return=    0.6335, Steps=7.54, Features = 16
Total Experiment Duration 0:01:11
Output:			./Results/Experiment1/
     0: >>> E[0:00:00]-R[?]: Return=    -0.924, Steps=5.02, Features = 16
    44: E[0:00:01]-R[0:02:15]: Return=    -1.009, Steps=  10, Features = 16
   152: E[0:00:02]-R[0:02:13]: Return=     0.963, Steps=  38, Features = 16
   226: E[0:00:03]-R[0:02:13]: Return=    -1.001, Steps=   2, Features = 16
   306: E[0:00:04]-R[0:02:11]: Return=     0.987, Steps=  14, Features = 16
   376: E[0:00:05]-R[0:02:12]: Return=     0.991, Steps=  10, Features = 16
   448: E[0:00:06]-R[0:02:11]: Return=    -1.003, Steps=   4, Features = 16
   526: E[0:00:07]-R[0:02:09]: Return=    -1.003, Steps=   4, Features = 16
   606: E[0:00:08]-R[0:02:07]: Return=     0.991, Steps=  10, Features = 16
   688: E[0:00:09]-R[0:02:06]: Return=     0.991, Steps=  10, Features = 16
   762: E[0:00:10]-R[0:02:05]: Return=     0.989, Steps=  12, Features = 16
   838: E[0:00:11]-R[0:02:05]: Return=     0.995, Steps=   6, Features = 16
   920: E[0:00:13]-R[0:02:03]: Return=     0.987, Steps=  14, Features = 16
   994: E[0:00:14]-R[0:02:03]: Return=     0.995, Steps=   6, Features = 16
  1000: >>> E[0:00:14]-R[0:02:03]: Return=    0.5939, Steps=7.06, Features = 16
  1088: E[0:00:15]-R[0:02:01]: Return=     0.991, Steps=  10, Features = 16
  1178: E[0:00:16]-R[0:01:59]: Return=     0.989, Steps=  12, Features = 16
  1258: E[0:00:17]-R[0:01:57]: Return=     0.995, Steps=   6, Features = 16
  1338: E[0:00:18]-R[0:01:56]: Return=     0.989, Steps=  12, Features = 16
  1412: E[0:00:19]-R[0:01:55]: Return=    -1.003, Steps=   4, Features = 16
  1490: E[0:00:20]-R[0:01:54]: Return=     0.993, Steps=   8, Features = 16
  1572: E[0:00:21]-R[0:01:53]: Return=     0.995, Steps=   6, Features = 16
  1646: E[0:00:22]-R[0:01:52]: Return=     0.993, Steps=   8, Features = 16
  1736: E[0:00:23]-R[0:01:50]: Return=     0.993, Steps=   8, Features = 16
  1820: E[0:00:24]-R[0:01:49]: Return=     0.985, Steps=  16, Features = 16
  1902: E[0:00:25]-R[0:01:48]: Return=     0.993, Steps=   8, Features = 16
  1984: E[0:00:26]-R[0:01:47]: Return=     0.993, Steps=   8, Features = 16
     0: >>> E[0:00:00]-R[?]: Return=    -0.924, Steps=5.02, Features = 16
    44: E[0:00:01]-R[0:00:13]: Return=    -1.009, Steps=  10, Features = 16
   100: >>> E[0:00:01]-R[0:00:12]: Return=   -0.7112, Steps=12.24, Features = 16
   188: E[0:00:02]-R[0:00:10]: Return=    -1.005, Steps=   6, Features = 16
   200: >>> E[0:00:03]-R[0:00:10]: Return=    0.3201, Steps=20.92, Features = 16
   300: >>> E[0:00:04]-R[0:00:09]: Return=     0.347, Steps=14.02, Features = 16
   392: E[0:00:05]-R[0:00:07]: Return=     0.985, Steps=  16, Features = 16
   400: >>> E[0:00:05]-R[0:00:07]: Return=   -0.2649, Steps=25.86, Features = 16
   498: E[0:00:06]-R[0:00:06]: Return=    -1.007, Steps=   8, Features = 16
   500: >>> E[0:00:06]-R[0:00:06]: Return=    0.4441, Steps=16.9, Features = 16
   592: E[0:00:07]-R[0:00:05]: Return=     0.995, Steps=   6, Features = 16
   600: >>> E[0:00:07]-R[0:00:05]: Return=   0.05916, Steps=21.84, Features = 16
   662: E[0:00:08]-R[0:00:04]: Return=     0.991, Steps=  10, Features = 16
   700: >>> E[0:00:09]-R[0:00:04]: Return=    0.4333, Steps=7.68, Features = 16
   772: E[0:00:10]-R[0:00:03]: Return=     0.995, Steps=   6, Features = 16
   800: >>> E[0:00:10]-R[0:00:03]: Return=    0.6333, Steps=7.72, Features = 16
   872: E[0:00:11]-R[0:00:02]: Return=     0.993, Steps=   8, Features = 16
   900: >>> E[0:00:12]-R[0:00:01]: Return=    0.5732, Steps= 7.8, Features = 16
   972: E[0:00:13]-R[0:00:00]: Return=     0.977, Steps=  24, Features = 16
  1000: >>> E[0:00:13]-R[0:00:00]: Return=    0.6328, Steps=8.18, Features = 16
Total Experiment Duration 0:00:13
Output:			./Results/Experiment1/
     0: >>> E[0:00:00]-R[?]: Return=    -0.924, Steps=5.02, Features = 16
    26: E[0:00:01]-R[0:00:19]: Return=    -1.003, Steps=   4, Features = 16
    78: E[0:00:02]-R[0:00:18]: Return=    -1.015, Steps=  16, Features = 16
   100: >>> E[0:00:02]-R[0:00:18]: Return=   -0.7112, Steps=12.24, Features = 16
   146: E[0:00:03]-R[0:00:19]: Return=     0.979, Steps=  22, Features = 16
   200: >>> E[0:00:04]-R[0:00:17]: Return=    0.3201, Steps=20.92, Features = 16
   262: E[0:00:05]-R[0:00:15]: Return=     0.987, Steps=  14, Features = 16
   300: >>> E[0:00:06]-R[0:00:15]: Return=     0.347, Steps=14.02, Features = 16
   348: E[0:00:07]-R[0:00:14]: Return=    -1.001, Steps=   2, Features = 16
   400: >>> E[0:00:08]-R[0:00:12]: Return=   -0.2649, Steps=25.86, Features = 16
   472: E[0:00:09]-R[0:00:10]: Return=     0.981, Steps=  20, Features = 16
   500: >>> E[0:00:10]-R[0:00:10]: Return=    0.4441, Steps=16.9, Features = 16
   582: E[0:00:11]-R[0:00:08]: Return=     0.981, Steps=  20, Features = 16
   600: >>> E[0:00:12]-R[0:00:08]: Return=   0.05916, Steps=21.84, Features = 16
   662: E[0:00:13]-R[0:00:06]: Return=     0.991, Steps=  10, Features = 16
   700: >>> E[0:00:13]-R[0:00:06]: Return=    0.4333, Steps=7.68, Features = 16
   766: E[0:00:15]-R[0:00:04]: Return=     0.991, Steps=  10, Features = 16
   800: >>> E[0:00:15]-R[0:00:04]: Return=    0.6333, Steps=7.72, Features = 16
   864: E[0:00:16]-R[0:00:03]: Return=     0.983, Steps=  18, Features = 16
   900: >>> E[0:00:17]-R[0:00:02]: Return=    0.5732, Steps= 7.8, Features = 16
  1000: >>> E[0:00:18]-R[0:00:00]: Return=    0.6328, Steps=8.18, Features = 16
Total Experiment Duration 0:00:18
Output:			./Results/Experiment1/
     0: >>> E[0:00:00]-R[?]: Return=   -0.8311, Steps=12.06, Features = 16
    65: E[0:00:01]-R[0:00:08]: Return=     0.963, Steps=  38, Features = 16
   100: >>> E[0:00:01]-R[0:00:08]: Return=    0.4444, Steps=16.57, Features = 16
   200: >>> E[0:00:02]-R[0:00:07]: Return=    0.7931, Steps=7.91, Features = 16
   300: >>> E[0:00:03]-R[0:00:06]: Return=    0.5326, Steps=8.39, Features = 16
   400: >>> E[0:00:04]-R[0:00:06]: Return=    0.5525, Steps=8.46, Features = 16
   500: >>> E[0:00:05]-R[0:00:05]: Return=    0.5931, Steps=7.93, Features = 16
   600: >>> E[0:00:06]-R[0:00:04]: Return=    0.7122, Steps=8.79, Features = 16
   700: >>> E[0:00:07]-R[0:00:03]: Return=    0.5125, Steps=8.54, Features = 16
   800: >>> E[0:00:07]-R[0:00:02]: Return=    0.7322, Steps=8.78, Features = 16
   900: >>> E[0:00:08]-R[0:00:01]: Return=    0.6725, Steps=8.49, Features = 16
  1000: >>> E[0:00:09]-R[0:00:00]: Return=     0.753, Steps=8.03, Features = 16
Total Experiment Duration 0:00:09
Output:			./Results/Experiment1/
     0: >>> E[0:00:00]-R[?]: Return=   -0.6092, Steps=10.2, Features = 16
   108: E[0:00:01]-R[0:00:14]: Return=    -1.016, Steps=  17, Features = 16
   246: E[0:00:02]-R[0:00:13]: Return=     0.989, Steps=  12, Features = 16
   389: E[0:00:03]-R[0:00:12]: Return=     0.987, Steps=  14, Features = 16
   534: E[0:00:04]-R[0:00:11]: Return=    -1.016, Steps=  17, Features = 16
   689: E[0:00:05]-R[0:00:09]: Return=     0.975, Steps=  26, Features = 16
   829: E[0:00:06]-R[0:00:09]: Return=     0.987, Steps=  14, Features = 16
   980: E[0:00:07]-R[0:00:07]: Return=     0.989, Steps=  12, Features = 16
  1125: E[0:00:08]-R[0:00:06]: Return=     0.993, Steps=   8, Features = 16
  1265: E[0:00:09]-R[0:00:05]: Return=    -1.004, Steps=   5, Features = 16
  1403: E[0:00:10]-R[0:00:04]: Return=     0.991, Steps=  10, Features = 16
  1546: E[0:00:11]-R[0:00:03]: Return=     0.975, Steps=  26, Features = 16
  1687: E[0:00:12]-R[0:00:02]: Return=     0.993, Steps=   8, Features = 16
  1840: E[0:00:13]-R[0:00:01]: Return=     0.987, Steps=  14, Features = 16
  1980: E[0:00:14]-R[0:00:00]: Return=     0.989, Steps=  12, Features = 16
  2000: >>> E[0:00:14]-R[0:00:00]: Return=    0.7915, Steps= 9.5, Features = 16
Total Experiment Duration 0:00:14
     0: >>> E[0:00:00]-R[?]: Return=     -1.01, Steps=11.0, Features = 16
   104: E[0:00:01]-R[0:00:13]: Return=    -1.008, Steps=   9, Features = 16
   244: E[0:00:02]-R[0:00:12]: Return=     0.991, Steps=  10, Features = 16
   385: E[0:00:03]-R[0:00:12]: Return=     0.977, Steps=  24, Features = 16
   550: E[0:00:04]-R[0:00:10]: Return=     0.975, Steps=  26, Features = 16
   702: E[0:00:05]-R[0:00:09]: Return=    -1.042, Steps=  43, Features = 16
   848: E[0:00:06]-R[0:00:08]: Return=     0.987, Steps=  14, Features = 16
  1009: E[0:00:07]-R[0:00:07]: Return=     0.975, Steps=  26, Features = 16
  1164: E[0:00:08]-R[0:00:06]: Return=     0.977, Steps=  24, Features = 16
  1310: E[0:00:09]-R[0:00:05]: Return=     0.995, Steps=   6, Features = 16
  1460: E[0:00:10]-R[0:00:04]: Return=     0.979, Steps=  22, Features = 16
  1609: E[0:00:12]-R[0:00:03]: Return=     0.987, Steps=  14, Features = 16
  1754: E[0:00:13]-R[0:00:02]: Return=     0.993, Steps=   8, Features = 16
  1909: E[0:00:14]-R[0:00:01]: Return=     0.985, Steps=  16, Features = 16
  2000: >>> E[0:00:14]-R[0:00:00]: Return=    0.9926, Steps= 8.4, Features = 16
Total Experiment Duration 0:00:14
     0: >>> E[0:00:00]-R[?]: Return=   -0.8057, Steps= 6.7, Features = 16
   115: E[0:00:01]-R[0:00:14]: Return=    -1.024, Steps=  25, Features = 16
   254: E[0:00:02]-R[0:00:13]: Return=    -1.004, Steps=   5, Features = 16
   451: E[0:00:03]-R[0:00:11]: Return=     0.937, Steps=  64, Features = 16
   595: E[0:00:04]-R[0:00:10]: Return=    -1.004, Steps=   5, Features = 16
   738: E[0:00:05]-R[0:00:09]: Return=    -1.008, Steps=   9, Features = 16
   890: E[0:00:06]-R[0:00:08]: Return=     0.973, Steps=  28, Features = 16
  1052: E[0:00:07]-R[0:00:07]: Return=     0.971, Steps=  30, Features = 16
  1201: E[0:00:08]-R[0:00:06]: Return=     0.993, Steps=   8, Features = 16
  1366: E[0:00:10]-R[0:00:04]: Return=    -1.026, Steps=  27, Features = 16
  1516: E[0:00:11]-R[0:00:03]: Return=     0.985, Steps=  16, Features = 16
  1660: E[0:00:12]-R[0:00:02]: Return=    -1.004, Steps=   5, Features = 16
  1816: E[0:00:13]-R[0:00:01]: Return=     0.987, Steps=  14, Features = 16
  1991: E[0:00:14]-R[0:00:00]: Return=     -1.04, Steps=  41, Features = 16
  2000: >>> E[0:00:14]-R[0:00:00]: Return=    0.3801, Steps=20.9, Features = 16
Total Experiment Duration 0:00:14
     0: >>> E[0:00:00]-R[?]: Return=    -1.012, Steps=13.3, Features = 16
   114: E[0:00:01]-R[0:00:13]: Return=    -1.018, Steps=  19, Features = 16
   270: E[0:00:02]-R[0:00:12]: Return=    -1.014, Steps=  15, Features = 16
   427: E[0:00:03]-R[0:00:11]: Return=    -1.043, Steps=  44, Features = 16
   589: E[0:00:04]-R[0:00:10]: Return=    -1.036, Steps=  37, Features = 16
   749: E[0:00:05]-R[0:00:08]: Return=    -1.097, Steps=  98, Features = 16
   914: E[0:00:06]-R[0:00:07]: Return=    -1.034, Steps=  35, Features = 16
  1080: E[0:00:07]-R[0:00:06]: Return=    -1.038, Steps=  39, Features = 16
  1237: E[0:00:08]-R[0:00:05]: Return=    -1.064, Steps=  65, Features = 16
  1506: E[0:00:10]-R[0:00:03]: Return=    -1.177, Steps= 178, Features = 16
  1657: E[0:00:11]-R[0:00:02]: Return=    -1.045, Steps=  46, Features = 16
  1815: E[0:00:12]-R[0:00:01]: Return=    -1.012, Steps=  13, Features = 16
  2000: >>> E[0:00:13]-R[0:00:00]: Return=    0.3791, Steps=21.9, Features = 16
Total Experiment Duration 0:00:13
     0: >>> E[0:00:00]-R[?]: Return=    -1.012, Steps=13.3, Features = 16
   114: E[0:00:01]-R[0:01:11]: Return=    -1.018, Steps=  19, Features = 16
   255: E[0:00:02]-R[0:01:10]: Return=     0.975, Steps=  26, Features = 16
   427: E[0:00:03]-R[0:01:06]: Return=    -1.043, Steps=  44, Features = 16
   589: E[0:00:04]-R[0:01:05]: Return=    -1.036, Steps=  37, Features = 16
   749: E[0:00:05]-R[0:01:03]: Return=    -1.097, Steps=  98, Features = 16
   914: E[0:00:06]-R[0:01:02]: Return=    -1.034, Steps=  35, Features = 16
  1080: E[0:00:07]-R[0:01:00]: Return=    -1.038, Steps=  39, Features = 16
  1237: E[0:00:08]-R[0:00:59]: Return=    -1.064, Steps=  65, Features = 16
  1506: E[0:00:10]-R[0:00:57]: Return=    -1.177, Steps= 178, Features = 16
  1657: E[0:00:11]-R[0:00:56]: Return=    -1.045, Steps=  46, Features = 16
  1815: E[0:00:12]-R[0:00:54]: Return=    -1.012, Steps=  13, Features = 16
  2015: E[0:00:13]-R[0:00:53]: Return=     0.945, Steps=  56, Features = 16
  2167: E[0:00:14]-R[0:00:52]: Return=    -1.036, Steps=  37, Features = 16
  2332: E[0:00:15]-R[0:00:51]: Return=     0.981, Steps=  20, Features = 16
  2487: E[0:00:17]-R[0:00:50]: Return=    -1.029, Steps=  30, Features = 16
  2729: E[0:00:18]-R[0:00:48]: Return=     0.897, Steps= 104, Features = 16
  2935: E[0:00:20]-R[0:00:47]: Return=     0.919, Steps=  82, Features = 16
  3118: E[0:00:21]-R[0:00:46]: Return=    -1.036, Steps=  37, Features = 16
  3271: E[0:00:22]-R[0:00:45]: Return=     -1.01, Steps=  11, Features = 16
  3423: E[0:00:23]-R[0:00:44]: Return=     0.993, Steps=   8, Features = 16
  3588: E[0:00:24]-R[0:00:43]: Return=     0.967, Steps=  34, Features = 16
  3740: E[0:00:25]-R[0:00:42]: Return=    -1.076, Steps=  77, Features = 16
  3899: E[0:00:26]-R[0:00:41]: Return=     -1.06, Steps=  61, Features = 16
  4070: E[0:00:27]-R[0:00:40]: Return=     0.953, Steps=  48, Features = 16
  4236: E[0:00:28]-R[0:00:38]: Return=    -1.024, Steps=  25, Features = 16
  4391: E[0:00:29]-R[0:00:37]: Return=    -1.018, Steps=  19, Features = 16
  4597: E[0:00:31]-R[0:00:36]: Return=     0.941, Steps=  60, Features = 16
  4792: E[0:00:32]-R[0:00:35]: Return=     -1.06, Steps=  61, Features = 16
  4937: E[0:00:33]-R[0:00:34]: Return=    -1.044, Steps=  45, Features = 16
  5086: E[0:00:34]-R[0:00:33]: Return=     0.963, Steps=  38, Features = 16
  5267: E[0:00:35]-R[0:00:32]: Return=     0.953, Steps=  48, Features = 16
  5418: E[0:00:36]-R[0:00:31]: Return=     0.949, Steps=  52, Features = 16
  5574: E[0:00:37]-R[0:00:30]: Return=    -1.016, Steps=  17, Features = 16
  5796: E[0:00:39]-R[0:00:28]: Return=    -1.084, Steps=  85, Features = 16
  5996: E[0:00:40]-R[0:00:27]: Return=     0.883, Steps= 118, Features = 16
  6156: E[0:00:41]-R[0:00:26]: Return=    -1.018, Steps=  19, Features = 16
  6331: E[0:00:43]-R[0:00:25]: Return=    -1.044, Steps=  45, Features = 16
  6526: E[0:00:44]-R[0:00:23]: Return=    -1.078, Steps=  79, Features = 16
  6700: E[0:00:45]-R[0:00:22]: Return=     0.959, Steps=  42, Features = 16
  6876: E[0:00:46]-R[0:00:21]: Return=     0.967, Steps=  34, Features = 16
  7021: E[0:00:47]-R[0:00:20]: Return=    -1.004, Steps=   5, Features = 16
  7175: E[0:00:48]-R[0:00:19]: Return=     0.947, Steps=  54, Features = 16
  7361: E[0:00:50]-R[0:00:18]: Return=     0.951, Steps=  50, Features = 16
  7517: E[0:00:51]-R[0:00:17]: Return=    -1.018, Steps=  19, Features = 16
  7662: E[0:00:52]-R[0:00:16]: Return=     0.991, Steps=  10, Features = 16
  7809: E[0:00:53]-R[0:00:15]: Return=     0.977, Steps=  24, Features = 16
  7967: E[0:00:54]-R[0:00:14]: Return=    -1.012, Steps=  13, Features = 16
  8119: E[0:00:55]-R[0:00:13]: Return=     0.991, Steps=  10, Features = 16
  8276: E[0:00:56]-R[0:00:12]: Return=     0.989, Steps=  12, Features = 16
  8430: E[0:00:57]-R[0:00:11]: Return=     -1.04, Steps=  41, Features = 16
  8591: E[0:00:58]-R[0:00:10]: Return=     0.981, Steps=  20, Features = 16
  8756: E[0:00:59]-R[0:00:08]: Return=    -1.056, Steps=  57, Features = 16
  8909: E[0:01:00]-R[0:00:07]: Return=     0.991, Steps=  10, Features = 16
  9054: E[0:01:01]-R[0:00:06]: Return=     0.993, Steps=   8, Features = 16
  9212: E[0:01:02]-R[0:00:05]: Return=     0.989, Steps=  12, Features = 16
  9425: E[0:01:04]-R[0:00:04]: Return=    -1.072, Steps=  73, Features = 16
  9582: E[0:01:05]-R[0:00:03]: Return=    -1.028, Steps=  29, Features = 16
  9732: E[0:01:06]-R[0:00:02]: Return=     -1.03, Steps=  31, Features = 16
  9905: E[0:01:07]-R[0:00:01]: Return=     0.947, Steps=  54, Features = 16
 10000: >>> E[0:01:08]-R[0:00:00]: Return=    0.1758, Steps=25.2, Features = 16
Total Experiment Duration 0:01:08
     0: >>> E[0:00:00]-R[?]: Return=     -1.01, Steps=11.0, Features = 16
   143: E[0:00:01]-R[0:01:08]: Return=    -1.038, Steps=  39, Features = 16
   270: E[0:00:02]-R[0:01:12]: Return=     0.989, Steps=  12, Features = 16
   426: E[0:00:03]-R[0:01:09]: Return=    -1.014, Steps=  15, Features = 16
   594: E[0:00:04]-R[0:01:06]: Return=     0.975, Steps=  26, Features = 16
   752: E[0:00:05]-R[0:01:05]: Return=     0.983, Steps=  18, Features = 16
   907: E[0:00:06]-R[0:01:04]: Return=     0.983, Steps=  18, Features = 16
  1043: E[0:00:07]-R[0:01:04]: Return=     0.987, Steps=  14, Features = 16
